Namespace(alpha0=0, alpha1=0, alpha2=0, alpha3=0, auxiliary_file='datasets/OOKB/both-1000/aux', batch_size=5000, beta0=0.1, beta1=1e-05, dev_file='datasets/OOKB/both-1000/dev', dim=200, entity_size=38195, epoch_size=10000, gpu_device=0, is_balanced_tr=False, is_bernoulli_trick=True, layerR=1, margin_file='', opt_model='Adam', order=1, param_dir='', pool_size=640, pooling_method='avg', rel_size=11, sample_size=64, seed=0, target_dir='both-1000', test_batch_size=20000, test_file='datasets/OOKB/both-1000/test', threshold=300.0, train_file='datasets/OOKB/both-1000/train', train_size=1000, use_gpu=False)
main.py -tD both-1000
04:28:20 load train
04:28:21 set axiaulity
04:28:21 OOKB esetting, use: different edges
04:28:21 load train
04:28:21 load dev
dev size: 3799
04:28:21 load test
test size: 960
relation size: 11 entity size: 38195
04:28:26 epoch: 0 tr Loss: 298.41008828045034 977
04:28:29 	  dev 0.576993945775204
04:28:30 	  test 0.56875
04:28:36 epoch: 1 tr Loss: 299.5756288900415 964
04:28:38 	  dev 0.5996314819689392
04:28:39 	  test 0.56875
/home/takuo-h/.pyenv/versions/3.6.8/lib/python3.6/site-packages/chainer/functions/normalization/batch_normalization.py:114: UserWarning: A batch with no more than one sample has been given to F.batch_normalization. F.batch_normalization will always output a zero tensor for such batches. This could be caused by incorrect configuration in your code (such as running evaluation while chainer.config.train=True), but could also happen in the last batch of training if non-repeating iterator is used.
  UserWarning)
04:28:45 epoch: 2 tr Loss: 299.83299389002036 982
04:28:47 	  dev 0.5988418004738089
04:28:48 	  test 0.565625
04:28:53 epoch: 3 tr Loss: 300.8654276625825 1061
04:28:56 	  dev 0.5954198473282443
04:28:57 	  test 0.5708333333333333
04:29:03 epoch: 4 tr Loss: 302.5241751269036 985
04:29:05 	  dev 0.5943669386680706
04:29:06 	  test 0.590625
04:29:12 epoch: 5 tr Loss: 299.4893038852914 1081
04:29:15 	  dev 0.5954198473282443
04:29:16 	  test 0.5916666666666667
04:29:21 epoch: 6 tr Loss: 297.45346016343206 979
04:29:24 	  dev 0.5967359831534614
04:29:25 	  test 0.5875
04:29:30 epoch: 7 tr Loss: 294.26440789473685 950
04:29:33 	  dev 0.5880494867070282
04:29:34 	  test 0.5770833333333333
04:29:39 epoch: 8 tr Loss: 290.19710801838613 979
04:29:42 	  dev 0.5851539878915504
04:29:43 	  test 0.571875
04:29:49 epoch: 9 tr Loss: 292.32713607594934 1027
04:29:51 	  dev 0.5790997630955514
04:29:52 	  test 0.5770833333333333
04:29:57 epoch: 10 tr Loss: 289.7847120098039 1020
04:30:00 	  dev 0.5812055804158989
04:30:01 	  test 0.5875
04:30:07 epoch: 11 tr Loss: 290.38091856060606 1056
04:30:10 	  dev 0.5777836272703343
04:30:11 	  test 0.5822916666666667
04:30:15 epoch: 12 tr Loss: 287.32581018518516 972
04:30:18 	  dev 0.5767307186101606
04:30:19 	  test 0.5604166666666667
04:30:24 epoch: 13 tr Loss: 282.15036978661493 1031
04:30:27 	  dev 0.5717294024743353
04:30:28 	  test 0.578125
04:30:34 epoch: 14 tr Loss: 285.0928326810176 1022
04:30:36 	  dev 0.5688339036588576
04:30:37 	  test 0.575
04:30:43 epoch: 15 tr Loss: 285.4985104270109 1007
04:30:45 	  dev 0.5667280863385101
04:30:47 	  test 0.5791666666666667
04:30:53 epoch: 16 tr Loss: 282.21608977495106 1022
04:30:56 	  dev 0.5706764938141616
04:30:57 	  test 0.5708333333333333
04:31:03 epoch: 17 tr Loss: 278.389662027833 1006
04:31:06 	  dev 0.5704132666491182
04:31:07 	  test 0.55625
04:31:12 epoch: 18 tr Loss: 278.2331256169793 1013
04:31:15 	  dev 0.5688339036588576
04:31:16 	  test 0.55625
04:31:21 epoch: 19 tr Loss: 273.6151332815735 966
04:31:24 	  dev 0.5740984469597262
04:31:25 	  test 0.5489583333333333
04:31:31 epoch: 20 tr Loss: 268.997572659465 972
04:31:33 	  dev 0.5727823111345091
04:31:34 	  test 0.5520833333333334
04:31:38 epoch: 21 tr Loss: 265.95912247474746 990
04:31:41 	  dev 0.5772571729402475
04:31:42 	  test 0.5552083333333333
04:31:47 epoch: 22 tr Loss: 265.99675324675326 1001
04:31:50 	  dev 0.5846275335614636
04:31:51 	  test 0.5583333333333333
04:31:56 epoch: 23 tr Loss: 267.47787111334003 997
04:31:59 	  dev 0.5898920768623321
04:32:00 	  test 0.575
04:32:05 epoch: 24 tr Loss: 266.1763525197629 1012
04:32:08 	  dev 0.5956830744932877
04:32:09 	  test 0.5770833333333333
04:32:14 epoch: 25 tr Loss: 258.967078125 1000
04:32:17 	  dev 0.5912082126875493
04:32:18 	  test 0.5729166666666666
04:32:24 epoch: 26 tr Loss: 256.5197673001949 1026
04:32:27 	  dev 0.5933140300078968
04:32:28 	  test 0.575
04:32:33 epoch: 27 tr Loss: 250.1007393715342 1082
04:32:36 	  dev 0.5983153461437221
04:32:37 	  test 0.58125
04:32:42 epoch: 28 tr Loss: 251.82936702649656 1019
04:32:45 	  dev 0.5983153461437221
04:32:45 	  test 0.58125
04:32:51 epoch: 29 tr Loss: 239.0115206643002 986
04:32:54 	  dev 0.5935772571729403
04:32:55 	  test 0.578125
04:33:01 epoch: 30 tr Loss: 244.7353411835749 1035
04:33:03 	  dev 0.594630165833114
04:33:04 	  test 0.5875
04:33:09 epoch: 31 tr Loss: 237.92866062039957 951
04:33:12 	  dev 0.5985785733087655
04:33:13 	  test 0.5927083333333333
04:33:19 epoch: 32 tr Loss: 240.14825111829026 1006
04:33:21 	  dev 0.6009476177941564
04:33:22 	  test 0.5791666666666667
04:33:27 epoch: 33 tr Loss: 237.88588169642858 1008
04:33:30 	  dev 0.5998947091339826
04:33:32 	  test 0.5833333333333334
04:33:36 epoch: 34 tr Loss: 238.14130704365078 1008
04:33:39 	  dev 0.6041063437746775
04:33:40 	  test 0.59375
04:33:45 epoch: 35 tr Loss: 236.70962742842536 978
04:33:48 	  dev 0.6054224795998947
04:33:49 	  test 0.5958333333333333
04:33:54 epoch: 36 tr Loss: 221.86241274560496 967
04:33:57 	  dev 0.6067386154251119
04:33:58 	  test 0.5916666666666667
04:34:03 epoch: 37 tr Loss: 216.7491455078125 1024
04:34:05 	  dev 0.609897341405633
04:34:06 	  test 0.6041666666666666
04:34:12 epoch: 38 tr Loss: 218.37388928914504 1041
04:34:14 	  dev 0.6109502500658068
04:34:15 	  test 0.6083333333333333
04:34:20 epoch: 39 tr Loss: 211.8742132426989 993
04:34:23 	  dev 0.6170044748618058
04:34:23 	  test 0.6072916666666667
04:34:28 epoch: 40 tr Loss: 214.43324428429423 1006
04:34:31 	  dev 0.6154251118715451
04:34:32 	  test 0.6104166666666667
04:34:38 epoch: 41 tr Loss: 206.7907116204691 938
04:34:41 	  dev 0.6180573835219795
04:34:41 	  test 0.6208333333333333
04:34:47 epoch: 42 tr Loss: 209.23291163141994 993
04:34:49 	  dev 0.6175309291918926
04:34:50 	  test 0.615625
04:34:57 epoch: 43 tr Loss: 211.15697999502981 1006
04:34:59 	  dev 0.6233219268228481
04:35:00 	  test 0.6145833333333334
04:35:05 epoch: 44 tr Loss: 206.63883463541666 960
04:35:07 	  dev 0.6243748354830219
04:35:08 	  test 0.6177083333333333
04:35:14 epoch: 45 tr Loss: 211.761404454023 1044
04:35:16 	  dev 0.6293761516188471
04:35:17 	  test 0.6291666666666667
04:35:23 epoch: 46 tr Loss: 202.23156653426017 1007
04:35:26 	  dev 0.6293761516188471
04:35:27 	  test 0.625
04:35:32 epoch: 47 tr Loss: 186.56464338966202 1006
04:35:35 	  dev 0.6346406949197158
04:35:36 	  test 0.621875
04:35:41 epoch: 48 tr Loss: 194.2689169606855 992
04:35:44 	  dev 0.631745196104238
04:35:45 	  test 0.6239583333333333
04:35:50 epoch: 49 tr Loss: 195.27066782522343 1007
04:35:53 	  dev 0.6343774677546723
04:35:54 	  test 0.6270833333333333
04:35:58 epoch: 50 tr Loss: 189.22121037832312 978
04:36:01 	  dev 0.6333245590944986
04:36:02 	  test 0.63125
04:36:07 epoch: 51 tr Loss: 198.94801136363637 990
04:36:09 	  dev 0.6293761516188471
04:36:10 	  test 0.634375
04:36:16 epoch: 52 tr Loss: 182.01375429342494 1019
04:36:18 	  dev 0.6356936035798895
04:36:19 	  test 0.6229166666666667
04:36:25 epoch: 53 tr Loss: 184.57240295410156 1024
04:36:28 	  dev 0.6399052382205843
04:36:29 	  test 0.640625
04:36:35 epoch: 54 tr Loss: 187.96080561072492 1007
04:36:37 	  dev 0.6399052382205843
04:36:38 	  test 0.628125
04:36:43 epoch: 55 tr Loss: 178.48672855648536 956
04:36:46 	  dev 0.6401684653856278
04:36:47 	  test 0.6385416666666667
04:36:53 epoch: 56 tr Loss: 185.55719754016064 996
04:36:55 	  dev 0.6467491445117136
04:36:56 	  test 0.6354166666666666
04:37:01 epoch: 57 tr Loss: 179.60212765957448 940
04:37:04 	  dev 0.6438536456962358
04:37:04 	  test 0.6322916666666667
04:37:10 epoch: 58 tr Loss: 171.8264811031665 979
04:37:12 	  dev 0.6430639642011056
04:37:13 	  test 0.628125
04:37:20 epoch: 59 tr Loss: 171.43846910782443 1048
04:37:23 	  dev 0.6459594630165834
04:37:23 	  test 0.6229166666666667
04:37:29 epoch: 60 tr Loss: 176.3682990981964 998
04:37:32 	  dev 0.6506975519873651
04:37:33 	  test 0.6322916666666667
04:37:38 epoch: 61 tr Loss: 169.49982280927836 970
04:37:40 	  dev 0.6541195051329297
04:37:41 	  test 0.6395833333333333
04:37:46 epoch: 62 tr Loss: 165.55593905472637 1005
04:37:49 	  dev 0.6625427744143195
04:37:50 	  test 0.6416666666666667
04:37:56 epoch: 63 tr Loss: 160.14500188253012 996
04:37:58 	  dev 0.6591208212687549
04:37:59 	  test 0.6489583333333333
04:38:04 epoch: 64 tr Loss: 156.21484375 980
04:38:07 	  dev 0.6575414582784943
04:38:08 	  test 0.6541666666666667
04:38:13 epoch: 65 tr Loss: 161.37494131455398 1065
04:38:16 	  dev 0.65490918662806
04:38:17 	  test 0.653125
04:38:21 epoch: 66 tr Loss: 156.3932491602687 1042
04:38:24 	  dev 0.6578046854435378
04:38:25 	  test 0.653125
04:38:29 epoch: 67 tr Loss: 155.84479061553986 991
04:38:32 	  dev 0.6604369570939721
04:38:33 	  test 0.6645833333333333
04:38:39 epoch: 68 tr Loss: 160.72129942442442 999
04:38:41 	  dev 0.6649118188997104
04:38:42 	  test 0.659375
04:38:47 epoch: 69 tr Loss: 150.0049256263048 958
04:38:50 	  dev 0.6617530929191893
04:38:51 	  test 0.6614583333333334
04:38:56 epoch: 70 tr Loss: 156.05452608471074 968
04:38:59 	  dev 0.660963411424059
04:38:59 	  test 0.653125
04:39:04 epoch: 71 tr Loss: 153.79414608283435 1002
04:39:07 	  dev 0.6620163200842327
04:39:08 	  test 0.6625
04:39:14 epoch: 72 tr Loss: 141.41103806436118 1041
04:39:17 	  dev 0.6649118188997104
04:39:18 	  test 0.6552083333333333
04:39:22 epoch: 73 tr Loss: 149.70095884301733 981
04:39:25 	  dev 0.6657015003948408
04:39:26 	  test 0.6552083333333333
04:39:31 epoch: 74 tr Loss: 146.8978670131846 986
04:39:33 	  dev 0.6659647275598842
04:39:34 	  test 0.6510416666666666
04:39:40 epoch: 75 tr Loss: 150.07570329087048 942
04:39:42 	  dev 0.6688602263753619
04:39:43 	  test 0.6677083333333333
04:39:48 epoch: 76 tr Loss: 149.3376821887352 1012
04:39:51 	  dev 0.6704395893656225
04:39:51 	  test 0.659375
04:39:57 epoch: 77 tr Loss: 147.6322361680328 976
04:40:00 	  dev 0.6678073177151882
04:40:01 	  test 0.6520833333333333
04:40:06 epoch: 78 tr Loss: 148.64959092027559 1016
04:40:08 	  dev 0.6701763622005791
04:40:09 	  test 0.64375
04:40:15 epoch: 79 tr Loss: 150.5373502803262 981
04:40:18 	  dev 0.6720189523558832
04:40:18 	  test 0.65625
04:40:23 epoch: 80 tr Loss: 144.3097246074583 1019
04:40:26 	  dev 0.6722821795209266
04:40:27 	  test 0.6572916666666667
04:40:32 epoch: 81 tr Loss: 146.20458396084337 996
04:40:35 	  dev 0.6796525401421427
04:40:36 	  test 0.6708333333333333
04:40:40 epoch: 82 tr Loss: 140.81872179037111 997
04:40:43 	  dev 0.6793893129770993
04:40:44 	  test 0.6729166666666667
04:40:49 epoch: 83 tr Loss: 137.28828564727954 1066
04:40:52 	  dev 0.680442221637273
04:40:53 	  test 0.66875
04:40:58 epoch: 84 tr Loss: 138.02470820783134 996
04:41:01 	  dev 0.680442221637273
04:41:02 	  test 0.6604166666666667
04:41:09 epoch: 85 tr Loss: 137.0825871537727 1047
04:41:11 	  dev 0.6778099499868386
04:41:12 	  test 0.6572916666666667
04:41:17 epoch: 86 tr Loss: 145.49585610741445 1052
04:41:20 	  dev 0.6788628586470123
04:41:20 	  test 0.6645833333333333
04:41:26 epoch: 87 tr Loss: 130.09226118864294 1039
04:41:28 	  dev 0.6791260858120558
04:41:29 	  test 0.6541666666666667
04:41:33 epoch: 88 tr Loss: 132.32359693877552 980
04:41:36 	  dev 0.6807054488023164
04:41:37 	  test 0.6479166666666667
04:41:42 epoch: 89 tr Loss: 131.68092024161734 1014
04:41:45 	  dev 0.6817583574624901
04:41:46 	  test 0.6604166666666667
04:41:51 epoch: 90 tr Loss: 131.20410257238882 967
04:41:54 	  dev 0.6791260858120558
04:41:55 	  test 0.6677083333333333
04:42:00 epoch: 91 tr Loss: 133.4165966890595 1042
04:42:03 	  dev 0.6788628586470123
04:42:04 	  test 0.6604166666666667
04:42:09 epoch: 92 tr Loss: 130.68781043046357 1057
04:42:12 	  dev 0.6788628586470123
04:42:13 	  test 0.6666666666666666
04:42:19 epoch: 93 tr Loss: 123.69449933122569 1028
04:42:22 	  dev 0.6778099499868386
04:42:23 	  test 0.659375
04:42:27 epoch: 94 tr Loss: 127.23955088265836 963
04:42:30 	  dev 0.6775467228217952
04:42:31 	  test 0.66875
04:42:36 epoch: 95 tr Loss: 129.77814533283282 999
04:42:38 	  dev 0.6778099499868386
04:42:39 	  test 0.65625
04:42:45 epoch: 96 tr Loss: 125.38605619146722 961
04:42:47 	  dev 0.6775467228217952
04:42:48 	  test 0.6791666666666667
04:42:53 epoch: 97 tr Loss: 124.10003674591002 978
04:42:55 	  dev 0.6754409055014478
04:42:57 	  test 0.68125
04:43:03 epoch: 98 tr Loss: 127.4565494544592 1054
04:43:05 	  dev 0.6793893129770993
04:43:06 	  test 0.675
04:43:11 epoch: 99 tr Loss: 126.75803938770571 1033
04:43:14 	  dev 0.6801789944722295
04:43:15 	  test 0.6802083333333333
04:43:21 epoch: 100 tr Loss: 121.74914928821178 1001
04:43:23 	  dev 0.6846538562779679
04:43:24 	  test 0.678125
04:43:30 epoch: 101 tr Loss: 122.0305830792683 984
04:43:32 	  dev 0.6854435377730982
04:43:33 	  test 0.6770833333333334
04:43:39 epoch: 102 tr Loss: 118.39244434931507 1022
04:43:41 	  dev 0.6836009476177941
04:43:42 	  test 0.671875
04:43:48 epoch: 103 tr Loss: 119.29093590561224 980
04:43:49 	  dev 0.6870229007633588
04:43:50 	  test 0.6854166666666667
04:43:55 epoch: 104 tr Loss: 115.92684879658385 966
04:43:58 	  dev 0.6907080810739669
04:43:58 	  test 0.675
04:44:04 epoch: 105 tr Loss: 121.4180235470942 998
04:44:06 	  dev 0.6896551724137931
04:44:08 	  test 0.66875
04:44:12 epoch: 106 tr Loss: 115.0793228149414 1024
04:44:15 	  dev 0.6928138983943143
04:44:15 	  test 0.6729166666666667
04:44:21 epoch: 107 tr Loss: 119.96377191310975 984
04:44:23 	  dev 0.6928138983943143
04:44:24 	  test 0.6822916666666666
04:44:29 epoch: 108 tr Loss: 119.99695748256973 1004
04:44:31 	  dev 0.6891287180837062
04:44:32 	  test 0.6739583333333333
04:44:38 epoch: 109 tr Loss: 121.14926622039135 971
04:44:40 	  dev 0.6928138983943143
04:44:41 	  test 0.6760416666666667
04:44:46 epoch: 110 tr Loss: 121.94669388506877 1018
04:44:48 	  dev 0.6946564885496184
04:44:49 	  test 0.6864583333333333
04:44:54 epoch: 111 tr Loss: 118.23029349451645 1003
04:44:56 	  dev 0.6922874440642274
04:44:57 	  test 0.6916666666666667
04:45:03 epoch: 112 tr Loss: 118.01018818544367 1003
04:45:06 	  dev 0.6917609897341406
04:45:06 	  test 0.6739583333333333
04:45:12 epoch: 113 tr Loss: 117.32519629396985 995
04:45:15 	  dev 0.6928138983943143
04:45:16 	  test 0.6895833333333333
04:45:21 epoch: 114 tr Loss: 109.86488644989879 988
04:45:24 	  dev 0.6936035798894445
04:45:25 	  test 0.675
04:45:30 epoch: 115 tr Loss: 111.50071764091858 958
04:45:32 	  dev 0.6912345354040537
04:45:33 	  test 0.6833333333333333
04:45:39 epoch: 116 tr Loss: 111.25635013987792 983
04:45:42 	  dev 0.6914977625690971
04:45:43 	  test 0.6791666666666667
04:45:48 epoch: 117 tr Loss: 111.91078050239234 1045
04:45:51 	  dev 0.6954461700447486
04:45:51 	  test 0.690625
04:45:57 epoch: 118 tr Loss: 104.90378176510988 1092
04:46:00 	  dev 0.6914977625690971
04:46:01 	  test 0.6739583333333333
04:46:06 epoch: 119 tr Loss: 110.05881947845249 1021
04:46:09 	  dev 0.6933403527244012
04:46:10 	  test 0.684375
04:46:15 epoch: 120 tr Loss: 108.95719838308457 1005
04:46:18 	  dev 0.6907080810739669
04:46:19 	  test 0.6697916666666667
04:46:24 epoch: 121 tr Loss: 108.82019749754662 1019
04:46:27 	  dev 0.6899183995788365
04:46:28 	  test 0.6729166666666667
04:46:33 epoch: 122 tr Loss: 108.18420326300294 1019
04:46:36 	  dev 0.69018162674388
04:46:37 	  test 0.6791666666666667
04:46:41 epoch: 123 tr Loss: 99.86213881909548 995
04:46:44 	  dev 0.6899183995788365
04:46:45 	  test 0.675
04:46:51 epoch: 124 tr Loss: 106.54972239847716 985
04:46:54 	  dev 0.692024216899184
04:46:55 	  test 0.6760416666666667
04:47:00 epoch: 125 tr Loss: 107.03799889813908 1021
04:47:03 	  dev 0.6928138983943143
04:47:05 	  test 0.678125
04:47:11 epoch: 126 tr Loss: 102.08190646176186 1033
04:47:13 	  dev 0.6936035798894445
04:47:14 	  test 0.6791666666666667
04:47:19 epoch: 127 tr Loss: 105.82882323733863 1007
04:47:22 	  dev 0.693866807054488
04:47:23 	  test 0.6729166666666667
04:47:29 epoch: 128 tr Loss: 101.01788971303502 1028
04:47:32 	  dev 0.693866807054488
04:47:33 	  test 0.6677083333333333
04:47:39 epoch: 129 tr Loss: 101.51879182600382 1046
04:47:42 	  dev 0.6946564885496184
04:47:43 	  test 0.675
04:47:48 epoch: 130 tr Loss: 101.23902215739821 1007
04:47:51 	  dev 0.6959726243748355
04:47:52 	  test 0.6791666666666667
04:47:57 epoch: 131 tr Loss: 97.76846515191897 938
04:47:59 	  dev 0.6962358515398789
04:48:00 	  test 0.6739583333333333
04:48:05 epoch: 132 tr Loss: 93.71857277882798 1058
04:48:08 	  dev 0.6962358515398789
04:48:09 	  test 0.665625
04:48:14 epoch: 133 tr Loss: 97.15643346379647 1022
04:48:17 	  dev 0.6964990787049223
04:48:18 	  test 0.6697916666666667
04:48:23 epoch: 134 tr Loss: 101.41624576381648 959
04:48:26 	  dev 0.6978152145301395
04:48:27 	  test 0.6770833333333334
04:48:32 epoch: 135 tr Loss: 102.18667116895874 1018
04:48:34 	  dev 0.6991313503553567
04:48:35 	  test 0.6708333333333333
04:48:41 epoch: 136 tr Loss: 106.69968809129612 1057
04:48:43 	  dev 0.7015003948407476
04:48:45 	  test 0.6854166666666667
04:48:50 epoch: 137 tr Loss: 99.5113014155983 936
04:48:52 	  dev 0.6988681231903132
04:48:53 	  test 0.6739583333333333
04:48:58 epoch: 138 tr Loss: 98.12260810139165 1006
04:49:01 	  dev 0.6996578046854436
04:49:01 	  test 0.684375
04:49:07 epoch: 139 tr Loss: 100.56585575530887 1036
04:49:09 	  dev 0.6983416688602264
04:49:10 	  test 0.6770833333333334
04:49:16 epoch: 140 tr Loss: 96.10885468439363 1006
04:49:18 	  dev 0.6991313503553567
04:49:19 	  test 0.678125
04:49:24 epoch: 141 tr Loss: 101.41631869612068 928
04:49:26 	  dev 0.7038694393261384
04:49:27 	  test 0.6760416666666667
04:49:32 epoch: 142 tr Loss: 94.79719617163413 973
04:49:35 	  dev 0.7020268491708345
04:49:35 	  test 0.6770833333333334
04:49:41 epoch: 143 tr Loss: 99.52166917903526 1078
04:49:43 	  dev 0.7012371676757041
04:49:44 	  test 0.6760416666666667
04:49:49 epoch: 144 tr Loss: 92.13587561881188 1010
04:49:51 	  dev 0.7054488023163991
04:49:52 	  test 0.68125
04:49:57 epoch: 145 tr Loss: 99.49727950507614 985
04:50:00 	  dev 0.7067649381416162
04:50:01 	  test 0.675
04:50:06 epoch: 146 tr Loss: 93.84666522704838 1013
04:50:08 	  dev 0.7086075282969202
04:50:09 	  test 0.6833333333333333
04:50:15 epoch: 147 tr Loss: 96.31320091985887 992
04:50:17 	  dev 0.7107133456172677
04:50:18 	  test 0.678125
04:50:23 epoch: 148 tr Loss: 92.5952448388721 993
04:50:25 	  dev 0.7130823901026586
04:50:27 	  test 0.6875
04:50:33 epoch: 149 tr Loss: 93.88958482998085 1044
04:50:35 	  dev 0.7088707554619637
04:50:36 	  test 0.68125
04:50:41 epoch: 150 tr Loss: 93.35479742462311 995
04:50:44 	  dev 0.711503027112398
04:50:45 	  test 0.6885416666666667
04:50:51 epoch: 151 tr Loss: 93.02288221865746 1013
04:50:53 	  dev 0.7125559357725717
04:50:54 	  test 0.6947916666666667
04:50:59 epoch: 152 tr Loss: 85.81319591728526 943
04:51:02 	  dev 0.7125559357725717
04:51:03 	  test 0.6958333333333333
04:51:09 epoch: 153 tr Loss: 94.02395200101317 987
04:51:11 	  dev 0.7130823901026586
04:51:12 	  test 0.6822916666666666
04:51:18 epoch: 154 tr Loss: 95.71982198544698 962
04:51:20 	  dev 0.709660436957094
04:51:21 	  test 0.6947916666666667
04:51:27 epoch: 155 tr Loss: 91.06961686643835 1022
04:51:29 	  dev 0.7146617530929192
04:51:31 	  test 0.684375
04:51:36 epoch: 156 tr Loss: 92.10783519190872 964
04:51:38 	  dev 0.7104501184522243
04:51:39 	  test 0.684375
04:51:45 epoch: 157 tr Loss: 94.05819961288711 1001
04:51:48 	  dev 0.7091339826270071
04:51:49 	  test 0.6833333333333333
04:51:55 epoch: 158 tr Loss: 87.22723168214654 969
04:51:57 	  dev 0.7107133456172677
04:51:58 	  test 0.675
04:52:03 epoch: 159 tr Loss: 90.58971251235178 1012
04:52:06 	  dev 0.7125559357725717
04:52:07 	  test 0.6875
04:52:12 epoch: 160 tr Loss: 84.66179033864542 1004
04:52:15 	  dev 0.7120294814424849
04:52:16 	  test 0.6979166666666666
04:52:21 epoch: 161 tr Loss: 87.88068473792394 973
04:52:23 	  dev 0.7143985259278758
04:52:24 	  test 0.6916666666666667
04:52:30 epoch: 162 tr Loss: 91.23429764851485 1010
04:52:32 	  dev 0.7120294814424849
04:52:33 	  test 0.6822916666666666
04:52:39 epoch: 163 tr Loss: 90.38601280120481 1079
04:52:42 	  dev 0.7159778889181364
04:52:42 	  test 0.6822916666666666
04:52:47 epoch: 164 tr Loss: 84.32921844835907 1036
04:52:51 	  dev 0.7146617530929192
04:52:52 	  test 0.6895833333333333
04:52:57 epoch: 165 tr Loss: 90.3955221596474 1021
04:53:00 	  dev 0.7143985259278758
04:53:01 	  test 0.6895833333333333
04:53:05 epoch: 166 tr Loss: 87.92913526507276 962
04:53:08 	  dev 0.7165043432482232
04:53:09 	  test 0.69375
04:53:14 epoch: 167 tr Loss: 85.66865391885081 992
04:53:16 	  dev 0.7136088444327454
04:53:17 	  test 0.6895833333333333
04:53:23 epoch: 168 tr Loss: 86.2294921875 1040
04:53:26 	  dev 0.7141352987628323
04:53:27 	  test 0.6916666666666667
04:53:32 epoch: 169 tr Loss: 84.51957383548067 1009
04:53:34 	  dev 0.7141352987628323
04:53:35 	  test 0.6916666666666667
04:53:40 epoch: 170 tr Loss: 84.38115697527749 991
04:53:42 	  dev 0.7159778889181364
04:53:43 	  test 0.690625
04:53:48 epoch: 171 tr Loss: 84.75981385030865 972
04:53:51 	  dev 0.7180837062384838
04:53:52 	  test 0.69375
04:53:58 epoch: 172 tr Loss: 82.6386332756917 1012
04:54:01 	  dev 0.7220321137141353
04:54:01 	  test 0.6916666666666667
04:54:06 epoch: 173 tr Loss: 81.95393373115579 995
04:54:09 	  dev 0.7204527507238747
04:54:10 	  test 0.6947916666666667
04:54:15 epoch: 174 tr Loss: 82.50111289173789 1053
04:54:18 	  dev 0.7236114767043959
04:54:18 	  test 0.6916666666666667
04:54:24 epoch: 175 tr Loss: 86.0328589108911 1010
04:54:27 	  dev 0.7241379310344828
04:54:28 	  test 0.6895833333333333
04:54:34 epoch: 176 tr Loss: 79.46750358446299 959
04:54:37 	  dev 0.7251908396946565
04:54:37 	  test 0.6947916666666667
04:54:42 epoch: 177 tr Loss: 84.54917654179408 981
04:54:45 	  dev 0.7228217952092656
04:54:46 	  test 0.6864583333333333
04:54:52 epoch: 178 tr Loss: 84.22764495481928 996
04:54:54 	  dev 0.7233482495393525
04:54:55 	  test 0.6885416666666667
04:55:00 epoch: 179 tr Loss: 80.53086853027344 1024
04:55:02 	  dev 0.7246643853645697
04:55:03 	  test 0.6802083333333333
04:55:08 epoch: 180 tr Loss: 82.49120247834456 1039
04:55:11 	  dev 0.7251908396946565
04:55:12 	  test 0.6927083333333334
04:55:18 epoch: 181 tr Loss: 80.46502976190476 966
04:55:21 	  dev 0.7215056593840484
04:55:22 	  test 0.6927083333333334
04:55:26 epoch: 182 tr Loss: 83.51302626433785 959
04:55:29 	  dev 0.7225585680442221
04:55:30 	  test 0.6958333333333333
04:55:36 epoch: 183 tr Loss: 79.0858040201005 995
04:55:38 	  dev 0.7238747038694393
04:55:39 	  test 0.6947916666666667
04:55:44 epoch: 184 tr Loss: 79.56831323818898 1016
04:55:47 	  dev 0.7233482495393525
04:55:48 	  test 0.7
04:55:54 epoch: 185 tr Loss: 82.72410175120773 1035
04:55:56 	  dev 0.7220321137141353
04:55:57 	  test 0.69375
04:56:03 epoch: 186 tr Loss: 80.05686147984268 1017
04:56:05 	  dev 0.7199262963937878
04:56:06 	  test 0.6895833333333333
04:56:12 epoch: 187 tr Loss: 82.60160231906218 981
04:56:14 	  dev 0.719399842063701
04:56:15 	  test 0.7020833333333333
04:56:21 epoch: 188 tr Loss: 77.9709313598759 967
04:56:23 	  dev 0.7215056593840484
04:56:24 	  test 0.6989583333333333
04:56:31 epoch: 189 tr Loss: 80.60773225532945 1032
04:56:33 	  dev 0.7228217952092656
04:56:34 	  test 0.6927083333333334
04:56:39 epoch: 190 tr Loss: 79.41842672413793 1015
04:56:42 	  dev 0.719399842063701
04:56:43 	  test 0.7020833333333333
04:56:49 epoch: 191 tr Loss: 79.57627467105263 988
04:56:51 	  dev 0.721242432219005
04:56:52 	  test 0.7010416666666667
04:56:58 epoch: 192 tr Loss: 80.70336469319271 1043
04:57:00 	  dev 0.7209792050539615
04:57:01 	  test 0.7010416666666667
04:57:06 epoch: 193 tr Loss: 76.58536783854167 960
04:57:09 	  dev 0.723085022374309
04:57:10 	  test 0.684375
04:57:15 epoch: 194 tr Loss: 81.74294154228856 1005
04:57:17 	  dev 0.7238747038694393
04:57:18 	  test 0.6875
04:57:24 epoch: 195 tr Loss: 81.21428684277048 989
04:57:26 	  dev 0.7222953408791787
04:57:27 	  test 0.6927083333333334
04:57:32 epoch: 196 tr Loss: 78.18117814334639 1022
04:57:35 	  dev 0.7215056593840484
04:57:36 	  test 0.6854166666666667
04:57:41 epoch: 197 tr Loss: 77.40454391057312 1012
04:57:44 	  dev 0.7196630692287445
04:57:45 	  test 0.6895833333333333
04:57:50 epoch: 198 tr Loss: 78.20739758144127 1013
04:57:52 	  dev 0.7188733877336141
04:57:53 	  test 0.6875
04:57:59 epoch: 199 tr Loss: 76.51711272432702 1003
04:58:01 	  dev 0.7209792050539615
04:58:02 	  test 0.6895833333333333
04:58:07 epoch: 200 tr Loss: 78.60544258373206 1045
04:58:10 	  dev 0.7215056593840484
04:58:11 	  test 0.6895833333333333
04:58:17 epoch: 201 tr Loss: 77.85922066086547 1063
04:58:19 	  dev 0.7262437483548302
04:58:20 	  test 0.6895833333333333
04:58:25 epoch: 202 tr Loss: 76.67219524547188 1049
04:58:28 	  dev 0.7251908396946565
04:58:29 	  test 0.6875
04:58:34 epoch: 203 tr Loss: 79.17661008104126 1018
04:58:37 	  dev 0.7257172940247434
04:58:37 	  test 0.690625
04:58:44 epoch: 204 tr Loss: 76.7259411372454 1031
04:58:46 	  dev 0.7265069755198736
04:58:47 	  test 0.6885416666666667
04:58:53 epoch: 205 tr Loss: 76.6209286971831 994
04:58:55 	  dev 0.7262437483548302
04:58:57 	  test 0.6947916666666667
04:59:02 epoch: 206 tr Loss: 76.91665178571428 1050
04:59:04 	  dev 0.7283495656751777
04:59:05 	  test 0.6979166666666666
04:59:11 epoch: 207 tr Loss: 73.1115154109589 1022
04:59:13 	  dev 0.7286127928402211
04:59:14 	  test 0.6927083333333334
04:59:20 epoch: 208 tr Loss: 73.9868168892186 1011
04:59:22 	  dev 0.7251908396946565
04:59:23 	  test 0.6916666666666667
04:59:29 epoch: 209 tr Loss: 78.01727721291866 1045
04:59:32 	  dev 0.7246643853645697
04:59:33 	  test 0.6947916666666667
04:59:39 epoch: 210 tr Loss: 72.35973837209302 1032
04:59:42 	  dev 0.7246643853645697
04:59:43 	  test 0.6885416666666667
04:59:48 epoch: 211 tr Loss: 74.76169908106748 993
04:59:50 	  dev 0.7259805211897867
04:59:51 	  test 0.7020833333333333
04:59:57 epoch: 212 tr Loss: 73.20432867005815 1032
05:00:00 	  dev 0.7259805211897867
05:00:00 	  test 0.7010416666666667
05:00:06 epoch: 213 tr Loss: 76.27790964537223 994
05:00:09 	  dev 0.7299289286654382
05:00:10 	  test 0.7010416666666667
05:00:15 epoch: 214 tr Loss: 70.52658806544754 1039
05:00:18 	  dev 0.7288760200052645
05:00:19 	  test 0.7041666666666667
05:00:24 epoch: 215 tr Loss: 71.75715295226131 995
05:00:27 	  dev 0.7286127928402211
05:00:28 	  test 0.703125
05:00:34 epoch: 216 tr Loss: 76.32603658536586 1025
05:00:36 	  dev 0.7270334298499606
05:00:37 	  test 0.7041666666666667
05:00:42 epoch: 217 tr Loss: 69.63751324152543 1062
05:00:45 	  dev 0.7299289286654382
05:00:46 	  test 0.6979166666666666
05:00:51 epoch: 218 tr Loss: 73.10292645919421 968
05:00:54 	  dev 0.7288760200052645
05:00:55 	  test 0.703125
05:01:00 epoch: 219 tr Loss: 72.65494416426513 1041
05:01:02 	  dev 0.7278231113450908
05:01:03 	  test 0.6927083333333334
05:01:08 epoch: 220 tr Loss: 75.02519242610838 1015
05:01:11 	  dev 0.7283495656751777
05:01:12 	  test 0.6958333333333333
05:01:17 epoch: 221 tr Loss: 73.41826099841938 949
05:01:20 	  dev 0.7278231113450908
05:01:20 	  test 0.696875
05:01:26 epoch: 222 tr Loss: 72.65124260545268 972
05:01:28 	  dev 0.7280863385101343
05:01:29 	  test 0.696875
05:01:35 epoch: 223 tr Loss: 74.59423729879276 994
05:01:37 	  dev 0.7270334298499606
05:01:38 	  test 0.6947916666666667
05:01:43 epoch: 224 tr Loss: 74.5008000753012 996
05:01:45 	  dev 0.7275598841800474
05:01:46 	  test 0.6916666666666667
05:01:52 epoch: 225 tr Loss: 70.74108651061776 1036
05:01:55 	  dev 0.7272966570150039
05:01:55 	  test 0.696875
05:02:00 epoch: 226 tr Loss: 65.09766437955255 961
05:02:03 	  dev 0.7288760200052645
05:02:04 	  test 0.6947916666666667
05:02:09 epoch: 227 tr Loss: 69.7446828358209 1005
05:02:12 	  dev 0.7267702026849171
05:02:13 	  test 0.7
05:02:18 epoch: 228 tr Loss: 73.74788444472617 986
05:02:20 	  dev 0.7283495656751777
05:02:21 	  test 0.6979166666666666
05:02:27 epoch: 229 tr Loss: 69.62590997869319 1056
05:02:29 	  dev 0.7294024743353514
05:02:30 	  test 0.6979166666666666
05:02:36 epoch: 230 tr Loss: 73.86839851134215 1058
05:02:38 	  dev 0.7304553829955251
05:02:39 	  test 0.69375
05:02:45 epoch: 231 tr Loss: 68.2799542313288 1031
05:02:48 	  dev 0.7299289286654382
05:02:48 	  test 0.6979166666666666
05:02:53 epoch: 232 tr Loss: 69.92714114530777 991
05:02:56 	  dev 0.7286127928402211
05:02:57 	  test 0.6885416666666667
05:03:02 epoch: 233 tr Loss: 68.56111430921052 950
05:03:04 	  dev 0.7299289286654382
05:03:05 	  test 0.696875
05:03:11 epoch: 234 tr Loss: 69.93252702866862 1029
05:03:13 	  dev 0.7307186101605686
05:03:14 	  test 0.6885416666666667
05:03:19 epoch: 235 tr Loss: 66.85579292012449 964
05:03:21 	  dev 0.7320347459857858
05:03:22 	  test 0.6958333333333333
05:03:27 epoch: 236 tr Loss: 70.86950549450549 1001
05:03:30 	  dev 0.7296657015003949
05:03:31 	  test 0.6822916666666666
05:03:37 epoch: 237 tr Loss: 68.25462037962038 1001
05:03:39 	  dev 0.729139247170308
05:03:40 	  test 0.69375
05:03:46 epoch: 238 tr Loss: 69.27566616960581 964
05:03:48 	  dev 0.7336141089760463
05:03:49 	  test 0.684375
05:03:54 epoch: 239 tr Loss: 70.23896919281377 988
05:03:57 	  dev 0.7336141089760463
05:03:58 	  test 0.6854166666666667
05:04:04 epoch: 240 tr Loss: 66.97394535144566 1003
05:04:07 	  dev 0.7336141089760463
05:04:08 	  test 0.6979166666666666
05:04:14 epoch: 241 tr Loss: 66.58571831162325 998
05:04:16 	  dev 0.732824427480916
05:04:18 	  test 0.7052083333333333
05:04:22 epoch: 242 tr Loss: 71.21258573793756 1057
05:04:25 	  dev 0.7312450644906554
05:04:26 	  test 0.703125
05:04:32 epoch: 243 tr Loss: 70.61176954334366 969
05:04:35 	  dev 0.7312450644906554
05:04:36 	  test 0.7
05:04:41 epoch: 244 tr Loss: 66.24229431152344 1024
05:04:44 	  dev 0.7325612003158726
05:04:45 	  test 0.7072916666666667
05:04:49 epoch: 245 tr Loss: 68.85174040841584 1010
05:04:52 	  dev 0.7344037904711767
05:04:52 	  test 0.69375
05:04:57 epoch: 246 tr Loss: 67.82971466002044 978
05:05:00 	  dev 0.7351934719663069
05:05:01 	  test 0.703125
05:05:06 epoch: 247 tr Loss: 65.37648920908184 1002
05:05:09 	  dev 0.7317715188207423
05:05:10 	  test 0.7041666666666667
05:05:14 epoch: 248 tr Loss: 68.47663170521653 1016
05:05:17 	  dev 0.7325612003158726
05:05:18 	  test 0.7041666666666667
05:05:24 epoch: 249 tr Loss: 69.04960317460318 1008
05:05:26 	  dev 0.7320347459857858
05:05:27 	  test 0.6989583333333333
05:05:31 epoch: 250 tr Loss: 67.08460823329854 958
05:05:34 	  dev 0.7346670176362201
05:05:35 	  test 0.6958333333333333
05:05:40 epoch: 251 tr Loss: 70.38928894927537 1035
05:05:43 	  dev 0.7333508818110029
05:05:43 	  test 0.7
05:05:48 epoch: 252 tr Loss: 70.48414248511905 1008
05:05:51 	  dev 0.7344037904711767
05:05:52 	  test 0.6916666666666667
05:05:57 epoch: 253 tr Loss: 66.68702794561933 993
05:05:59 	  dev 0.7349302448012635
05:06:00 	  test 0.6864583333333333
05:06:06 epoch: 254 tr Loss: 67.07984185987904 992
05:06:08 	  dev 0.7357199262963938
05:06:09 	  test 0.696875
05:06:14 epoch: 255 tr Loss: 71.48467426915323 992
05:06:17 	  dev 0.737036062121611
05:06:18 	  test 0.7104166666666667
05:06:23 epoch: 256 tr Loss: 67.01099968905473 1005
05:06:26 	  dev 0.7351934719663069
05:06:28 	  test 0.6947916666666667
05:06:34 epoch: 257 tr Loss: 68.2768359375 1000
05:06:36 	  dev 0.7365096077915241
05:06:37 	  test 0.703125
05:06:43 epoch: 258 tr Loss: 68.62479599854932 1034
05:06:45 	  dev 0.7351934719663069
05:06:46 	  test 0.70625
05:06:51 epoch: 259 tr Loss: 66.23587654614653 1051
05:06:54 	  dev 0.7362463806264806
05:06:55 	  test 0.7083333333333334
05:07:00 epoch: 260 tr Loss: 68.744796875 1000
05:07:02 	  dev 0.7359831534614372
05:07:03 	  test 0.6916666666666667
05:07:08 epoch: 261 tr Loss: 66.10548400878906 1024
05:07:11 	  dev 0.7354566991313504
05:07:12 	  test 0.6895833333333333
05:07:17 epoch: 262 tr Loss: 69.62463990480961 998
05:07:19 	  dev 0.7357199262963938
05:07:20 	  test 0.690625
05:07:25 epoch: 263 tr Loss: 67.81924325674326 1001
05:07:28 	  dev 0.7367728349565675
05:07:29 	  test 0.6916666666666667
05:07:35 epoch: 264 tr Loss: 65.16357710798816 1014
05:07:37 	  dev 0.737036062121611
05:07:38 	  test 0.6979166666666666
05:07:43 epoch: 265 tr Loss: 66.40860215053763 930
05:07:45 	  dev 0.7372992892866543
05:07:46 	  test 0.6833333333333333
05:07:52 epoch: 266 tr Loss: 66.04457509566326 980
05:07:54 	  dev 0.7383521979468282
05:07:55 	  test 0.6958333333333333
05:08:01 epoch: 267 tr Loss: 64.32818579766537 1028
05:08:03 	  dev 0.7423006054224796
05:08:04 	  test 0.7041666666666667
05:08:10 epoch: 268 tr Loss: 63.44480909715285 1001
05:08:12 	  dev 0.7428270597525665
05:08:13 	  test 0.6927083333333334
05:08:19 epoch: 269 tr Loss: 60.994282670454545 990
05:08:21 	  dev 0.7409844695972624
05:08:22 	  test 0.6989583333333333
05:08:27 epoch: 270 tr Loss: 63.249387177378544 988
05:08:30 	  dev 0.7401947881021321
05:08:31 	  test 0.696875
05:08:36 epoch: 271 tr Loss: 61.75692098348348 999
05:08:39 	  dev 0.7415109239273493
05:08:39 	  test 0.7010416666666667
05:08:45 epoch: 272 tr Loss: 64.95194069955268 1006
05:08:48 	  dev 0.7420373782574362
05:08:48 	  test 0.6916666666666667
05:08:54 epoch: 273 tr Loss: 64.16799150485437 1030
05:08:57 	  dev 0.7415109239273493
05:08:58 	  test 0.6979166666666666
05:09:02 epoch: 274 tr Loss: 61.84182775444664 1012
05:09:05 	  dev 0.7417741510923928
05:09:06 	  test 0.684375
05:09:11 epoch: 275 tr Loss: 62.635120053088805 1036
05:09:14 	  dev 0.742563832587523
05:09:15 	  test 0.7010416666666667
05:09:19 epoch: 276 tr Loss: 63.02671344214438 942
05:09:21 	  dev 0.7415109239273493
05:09:22 	  test 0.7020833333333333
05:09:27 epoch: 277 tr Loss: 57.64458961030876 1004
05:09:30 	  dev 0.7412476967623058
05:09:30 	  test 0.7020833333333333
05:09:36 epoch: 278 tr Loss: 58.450151641294006 1051
05:09:39 	  dev 0.7428270597525665
05:09:40 	  test 0.6947916666666667
