Namespace(alpha0=0, alpha1=0, alpha2=0, alpha3=0, auxiliary_file='datasets/OOKB/both-5000/aux', batch_size=5000, beta0=0.1, beta1=1e-05, dev_file='datasets/OOKB/both-5000/dev', dim=200, entity_size=38195, epoch_size=10000, gpu_device=0, is_balanced_tr=False, is_bernoulli_trick=True, layerR=1, margin_file='', opt_model='Adam', order=1, param_dir='', pool_size=640, pooling_method='avg', rel_size=11, sample_size=64, seed=0, target_dir='both-5000', test_batch_size=20000, test_file='datasets/OOKB/both-5000/test', threshold=300.0, train_file='datasets/OOKB/both-5000/train', train_size=1000, use_gpu=False)
main.py -tD both-5000
04:28:21 load train
04:28:21 set axiaulity
04:28:21 OOKB esetting, use: different edges
04:28:21 load train
04:28:21 load dev
dev size: 2166
04:28:21 load test
test size: 4196
relation size: 11 entity size: 38195
/home/takuo-h/.pyenv/versions/3.6.8/lib/python3.6/site-packages/chainer/functions/normalization/batch_normalization.py:114: UserWarning: A batch with no more than one sample has been given to F.batch_normalization. F.batch_normalization will always output a zero tensor for such batches. This could be caused by incorrect configuration in your code (such as running evaluation while chainer.config.train=True), but could also happen in the last batch of training if non-repeating iterator is used.
  UserWarning)
04:28:26 epoch: 0 tr Loss: 297.7916243654822 985
04:28:27 	  dev 0.5951061865189289
04:28:30 	  test 0.5891325071496664
04:28:34 epoch: 1 tr Loss: 301.67384504331085 1039
04:28:35 	  dev 0.6126500461680517
04:28:38 	  test 0.5986653956148713
04:28:41 epoch: 2 tr Loss: 298.9692576142132 985
04:28:43 	  dev 0.6098799630655586
04:28:45 	  test 0.5872259294566253
04:28:49 epoch: 3 tr Loss: 300.78404017857144 1008
04:28:51 	  dev 0.602954755309326
04:28:53 	  test 0.5891325071496664
04:28:56 epoch: 4 tr Loss: 299.4947916666667 1032
04:28:57 	  dev 0.6038781163434903
04:29:00 	  test 0.5917540514775977
04:29:03 epoch: 5 tr Loss: 295.80663872691935 1029
04:29:05 	  dev 0.5969529085872576
04:29:07 	  test 0.5912774070543375
04:29:11 epoch: 6 tr Loss: 298.5121921182266 1015
04:29:12 	  dev 0.5891043397968606
04:29:15 	  test 0.5984270734032412
04:29:18 epoch: 7 tr Loss: 291.578616751269 985
04:29:19 	  dev 0.5803324099722992
04:29:21 	  test 0.5879408960915157
04:29:25 epoch: 8 tr Loss: 298.3954363089268 997
04:29:26 	  dev 0.5780240073868883
04:29:28 	  test 0.5822211630123928
04:29:32 epoch: 9 tr Loss: 294.46236137897785 1037
04:29:33 	  dev 0.5655586334256695
04:29:35 	  test 0.57697807435653
04:29:39 epoch: 10 tr Loss: 290.89124478079333 958
04:29:40 	  dev 0.5674053554939982
04:29:43 	  test 0.5784080076263107
04:29:47 epoch: 11 tr Loss: 288.419756097561 1025
04:29:48 	  dev 0.5637119113573407
04:29:50 	  test 0.5741182078169685
04:29:55 epoch: 12 tr Loss: 288.70334331337324 1002
04:29:56 	  dev 0.5572483841181902
04:29:58 	  test 0.5741182078169685
04:30:02 epoch: 13 tr Loss: 283.2421237244898 980
04:30:03 	  dev 0.5526315789473685
04:30:05 	  test 0.5719733079122974
04:30:08 epoch: 14 tr Loss: 290.3451617043121 974
04:30:10 	  dev 0.5507848568790397
04:30:12 	  test 0.5719733079122974
04:30:16 epoch: 15 tr Loss: 284.4467202970297 1010
04:30:17 	  dev 0.5484764542936288
04:30:19 	  test 0.5731649189704481
04:30:23 epoch: 16 tr Loss: 281.1811224489796 1029
04:30:24 	  dev 0.543859649122807
04:30:27 	  test 0.5731649189704481
04:30:30 epoch: 17 tr Loss: 281.1859666339549 1019
04:30:32 	  dev 0.5484764542936288
04:30:34 	  test 0.5757864632983795
04:30:38 epoch: 18 tr Loss: 273.7742913687436 979
04:30:40 	  dev 0.554016620498615
04:30:42 	  test 0.572926596758818
04:30:45 epoch: 19 tr Loss: 269.899625858685 1019
04:30:47 	  dev 0.5554016620498615
04:30:48 	  test 0.5705433746425167
04:30:52 epoch: 20 tr Loss: 264.1185540950455 989
04:30:53 	  dev 0.5590951061865189
04:30:55 	  test 0.5686367969494757
04:30:59 epoch: 21 tr Loss: 265.8402884615385 975
04:31:00 	  dev 0.5632502308402585
04:31:02 	  test 0.5707816968541468
04:31:06 epoch: 22 tr Loss: 261.0310576923077 975
04:31:07 	  dev 0.5595567867036011
04:31:09 	  test 0.5662535748331744
04:31:13 epoch: 23 tr Loss: 257.15582524271844 1030
04:31:14 	  dev 0.561865189289012
04:31:16 	  test 0.5695900857959962
04:31:19 epoch: 24 tr Loss: 252.79503296277147 967
04:31:21 	  dev 0.5577100646352724
04:31:23 	  test 0.5738798856053384
04:31:27 epoch: 25 tr Loss: 251.42131179196704 971
04:31:28 	  dev 0.5577100646352724
04:31:30 	  test 0.5784080076263107
04:31:33 epoch: 26 tr Loss: 249.02683145491804 976
04:31:34 	  dev 0.5655586334256695
04:31:37 	  test 0.5745948522402288
04:31:41 epoch: 27 tr Loss: 244.79996468926555 1062
04:31:42 	  dev 0.5664819944598338
04:31:44 	  test 0.5745948522402288
04:31:48 epoch: 28 tr Loss: 235.9891088792221 977
04:31:50 	  dev 0.5627885503231763
04:31:52 	  test 0.5795996186844614
04:31:56 epoch: 29 tr Loss: 245.98678372210952 986
04:31:57 	  dev 0.5650969529085873
04:31:59 	  test 0.5805529075309819
04:32:03 epoch: 30 tr Loss: 237.1103855721393 1005
04:32:04 	  dev 0.5664819944598338
04:32:07 	  test 0.5810295519542421
04:32:10 epoch: 31 tr Loss: 232.82563883034774 949
04:32:12 	  dev 0.5678670360110804
04:32:14 	  test 0.5831744518589133
04:32:18 epoch: 32 tr Loss: 228.73511318897638 1016
04:32:20 	  dev 0.5678670360110804
04:32:22 	  test 0.5850810295519543
04:32:26 epoch: 33 tr Loss: 229.38105679587832 1019
04:32:27 	  dev 0.566943674976916
04:32:30 	  test 0.5812678741658722
04:32:34 epoch: 34 tr Loss: 219.16401305379748 948
04:32:35 	  dev 0.5678670360110804
04:32:37 	  test 0.5838894184938036
04:32:41 epoch: 35 tr Loss: 214.46299013486512 1001
04:32:42 	  dev 0.5724838411819021
04:32:44 	  test 0.5886558627264061
04:32:48 epoch: 36 tr Loss: 206.0468593906094 1001
04:32:49 	  dev 0.5817174515235457
04:32:51 	  test 0.5900857959961868
04:32:55 epoch: 37 tr Loss: 208.54297642436148 1018
04:32:57 	  dev 0.5872576177285319
04:32:59 	  test 0.5917540514775977
04:33:03 epoch: 38 tr Loss: 214.99212198637318 954
04:33:04 	  dev 0.5904893813481071
04:33:07 	  test 0.592230695900858
04:33:10 epoch: 39 tr Loss: 201.0726121471774 992
04:33:12 	  dev 0.5914127423822715
04:33:15 	  test 0.59628217349857
04:33:20 epoch: 40 tr Loss: 204.8507376743028 1004
04:33:21 	  dev 0.5932594644506002
04:33:24 	  test 0.5977121067683508
04:33:28 epoch: 41 tr Loss: 198.68965037128712 1010
04:33:29 	  dev 0.5909510618651893
04:33:32 	  test 0.5984270734032412
04:33:36 epoch: 42 tr Loss: 193.273238809766 983
04:33:37 	  dev 0.6024930747922438
04:33:40 	  test 0.5981887511916111
04:33:44 epoch: 43 tr Loss: 192.12081057596822 1007
04:33:45 	  dev 0.605724838411819
04:33:47 	  test 0.6034318398474738
04:33:51 epoch: 44 tr Loss: 192.9964643033597 1012
04:33:53 	  dev 0.6043397968605725
04:33:55 	  test 0.6055767397521449
04:33:59 epoch: 45 tr Loss: 186.31863459669583 1029
04:34:00 	  dev 0.6052631578947368
04:34:02 	  test 0.6070066730219257
04:34:06 epoch: 46 tr Loss: 180.9274564375605 1033
04:34:07 	  dev 0.6084949215143121
04:34:10 	  test 0.6060533841754051
04:34:14 epoch: 47 tr Loss: 181.41017133204633 1036
04:34:16 	  dev 0.6094182825484764
04:34:18 	  test 0.6034318398474738
04:34:21 epoch: 48 tr Loss: 184.74823717948718 975
04:34:23 	  dev 0.6094182825484764
04:34:25 	  test 0.6067683508102956
04:34:29 epoch: 49 tr Loss: 182.52046757958803 1068
04:34:30 	  dev 0.6061865189289012
04:34:34 	  test 0.6046234509056244
04:34:38 epoch: 50 tr Loss: 175.71793851832993 982
04:34:39 	  dev 0.605724838411819
04:34:41 	  test 0.6031935176358436
04:34:45 epoch: 51 tr Loss: 178.40400380377756 953
04:34:47 	  dev 0.6084949215143121
04:34:49 	  test 0.6031935176358436
04:34:53 epoch: 52 tr Loss: 165.79794921875 960
04:34:54 	  dev 0.6061865189289012
04:34:57 	  test 0.6024785510009533
04:35:00 epoch: 53 tr Loss: 167.9108268671193 1031
04:35:02 	  dev 0.6061865189289012
04:35:05 	  test 0.5977121067683508
04:35:08 epoch: 54 tr Loss: 167.46071382924336 978
04:35:09 	  dev 0.6052631578947368
04:35:12 	  test 0.5960438512869399
04:35:16 epoch: 55 tr Loss: 161.6073979591837 980
04:35:17 	  dev 0.6089566020313942
04:35:19 	  test 0.5960438512869399
04:35:23 epoch: 56 tr Loss: 163.0431622851365 989
04:35:25 	  dev 0.6121883656509696
04:35:27 	  test 0.5943755958055291
04:35:30 epoch: 57 tr Loss: 164.42274394953657 971
04:35:31 	  dev 0.6163434903047091
04:35:33 	  test 0.5931839847473784
04:35:37 epoch: 58 tr Loss: 153.86775386460553 938
04:35:38 	  dev 0.6181902123730378
04:35:42 	  test 0.5974737845567207
04:35:46 epoch: 59 tr Loss: 157.6652960526316 1007
04:35:47 	  dev 0.6228070175438597
04:35:49 	  test 0.5955672068636797
04:35:53 epoch: 60 tr Loss: 150.1634652140673 981
04:35:54 	  dev 0.6265004616805171
04:35:57 	  test 0.5972354623450906
04:36:00 epoch: 61 tr Loss: 148.16385948026948 1039
04:36:02 	  dev 0.6265004616805171
04:36:04 	  test 0.5967588179218303
04:36:07 epoch: 62 tr Loss: 154.45253771018793 1011
04:36:08 	  dev 0.628808864265928
04:36:11 	  test 0.592230695900858
04:36:15 epoch: 63 tr Loss: 155.0037915851272 1022
04:36:16 	  dev 0.6343490304709142
04:36:18 	  test 0.5948522402287894
04:36:22 epoch: 64 tr Loss: 142.36163456994328 1058
04:36:24 	  dev 0.636657433056325
04:36:26 	  test 0.5981887511916111
04:36:30 epoch: 65 tr Loss: 142.58955294265593 994
04:36:31 	  dev 0.6394275161588181
04:36:34 	  test 0.6015252621544328
04:36:38 epoch: 66 tr Loss: 140.20388423226433 1029
04:36:39 	  dev 0.6371191135734072
04:36:42 	  test 0.5998570066730219
04:36:46 epoch: 67 tr Loss: 143.29248760438412 958
04:36:47 	  dev 0.6394275161588181
04:36:49 	  test 0.6015252621544328
04:36:53 epoch: 68 tr Loss: 133.08423056722688 952
04:36:55 	  dev 0.6440443213296398
04:36:57 	  test 0.5955672068636797
04:37:01 epoch: 69 tr Loss: 138.2013753651412 1027
04:37:02 	  dev 0.646814404432133
04:37:05 	  test 0.5986653956148713
04:37:08 epoch: 70 tr Loss: 140.21337985436892 1030
04:37:10 	  dev 0.6514312096029548
04:37:13 	  test 0.5972354623450906
04:37:16 epoch: 71 tr Loss: 139.77655945419104 1026
04:37:17 	  dev 0.6486611265004617
04:37:19 	  test 0.5934223069590085
04:37:23 epoch: 72 tr Loss: 138.997105895749 988
04:37:24 	  dev 0.6472760849492152
04:37:27 	  test 0.5948522402287894
04:37:31 epoch: 73 tr Loss: 132.8262217583497 1018
04:37:32 	  dev 0.6472760849492152
04:37:34 	  test 0.5950905624404195
04:37:38 epoch: 74 tr Loss: 130.71007284524975 1021
04:37:40 	  dev 0.6463527239150508
04:37:42 	  test 0.5917540514775977
04:37:46 epoch: 75 tr Loss: 129.60802032019706 1015
04:37:48 	  dev 0.6408125577100646
04:37:51 	  test 0.5965204957102002
04:37:55 epoch: 76 tr Loss: 125.99106455338809 974
04:37:57 	  dev 0.6371191135734072
04:37:59 	  test 0.5896091515729266
04:38:02 epoch: 77 tr Loss: 120.35878447395301 979
04:38:04 	  dev 0.6325023084025854
04:38:07 	  test 0.5903241182078169
04:38:10 epoch: 78 tr Loss: 122.8494081947425 932
04:38:11 	  dev 0.633887349953832
04:38:13 	  test 0.5898474737845567
04:38:17 epoch: 79 tr Loss: 121.96741536458333 960
04:38:18 	  dev 0.6371191135734072
04:38:20 	  test 0.5924690181124881
04:38:23 epoch: 80 tr Loss: 120.27267081697742 1019
04:38:25 	  dev 0.641735918744229
04:38:27 	  test 0.592230695900858
04:38:31 epoch: 81 tr Loss: 120.95180002585316 967
04:38:32 	  dev 0.6481994459833795
04:38:34 	  test 0.5927073403241182
04:38:38 epoch: 82 tr Loss: 117.73668132942326 1023
04:38:40 	  dev 0.6458910433979687
04:38:42 	  test 0.5938989513822688
04:38:45 epoch: 83 tr Loss: 119.4839686173036 942
04:38:46 	  dev 0.6463527239150508
04:38:49 	  test 0.5953288846520496
04:38:53 epoch: 84 tr Loss: 116.49021533869396 1026
04:38:54 	  dev 0.6440443213296398
04:38:56 	  test 0.5936606291706387
04:39:00 epoch: 85 tr Loss: 114.95757536382537 962
04:39:01 	  dev 0.6449676823638042
04:39:03 	  test 0.5929456625357483
04:39:07 epoch: 86 tr Loss: 116.59691636965377 982
04:39:08 	  dev 0.641735918744229
04:39:11 	  test 0.5943755958055291
04:39:15 epoch: 87 tr Loss: 116.49880881966351 951
04:39:16 	  dev 0.6421975992613111
04:39:18 	  test 0.5948522402287894
04:39:22 epoch: 88 tr Loss: 112.10226703406813 998
04:39:23 	  dev 0.6375807940904894
04:39:26 	  test 0.5946139180171592
04:39:29 epoch: 89 tr Loss: 111.67414110040568 986
04:39:30 	  dev 0.6398891966759003
04:39:32 	  test 0.5948522402287894
04:39:36 epoch: 90 tr Loss: 113.0305149973573 946
04:39:37 	  dev 0.6380424746075716
04:39:39 	  test 0.5948522402287894
04:39:44 epoch: 91 tr Loss: 108.11871688950555 991
04:39:45 	  dev 0.6394275161588181
04:39:47 	  test 0.5948522402287894
04:39:50 epoch: 92 tr Loss: 105.32033600802407 997
04:39:52 	  dev 0.6361957525392429
04:39:54 	  test 0.597950428979981
04:39:57 epoch: 93 tr Loss: 109.5647052072403 953
04:39:59 	  dev 0.6371191135734072
04:40:01 	  test 0.5984270734032412
04:40:04 epoch: 94 tr Loss: 109.49308530745968 992
04:40:05 	  dev 0.6385041551246537
04:40:08 	  test 0.5984270734032412
04:40:12 epoch: 95 tr Loss: 107.97967360424902 1012
04:40:12 	  dev 0.6426592797783933
04:40:15 	  test 0.5998570066730219
04:40:19 epoch: 96 tr Loss: 107.48809523809524 987
04:40:20 	  dev 0.6421975992613111
04:40:22 	  test 0.6029551954242135
04:40:27 epoch: 97 tr Loss: 107.65318298339844 1024
04:40:28 	  dev 0.6458910433979687
04:40:30 	  test 0.6010486177311726
04:40:34 epoch: 98 tr Loss: 103.60818597560976 1025
04:40:35 	  dev 0.6435826408125577
04:40:38 	  test 0.6029551954242135
04:40:42 epoch: 99 tr Loss: 99.42550627587991 966
04:40:43 	  dev 0.6463527239150508
04:40:46 	  test 0.5993803622497617
04:40:50 epoch: 100 tr Loss: 100.32142298548548 999
04:40:51 	  dev 0.646814404432133
04:40:54 	  test 0.6010486177311726
04:40:57 epoch: 101 tr Loss: 99.39309790826613 992
04:40:59 	  dev 0.6481994459833795
04:41:01 	  test 0.5993803622497617
04:41:05 epoch: 102 tr Loss: 94.79407802991886 986
04:41:06 	  dev 0.6481994459833795
04:41:09 	  test 0.5996186844613918
04:41:13 epoch: 103 tr Loss: 95.91837652439024 1025
04:41:15 	  dev 0.6477377654662974
04:41:18 	  test 0.5967588179218303
04:41:21 epoch: 104 tr Loss: 98.9936390442607 1028
04:41:22 	  dev 0.6463527239150508
04:41:24 	  test 0.5977121067683508
04:41:28 epoch: 105 tr Loss: 97.2428398676171 982
04:41:29 	  dev 0.6472760849492152
04:41:31 	  test 0.6003336510962822
04:41:35 epoch: 106 tr Loss: 95.51595695405139 1012
04:41:36 	  dev 0.6491228070175439
04:41:38 	  test 0.5977121067683508
04:41:42 epoch: 107 tr Loss: 91.25660638695219 1004
04:41:43 	  dev 0.6454293628808865
04:41:45 	  test 0.5965204957102002
04:41:50 epoch: 108 tr Loss: 95.7108161407767 1030
04:41:51 	  dev 0.6463527239150508
04:41:53 	  test 0.5972354623450906
04:41:57 epoch: 109 tr Loss: 92.10328713123093 983
04:41:58 	  dev 0.6463527239150508
04:42:00 	  test 0.5953288846520496
04:42:04 epoch: 110 tr Loss: 91.66509562017374 1036
04:42:05 	  dev 0.6449676823638042
04:42:07 	  test 0.5969971401334604
04:42:11 epoch: 111 tr Loss: 90.11734343812375 1002
04:42:13 	  dev 0.646814404432133
04:42:14 	  test 0.5972354623450906
04:42:18 epoch: 112 tr Loss: 89.21552852811466 907
04:42:19 	  dev 0.6477377654662974
04:42:22 	  test 0.600095328884652
04:42:25 epoch: 113 tr Loss: 88.35000301350048 1037
04:42:26 	  dev 0.6449676823638042
04:42:28 	  test 0.5969971401334604
04:42:32 epoch: 114 tr Loss: 87.2738934223541 1011
04:42:33 	  dev 0.6486611265004617
04:42:35 	  test 0.59628217349857
04:42:40 epoch: 115 tr Loss: 86.76806935362173 994
04:42:41 	  dev 0.6518928901200369
04:42:43 	  test 0.5955672068636797
04:42:48 epoch: 116 tr Loss: 89.04125728955376 986
04:42:49 	  dev 0.6523545706371191
04:42:51 	  test 0.59628217349857
04:42:55 epoch: 117 tr Loss: 95.55435075431035 1044
04:42:56 	  dev 0.6551246537396122
04:42:59 	  test 0.5969971401334604
04:43:02 epoch: 118 tr Loss: 86.71507678210314 989
04:43:02 	  dev 0.6588180978762697
04:43:05 	  test 0.5969971401334604
04:43:08 epoch: 119 tr Loss: 88.08969569970846 1029
04:43:10 	  dev 0.6574330563250231
04:43:12 	  test 0.5984270734032412
04:43:17 epoch: 120 tr Loss: 89.42553411989796 980
04:43:18 	  dev 0.6523545706371191
04:43:20 	  test 0.5981887511916111
04:43:23 epoch: 121 tr Loss: 86.7123956286837 1018
04:43:25 	  dev 0.6551246537396122
04:43:27 	  test 0.6003336510962822
04:43:30 epoch: 122 tr Loss: 84.4655237854251 988
04:43:31 	  dev 0.6542012927054478
04:43:33 	  test 0.6031935176358436
04:43:37 epoch: 123 tr Loss: 83.03678759578544 1044
04:43:38 	  dev 0.6532779316712835
04:43:40 	  test 0.6031935176358436
04:43:45 epoch: 124 tr Loss: 86.21127911121673 1052
04:43:46 	  dev 0.6528162511542013
04:43:48 	  test 0.6055767397521449
04:43:52 epoch: 125 tr Loss: 83.65720016891892 962
04:43:53 	  dev 0.6528162511542013
04:43:56 	  test 0.6031935176358436
04:43:59 epoch: 126 tr Loss: 79.07285823170731 1025
04:44:00 	  dev 0.6528162511542013
04:44:03 	  test 0.6034318398474738
04:44:07 epoch: 127 tr Loss: 80.5451714097022 1041
04:44:08 	  dev 0.6528162511542013
04:44:10 	  test 0.6051000953288846
04:44:14 epoch: 128 tr Loss: 82.18780714465726 992
04:44:15 	  dev 0.6542012927054478
04:44:17 	  test 0.6060533841754051
04:44:20 epoch: 129 tr Loss: 78.29087204179255 993
04:44:20 	  dev 0.65466297322253
04:44:23 	  test 0.6039084842707341
04:44:27 epoch: 130 tr Loss: 78.44947415865384 1040
04:44:28 	  dev 0.6532779316712835
04:44:30 	  test 0.6053384175405148
04:44:35 epoch: 131 tr Loss: 77.10592898003895 1027
04:44:36 	  dev 0.65466297322253
04:44:38 	  test 0.603670162059104
04:44:42 epoch: 132 tr Loss: 77.82267333499006 1006
04:44:43 	  dev 0.65466297322253
04:44:45 	  test 0.6051000953288846
04:44:48 epoch: 133 tr Loss: 78.71544647216797 1024
04:44:50 	  dev 0.6523545706371191
04:44:52 	  test 0.6062917063870352
04:44:56 epoch: 134 tr Loss: 76.69443743693239 991
04:44:57 	  dev 0.6523545706371191
04:45:00 	  test 0.6081982840800763
04:45:04 epoch: 135 tr Loss: 72.19293200408998 978
04:45:05 	  dev 0.6518928901200369
04:45:07 	  test 0.6079599618684461
04:45:10 epoch: 136 tr Loss: 77.3964134954637 992
04:45:11 	  dev 0.6523545706371191
04:45:14 	  test 0.605815061963775
04:45:18 epoch: 137 tr Loss: 76.01326909046692 1028
04:45:20 	  dev 0.6528162511542013
04:45:23 	  test 0.6053384175405148
04:45:26 epoch: 138 tr Loss: 75.58729479058945 967
04:45:28 	  dev 0.65466297322253
04:45:30 	  test 0.6053384175405148
04:45:34 epoch: 139 tr Loss: 74.35851022942289 1057
04:45:36 	  dev 0.6551246537396122
04:45:38 	  test 0.6046234509056244
04:45:42 epoch: 140 tr Loss: 75.55458743842364 1015
04:45:43 	  dev 0.6560480147737765
04:45:45 	  test 0.6039084842707341
04:45:49 epoch: 141 tr Loss: 68.5028171182266 1015
04:45:50 	  dev 0.6565096952908587
04:45:52 	  test 0.6053384175405148
04:45:56 epoch: 142 tr Loss: 69.33350283530572 1014
04:45:57 	  dev 0.6555863342566943
04:46:00 	  test 0.602001906577693
04:46:03 epoch: 143 tr Loss: 73.36113478535354 990
04:46:05 	  dev 0.6578947368421053
04:46:08 	  test 0.6043851286939943
04:46:12 epoch: 144 tr Loss: 74.32609450483092 1035
04:46:13 	  dev 0.6583564173591875
04:46:15 	  test 0.6043851286939943
04:46:19 epoch: 145 tr Loss: 71.06289100834151 1019
04:46:21 	  dev 0.6611265004616805
04:46:23 	  test 0.5998570066730219
04:46:27 epoch: 146 tr Loss: 69.70689870259481 1002
04:46:28 	  dev 0.6588180978762697
04:46:30 	  test 0.6012869399428027
04:46:33 epoch: 147 tr Loss: 70.61159080124729 922
04:46:34 	  dev 0.6611265004616805
04:46:37 	  test 0.6005719733079123
04:46:41 epoch: 148 tr Loss: 72.79741568455366 997
04:46:43 	  dev 0.6629732225300092
04:46:45 	  test 0.603670162059104
04:46:49 epoch: 149 tr Loss: 71.78281893666323 971
04:46:50 	  dev 0.6602031394275162
04:46:52 	  test 0.6053384175405148
04:46:56 epoch: 150 tr Loss: 72.50621127264061 1049
04:46:58 	  dev 0.6620498614958449
04:47:00 	  test 0.603670162059104
04:47:03 epoch: 151 tr Loss: 67.37313836558044 982
04:47:05 	  dev 0.6625115420129271
04:47:07 	  test 0.6055767397521449
04:47:10 epoch: 152 tr Loss: 74.69512395068206 953
04:47:11 	  dev 0.6606648199445984
04:47:13 	  test 0.605815061963775
04:47:17 epoch: 153 tr Loss: 67.2717514038086 1024
04:47:19 	  dev 0.6578947368421053
04:47:21 	  test 0.6053384175405148
04:47:25 epoch: 154 tr Loss: 68.64552260890152 1056
04:47:26 	  dev 0.6615881809787627
04:47:28 	  test 0.6062917063870352
04:47:32 epoch: 155 tr Loss: 67.2238348259334 991
04:47:33 	  dev 0.6615881809787627
04:47:35 	  test 0.6053384175405148
04:47:38 epoch: 156 tr Loss: 68.66059283088235 1020
04:47:39 	  dev 0.6638965835641736
04:47:42 	  test 0.6048617731172545
04:47:45 epoch: 157 tr Loss: 66.50624840398366 979
04:47:46 	  dev 0.6652816251154201
04:47:48 	  test 0.6081982840800763
04:47:52 epoch: 158 tr Loss: 68.73803430316092 1044
04:47:54 	  dev 0.6638965835641736
04:47:56 	  test 0.605815061963775
04:48:00 epoch: 159 tr Loss: 71.30065452051527 1048
04:48:01 	  dev 0.6648199445983379
04:48:04 	  test 0.6093898951382268
04:48:07 epoch: 160 tr Loss: 67.5845245215311 1045
04:48:08 	  dev 0.6643582640812558
04:48:11 	  test 0.6093898951382268
04:48:15 epoch: 161 tr Loss: 61.371439720648816 971
04:48:16 	  dev 0.6615881809787627
04:48:18 	  test 0.6091515729265967
04:48:22 epoch: 162 tr Loss: 65.11881606440511 1017
04:48:23 	  dev 0.6620498614958449
04:48:25 	  test 0.607721639656816
04:48:29 epoch: 163 tr Loss: 65.60745753042596 986
04:48:30 	  dev 0.6625115420129271
04:48:32 	  test 0.6072449952335558
04:48:36 epoch: 164 tr Loss: 63.1203943452381 1050
04:48:37 	  dev 0.6643582640812558
04:48:40 	  test 0.6084366062917064
04:48:44 epoch: 165 tr Loss: 67.023064751704 1027
04:48:45 	  dev 0.6666666666666666
04:48:47 	  test 0.6067683508102956
04:48:50 epoch: 166 tr Loss: 62.81295521040837 1004
04:48:51 	  dev 0.6671283471837488
04:48:53 	  test 0.6062917063870352
04:48:57 epoch: 167 tr Loss: 61.3348030501497 1002
04:48:58 	  dev 0.6689750692520776
04:49:00 	  test 0.6053384175405148
04:49:03 epoch: 168 tr Loss: 65.13279632505176 966
04:49:05 	  dev 0.6648199445983379
04:49:06 	  test 0.6072449952335558
04:49:10 epoch: 169 tr Loss: 64.91012030291411 978
04:49:11 	  dev 0.6685133887349953
04:49:13 	  test 0.6084366062917064
04:49:17 epoch: 170 tr Loss: 64.046890687751 996
04:49:18 	  dev 0.6685133887349953
04:49:20 	  test 0.6096282173498571
04:49:24 epoch: 171 tr Loss: 66.88769151264592 1028
04:49:26 	  dev 0.667590027700831
04:49:28 	  test 0.6127264061010487
04:49:32 epoch: 172 tr Loss: 62.551193053463855 996
04:49:33 	  dev 0.6625115420129271
04:49:35 	  test 0.6120114394661582
04:49:38 epoch: 173 tr Loss: 58.9176190551882 983
04:49:40 	  dev 0.6625115420129271
04:49:42 	  test 0.6081982840800763
04:49:45 epoch: 174 tr Loss: 62.16367860309017 987
04:49:47 	  dev 0.6643582640812558
04:49:49 	  test 0.6120114394661582
04:49:53 epoch: 175 tr Loss: 62.52164602604674 1027
04:49:54 	  dev 0.6634349030470914
04:49:56 	  test 0.6093898951382268
04:49:59 epoch: 176 tr Loss: 64.53317602721451 937
04:50:01 	  dev 0.6625115420129271
04:50:03 	  test 0.6117731172545281
04:50:07 epoch: 177 tr Loss: 58.841275552161655 1064
04:50:09 	  dev 0.6615881809787627
04:50:11 	  test 0.6103431839847474
04:50:15 epoch: 178 tr Loss: 59.6959609375 1000
04:50:16 	  dev 0.6611265004616805
04:50:19 	  test 0.613441372735939
04:50:22 epoch: 179 tr Loss: 59.964067136498514 1011
04:50:23 	  dev 0.6625115420129271
04:50:25 	  test 0.6110581506196378
04:50:29 epoch: 180 tr Loss: 65.26730657826982 971
04:50:30 	  dev 0.6602031394275162
04:50:32 	  test 0.6117731172545281
04:50:36 epoch: 181 tr Loss: 60.046789271230914 1048
04:50:38 	  dev 0.6611265004616805
04:50:40 	  test 0.6105815061963775
04:50:43 epoch: 182 tr Loss: 60.90872395833333 960
04:50:45 	  dev 0.659741458910434
04:50:46 	  test 0.6103431839847474
04:50:51 epoch: 183 tr Loss: 56.42337511882129 1052
04:50:52 	  dev 0.6625115420129271
04:50:55 	  test 0.6120114394661582
04:50:58 epoch: 184 tr Loss: 61.269230480028874 1039
04:50:59 	  dev 0.6634349030470914
04:51:02 	  test 0.6086749285033365
04:51:06 epoch: 185 tr Loss: 63.205933723564954 993
04:51:07 	  dev 0.6625115420129271
04:51:09 	  test 0.607721639656816
04:51:13 epoch: 186 tr Loss: 62.87876573741007 973
04:51:14 	  dev 0.6611265004616805
04:51:16 	  test 0.6110581506196378
04:51:21 epoch: 187 tr Loss: 59.04374445921986 987
04:51:22 	  dev 0.6634349030470914
04:51:24 	  test 0.6096282173498571
04:51:28 epoch: 188 tr Loss: 56.65667819286453 967
04:51:29 	  dev 0.6606648199445984
04:51:32 	  test 0.6096282173498571
04:51:36 epoch: 189 tr Loss: 58.285844913075415 1021
04:51:37 	  dev 0.6629732225300092
04:51:39 	  test 0.6098665395614872
04:51:43 epoch: 190 tr Loss: 58.319461239816704 982
04:51:44 	  dev 0.6620498614958449
04:51:47 	  test 0.6098665395614872
04:51:50 epoch: 191 tr Loss: 57.644921875 1000
04:51:51 	  dev 0.6638965835641736
04:51:53 	  test 0.6117731172545281
04:51:57 epoch: 192 tr Loss: 53.069671455134355 1042
04:51:58 	  dev 0.6652816251154201
04:52:00 	  test 0.6129647283126788
04:52:04 epoch: 193 tr Loss: 56.09111573492462 995
04:52:05 	  dev 0.6652816251154201
04:52:07 	  test 0.6148713060057197
04:52:11 epoch: 194 tr Loss: 59.21072157663317 995
04:52:13 	  dev 0.6671283471837488
04:52:15 	  test 0.6139180171591992
04:52:19 epoch: 195 tr Loss: 59.80623639990329 1034
04:52:20 	  dev 0.6662049861495845
04:52:23 	  test 0.6148713060057197
04:52:26 epoch: 196 tr Loss: 56.10148676658163 980
04:52:27 	  dev 0.6652816251154201
04:52:30 	  test 0.6163012392755005
04:52:33 epoch: 197 tr Loss: 58.857739183905146 991
04:52:34 	  dev 0.6680517082179132
04:52:36 	  test 0.6170162059103909
04:52:40 epoch: 198 tr Loss: 54.38910340314136 955
04:52:42 	  dev 0.6662049861495845
04:52:44 	  test 0.6146329837940896
04:52:47 epoch: 199 tr Loss: 57.52286385489511 1001
04:52:49 	  dev 0.6638965835641736
04:52:52 	  test 0.6165395614871306
04:52:55 epoch: 200 tr Loss: 55.3177555387714 993
04:52:56 	  dev 0.6620498614958449
04:52:58 	  test 0.6165395614871306
04:53:02 epoch: 201 tr Loss: 56.13170147613065 995
04:53:03 	  dev 0.6634349030470914
04:53:05 	  test 0.61558627264061
04:53:10 epoch: 202 tr Loss: 55.01938699586977 1029
04:53:11 	  dev 0.6652816251154201
04:53:13 	  test 0.61558627264061
04:53:17 epoch: 203 tr Loss: 58.73140578726555 1013
04:53:18 	  dev 0.6643582640812558
04:53:21 	  test 0.6141563393708294
04:53:25 epoch: 204 tr Loss: 52.86266266495601 1023
04:53:26 	  dev 0.6648199445983379
04:53:28 	  test 0.6124880838894184
04:53:32 epoch: 205 tr Loss: 53.23003052466151 1034
04:53:33 	  dev 0.6638965835641736
04:53:35 	  test 0.611534795042898
04:53:39 epoch: 206 tr Loss: 51.988642131979695 985
04:53:40 	  dev 0.6611265004616805
04:53:42 	  test 0.6096282173498571
04:53:45 epoch: 207 tr Loss: 51.64787256184586 1051
04:53:46 	  dev 0.6652816251154201
04:53:48 	  test 0.6103431839847474
04:53:52 epoch: 208 tr Loss: 51.27935910200411 973
04:53:53 	  dev 0.6657433056325023
04:53:55 	  test 0.6117731172545281
04:53:59 epoch: 209 tr Loss: 52.34311876967471 953
04:54:00 	  dev 0.6643582640812558
04:54:02 	  test 0.6098665395614872
04:54:06 epoch: 210 tr Loss: 52.805001706802386 1007
04:54:07 	  dev 0.6680517082179132
04:54:09 	  test 0.6124880838894184
04:54:13 epoch: 211 tr Loss: 52.136104583740234 1024
04:54:14 	  dev 0.6652816251154201
04:54:16 	  test 0.6117731172545281
04:54:20 epoch: 212 tr Loss: 54.233397427611166 967
04:54:21 	  dev 0.6662049861495845
04:54:23 	  test 0.6136796949475691
04:54:27 epoch: 213 tr Loss: 54.027532826982494 971
04:54:28 	  dev 0.6666666666666666
04:54:31 	  test 0.61558627264061
04:54:34 epoch: 214 tr Loss: 52.11382741261398 987
04:54:35 	  dev 0.6652816251154201
04:54:38 	  test 0.6148713060057197
04:54:41 epoch: 215 tr Loss: 52.873496032778355 961
04:54:42 	  dev 0.6662049861495845
04:54:45 	  test 0.6141563393708294
04:54:49 epoch: 216 tr Loss: 50.30040132200189 1059
04:54:51 	  dev 0.6671283471837488
04:54:53 	  test 0.6122497616777883
04:54:58 epoch: 217 tr Loss: 53.09475759345794 1070
04:54:59 	  dev 0.6666666666666666
04:55:01 	  test 0.6122497616777883
04:55:05 epoch: 218 tr Loss: 57.64027707489878 988
04:55:06 	  dev 0.6722068328716528
04:55:08 	  test 0.6129647283126788
04:55:12 epoch: 219 tr Loss: 53.06621651785714 1050
04:55:14 	  dev 0.6708217913204063
04:55:16 	  test 0.6143946615824595
04:55:20 epoch: 220 tr Loss: 50.41805968113482 1031
04:55:21 	  dev 0.6717451523545707
04:55:23 	  test 0.6139180171591992
04:55:27 epoch: 221 tr Loss: 48.58301375507099 986
04:55:28 	  dev 0.6735918744228994
04:55:30 	  test 0.6117731172545281
04:55:34 epoch: 222 tr Loss: 50.747323638613864 1010
04:55:35 	  dev 0.6754385964912281
04:55:37 	  test 0.6117731172545281
04:55:41 epoch: 223 tr Loss: 50.405143628578735 978
04:55:42 	  dev 0.6722068328716528
04:55:44 	  test 0.6120114394661582
04:55:48 epoch: 224 tr Loss: 48.772453125 1000
04:55:49 	  dev 0.6731301939058172
04:55:52 	  test 0.6132030505243089
04:55:55 epoch: 225 tr Loss: 51.89136722575906 1021
04:55:56 	  dev 0.6708217913204063
04:55:59 	  test 0.617254528122021
04:56:03 epoch: 226 tr Loss: 49.04457421875 1000
04:56:04 	  dev 0.6735918744228994
04:56:06 	  test 0.6151096282173498
04:56:10 epoch: 227 tr Loss: 49.661553544960476 1012
04:56:12 	  dev 0.6745152354570637
04:56:14 	  test 0.6189227836034319
04:56:17 epoch: 228 tr Loss: 46.255090078973346 1013
04:56:18 	  dev 0.6735918744228994
04:56:21 	  test 0.6170162059103909
04:56:25 epoch: 229 tr Loss: 49.79691966606029 962
04:56:26 	  dev 0.6731301939058172
04:56:28 	  test 0.6198760724499524
04:56:32 epoch: 230 tr Loss: 46.583161899164054 957
04:56:33 	  dev 0.6717451523545707
04:56:36 	  test 0.617254528122021
04:56:39 epoch: 231 tr Loss: 48.88811296826223 961
04:56:41 	  dev 0.6712834718374885
04:56:43 	  test 0.6179694947569113
04:56:47 epoch: 232 tr Loss: 50.96923686594203 1035
04:56:48 	  dev 0.6689750692520776
04:56:51 	  test 0.619161105815062
04:56:55 epoch: 233 tr Loss: 47.87083458533654 1040
04:56:56 	  dev 0.6694367497691598
04:56:58 	  test 0.6189227836034319
04:57:02 epoch: 234 tr Loss: 46.86408242984694 980
04:57:04 	  dev 0.6712834718374885
04:57:05 	  test 0.6198760724499524
04:57:10 epoch: 235 tr Loss: 53.11192370522749 1033
04:57:10 	  dev 0.6685133887349953
04:57:13 	  test 0.621306005719733
04:57:16 epoch: 236 tr Loss: 47.987329175025074 997
04:57:17 	  dev 0.6689750692520776
04:57:19 	  test 0.621306005719733
04:57:23 epoch: 237 tr Loss: 49.63054746910647 1052
04:57:24 	  dev 0.6685133887349953
04:57:26 	  test 0.6217826501429933
04:57:30 epoch: 238 tr Loss: 48.53620635724499 1049
04:57:32 	  dev 0.6685133887349953
04:57:33 	  test 0.6217826501429933
04:57:37 epoch: 239 tr Loss: 49.682412407797685 949
04:57:39 	  dev 0.6694367497691598
04:57:41 	  test 0.6215443279313632
04:57:45 epoch: 240 tr Loss: 49.48346044146825 1008
04:57:46 	  dev 0.6703601108033241
04:57:48 	  test 0.622974261201144
04:57:52 epoch: 241 tr Loss: 47.94047961400818 978
04:57:53 	  dev 0.669898430286242
04:57:56 	  test 0.6215443279313632
04:57:59 epoch: 242 tr Loss: 48.028869334619095 1037
04:58:01 	  dev 0.6708217913204063
04:58:03 	  test 0.6179694947569113
04:58:07 epoch: 243 tr Loss: 47.46083460365853 1025
04:58:08 	  dev 0.669898430286242
04:58:11 	  test 0.6193994280266921
04:58:14 epoch: 244 tr Loss: 45.54733028281097 1021
04:58:15 	  dev 0.6689750692520776
04:58:17 	  test 0.6205910390848427
04:58:21 epoch: 245 tr Loss: 49.88282413728898 1007
04:58:21 	  dev 0.6712834718374885
04:58:23 	  test 0.6198760724499524
04:58:27 epoch: 246 tr Loss: 46.28180524274274 999
04:58:29 	  dev 0.6717451523545707
04:58:31 	  test 0.6193994280266921
04:58:34 epoch: 247 tr Loss: 44.265748237332694 1046
04:58:36 	  dev 0.6731301939058172
04:58:39 	  test 0.6208293612964728
04:58:42 epoch: 248 tr Loss: 46.68324187120445 988
04:58:43 	  dev 0.672668513388735
04:58:46 	  test 0.6208293612964728
04:58:50 epoch: 249 tr Loss: 47.56718444824219 1024
04:58:51 	  dev 0.6749769159741459
04:58:53 	  test 0.6193994280266921
04:58:57 epoch: 250 tr Loss: 48.27878189086914 1024
04:58:58 	  dev 0.6763619575253924
04:59:01 	  test 0.6174928503336511
04:59:04 epoch: 251 tr Loss: 45.09667868998979 979
04:59:05 	  dev 0.6772853185595568
04:59:06 	  test 0.6189227836034319
04:59:10 epoch: 252 tr Loss: 44.474736666242364 982
04:59:11 	  dev 0.6782086795937211
04:59:13 	  test 0.6210676835081029
04:59:17 epoch: 253 tr Loss: 45.20823287963867 1024
04:59:18 	  dev 0.6782086795937211
04:59:20 	  test 0.6174928503336511
04:59:24 epoch: 254 tr Loss: 48.36780300592173 971
04:59:25 	  dev 0.6768236380424746
04:59:27 	  test 0.6205910390848427
04:59:31 epoch: 255 tr Loss: 47.15565889550265 945
04:59:32 	  dev 0.6800554016620498
04:59:34 	  test 0.6193994280266921
04:59:38 epoch: 256 tr Loss: 46.915500407472415 997
04:59:39 	  dev 0.6809787626962143
04:59:41 	  test 0.6177311725452812
04:59:45 epoch: 257 tr Loss: 47.91680646088957 978
04:59:46 	  dev 0.6791320406278855
04:59:48 	  test 0.6193994280266921
04:59:52 epoch: 258 tr Loss: 45.87449031997012 1004
04:59:53 	  dev 0.6782086795937211
04:59:55 	  test 0.6184461391801716
04:59:59 epoch: 259 tr Loss: 45.5300057311776 1036
05:00:01 	  dev 0.6795937211449676
05:00:03 	  test 0.6184461391801716
05:00:07 epoch: 260 tr Loss: 44.91742931547619 1050
05:00:08 	  dev 0.6786703601108033
05:00:11 	  test 0.6182078169685414
05:00:14 epoch: 261 tr Loss: 46.34161858974359 975
05:00:15 	  dev 0.6805170821791321
05:00:18 	  test 0.621306005719733
05:00:21 epoch: 262 tr Loss: 44.47249528894472 995
05:00:22 	  dev 0.6805170821791321
05:00:24 	  test 0.6201143946615825
05:00:28 epoch: 263 tr Loss: 46.638473731884055 966
05:00:30 	  dev 0.6795937211449676
05:00:32 	  test 0.6222592945662536
05:00:36 epoch: 264 tr Loss: 45.65819904749478 958
05:00:37 	  dev 0.6782086795937211
05:00:39 	  test 0.621306005719733
05:00:43 epoch: 265 tr Loss: 43.94828232020548 1022
05:00:44 	  dev 0.6786703601108033
05:00:46 	  test 0.622974261201144
05:00:50 epoch: 266 tr Loss: 45.26962624635214 1028
05:00:51 	  dev 0.6786703601108033
05:00:53 	  test 0.6236892278360343
05:00:57 epoch: 267 tr Loss: 44.230839573732716 1085
05:00:58 	  dev 0.6768236380424746
05:01:00 	  test 0.6236892278360343
05:01:05 epoch: 268 tr Loss: 44.42240732965451 1042
05:01:06 	  dev 0.6782086795937211
05:01:07 	  test 0.6234509056244042
05:01:11 epoch: 269 tr Loss: 46.97128716626214 1030
05:01:13 	  dev 0.6731301939058172
05:01:15 	  test 0.6220209723546235
05:01:19 epoch: 270 tr Loss: 44.986317963059314 961
05:01:20 	  dev 0.6772853185595568
05:01:22 	  test 0.6215443279313632
05:01:26 epoch: 271 tr Loss: 44.21464902168495 1003
05:01:27 	  dev 0.6759002770083102
05:01:29 	  test 0.6215443279313632
05:01:33 epoch: 272 tr Loss: 41.29892971050049 1019
05:01:35 	  dev 0.6740535549399815
05:01:37 	  test 0.6203527168732126
05:01:41 epoch: 273 tr Loss: 45.485084134615384 975
05:01:42 	  dev 0.6731301939058172
05:01:45 	  test 0.6174928503336511
05:01:48 epoch: 274 tr Loss: 44.27877938034188 1053
05:01:49 	  dev 0.6745152354570637
05:01:52 	  test 0.617254528122021
05:01:55 epoch: 275 tr Loss: 40.66611347695391 998
05:01:56 	  dev 0.6749769159741459
05:01:59 	  test 0.6170162059103909
05:02:04 epoch: 276 tr Loss: 43.598223659832016 1012
05:02:05 	  dev 0.6745152354570637
05:02:07 	  test 0.6170162059103909
05:02:10 epoch: 277 tr Loss: 42.085703826021934 1003
05:02:12 	  dev 0.6759002770083102
05:02:14 	  test 0.6177311725452812
05:02:18 epoch: 278 tr Loss: 46.052188128772634 994
05:02:19 	  dev 0.6763619575253924
05:02:21 	  test 0.6186844613918017
05:02:24 epoch: 279 tr Loss: 41.181111163403614 996
05:02:26 	  dev 0.6759002770083102
05:02:28 	  test 0.6196377502383222
05:02:32 epoch: 280 tr Loss: 40.31623708169291 1016
05:02:34 	  dev 0.6759002770083102
05:02:36 	  test 0.6170162059103909
05:02:40 epoch: 281 tr Loss: 44.55778242147923 987
05:02:41 	  dev 0.6754385964912281
05:02:43 	  test 0.6184461391801716
05:02:46 epoch: 282 tr Loss: 45.63839665330418 1029
05:02:48 	  dev 0.6763619575253924
05:02:50 	  test 0.6217826501429933
05:02:54 epoch: 283 tr Loss: 41.62535546110568 1022
05:02:55 	  dev 0.6782086795937211
05:02:57 	  test 0.621306005719733
05:03:00 epoch: 284 tr Loss: 44.617109702568136 954
05:03:02 	  dev 0.6814404432132964
05:03:04 	  test 0.6210676835081029
05:03:07 epoch: 285 tr Loss: 45.48905035621762 965
05:03:08 	  dev 0.6832871652816251
05:03:11 	  test 0.6210676835081029
05:03:16 epoch: 286 tr Loss: 41.106678549757284 1030
05:03:17 	  dev 0.6846722068328717
05:03:19 	  test 0.6215443279313632
05:03:24 epoch: 287 tr Loss: 41.11956000766871 978
05:03:25 	  dev 0.6837488457987073
05:03:28 	  test 0.6215443279313632
05:03:31 epoch: 288 tr Loss: 40.72075085921588 982
05:03:33 	  dev 0.682825484764543
05:03:35 	  test 0.622974261201144
05:03:39 epoch: 289 tr Loss: 46.440794803090725 1003
05:03:40 	  dev 0.6832871652816251
05:03:43 	  test 0.6210676835081029
05:03:47 epoch: 290 tr Loss: 42.60974308894231 1040
05:03:48 	  dev 0.6837488457987073
05:03:50 	  test 0.6232125834127741
05:03:54 epoch: 291 tr Loss: 43.44657993219038 977
05:03:56 	  dev 0.6842105263157895
05:03:57 	  test 0.6224976167778837
05:04:01 epoch: 292 tr Loss: 43.77585872933884 968
05:04:02 	  dev 0.6851338873499538
05:04:04 	  test 0.6244041944709247
05:04:09 epoch: 293 tr Loss: 42.529970693634596 1029
05:04:10 	  dev 0.6842105263157895
05:04:11 	  test 0.6232125834127741
05:04:16 epoch: 294 tr Loss: 41.5906663236028 1002
05:04:17 	  dev 0.6851338873499538
05:04:19 	  test 0.6260724499523356
05:04:23 epoch: 295 tr Loss: 41.17858072916667 960
05:04:24 	  dev 0.6832871652816251
05:04:27 	  test 0.6236892278360343
05:04:30 epoch: 296 tr Loss: 42.399881726313076 971
05:04:32 	  dev 0.6837488457987073
05:04:34 	  test 0.6241658722592945
05:04:38 epoch: 297 tr Loss: 39.83718654531568 982
05:04:39 	  dev 0.6819021237303786
05:04:42 	  test 0.6236892278360343
05:04:46 epoch: 298 tr Loss: 40.00857142857143 1050
05:04:47 	  dev 0.6842105263157895
05:04:49 	  test 0.6234509056244042
05:04:52 epoch: 299 tr Loss: 42.24771096163749 971
05:04:54 	  dev 0.6846722068328717
05:04:56 	  test 0.6244041944709247
05:05:01 epoch: 300 tr Loss: 39.10994910625621 1007
05:05:01 	  dev 0.6879039704524469
05:05:03 	  test 0.6227359389895138
05:05:07 epoch: 301 tr Loss: 40.16373925099701 1003
05:05:08 	  dev 0.6874422899353647
05:05:11 	  test 0.622974261201144
05:05:15 epoch: 302 tr Loss: 43.150886595718504 1016
05:05:16 	  dev 0.6892890120036934
05:05:18 	  test 0.6215443279313632
05:05:22 epoch: 303 tr Loss: 38.680351280895984 971
05:05:23 	  dev 0.6897506925207756
05:05:25 	  test 0.6198760724499524
05:05:29 epoch: 304 tr Loss: 40.338083701873046 961
05:05:31 	  dev 0.6892890120036934
05:05:33 	  test 0.619161105815062
05:05:36 epoch: 305 tr Loss: 37.78565258244423 1031
05:05:38 	  dev 0.6888273314866112
05:05:39 	  test 0.619161105815062
05:05:43 epoch: 306 tr Loss: 36.871731822709165 1004
05:05:44 	  dev 0.6879039704524469
05:05:47 	  test 0.6205910390848427
05:05:51 epoch: 307 tr Loss: 40.50580454380445 1033
05:05:52 	  dev 0.6837488457987073
05:05:54 	  test 0.6208293612964728
05:05:59 epoch: 308 tr Loss: 41.4441787895115 1044
05:06:00 	  dev 0.6832871652816251
05:06:02 	  test 0.6224976167778837
05:06:06 epoch: 309 tr Loss: 38.50213851270374 1043
05:06:07 	  dev 0.6823638042474608
05:06:10 	  test 0.6232125834127741
05:06:13 epoch: 310 tr Loss: 38.1619292125262 954
05:06:15 	  dev 0.6819021237303786
05:06:17 	  test 0.6251191611058151
05:06:21 epoch: 311 tr Loss: 40.52816273766701 973
05:06:22 	  dev 0.6837488457987073
05:06:24 	  test 0.6234509056244042
05:06:27 epoch: 312 tr Loss: 41.957485738465394 997
05:06:28 	  dev 0.6851338873499538
05:06:31 	  test 0.6224976167778837
05:06:34 epoch: 313 tr Loss: 37.921063612759646 1011
05:06:35 	  dev 0.6860572483841182
05:06:38 	  test 0.6246425166825548
05:06:42 epoch: 314 tr Loss: 42.16416849874372 995
05:06:43 	  dev 0.6865189289012004
05:06:46 	  test 0.6248808388941849
05:06:50 epoch: 315 tr Loss: 38.64884651176753 1041
05:06:51 	  dev 0.6883656509695291
05:06:54 	  test 0.6241658722592945
05:06:57 epoch: 316 tr Loss: 40.85162359481916 1023
05:06:58 	  dev 0.6883656509695291
05:07:01 	  test 0.6232125834127741
05:07:05 epoch: 317 tr Loss: 38.930405758357914 1017
05:07:06 	  dev 0.6892890120036934
05:07:08 	  test 0.6251191611058151
05:07:12 epoch: 318 tr Loss: 40.65402872444012 1027
05:07:14 	  dev 0.6888273314866112
05:07:16 	  test 0.6248808388941849
05:07:19 epoch: 319 tr Loss: 38.10851717130066 1061
05:07:21 	  dev 0.6869806094182825
05:07:23 	  test 0.622974261201144
05:07:28 epoch: 320 tr Loss: 39.85714011898921 1019
05:07:29 	  dev 0.6842105263157895
05:07:31 	  test 0.6253574833174452
05:07:35 epoch: 321 tr Loss: 41.435905448717946 975
05:07:36 	  dev 0.6837488457987073
05:07:38 	  test 0.6236892278360343
05:07:42 epoch: 322 tr Loss: 38.65024284253579 978
05:07:43 	  dev 0.6851338873499538
05:07:46 	  test 0.6227359389895138
05:07:50 epoch: 323 tr Loss: 37.202487683318054 1091
05:07:51 	  dev 0.6846722068328717
05:07:53 	  test 0.6234509056244042
05:07:57 epoch: 324 tr Loss: 39.13644542638484 1029
05:07:58 	  dev 0.6851338873499538
05:08:00 	  test 0.622974261201144
05:08:04 epoch: 325 tr Loss: 38.17698554841897 1012
05:08:06 	  dev 0.6842105263157895
05:08:08 	  test 0.6260724499523356
05:08:11 epoch: 326 tr Loss: 38.53112890625 1000
05:08:12 	  dev 0.6846722068328717
05:08:15 	  test 0.6265490943755958
05:08:18 epoch: 327 tr Loss: 37.84453511757426 1010
05:08:19 	  dev 0.6832871652816251
05:08:21 	  test 0.6260724499523356
05:08:25 epoch: 328 tr Loss: 37.8256615990991 999
05:08:26 	  dev 0.6837488457987073
05:08:28 	  test 0.6241658722592945
05:08:32 epoch: 329 tr Loss: 37.48621051332675 1013
05:08:33 	  dev 0.6832871652816251
05:08:36 	  test 0.6248808388941849
05:08:40 epoch: 330 tr Loss: 38.79015746241513 1031
05:08:41 	  dev 0.6819021237303786
05:08:44 	  test 0.6253574833174452
05:08:47 epoch: 331 tr Loss: 39.479656065996075 1019
05:08:49 	  dev 0.6814404432132964
05:08:51 	  test 0.6224976167778837
05:08:55 epoch: 332 tr Loss: 40.58762598401717 1048
05:08:56 	  dev 0.6832871652816251
05:08:59 	  test 0.6208293612964728
05:09:03 epoch: 333 tr Loss: 37.88014197716346 1040
05:09:04 	  dev 0.6823638042474608
05:09:06 	  test 0.6208293612964728
05:09:10 epoch: 334 tr Loss: 38.456164047151276 1018
05:09:12 	  dev 0.6842105263157895
05:09:14 	  test 0.6222592945662536
05:09:18 epoch: 335 tr Loss: 39.26592966573816 1077
05:09:20 	  dev 0.6860572483841182
05:09:22 	  test 0.6186844613918017
05:09:26 epoch: 336 tr Loss: 40.49720634095634 962
05:09:27 	  dev 0.6842105263157895
05:09:30 	  test 0.6203527168732126
05:09:34 epoch: 337 tr Loss: 36.02940414507772 965
05:09:35 	  dev 0.6851338873499538
05:09:37 	  test 0.6208293612964728
05:09:41 epoch: 338 tr Loss: 39.361432115198454 1033
05:09:42 	  dev 0.685595567867036
