Namespace(alpha0=0, alpha1=0, alpha2=0, alpha3=0, auxiliary_file='datasets/OOKB/both-3000/aux', batch_size=5000, beta0=0.1, beta1=1e-05, dev_file='datasets/OOKB/both-3000/dev', dim=200, entity_size=38195, epoch_size=10000, gpu_device=0, is_balanced_tr=False, is_bernoulli_trick=True, layerR=1, margin_file='', opt_model='Adam', order=1, param_dir='', pool_size=640, pooling_method='avg', rel_size=11, sample_size=64, seed=0, target_dir='both-3000', test_batch_size=20000, test_file='datasets/OOKB/both-3000/test', threshold=300.0, train_file='datasets/OOKB/both-3000/train', train_size=1000, use_gpu=False)
main.py -tD both-3000
04:28:20 load train
04:28:21 set axiaulity
04:28:21 OOKB esetting, use: different edges
04:28:21 load train
04:28:21 load dev
dev size: 2759
04:28:21 load test
test size: 2708
relation size: 11 entity size: 38195
04:28:26 epoch: 0 tr Loss: 298.9642033811475 976
04:28:28 	  dev 0.5723088075389634
04:28:30 	  test 0.5867799113737076
/home/takuo-h/.pyenv/versions/3.6.8/lib/python3.6/site-packages/chainer/functions/normalization/batch_normalization.py:114: UserWarning: A batch with no more than one sample has been given to F.batch_normalization. F.batch_normalization will always output a zero tensor for such batches. This could be caused by incorrect configuration in your code (such as running evaluation while chainer.config.train=True), but could also happen in the last batch of training if non-repeating iterator is used.
  UserWarning)
04:28:34 epoch: 1 tr Loss: 300.1768323293173 996
04:28:36 	  dev 0.6013048205871693
04:28:39 	  test 0.5908419497784343
04:28:43 epoch: 2 tr Loss: 300.49251628256513 998
04:28:45 	  dev 0.6038419717288873
04:28:47 	  test 0.5904726735598228
04:28:52 epoch: 3 tr Loss: 298.38731728830646 992
04:28:53 	  dev 0.6027546212395796
04:28:55 	  test 0.5930576070901034
04:29:00 epoch: 4 tr Loss: 300.94046771130104 1053
04:29:02 	  dev 0.5987676694454512
04:29:03 	  test 0.5937961595273265
04:29:08 epoch: 5 tr Loss: 296.6232741617357 1014
04:29:10 	  dev 0.5973178687930409
04:29:12 	  test 0.595642540620384
04:29:17 epoch: 6 tr Loss: 293.57696875 1000
04:29:19 	  dev 0.5926060166727075
04:29:20 	  test 0.6004431314623339
04:29:26 epoch: 7 tr Loss: 292.8871915735568 1074
04:29:28 	  dev 0.5839072127582458
04:29:29 	  test 0.604135893648449
04:29:33 epoch: 8 tr Loss: 296.29229864016736 956
04:29:35 	  dev 0.5817325117796303
04:29:37 	  test 0.5993353028064993
04:29:41 epoch: 9 tr Loss: 293.867438992731 963
04:29:43 	  dev 0.5813700616165277
04:29:45 	  test 0.5923190546528804
04:29:49 epoch: 10 tr Loss: 287.85303089304256 963
04:29:51 	  dev 0.5817325117796303
04:29:53 	  test 0.5930576070901034
04:29:58 epoch: 11 tr Loss: 286.00103305785126 968
04:30:00 	  dev 0.5788329104748097
04:30:02 	  test 0.5904726735598228
04:30:07 epoch: 12 tr Loss: 288.01139418377323 1023
04:30:09 	  dev 0.5741210583544762
04:30:11 	  test 0.5893648449039882
04:30:16 epoch: 13 tr Loss: 287.89483642578125 1024
04:30:17 	  dev 0.56759695541863
04:30:19 	  test 0.587149187592319
04:30:25 epoch: 14 tr Loss: 284.0382665677547 1011
04:30:27 	  dev 0.5697716563972454
04:30:29 	  test 0.587149187592319
04:30:34 epoch: 15 tr Loss: 283.5139929883946 1034
04:30:36 	  dev 0.5679594055817325
04:30:38 	  test 0.5827178729689808
04:30:42 epoch: 16 tr Loss: 282.14575847022587 974
04:30:44 	  dev 0.5733961580282712
04:30:47 	  test 0.5816100443131462
04:30:51 epoch: 17 tr Loss: 273.1019441674975 1003
04:30:53 	  dev 0.5741210583544762
04:30:55 	  test 0.5775480059084195
04:31:00 epoch: 18 tr Loss: 272.7514638492872 982
04:31:01 	  dev 0.5672345052555273
04:31:03 	  test 0.5808714918759232
04:31:09 epoch: 19 tr Loss: 272.5953125 1000
04:31:10 	  dev 0.5704965567234506
04:31:12 	  test 0.5797636632200887
04:31:18 epoch: 20 tr Loss: 270.1553106212425 998
04:31:19 	  dev 0.5686843059079376
04:31:21 	  test 0.5742245199409158
04:31:26 epoch: 21 tr Loss: 268.8271494708995 945
04:31:28 	  dev 0.565784704603117
04:31:29 	  test 0.5768094534711965
04:31:34 epoch: 22 tr Loss: 259.1409606933594 1024
04:31:36 	  dev 0.5639724537876042
04:31:38 	  test 0.579394387001477
04:31:44 epoch: 23 tr Loss: 262.4131060235064 1021
04:31:45 	  dev 0.5654222544400145
04:31:47 	  test 0.5812407680945347
04:31:52 epoch: 24 tr Loss: 253.81267221943887 998
04:31:54 	  dev 0.5661471547662197
04:31:56 	  test 0.585672082717873
04:32:00 epoch: 25 tr Loss: 258.20638087334015 979
04:32:02 	  dev 0.565784704603117
04:32:03 	  test 0.5878877400295421
04:32:09 epoch: 26 tr Loss: 253.12903325123153 1015
04:32:10 	  dev 0.5704965567234506
04:32:12 	  test 0.5860413589364845
04:32:17 epoch: 27 tr Loss: 246.8814930910952 977
04:32:18 	  dev 0.5668720550924248
04:32:21 	  test 0.5904726735598228
04:32:25 epoch: 28 tr Loss: 250.28057338872105 993
04:32:27 	  dev 0.572671257702066
04:32:29 	  test 0.5897341211225997
04:32:34 epoch: 29 tr Loss: 237.70003595711296 956
04:32:36 	  dev 0.572671257702066
04:32:38 	  test 0.5897341211225997
04:32:41 epoch: 30 tr Loss: 235.84367392891917 1027
04:32:44 	  dev 0.5755708590068865
04:32:46 	  test 0.5937961595273265
04:32:51 epoch: 31 tr Loss: 236.3170928030303 990
04:32:53 	  dev 0.5842696629213483
04:32:55 	  test 0.5960118168389956
04:32:59 epoch: 32 tr Loss: 237.62645603707415 998
04:33:01 	  dev 0.5849945632475535
04:33:03 	  test 0.5967503692762186
04:33:08 epoch: 33 tr Loss: 233.87479987684728 1015
04:33:09 	  dev 0.5864443638999638
04:33:12 	  test 0.6000738552437223
04:33:16 epoch: 34 tr Loss: 223.6958037525355 986
04:33:18 	  dev 0.5900688655309895
04:33:20 	  test 0.6063515509601182
04:33:25 epoch: 35 tr Loss: 223.30436580882352 1020
04:33:27 	  dev 0.5897064153678869
04:33:29 	  test 0.6074593796159528
04:33:33 epoch: 36 tr Loss: 223.54871323529412 986
04:33:35 	  dev 0.5951431678144256
04:33:37 	  test 0.6126292466765141
04:33:42 epoch: 37 tr Loss: 221.82574234958506 964
04:33:43 	  dev 0.6002174700978615
04:33:45 	  test 0.6148449039881831
04:33:50 epoch: 38 tr Loss: 216.2083968495935 984
04:33:51 	  dev 0.5994925697716564
04:33:53 	  test 0.6166912850812407
04:33:58 epoch: 39 tr Loss: 211.53947453464323 967
04:34:00 	  dev 0.599855019934759
04:34:01 	  test 0.621861152141802
04:34:06 epoch: 40 tr Loss: 203.96231617647058 1003
04:34:08 	  dev 0.6016672707502718
04:34:09 	  test 0.6277695716395865
04:34:14 epoch: 41 tr Loss: 202.2767879509018 998
04:34:16 	  dev 0.6045668720550924
04:34:18 	  test 0.6292466765140325
04:34:23 epoch: 42 tr Loss: 209.72296549479168 960
04:34:25 	  dev 0.6096411743385285
04:34:28 	  test 0.6322008862629247
04:34:33 epoch: 43 tr Loss: 202.2725345477387 995
04:34:35 	  dev 0.6096411743385285
04:34:37 	  test 0.6325701624815362
04:34:42 epoch: 44 tr Loss: 201.9152050395257 1012
04:34:44 	  dev 0.610003624501631
04:34:45 	  test 0.6340472673559823
04:34:50 epoch: 45 tr Loss: 195.9979381443299 970
04:34:52 	  dev 0.6118158753171439
04:34:54 	  test 0.6373707533234859
04:34:59 epoch: 46 tr Loss: 195.67444767441862 1075
04:35:00 	  dev 0.6139905762957594
04:35:03 	  test 0.6370014771048744
04:35:07 epoch: 47 tr Loss: 195.8973752741228 912
04:35:09 	  dev 0.6194273287422979
04:35:11 	  test 0.6384785819793205
04:35:15 epoch: 48 tr Loss: 188.89037599601593 1004
04:35:18 	  dev 0.61689017760058
04:35:19 	  test 0.6377400295420975
04:35:24 epoch: 49 tr Loss: 182.81499554933876 983
04:35:26 	  dev 0.6194273287422979
04:35:28 	  test 0.6358936484490398
04:35:32 epoch: 50 tr Loss: 187.44753354870775 1006
04:35:33 	  dev 0.6187024284160928
04:35:36 	  test 0.6351550960118169
04:35:40 epoch: 51 tr Loss: 185.12648514851486 1010
04:35:42 	  dev 0.6136281261326567
04:35:44 	  test 0.6410635155096012
04:35:48 epoch: 52 tr Loss: 189.02143967661692 1005
04:35:49 	  dev 0.6114534251540413
04:35:52 	  test 0.6355243722304283
04:35:57 epoch: 53 tr Loss: 177.25502730883812 1007
04:35:58 	  dev 0.615077926785067
04:36:00 	  test 0.6366322008862629
04:36:05 epoch: 54 tr Loss: 180.5684345733611 961
04:36:08 	  dev 0.6165277274374773
04:36:09 	  test 0.6384785819793205
04:36:14 epoch: 55 tr Loss: 174.07286218619248 956
04:36:16 	  dev 0.6219644798840159
04:36:17 	  test 0.6347858197932054
04:36:22 epoch: 56 tr Loss: 175.99896043346774 992
04:36:24 	  dev 0.6263138818412468
04:36:26 	  test 0.6351550960118169
04:36:30 epoch: 57 tr Loss: 168.00003039883268 1028
04:36:32 	  dev 0.6263138818412468
04:36:34 	  test 0.630354505169867
04:36:39 epoch: 58 tr Loss: 179.167292746114 965
04:36:41 	  dev 0.6299383834722726
04:36:43 	  test 0.6299852289512555
04:36:47 epoch: 59 tr Loss: 169.42263477801268 946
04:36:49 	  dev 0.6324755346139905
04:36:51 	  test 0.6285081240768094
04:36:55 epoch: 60 tr Loss: 170.93005532015067 1062
04:36:57 	  dev 0.6284885828198623
04:36:59 	  test 0.6310930576070901
04:37:04 epoch: 61 tr Loss: 166.49093191964286 1008
04:37:06 	  dev 0.6306632837984777
04:37:09 	  test 0.6314623338257016
04:37:13 epoch: 62 tr Loss: 163.82770138164756 959
04:37:15 	  dev 0.6317506342877854
04:37:17 	  test 0.629615952732644
04:37:22 epoch: 63 tr Loss: 161.89379074724172 997
04:37:23 	  dev 0.6295759333091699
04:37:25 	  test 0.6266617429837519
04:37:30 epoch: 64 tr Loss: 157.41140480472765 973
04:37:32 	  dev 0.6375498368974266
04:37:33 	  test 0.6288774002954209
04:37:37 epoch: 65 tr Loss: 156.5453775411423 1033
04:37:39 	  dev 0.6371873867343241
04:37:41 	  test 0.6318316100443131
04:37:45 epoch: 66 tr Loss: 152.37551921079958 963
04:37:47 	  dev 0.6364624864081189
04:37:49 	  test 0.630354505169867
04:37:54 epoch: 67 tr Loss: 155.68584705588822 1002
04:37:55 	  dev 0.6389996375498369
04:37:57 	  test 0.630354505169867
04:38:02 epoch: 68 tr Loss: 152.83546015784114 982
04:38:03 	  dev 0.6404494382022472
04:38:06 	  test 0.6322008862629247
04:38:10 epoch: 69 tr Loss: 155.08813898779246 983
04:38:12 	  dev 0.6433490395070678
04:38:14 	  test 0.6333087149187593
04:38:19 epoch: 70 tr Loss: 153.76408605527638 995
04:38:21 	  dev 0.6476984414642987
04:38:23 	  test 0.6307237813884786
04:38:28 epoch: 71 tr Loss: 146.4026762820513 975
04:38:29 	  dev 0.6509604929322218
04:38:31 	  test 0.6266617429837519
04:38:35 epoch: 72 tr Loss: 144.48370446606788 1002
04:38:37 	  dev 0.6513229430953243
04:38:39 	  test 0.6262924667651403
04:38:43 epoch: 73 tr Loss: 143.82393216080402 995
04:38:45 	  dev 0.651685393258427
04:38:47 	  test 0.6248153618906942
04:38:52 epoch: 74 tr Loss: 141.78742439516128 992
04:38:54 	  dev 0.6502355926060167
04:38:56 	  test 0.6270310192023634
04:39:01 epoch: 75 tr Loss: 143.06658966033967 1001
04:39:03 	  dev 0.6429865893439652
04:39:04 	  test 0.6259231905465288
04:39:09 epoch: 76 tr Loss: 134.23904639175257 970
04:39:11 	  dev 0.641536788691555
04:39:13 	  test 0.6251846381093058
04:39:18 epoch: 77 tr Loss: 139.94960657625384 977
04:39:20 	  dev 0.6382747372236317
04:39:21 	  test 0.6259231905465288
04:39:26 epoch: 78 tr Loss: 136.05089470954357 964
04:39:27 	  dev 0.6400869880391447
04:39:29 	  test 0.6237075332348597
04:39:33 epoch: 79 tr Loss: 138.67931402439024 1025
04:39:35 	  dev 0.639724537876042
04:39:37 	  test 0.6266617429837519
04:39:42 epoch: 80 tr Loss: 135.33721221221222 999
04:39:44 	  dev 0.6411743385284523
04:39:46 	  test 0.628138847858198
04:39:50 epoch: 81 tr Loss: 131.73769274519717 989
04:39:52 	  dev 0.6371873867343241
04:39:54 	  test 0.6288774002954209
04:39:58 epoch: 82 tr Loss: 139.75435863544814 993
04:39:59 	  dev 0.6375498368974266
04:40:02 	  test 0.6288774002954209
04:40:06 epoch: 83 tr Loss: 132.9723097278226 992
04:40:08 	  dev 0.6364624864081189
04:40:10 	  test 0.6307237813884786
04:40:15 epoch: 84 tr Loss: 129.8400753458498 1012
04:40:17 	  dev 0.6375498368974266
04:40:19 	  test 0.6325701624815362
04:40:23 epoch: 85 tr Loss: 133.16892796499477 957
04:40:25 	  dev 0.6389996375498369
04:40:26 	  test 0.6336779911373708
04:40:32 epoch: 86 tr Loss: 126.01188731238274 1066
04:40:33 	  dev 0.64226168901776
04:40:36 	  test 0.6314623338257016
04:40:41 epoch: 87 tr Loss: 127.41355083088953 1023
04:40:43 	  dev 0.6440739398332729
04:40:45 	  test 0.6277695716395865
04:40:49 epoch: 88 tr Loss: 124.62218237704919 1037
04:40:51 	  dev 0.6418992388546575
04:40:53 	  test 0.630354505169867
04:40:58 epoch: 89 tr Loss: 124.0279954343534 1013
04:41:00 	  dev 0.6437114896701703
04:41:02 	  test 0.6322008862629247
04:41:06 epoch: 90 tr Loss: 123.8589815647482 973
04:41:07 	  dev 0.6447988401594781
04:41:09 	  test 0.6340472673559823
04:41:14 epoch: 91 tr Loss: 114.62720842189161 941
04:41:16 	  dev 0.6495106922798115
04:41:19 	  test 0.6318316100443131
04:41:22 epoch: 92 tr Loss: 118.5787113336714 986
04:41:24 	  dev 0.6480608916274012
04:41:26 	  test 0.6358936484490398
04:41:30 epoch: 93 tr Loss: 120.599853515625 960
04:41:32 	  dev 0.649148242116709
04:41:33 	  test 0.6351550960118169
04:41:38 epoch: 94 tr Loss: 109.86150918392505 1014
04:41:40 	  dev 0.6542225444001449
04:41:41 	  test 0.6373707533234859
04:41:47 epoch: 95 tr Loss: 124.57078716384463 1004
04:41:48 	  dev 0.6534976440739398
04:41:50 	  test 0.6384785819793205
04:41:56 epoch: 96 tr Loss: 119.20353084415585 1001
04:41:57 	  dev 0.6531351939108373
04:41:59 	  test 0.6384785819793205
04:42:04 epoch: 97 tr Loss: 116.95950507928642 1009
04:42:05 	  dev 0.6524102935846321
04:42:07 	  test 0.6377400295420975
04:42:11 epoch: 98 tr Loss: 111.83142306687566 957
04:42:13 	  dev 0.6524102935846321
04:42:15 	  test 0.6392171344165436
04:42:20 epoch: 99 tr Loss: 114.93134181864235 987
04:42:22 	  dev 0.6524102935846321
04:42:24 	  test 0.6395864106351551
04:42:28 epoch: 100 tr Loss: 111.81117812816616 987
04:42:30 	  dev 0.6524102935846321
04:42:32 	  test 0.6399556868537666
04:42:36 epoch: 101 tr Loss: 114.89639353197674 1032
04:42:38 	  dev 0.6553098948894527
04:42:41 	  test 0.6421713441654358
04:42:45 epoch: 102 tr Loss: 114.0812106092437 952
04:42:47 	  dev 0.6560347952156579
04:42:49 	  test 0.6436484490398818
04:42:53 epoch: 103 tr Loss: 111.1310061416185 1038
04:42:55 	  dev 0.6534976440739398
04:42:58 	  test 0.6410635155096012
04:43:02 epoch: 104 tr Loss: 111.66899830426357 1032
04:43:04 	  dev 0.6524102935846321
04:43:05 	  test 0.6418020679468243
04:43:10 epoch: 105 tr Loss: 111.00127471221221 999
04:43:11 	  dev 0.6563972453787604
04:43:13 	  test 0.6403249630723782
04:43:18 epoch: 106 tr Loss: 108.15791833254939 1063
04:43:19 	  dev 0.659296846683581
04:43:21 	  test 0.6410635155096012
04:43:25 epoch: 107 tr Loss: 111.43581754735793 1003
04:43:27 	  dev 0.6625588981515041
04:43:29 	  test 0.6406942392909897
04:43:34 epoch: 108 tr Loss: 102.70742582070707 990
04:43:36 	  dev 0.6661833997825299
04:43:38 	  test 0.6414327917282127
04:43:42 epoch: 109 tr Loss: 108.09133093962998 1027
04:43:44 	  dev 0.6647335991301196
04:43:46 	  test 0.6418020679468243
04:43:50 epoch: 110 tr Loss: 101.35667744620902 976
04:43:52 	  dev 0.6658209496194273
04:43:54 	  test 0.6425406203840472
04:43:59 epoch: 111 tr Loss: 104.58624355670104 970
04:44:01 	  dev 0.6654584994563247
04:44:03 	  test 0.6403249630723782
04:44:08 epoch: 112 tr Loss: 101.50282715341488 981
04:44:10 	  dev 0.6672707502718376
04:44:12 	  test 0.6377400295420975
04:44:16 epoch: 113 tr Loss: 105.49639539092664 1036
04:44:18 	  dev 0.6698079014135556
04:44:20 	  test 0.6384785819793205
04:44:24 epoch: 114 tr Loss: 102.26894996279762 1008
04:44:26 	  dev 0.6690830010873505
04:44:28 	  test 0.6358936484490398
04:44:32 epoch: 115 tr Loss: 107.99601270746888 964
04:44:34 	  dev 0.6701703515766582
04:44:36 	  test 0.6370014771048744
04:44:41 epoch: 116 tr Loss: 100.50563371513944 1004
04:44:42 	  dev 0.6690830010873505
04:44:44 	  test 0.6370014771048744
04:44:48 epoch: 117 tr Loss: 99.89966573383084 1005
04:44:50 	  dev 0.6708952519028634
04:44:53 	  test 0.6392171344165436
04:44:58 epoch: 118 tr Loss: 102.85701884920636 1008
04:45:00 	  dev 0.6694454512504531
04:45:01 	  test 0.6403249630723782
04:45:06 epoch: 119 tr Loss: 96.703125 972
04:45:07 	  dev 0.6672707502718376
04:45:09 	  test 0.6414327917282127
04:45:14 epoch: 120 tr Loss: 96.86383463541667 960
04:45:16 	  dev 0.6679956505980428
04:45:18 	  test 0.6403249630723782
04:45:24 epoch: 121 tr Loss: 101.1999774639423 1040
04:45:26 	  dev 0.6679956505980428
04:45:28 	  test 0.6414327917282127
04:45:33 epoch: 122 tr Loss: 99.64092548076923 1040
04:45:35 	  dev 0.6679956505980428
04:45:37 	  test 0.6436484490398818
04:45:43 epoch: 123 tr Loss: 101.8369304187192 1015
04:45:44 	  dev 0.6687205509242479
04:45:46 	  test 0.6451255539143279
04:45:51 epoch: 124 tr Loss: 94.26428458121828 985
04:45:52 	  dev 0.6679956505980428
04:45:54 	  test 0.6447562776957164
04:45:58 epoch: 125 tr Loss: 92.15402140774125 943
04:46:01 	  dev 0.6698079014135556
04:46:02 	  test 0.6418020679468243
04:46:08 epoch: 126 tr Loss: 97.44735898661568 1046
04:46:11 	  dev 0.6730699528814788
04:46:13 	  test 0.6451255539143279
04:46:17 epoch: 127 tr Loss: 94.70864378078818 1015
04:46:19 	  dev 0.6774193548387096
04:46:21 	  test 0.6440177252584933
04:46:26 epoch: 128 tr Loss: 91.81702464355949 1017
04:46:28 	  dev 0.6766944545125045
04:46:30 	  test 0.6436484490398818
04:46:35 epoch: 129 tr Loss: 95.06908218503936 1016
04:46:37 	  dev 0.6756071040231968
04:46:39 	  test 0.646602658788774
04:46:43 epoch: 130 tr Loss: 95.7011421696768 1052
04:46:45 	  dev 0.6774193548387096
04:46:47 	  test 0.6443870014771049
04:46:51 epoch: 131 tr Loss: 91.44368795715778 957
04:46:53 	  dev 0.6785067053280174
04:46:55 	  test 0.6473412112259971
04:46:59 epoch: 132 tr Loss: 94.09516027936962 1047
04:47:01 	  dev 0.6799565059804277
04:47:03 	  test 0.6451255539143279
04:47:07 epoch: 133 tr Loss: 89.971859375 1000
04:47:09 	  dev 0.6806814063066329
04:47:11 	  test 0.6436484490398818
04:47:16 epoch: 134 tr Loss: 89.68850322295248 989
04:47:17 	  dev 0.6777818050018123
04:47:19 	  test 0.6410635155096012
04:47:24 epoch: 135 tr Loss: 88.94768743602866 977
04:47:25 	  dev 0.6766944545125045
04:47:27 	  test 0.6406942392909897
04:47:32 epoch: 136 tr Loss: 86.04036326942483 991
04:47:34 	  dev 0.6770569046756071
04:47:36 	  test 0.6358936484490398
04:47:40 epoch: 137 tr Loss: 90.08323379390495 968
04:47:42 	  dev 0.6795940558173251
04:47:44 	  test 0.6370014771048744
04:47:49 epoch: 138 tr Loss: 91.43120526584867 978
04:47:51 	  dev 0.6799565059804277
04:47:53 	  test 0.6384785819793205
04:47:57 epoch: 139 tr Loss: 93.62662727502527 989
04:47:58 	  dev 0.6817687567959405
04:48:01 	  test 0.6418020679468243
04:48:05 epoch: 140 tr Loss: 83.34583597715736 985
04:48:07 	  dev 0.6803189561435302
04:48:09 	  test 0.6406942392909897
04:48:14 epoch: 141 tr Loss: 87.19105398296593 998
04:48:15 	  dev 0.6810438564697354
04:48:18 	  test 0.6429098966026587
04:48:22 epoch: 142 tr Loss: 85.73731965015321 979
04:48:24 	  dev 0.681406306632838
04:48:25 	  test 0.6425406203840472
04:48:29 epoch: 143 tr Loss: 87.48769398642095 1031
04:48:31 	  dev 0.6821312069590432
04:48:34 	  test 0.6469719350073855
04:48:38 epoch: 144 tr Loss: 87.21301725196464 1018
04:48:39 	  dev 0.6828561072852483
04:48:41 	  test 0.6425406203840472
04:48:46 epoch: 145 tr Loss: 89.1349636555666 1006
04:48:48 	  dev 0.6824936571221457
04:48:50 	  test 0.6469719350073855
04:48:54 epoch: 146 tr Loss: 81.31148468501983 1008
04:48:56 	  dev 0.681406306632838
04:48:58 	  test 0.6488183161004432
04:49:04 epoch: 147 tr Loss: 80.40060763888889 1026
04:49:06 	  dev 0.6777818050018123
04:49:08 	  test 0.646602658788774
04:49:13 epoch: 148 tr Loss: 80.37549498416051 947
04:49:15 	  dev 0.6774193548387096
04:49:17 	  test 0.6536189069423929
04:49:22 epoch: 149 tr Loss: 83.40132176598837 1032
04:49:23 	  dev 0.6799565059804277
04:49:25 	  test 0.6473412112259971
04:49:30 epoch: 150 tr Loss: 82.08823486098021 1061
04:49:32 	  dev 0.6781442551649148
04:49:34 	  test 0.646602658788774
04:49:39 epoch: 151 tr Loss: 90.66117070895523 1005
04:49:41 	  dev 0.6824936571221457
04:49:43 	  test 0.6480797636632201
04:49:47 epoch: 152 tr Loss: 81.65731360186092 1021
04:49:49 	  dev 0.6792316056542226
04:49:51 	  test 0.6473412112259971
04:49:56 epoch: 153 tr Loss: 82.01422598088531 994
04:49:58 	  dev 0.676332004349402
04:49:59 	  test 0.6451255539143279
04:50:05 epoch: 154 tr Loss: 82.2053386684518 1027
04:50:06 	  dev 0.676332004349402
04:50:08 	  test 0.6488183161004432
04:50:13 epoch: 155 tr Loss: 75.95296415441176 1020
04:50:14 	  dev 0.6766944545125045
04:50:16 	  test 0.646602658788774
04:50:21 epoch: 156 tr Loss: 79.62728435672514 1026
04:50:24 	  dev 0.6774193548387096
04:50:26 	  test 0.6421713441654358
04:50:30 epoch: 157 tr Loss: 76.55205792682926 1025
04:50:32 	  dev 0.6788691554911199
04:50:34 	  test 0.6436484490398818
04:50:39 epoch: 158 tr Loss: 73.11096529150197 1012
04:50:41 	  dev 0.6781442551649148
04:50:43 	  test 0.645864106351551
04:50:47 epoch: 159 tr Loss: 79.42821665089878 1057
04:50:49 	  dev 0.6777818050018123
04:50:50 	  test 0.6462333825701625
04:50:55 epoch: 160 tr Loss: 79.2759014990557 1059
04:50:56 	  dev 0.6759695541862993
04:50:58 	  test 0.6443870014771049
04:51:03 epoch: 161 tr Loss: 78.00886824324324 962
04:51:05 	  dev 0.6752446538600942
04:51:07 	  test 0.6451255539143279
04:51:11 epoch: 162 tr Loss: 81.73193689613527 1035
04:51:13 	  dev 0.674519753533889
04:51:15 	  test 0.6443870014771049
04:51:20 epoch: 163 tr Loss: 74.12277240325865 982
04:51:22 	  dev 0.6759695541862993
04:51:24 	  test 0.6488183161004432
04:51:28 epoch: 164 tr Loss: 75.28326353092784 970
04:51:29 	  dev 0.6730699528814788
04:51:32 	  test 0.6484490398818316
04:51:37 epoch: 165 tr Loss: 76.56514257620452 1017
04:51:39 	  dev 0.6734324030445814
04:51:41 	  test 0.6469719350073855
04:51:45 epoch: 166 tr Loss: 76.98498114224138 1044
04:51:46 	  dev 0.6730699528814788
04:51:48 	  test 0.645864106351551
04:51:52 epoch: 167 tr Loss: 79.81692526223776 1001
04:51:53 	  dev 0.6734324030445814
04:51:55 	  test 0.6477104874446086
04:52:00 epoch: 168 tr Loss: 76.05032993027888 1004
04:52:02 	  dev 0.6723450525552737
04:52:04 	  test 0.6462333825701625
04:52:09 epoch: 169 tr Loss: 78.94477553242982 1033
04:52:10 	  dev 0.673794853207684
04:52:12 	  test 0.6454948301329394
04:52:17 epoch: 170 tr Loss: 74.72444347249035 1036
04:52:19 	  dev 0.6774193548387096
04:52:21 	  test 0.646602658788774
04:52:25 epoch: 171 tr Loss: 74.7250373505976 1004
04:52:27 	  dev 0.6781442551649148
04:52:29 	  test 0.6521418020679468
04:52:33 epoch: 172 tr Loss: 73.71273247722672 988
04:52:35 	  dev 0.6770569046756071
04:52:36 	  test 0.6495568685376661
04:52:40 epoch: 173 tr Loss: 75.79982692805383 966
04:52:42 	  dev 0.6770569046756071
04:52:44 	  test 0.6484490398818316
04:52:48 epoch: 174 tr Loss: 73.04591457902893 968
04:52:50 	  dev 0.6781442551649148
04:52:52 	  test 0.6469719350073855
04:52:56 epoch: 175 tr Loss: 71.43090939638319 1023
04:52:58 	  dev 0.6788691554911199
04:53:00 	  test 0.6477104874446086
04:53:05 epoch: 176 tr Loss: 74.32081255797773 1078
04:53:07 	  dev 0.6810438564697354
04:53:09 	  test 0.6477104874446086
04:53:14 epoch: 177 tr Loss: 71.76089836223507 1038
04:53:15 	  dev 0.6799565059804277
04:53:17 	  test 0.6440177252584933
04:53:22 epoch: 178 tr Loss: 73.49352542048929 981
04:53:24 	  dev 0.6806814063066329
04:53:26 	  test 0.6451255539143279
04:53:30 epoch: 179 tr Loss: 73.42007938508064 992
04:53:33 	  dev 0.6774193548387096
04:53:34 	  test 0.6473412112259971
04:53:38 epoch: 180 tr Loss: 74.0258368130388 928
04:53:40 	  dev 0.6774193548387096
04:53:42 	  test 0.6462333825701625
04:53:46 epoch: 181 tr Loss: 72.91451752221126 1013
04:53:48 	  dev 0.6792316056542226
04:53:50 	  test 0.6491875923190547
04:53:55 epoch: 182 tr Loss: 70.23476360103626 965
04:53:57 	  dev 0.6803189561435302
04:53:59 	  test 0.6495568685376661
04:54:04 epoch: 183 tr Loss: 70.73484610552764 995
04:54:05 	  dev 0.6821312069590432
04:54:08 	  test 0.6488183161004432
04:54:13 epoch: 184 tr Loss: 71.3456331679574 1033
04:54:14 	  dev 0.6832185574483508
04:54:16 	  test 0.6491875923190547
04:54:21 epoch: 185 tr Loss: 73.75309656218403 989
04:54:23 	  dev 0.6821312069590432
04:54:25 	  test 0.6477104874446086
04:54:29 epoch: 186 tr Loss: 71.06890983820459 958
04:54:31 	  dev 0.6843059079376586
04:54:32 	  test 0.6517725258493353
04:54:37 epoch: 187 tr Loss: 65.5689343032359 958
04:54:39 	  dev 0.6853932584269663
04:54:40 	  test 0.6528803545051699
04:54:45 epoch: 188 tr Loss: 70.00232218683652 942
04:54:47 	  dev 0.6875679594055817
04:54:49 	  test 0.6510339734121122
04:54:54 epoch: 189 tr Loss: 74.56632590597454 1021
04:54:55 	  dev 0.6879304095686843
04:54:57 	  test 0.6495568685376661
04:55:02 epoch: 190 tr Loss: 73.24299851190476 1050
04:55:03 	  dev 0.689017760057992
04:55:05 	  test 0.6499261447562777
04:55:10 epoch: 191 tr Loss: 72.09032360406091 985
04:55:11 	  dev 0.6904675607104023
04:55:13 	  test 0.6521418020679468
04:55:18 epoch: 192 tr Loss: 69.30067172897196 963
04:55:20 	  dev 0.6897426603841972
04:55:22 	  test 0.6473412112259971
04:55:26 epoch: 193 tr Loss: 64.59402600588813 1019
04:55:28 	  dev 0.6901051105472997
04:55:30 	  test 0.6469719350073855
04:55:35 epoch: 194 tr Loss: 66.91572845666991 1027
04:55:36 	  dev 0.6893802102210946
04:55:38 	  test 0.6436484490398818
04:55:43 epoch: 195 tr Loss: 66.26317862143584 982
04:55:44 	  dev 0.6901051105472997
04:55:46 	  test 0.6480797636632201
04:55:50 epoch: 196 tr Loss: 68.63695328674949 966
04:55:52 	  dev 0.6908300108735049
04:55:54 	  test 0.645864106351551
04:55:59 epoch: 197 tr Loss: 73.4236205093504 1016
04:56:01 	  dev 0.6901051105472997
04:56:03 	  test 0.6473412112259971
04:56:08 epoch: 198 tr Loss: 67.19604013480392 1020
04:56:10 	  dev 0.6908300108735049
04:56:12 	  test 0.6462333825701625
04:56:17 epoch: 199 tr Loss: 69.27644652708125 997
04:56:19 	  dev 0.6886553098948894
04:56:21 	  test 0.6484490398818316
04:56:25 epoch: 200 tr Loss: 67.87290681025897 1004
04:56:27 	  dev 0.689017760057992
04:56:29 	  test 0.6477104874446086
04:56:34 epoch: 201 tr Loss: 66.04457443467336 995
04:56:36 	  dev 0.6904675607104023
04:56:37 	  test 0.6469719350073855
04:56:42 epoch: 202 tr Loss: 67.00122316919192 990
04:56:44 	  dev 0.6904675607104023
04:56:46 	  test 0.6477104874446086
04:56:51 epoch: 203 tr Loss: 65.05634824101796 1002
04:56:52 	  dev 0.6886553098948894
04:56:55 	  test 0.6454948301329394
04:56:59 epoch: 204 tr Loss: 69.0001269035533 985
04:57:01 	  dev 0.6897426603841972
04:57:04 	  test 0.6480797636632201
04:57:08 epoch: 205 tr Loss: 61.085888364779876 954
04:57:10 	  dev 0.6908300108735049
04:57:12 	  test 0.6447562776957164
04:57:16 epoch: 206 tr Loss: 65.73642330653021 1026
04:57:18 	  dev 0.69155491119971
04:57:20 	  test 0.6451255539143279
04:57:25 epoch: 207 tr Loss: 62.817785395408166 980
04:57:27 	  dev 0.6919173613628126
04:57:29 	  test 0.6499261447562777
04:57:34 epoch: 208 tr Loss: 62.815759863381004 979
04:57:36 	  dev 0.6930047118521203
04:57:38 	  test 0.6506646971935007
04:57:42 epoch: 209 tr Loss: 67.96459082733813 973
04:57:44 	  dev 0.6948169626676332
04:57:46 	  test 0.6521418020679468
04:57:51 epoch: 210 tr Loss: 63.67586541993144 1021
04:57:53 	  dev 0.6948169626676332
04:57:55 	  test 0.6514032496307238
04:58:00 epoch: 211 tr Loss: 65.46453536184211 988
04:58:01 	  dev 0.6955418629938384
04:58:03 	  test 0.6488183161004432
04:58:08 epoch: 212 tr Loss: 64.47377445133588 1048
04:58:09 	  dev 0.6940920623414281
04:58:11 	  test 0.6469719350073855
04:58:15 epoch: 213 tr Loss: 67.89451062565998 947
04:58:17 	  dev 0.6951794128307358
04:58:19 	  test 0.6510339734121122
04:58:23 epoch: 214 tr Loss: 63.262855044074435 1021
04:58:25 	  dev 0.6951794128307358
04:58:27 	  test 0.6488183161004432
04:58:31 epoch: 215 tr Loss: 65.69069050854037 966
04:58:32 	  dev 0.6944545125045306
04:58:34 	  test 0.6491875923190547
04:58:40 epoch: 216 tr Loss: 64.42490262901656 1027
04:58:41 	  dev 0.6948169626676332
04:58:43 	  test 0.6528803545051699
04:58:48 epoch: 217 tr Loss: 62.56157450640342 937
04:58:50 	  dev 0.6955418629938384
04:58:52 	  test 0.6510339734121122
04:58:57 epoch: 218 tr Loss: 66.98676130836576 1028
04:58:58 	  dev 0.6948169626676332
04:59:01 	  test 0.6480797636632201
04:59:06 epoch: 219 tr Loss: 61.56915087463557 1029
04:59:08 	  dev 0.6962667633200434
04:59:10 	  test 0.6514032496307238
04:59:14 epoch: 220 tr Loss: 63.14705715673575 965
04:59:16 	  dev 0.6944545125045306
04:59:18 	  test 0.6532496307237814
04:59:23 epoch: 221 tr Loss: 62.13069528048156 976
04:59:25 	  dev 0.6944545125045306
04:59:26 	  test 0.6532496307237814
04:59:31 epoch: 222 tr Loss: 63.385474387886596 970
04:59:33 	  dev 0.6937296121783255
04:59:35 	  test 0.6499261447562777
04:59:39 epoch: 223 tr Loss: 62.97725652305825 1030
04:59:42 	  dev 0.6969916636462486
04:59:43 	  test 0.6499261447562777
04:59:49 epoch: 224 tr Loss: 65.05550261466733 992
04:59:50 	  dev 0.6959043131569409
04:59:52 	  test 0.6495568685376661
04:59:56 epoch: 225 tr Loss: 59.778326328285424 974
04:59:58 	  dev 0.6959043131569409
05:00:00 	  test 0.6499261447562777
05:00:05 epoch: 226 tr Loss: 60.138092071935155 987
05:00:06 	  dev 0.6937296121783255
05:00:08 	  test 0.6491875923190547
05:00:13 epoch: 227 tr Loss: 62.0449537627551 980
05:00:15 	  dev 0.6955418629938384
05:00:17 	  test 0.6502954209748892
05:00:22 epoch: 228 tr Loss: 65.30756845683632 1002
05:00:23 	  dev 0.6980790141355564
05:00:25 	  test 0.646602658788774
05:00:30 epoch: 229 tr Loss: 61.87015882388566 1032
05:00:32 	  dev 0.6984414642986589
05:00:34 	  test 0.6502954209748892
05:00:38 epoch: 230 tr Loss: 62.80466445427729 1017
05:00:40 	  dev 0.6973541138093512
05:00:41 	  test 0.6480797636632201
05:00:46 epoch: 231 tr Loss: 63.11632692768199 1044
05:00:48 	  dev 0.6973541138093512
05:00:50 	  test 0.6488183161004432
05:00:55 epoch: 232 tr Loss: 60.34907114431106 958
05:00:56 	  dev 0.6977165639724537
05:00:58 	  test 0.6495568685376661
05:01:03 epoch: 233 tr Loss: 61.31615199704142 1014
05:01:05 	  dev 0.6980790141355564
05:01:07 	  test 0.646602658788774
05:01:11 epoch: 234 tr Loss: 56.458135101668404 959
05:01:13 	  dev 0.6962667633200434
05:01:15 	  test 0.6502954209748892
05:01:20 epoch: 235 tr Loss: 61.75090962441315 1065
05:01:22 	  dev 0.6980790141355564
05:01:24 	  test 0.6495568685376661
05:01:28 epoch: 236 tr Loss: 60.78640200578471 994
05:01:30 	  dev 0.6966292134831461
05:01:32 	  test 0.6506646971935007
05:01:37 epoch: 237 tr Loss: 63.63344042776134 1014
05:01:39 	  dev 0.6977165639724537
05:01:41 	  test 0.6521418020679468
05:01:45 epoch: 238 tr Loss: 57.95685652955272 939
05:01:47 	  dev 0.6988039144617615
05:01:50 	  test 0.6532496307237814
05:01:55 epoch: 239 tr Loss: 57.834564929872045 1016
05:01:57 	  dev 0.6962667633200434
05:01:59 	  test 0.6528803545051699
05:02:04 epoch: 240 tr Loss: 57.525026688664596 966
05:02:06 	  dev 0.6977165639724537
05:02:09 	  test 0.6532496307237814
05:02:13 epoch: 241 tr Loss: 59.12715749730313 927
05:02:14 	  dev 0.6980790141355564
05:02:16 	  test 0.6539881831610044
05:02:21 epoch: 242 tr Loss: 56.550426876955164 959
05:02:22 	  dev 0.6988039144617615
05:02:24 	  test 0.6554652880354506
05:02:29 epoch: 243 tr Loss: 57.16090954274354 1006
05:02:30 	  dev 0.6984414642986589
05:02:32 	  test 0.656573116691285
05:02:37 epoch: 244 tr Loss: 57.34889500243191 1028
05:02:38 	  dev 0.6969916636462486
05:02:40 	  test 0.6547267355982275
05:02:44 epoch: 245 tr Loss: 56.48742716426193 901
05:02:46 	  dev 0.6984414642986589
05:02:48 	  test 0.6536189069423929
05:02:52 epoch: 246 tr Loss: 58.99052630785921 1037
05:02:54 	  dev 0.6995288147879667
05:02:56 	  test 0.6528803545051699
05:03:01 epoch: 247 tr Loss: 58.077566964285715 973
05:03:02 	  dev 0.6980790141355564
05:03:04 	  test 0.6539881831610044
05:03:09 epoch: 248 tr Loss: 57.24549888959391 985
05:03:11 	  dev 0.6966292134831461
05:03:13 	  test 0.6569423929098966
05:03:17 epoch: 249 tr Loss: 55.254386526639344 976
05:03:19 	  dev 0.6969916636462486
05:03:21 	  test 0.6539881831610044
05:03:25 epoch: 250 tr Loss: 56.1610732660061 984
05:03:26 	  dev 0.6966292134831461
05:03:29 	  test 0.6525110782865583
05:03:34 epoch: 251 tr Loss: 58.1605804414542 1059
05:03:35 	  dev 0.6962667633200434
05:03:38 	  test 0.6528803545051699
05:03:42 epoch: 252 tr Loss: 58.06072587830957 982
05:03:44 	  dev 0.6980790141355564
05:03:45 	  test 0.6510339734121122
05:03:49 epoch: 253 tr Loss: 53.5012124115566 1060
05:03:51 	  dev 0.6995288147879667
05:03:53 	  test 0.6510339734121122
05:03:58 epoch: 254 tr Loss: 54.77266703648915 1014
05:03:59 	  dev 0.6988039144617615
05:04:01 	  test 0.6547267355982275
05:04:06 epoch: 255 tr Loss: 59.016940711227406 1051
05:04:08 	  dev 0.6984414642986589
05:04:10 	  test 0.6521418020679468
05:04:14 epoch: 256 tr Loss: 57.98042852085479 971
05:04:16 	  dev 0.6977165639724537
05:04:18 	  test 0.6536189069423929
05:04:22 epoch: 257 tr Loss: 53.82705223880597 1005
05:04:24 	  dev 0.6995288147879667
05:04:26 	  test 0.6536189069423929
05:04:30 epoch: 258 tr Loss: 55.71732060745402 1033
05:04:32 	  dev 0.6984414642986589
05:04:33 	  test 0.6517725258493353
05:04:38 epoch: 259 tr Loss: 53.46187392979452 1022
05:04:40 	  dev 0.6969916636462486
05:04:42 	  test 0.6510339734121122
05:04:46 epoch: 260 tr Loss: 57.991849683151095 1006
05:04:49 	  dev 0.6977165639724537
05:04:51 	  test 0.6495568685376661
05:04:55 epoch: 261 tr Loss: 57.574953094242126 1016
05:04:57 	  dev 0.6969916636462486
05:04:59 	  test 0.6495568685376661
05:05:03 epoch: 262 tr Loss: 55.741387571465694 962
05:05:05 	  dev 0.6977165639724537
05:05:07 	  test 0.6521418020679468
05:05:12 epoch: 263 tr Loss: 55.485637186629525 1077
05:05:14 	  dev 0.699166364624864
05:05:16 	  test 0.6510339734121122
05:05:20 epoch: 264 tr Loss: 55.29359558463796 1022
05:05:21 	  dev 0.7013410656034795
05:05:24 	  test 0.6514032496307238
05:05:28 epoch: 265 tr Loss: 50.739202391144815 1022
05:05:30 	  dev 0.7013410656034795
05:05:31 	  test 0.6525110782865583
05:05:36 epoch: 266 tr Loss: 53.24219913728898 1007
05:05:38 	  dev 0.7013410656034795
05:05:40 	  test 0.6510339734121122
05:05:44 epoch: 267 tr Loss: 53.644356046126404 981
05:05:46 	  dev 0.700978615440377
05:05:48 	  test 0.6517725258493353
05:05:53 epoch: 268 tr Loss: 54.46782996506986 1002
05:05:55 	  dev 0.700978615440377
05:05:56 	  test 0.6525110782865583
05:06:02 epoch: 269 tr Loss: 52.848559407706944 1051
05:06:03 	  dev 0.7020659659296846
05:06:05 	  test 0.6491875923190547
05:06:11 epoch: 270 tr Loss: 55.559211949802176 1011
05:06:12 	  dev 0.7027908662558898
05:06:14 	  test 0.6514032496307238
05:06:18 epoch: 271 tr Loss: 60.09494633683953 1022
05:06:20 	  dev 0.7035157665820949
05:06:22 	  test 0.6506646971935007
05:06:26 epoch: 272 tr Loss: 55.28581065796277 967
05:06:28 	  dev 0.7056904675607104
05:06:30 	  test 0.6480797636632201
05:06:34 epoch: 273 tr Loss: 52.53174019607843 1020
05:06:36 	  dev 0.7067778180500182
05:06:38 	  test 0.6517725258493353
05:06:42 epoch: 274 tr Loss: 53.89178460612968 987
05:06:44 	  dev 0.7064153678869155
05:06:46 	  test 0.6491875923190547
05:06:50 epoch: 275 tr Loss: 55.63272742069129 1056
05:06:53 	  dev 0.7075027183762232
05:06:55 	  test 0.6502954209748892
05:06:59 epoch: 276 tr Loss: 53.1001949195171 994
05:07:01 	  dev 0.7093149691917361
05:07:03 	  test 0.6499261447562777
05:07:07 epoch: 277 tr Loss: 54.71934486040609 985
05:07:09 	  dev 0.7093149691917361
05:07:11 	  test 0.6514032496307238
05:07:16 epoch: 278 tr Loss: 52.04893113792194 948
05:07:17 	  dev 0.708590068865531
05:07:19 	  test 0.6499261447562777
05:07:24 epoch: 279 tr Loss: 52.61527910305343 1048
05:07:26 	  dev 0.708590068865531
05:07:27 	  test 0.6491875923190547
05:07:32 epoch: 280 tr Loss: 54.8812634018668 991
05:07:33 	  dev 0.7075027183762232
05:07:35 	  test 0.6480797636632201
05:07:40 epoch: 281 tr Loss: 54.95789634146342 1025
05:07:41 	  dev 0.708590068865531
05:07:43 	  test 0.6506646971935007
05:07:48 epoch: 282 tr Loss: 47.94623622244489 998
05:07:49 	  dev 0.7082276187024285
05:07:51 	  test 0.654357459379616
05:07:56 epoch: 283 tr Loss: 50.678026638286894 969
05:07:58 	  dev 0.7114896701703516
05:07:59 	  test 0.6539881831610044
05:08:04 epoch: 284 tr Loss: 49.803119413942795 979
05:08:06 	  dev 0.7093149691917361
05:08:07 	  test 0.6562038404726735
05:08:11 epoch: 285 tr Loss: 51.36865030073222 956
05:08:13 	  dev 0.7096774193548387
05:08:15 	  test 0.655096011816839
05:08:19 epoch: 286 tr Loss: 51.919963179758305 993
05:08:21 	  dev 0.7114896701703516
05:08:23 	  test 0.6580502215657311
05:08:28 epoch: 287 tr Loss: 48.979166666666664 1047
05:08:29 	  dev 0.7082276187024285
05:08:32 	  test 0.655096011816839
05:08:37 epoch: 288 tr Loss: 51.17245073460821 1072
05:08:38 	  dev 0.7067778180500182
05:08:40 	  test 0.656573116691285
05:08:44 epoch: 289 tr Loss: 52.58743802192067 958
05:08:46 	  dev 0.7075027183762232
05:08:48 	  test 0.6587887740029542
05:08:52 epoch: 290 tr Loss: 52.41635589753273 993
05:08:54 	  dev 0.7082276187024285
05:08:56 	  test 0.6598966026587888
05:09:00 epoch: 291 tr Loss: 49.53470922459893 935
05:09:01 	  dev 0.7075027183762232
05:09:03 	  test 0.6602658788774003
05:09:08 epoch: 292 tr Loss: 53.39855025773196 970
05:09:09 	  dev 0.7053280173976079
05:09:11 	  test 0.6580502215657311
05:09:16 epoch: 293 tr Loss: 51.61016181332655 983
05:09:18 	  dev 0.7075027183762232
05:09:20 	  test 0.6591580502215657
05:09:25 epoch: 294 tr Loss: 53.17188275049603 1008
05:09:26 	  dev 0.708590068865531
05:09:29 	  test 0.6587887740029542
05:09:33 epoch: 295 tr Loss: 53.02160364980916 1048
05:09:35 	  dev 0.7075027183762232
05:09:36 	  test 0.6587887740029542
05:09:41 epoch: 296 tr Loss: 54.43234255838894 1049
05:09:42 	  dev 0.7082276187024285
05:09:44 	  test 0.6606351550960118
