Namespace(alpha0=0, alpha1=0, alpha2=0, alpha3=0, auxiliary_file='datasets/OOKB/head-5000/aux', batch_size=5000, beta0=0.1, beta1=1e-05, dev_file='datasets/OOKB/head-5000/dev', dim=200, entity_size=38195, epoch_size=10000, gpu_device=0, is_balanced_tr=False, is_bernoulli_trick=True, layerR=1, margin_file='', opt_model='Adam', order=1, param_dir='', pool_size=640, pooling_method='avg', rel_size=11, sample_size=64, seed=0, target_dir='head-5000', test_batch_size=20000, test_file='datasets/OOKB/head-5000/test', threshold=300.0, train_file='datasets/OOKB/head-5000/train', train_size=1000, use_gpu=False)
main.py -tD head-5000
04:28:20 load train
04:28:21 set axiaulity
04:28:21 OOKB esetting, use: different edges
04:28:21 load train
04:28:21 load dev
dev size: 3845
04:28:21 load test
test size: 4919
relation size: 11 entity size: 38195
04:28:26 epoch: 0 tr Loss: 300.9806113138686 959
04:28:30 	  dev 0.5721716514954487
04:28:33 	  test 0.5639357593006709
/home/takuo-h/.pyenv/versions/3.6.8/lib/python3.6/site-packages/chainer/functions/normalization/batch_normalization.py:114: UserWarning: A batch with no more than one sample has been given to F.batch_normalization. F.batch_normalization will always output a zero tensor for such batches. This could be caused by incorrect configuration in your code (such as running evaluation while chainer.config.train=True), but could also happen in the last batch of training if non-repeating iterator is used.
  UserWarning)
04:28:38 epoch: 1 tr Loss: 297.30724949392715 988
04:28:41 	  dev 0.5914174252275682
04:28:43 	  test 0.57796300060988
04:28:48 epoch: 2 tr Loss: 296.52372512437813 1005
04:28:51 	  dev 0.5851755526657998
04:28:54 	  test 0.5793860540760317
04:28:59 epoch: 3 tr Loss: 296.8275 1075
04:29:02 	  dev 0.5906371911573473
04:29:05 	  test 0.5732872535068103
04:29:11 epoch: 4 tr Loss: 297.06883965163934 976
04:29:13 	  dev 0.5906371911573473
04:29:16 	  test 0.5812156942467981
04:29:21 epoch: 5 tr Loss: 298.76851851851853 1080
04:29:23 	  dev 0.5888166449934981
04:29:26 	  test 0.5757267737344989
04:29:31 epoch: 6 tr Loss: 296.9034149484536 970
04:29:33 	  dev 0.5890767230169051
04:29:35 	  test 0.5763366537914211
04:29:41 epoch: 7 tr Loss: 292.3528645833333 960
04:29:43 	  dev 0.5867360208062419
04:29:45 	  test 0.574710306972962
04:29:51 epoch: 8 tr Loss: 288.6423329959514 988
04:29:53 	  dev 0.5804941482444733
04:29:56 	  test 0.5743037202683472
04:30:00 epoch: 9 tr Loss: 295.2659169124877 1017
04:30:03 	  dev 0.576332899869961
04:30:06 	  test 0.5702378532221997
04:30:11 epoch: 10 tr Loss: 288.11052502453384 1019
04:30:14 	  dev 0.5833550065019506
04:30:16 	  test 0.5700345598698923
04:30:22 epoch: 11 tr Loss: 288.57626962708537 1019
04:30:25 	  dev 0.5786736020806242
04:30:27 	  test 0.5659686928237446
04:30:32 epoch: 12 tr Loss: 280.5432242990654 963
04:30:35 	  dev 0.5734720416124838
04:30:38 	  test 0.5669851595852815
04:30:42 epoch: 13 tr Loss: 283.9456644144144 999
04:30:45 	  dev 0.5747724317295189
04:30:48 	  test 0.5635291725960561
04:30:52 epoch: 14 tr Loss: 291.1800978691774 1009
04:30:55 	  dev 0.5737321196358908
04:30:58 	  test 0.5680016263468185
04:31:03 epoch: 15 tr Loss: 276.50542534722223 1008
04:31:05 	  dev 0.5724317295188557
04:31:08 	  test 0.5667818662329742
04:31:12 epoch: 16 tr Loss: 273.5352743902439 1025
04:31:15 	  dev 0.5716514954486346
04:31:18 	  test 0.5657653994714373
04:31:24 epoch: 17 tr Loss: 275.4024889921722 1022
04:31:27 	  dev 0.5745123537061119
04:31:29 	  test 0.5696279731652775
04:31:34 epoch: 18 tr Loss: 274.97101172273193 981
04:31:37 	  dev 0.5745123537061119
04:31:39 	  test 0.5635291725960561
04:31:44 epoch: 19 tr Loss: 271.5475419207317 984
04:31:46 	  dev 0.5804941482444733
04:31:49 	  test 0.5633258792437488
04:31:54 epoch: 20 tr Loss: 269.3667355371901 968
04:31:56 	  dev 0.5812743823146944
04:31:59 	  test 0.5663752795283594
04:32:04 epoch: 21 tr Loss: 262.9346649484536 970
04:32:06 	  dev 0.57555266579974
04:32:09 	  test 0.5671884529375889
04:32:14 epoch: 22 tr Loss: 258.80300397219463 1007
04:32:16 	  dev 0.57555266579974
04:32:18 	  test 0.564545639357593
04:32:23 epoch: 23 tr Loss: 257.4808390672783 981
04:32:25 	  dev 0.5737321196358908
04:32:28 	  test 0.5673917462898963
04:32:34 epoch: 24 tr Loss: 258.57325170565304 1026
04:32:36 	  dev 0.5737321196358908
04:32:38 	  test 0.5686115064037406
04:32:44 epoch: 25 tr Loss: 259.2642642642643 999
04:32:46 	  dev 0.5849154746423927
04:32:49 	  test 0.5722707867452734
04:32:55 epoch: 26 tr Loss: 253.6040846456693 1016
04:32:57 	  dev 0.5867360208062419
04:33:00 	  test 0.5686115064037406
04:33:05 epoch: 27 tr Loss: 244.2005697838346 1064
04:33:07 	  dev 0.58777633289987
04:33:10 	  test 0.5651555194145151
04:33:15 epoch: 28 tr Loss: 243.74559255631735 1021
04:33:17 	  dev 0.5867360208062419
04:33:20 	  test 0.5675950396422037
04:33:25 epoch: 29 tr Loss: 241.49942484662577 978
04:33:27 	  dev 0.5973992197659298
04:33:30 	  test 0.5722707867452734
04:33:34 epoch: 30 tr Loss: 239.44977141482195 1039
04:33:37 	  dev 0.599479843953186
04:33:40 	  test 0.5734905468591177
04:33:44 epoch: 31 tr Loss: 223.75988795896328 926
04:33:47 	  dev 0.600260078023407
04:33:50 	  test 0.5781662939621874
04:33:55 epoch: 32 tr Loss: 228.36974923625255 982
04:33:58 	  dev 0.6041612483745123
04:34:00 	  test 0.5818255743037203
04:34:06 epoch: 33 tr Loss: 223.7681693007663 1044
04:34:09 	  dev 0.6062418725617685
04:34:11 	  test 0.5907704818052449
04:34:17 epoch: 34 tr Loss: 227.99947599085365 984
04:34:20 	  dev 0.6052015604681404
04:34:23 	  test 0.5954462289083147
04:34:28 epoch: 35 tr Loss: 224.57692929162357 967
04:34:30 	  dev 0.6023407022106632
04:34:32 	  test 0.5986989225452328
04:34:37 epoch: 36 tr Loss: 220.14522908110882 974
04:34:39 	  dev 0.6085825747724317
04:34:42 	  test 0.6062207765806058
04:34:48 epoch: 37 tr Loss: 217.6593314243028 1004
04:34:50 	  dev 0.611703511053316
04:34:53 	  test 0.6017483228298435
04:34:58 epoch: 38 tr Loss: 219.72269373800384 1042
04:35:00 	  dev 0.6156046814044214
04:35:02 	  test 0.6080504167513723
04:35:07 epoch: 39 tr Loss: 209.17543669474728 1009
04:35:09 	  dev 0.6182054616384915
04:35:12 	  test 0.6106932303313681
04:35:17 epoch: 40 tr Loss: 194.7180404738401 1013
04:35:19 	  dev 0.6174252275682705
04:35:22 	  test 0.6076438300467575
04:35:28 epoch: 41 tr Loss: 205.7629777892562 968
04:35:30 	  dev 0.6244473342002601
04:35:33 	  test 0.6131327505590567
04:35:38 epoch: 42 tr Loss: 202.97924852652258 1018
04:35:41 	  dev 0.6288686605981795
04:35:44 	  test 0.6139459239682863
04:35:49 epoch: 43 tr Loss: 198.89025481243831 1013
04:35:51 	  dev 0.6319895968790638
04:35:55 	  test 0.614352510672901
04:36:00 epoch: 44 tr Loss: 210.5487021169355 992
04:36:03 	  dev 0.6293888166449935
04:36:06 	  test 0.6131327505590567
04:36:12 epoch: 45 tr Loss: 195.68195221303503 1028
04:36:14 	  dev 0.6366710013003901
04:36:18 	  test 0.614352510672901
04:36:22 epoch: 46 tr Loss: 194.8146030658026 1003
04:36:25 	  dev 0.6384915474642393
04:36:28 	  test 0.6153689774344379
04:36:32 epoch: 47 tr Loss: 189.3297759433962 1060
04:36:35 	  dev 0.6410923276983095
04:36:37 	  test 0.6206546045944298
04:36:43 epoch: 48 tr Loss: 188.50636104060914 985
04:36:45 	  dev 0.6423927178153446
04:36:48 	  test 0.622890831469811
04:36:53 epoch: 49 tr Loss: 186.47221552555447 1037
04:36:55 	  dev 0.6452535760728219
04:36:59 	  test 0.6241105915836552
04:37:04 epoch: 50 tr Loss: 179.89265017447656 1003
04:37:07 	  dev 0.6444733420026008
04:37:10 	  test 0.6206546045944298
04:37:15 epoch: 51 tr Loss: 176.63102149209487 1012
04:37:17 	  dev 0.6483745123537061
04:37:20 	  test 0.6220776580605815
04:37:25 epoch: 52 tr Loss: 180.16670248035362 1018
04:37:27 	  dev 0.6538361508452536
04:37:30 	  test 0.623500711526733
04:37:35 epoch: 53 tr Loss: 175.69145080798478 1052
04:37:38 	  dev 0.6533159947984395
04:37:40 	  test 0.6226875381175035
04:37:46 epoch: 54 tr Loss: 174.28391768292684 984
04:37:48 	  dev 0.6504551365409623
04:37:50 	  test 0.6269566985159585
04:37:54 epoch: 55 tr Loss: 181.280813172043 930
04:37:57 	  dev 0.6605981794538361
04:38:00 	  test 0.6310225655621061
04:38:06 epoch: 56 tr Loss: 168.61037364798426 1017
04:38:08 	  dev 0.6626788036410923
04:38:11 	  test 0.6336653791421021
04:38:16 epoch: 57 tr Loss: 167.15601157171923 983
04:38:19 	  dev 0.6605981794538361
04:38:22 	  test 0.6344785525513316
04:38:28 epoch: 58 tr Loss: 167.03886374755382 1022
04:38:31 	  dev 0.6655396618985696
04:38:34 	  test 0.6369180727790201
04:38:39 epoch: 59 tr Loss: 165.5282306763285 1035
04:38:42 	  dev 0.6691807542262679
04:38:46 	  test 0.6359016060174832
04:38:51 epoch: 60 tr Loss: 164.31714774951075 1022
04:38:54 	  dev 0.6725617685305592
04:38:57 	  test 0.6409839398251678
04:39:02 epoch: 61 tr Loss: 163.7703013278856 979
04:39:05 	  dev 0.6738621586475942
04:39:08 	  test 0.6450498068713153
04:39:12 epoch: 62 tr Loss: 153.87025394477317 1014
04:39:14 	  dev 0.6762028608582574
04:39:18 	  test 0.6422036999390119
04:39:23 epoch: 63 tr Loss: 161.97857684529828 989
04:39:25 	  dev 0.6769830949284785
04:39:27 	  test 0.6476926204513113
04:39:33 epoch: 64 tr Loss: 158.5094064070352 995
04:39:35 	  dev 0.6795838751625488
04:39:37 	  test 0.6489123805651555
04:39:43 epoch: 65 tr Loss: 159.80358379501385 1083
04:39:46 	  dev 0.682184655396619
04:39:48 	  test 0.6515551941451515
04:39:54 epoch: 66 tr Loss: 161.1968659507722 1036
04:39:56 	  dev 0.6793237971391417
04:39:59 	  test 0.6519617808497662
04:40:03 epoch: 67 tr Loss: 151.78351090188306 1009
04:40:06 	  dev 0.6847854356306892
04:40:09 	  test 0.6535881276682253
04:40:13 epoch: 68 tr Loss: 156.0676090772317 997
04:40:15 	  dev 0.6840052015604682
04:40:19 	  test 0.6541980077251474
04:40:23 epoch: 69 tr Loss: 151.73899330587022 971
04:40:26 	  dev 0.6886866059817945
04:40:29 	  test 0.6588737548282171
04:40:34 epoch: 70 tr Loss: 153.87847925101215 988
04:40:36 	  dev 0.6884265279583875
04:40:39 	  test 0.6613132750559056
04:40:44 epoch: 71 tr Loss: 149.0059441220989 991
04:40:47 	  dev 0.6894668400520156
04:40:50 	  test 0.6568408213051433
04:40:55 epoch: 72 tr Loss: 141.86635924068767 1047
04:40:57 	  dev 0.6884265279583875
04:41:00 	  test 0.6621264484651352
04:41:05 epoch: 73 tr Loss: 146.77389510117146 939
04:41:07 	  dev 0.6853055916775033
04:41:10 	  test 0.6637527952835942
04:41:16 epoch: 74 tr Loss: 142.19486912915852 1022
04:41:18 	  dev 0.6881664499349804
04:41:21 	  test 0.6651758487497459
04:41:25 epoch: 75 tr Loss: 144.0342987804878 943
04:41:27 	  dev 0.6855656697009103
04:41:30 	  test 0.6688351290912787
04:41:35 epoch: 76 tr Loss: 146.37182642487048 965
04:41:37 	  dev 0.6873862158647595
04:41:40 	  test 0.6690384224435861
04:41:45 epoch: 77 tr Loss: 141.1224160992218 1028
04:41:48 	  dev 0.6876462938881664
04:41:50 	  test 0.6694450091482008
04:41:55 epoch: 78 tr Loss: 139.10089990138067 1014
04:41:58 	  dev 0.6876462938881664
04:42:01 	  test 0.6735108761943485
04:42:06 epoch: 79 tr Loss: 140.8202302631579 950
04:42:08 	  dev 0.6899869960988296
04:42:11 	  test 0.6731042894897337
04:42:16 epoch: 80 tr Loss: 138.6212044534413 988
04:42:19 	  dev 0.6918075422626788
04:42:22 	  test 0.6765602764789591
04:42:27 epoch: 81 tr Loss: 135.5507735453649 1014
04:42:30 	  dev 0.6959687906371912
04:42:32 	  test 0.6767635698312665
04:42:37 epoch: 82 tr Loss: 137.78128201844262 976
04:42:39 	  dev 0.6949284785435631
04:42:42 	  test 0.6757471030697296
04:42:46 epoch: 83 tr Loss: 132.92458690716447 991
04:42:49 	  dev 0.6954486345903771
04:42:52 	  test 0.6749339296605001
04:42:57 epoch: 84 tr Loss: 130.3592430816135 1066
04:43:00 	  dev 0.6925877763328999
04:43:02 	  test 0.6779833299451108
04:43:07 epoch: 85 tr Loss: 129.67389404532304 1037
04:43:09 	  dev 0.6988296488946684
04:43:12 	  test 0.6779833299451108
04:43:18 epoch: 86 tr Loss: 134.46163091715977 1014
04:43:20 	  dev 0.6964889466840052
04:43:23 	  test 0.6806261435251068
04:43:29 epoch: 87 tr Loss: 126.95928455588822 1002
04:43:31 	  dev 0.693628088426528
04:43:34 	  test 0.6773734498881887
04:43:39 epoch: 88 tr Loss: 126.03571317298106 1003
04:43:42 	  dev 0.6975292587776333
04:43:44 	  test 0.6765602764789591
04:43:49 epoch: 89 tr Loss: 126.36834777227723 1010
04:43:52 	  dev 0.6972691807542263
04:43:55 	  test 0.6806261435251068
04:43:59 epoch: 90 tr Loss: 130.57466366248693 957
04:44:02 	  dev 0.6985695708712614
04:44:05 	  test 0.6787965033543403
04:44:10 epoch: 91 tr Loss: 126.79361847109533 986
04:44:12 	  dev 0.7027308192457737
04:44:15 	  test 0.6842854238666396
04:44:20 epoch: 92 tr Loss: 120.93357108317214 1034
04:44:22 	  dev 0.6988296488946684
04:44:25 	  test 0.6863183573897134
04:44:30 epoch: 93 tr Loss: 124.53246416130762 933
04:44:33 	  dev 0.6998699609882965
04:44:36 	  test 0.6875381175035576
04:44:40 epoch: 94 tr Loss: 124.93812531661601 987
04:44:43 	  dev 0.7053315994798439
04:44:46 	  test 0.6901809310835536
04:44:50 epoch: 95 tr Loss: 128.08231916085657 1004
04:44:53 	  dev 0.7076723016905071
04:44:57 	  test 0.6899776377312462
04:45:01 epoch: 96 tr Loss: 122.44119944852942 1020
04:45:04 	  dev 0.7076723016905071
04:45:06 	  test 0.6891644643220167
04:45:11 epoch: 97 tr Loss: 119.23146600655903 991
04:45:14 	  dev 0.7092327698309493
04:45:16 	  test 0.6863183573897134
04:45:22 epoch: 98 tr Loss: 123.74875955374753 1014
04:45:24 	  dev 0.7089726918075423
04:45:27 	  test 0.6907908111404757
04:45:32 epoch: 99 tr Loss: 121.40995880822597 1009
04:45:34 	  dev 0.7097529258777633
04:45:37 	  test 0.6954665582435454
04:45:42 epoch: 100 tr Loss: 117.82012451876804 1039
04:45:44 	  dev 0.7084525357607282
04:45:47 	  test 0.695263264891238
04:45:52 epoch: 101 tr Loss: 120.77105441757156 1013
04:45:55 	  dev 0.7094928478543563
04:45:58 	  test 0.6930270380158569
04:46:04 epoch: 102 tr Loss: 115.66665165706051 1041
04:46:06 	  dev 0.7131339401820547
04:46:09 	  test 0.6940435047773937
04:46:13 epoch: 103 tr Loss: 117.37599859022556 931
04:46:16 	  dev 0.7126137841352406
04:46:19 	  test 0.6942467981297011
04:46:24 epoch: 104 tr Loss: 118.34452335858586 990
04:46:26 	  dev 0.7136540962288687
04:46:29 	  test 0.6914006911973979
04:46:34 epoch: 105 tr Loss: 117.86742227979275 965
04:46:36 	  dev 0.7133940182054617
04:46:40 	  test 0.6934336247204717
04:46:45 epoch: 106 tr Loss: 114.38202063740857 957
04:46:47 	  dev 0.7128738621586476
04:46:50 	  test 0.6934336247204717
04:46:54 epoch: 107 tr Loss: 115.42361289907312 971
04:46:56 	  dev 0.7100130039011704
04:46:59 	  test 0.6934336247204717
04:47:04 epoch: 108 tr Loss: 113.98072127525252 990
04:47:06 	  dev 0.7131339401820547
04:47:09 	  test 0.6956698515958528
04:47:15 epoch: 109 tr Loss: 112.46933787128712 1010
04:47:17 	  dev 0.7139141742522757
04:47:20 	  test 0.6934336247204717
04:47:25 epoch: 110 tr Loss: 110.09538624631269 1017
04:47:28 	  dev 0.717815344603381
04:47:30 	  test 0.6970929050620045
04:47:36 epoch: 111 tr Loss: 118.2039456407563 952
04:47:38 	  dev 0.7211963589076723
04:47:41 	  test 0.6983126651758488
04:47:46 epoch: 112 tr Loss: 107.04883199257426 1010
04:47:48 	  dev 0.7196358907672302
04:47:51 	  test 0.6993291319373857
04:47:56 epoch: 113 tr Loss: 107.67428977272728 990
04:47:59 	  dev 0.717555266579974
04:48:02 	  test 0.6993291319373857
04:48:07 epoch: 114 tr Loss: 111.49356096408317 1058
04:48:09 	  dev 0.7196358907672302
04:48:12 	  test 0.6950599715389307
04:48:17 epoch: 115 tr Loss: 108.06774623180873 962
04:48:19 	  dev 0.7224967490247074
04:48:22 	  test 0.6966863183573897
04:48:27 epoch: 116 tr Loss: 110.90838068181819 1001
04:48:30 	  dev 0.7243172951885566
04:48:32 	  test 0.6995324252896931
04:48:38 epoch: 117 tr Loss: 106.63339632497542 1017
04:48:41 	  dev 0.7230169050715215
04:48:44 	  test 0.7017686521650742
04:48:49 epoch: 118 tr Loss: 110.30079252887391 1039
04:48:51 	  dev 0.7222366710013004
04:48:53 	  test 0.7025818255743037
04:48:59 epoch: 119 tr Loss: 110.286609375 1000
04:49:01 	  dev 0.7261378413524057
04:49:03 	  test 0.7009554787558446
04:49:08 epoch: 120 tr Loss: 110.04908711365903 1003
04:49:11 	  dev 0.7256176853055917
04:49:14 	  test 0.7078674527342956
04:49:20 epoch: 121 tr Loss: 105.01916940789474 950
04:49:22 	  dev 0.7261378413524057
04:49:24 	  test 0.709697092905062
04:49:29 epoch: 122 tr Loss: 107.47672413793103 1015
04:49:32 	  dev 0.7253576072821847
04:49:34 	  test 0.7147794267127465
04:49:39 epoch: 123 tr Loss: 105.18271069842054 1013
04:49:42 	  dev 0.7250975292587777
04:49:44 	  test 0.7125431998373654
04:49:49 epoch: 124 tr Loss: 105.2632421875 1000
04:49:52 	  dev 0.7266579973992198
04:49:54 	  test 0.7159991868265908
04:49:59 epoch: 125 tr Loss: 105.96900689071566 1034
04:50:03 	  dev 0.7279583875162549
04:50:05 	  test 0.7135596665989022
04:50:10 epoch: 126 tr Loss: 108.64617913687437 979
04:50:13 	  dev 0.7245773732119636
04:50:16 	  test 0.7145761333604391
04:50:21 epoch: 127 tr Loss: 98.92594229386386 1043
04:50:24 	  dev 0.7248374512353706
04:50:26 	  test 0.7143728400081317
04:50:30 epoch: 128 tr Loss: 101.1647148676171 982
04:50:33 	  dev 0.7258777633289987
04:50:36 	  test 0.7147794267127465
04:50:41 epoch: 129 tr Loss: 101.92805866745283 1060
04:50:44 	  dev 0.7279583875162549
04:50:46 	  test 0.715592600121976
04:50:50 epoch: 130 tr Loss: 99.34939190084836 943
04:50:52 	  dev 0.7245773732119636
04:50:55 	  test 0.7115267330758284
04:51:00 epoch: 131 tr Loss: 102.24600253807107 985
04:51:03 	  dev 0.7230169050715215
04:51:05 	  test 0.7131530798942874
04:51:11 epoch: 132 tr Loss: 100.37496983590734 1036
04:51:14 	  dev 0.7253576072821847
04:51:16 	  test 0.7168123602358203
04:51:21 epoch: 133 tr Loss: 104.11645895337301 1008
04:51:23 	  dev 0.7266579973992198
04:51:26 	  test 0.7153893067696686
04:51:31 epoch: 134 tr Loss: 99.02123397435898 1053
04:51:34 	  dev 0.7274382314694409
04:51:36 	  test 0.7194551738158163
04:51:42 epoch: 135 tr Loss: 104.26213447540161 996
04:51:44 	  dev 0.7310793237971391
04:51:47 	  test 0.7174222402927424
04:51:53 epoch: 136 tr Loss: 97.44268644957984 1071
04:51:55 	  dev 0.7315994798439532
04:51:58 	  test 0.7180321203496646
04:52:02 epoch: 137 tr Loss: 100.74631871727749 955
04:52:04 	  dev 0.7318595578673602
04:52:07 	  test 0.7190485871112015
04:52:12 epoch: 138 tr Loss: 104.41407025049604 1008
04:52:14 	  dev 0.7342002600780234
04:52:17 	  test 0.7164057735312055
04:52:23 epoch: 139 tr Loss: 102.72336368110236 1016
04:52:25 	  dev 0.7339401820546164
04:52:28 	  test 0.7180321203496646
04:52:33 epoch: 140 tr Loss: 95.37765842013889 1008
04:52:36 	  dev 0.7347204161248374
04:52:39 	  test 0.7194551738158163
04:52:45 epoch: 141 tr Loss: 98.97773395361381 927
04:52:47 	  dev 0.7334200260078023
04:52:50 	  test 0.7218946940435048
04:52:55 epoch: 142 tr Loss: 94.89971237562189 1005
04:52:57 	  dev 0.7339401820546164
04:53:00 	  test 0.7210815206342752
04:53:05 epoch: 143 tr Loss: 95.1332019328586 983
04:53:07 	  dev 0.7313394018205461
04:53:10 	  test 0.718235413701972
04:53:16 epoch: 144 tr Loss: 88.22412210051546 970
04:53:18 	  dev 0.7310793237971391
04:53:21 	  test 0.7190485871112015
04:53:25 epoch: 145 tr Loss: 96.97085825358852 1045
04:53:28 	  dev 0.7313394018205461
04:53:30 	  test 0.718845293758894
04:53:35 epoch: 146 tr Loss: 89.5801655176899 961
04:53:37 	  dev 0.730039011703511
04:53:39 	  test 0.7178288269973572
04:53:44 epoch: 147 tr Loss: 91.76764534169125 1017
04:53:46 	  dev 0.7305591677503251
04:53:50 	  test 0.7216914006911974
04:53:55 epoch: 148 tr Loss: 99.32997352726387 1027
04:53:57 	  dev 0.7308192457737321
04:54:00 	  test 0.7223012807481195
04:54:05 epoch: 149 tr Loss: 94.35531343190856 1006
04:54:08 	  dev 0.7315994798439532
04:54:11 	  test 0.7186420004065867
04:54:16 epoch: 150 tr Loss: 89.50788136630754 1021
04:54:19 	  dev 0.730299089726918
04:54:21 	  test 0.7225045741004269
04:54:26 epoch: 151 tr Loss: 94.39087829280649 987
04:54:28 	  dev 0.7328998699609883
04:54:31 	  test 0.7210815206342752
04:54:36 epoch: 152 tr Loss: 92.1879995004995 1001
04:54:38 	  dev 0.7305591677503251
04:54:40 	  test 0.7231144541573491
04:54:45 epoch: 153 tr Loss: 90.08088099061264 1012
04:54:47 	  dev 0.7305591677503251
04:54:50 	  test 0.7223012807481195
04:54:54 epoch: 154 tr Loss: 94.6281974871134 970
04:54:57 	  dev 0.7313394018205461
04:54:59 	  test 0.7267737344988819
04:55:05 epoch: 155 tr Loss: 87.22355368207818 1049
04:55:07 	  dev 0.7323797139141742
04:55:11 	  test 0.7279934946127261
04:55:15 epoch: 156 tr Loss: 90.52109122712594 929
04:55:18 	  dev 0.7357607282184655
04:55:21 	  test 0.7292132547265704
04:55:26 epoch: 157 tr Loss: 90.70045751013171 987
04:55:28 	  dev 0.7336801040312093
04:55:30 	  test 0.7304330148404147
04:55:35 epoch: 158 tr Loss: 90.95995518172889 1018
04:55:37 	  dev 0.7362808842652796
04:55:40 	  test 0.733279121772718
04:55:46 epoch: 159 tr Loss: 91.52001813748811 1051
04:55:47 	  dev 0.7391417425227568
04:55:50 	  test 0.7328725350681032
04:55:56 epoch: 160 tr Loss: 87.31408042231492 959
04:55:58 	  dev 0.7388816644993498
04:56:00 	  test 0.7330758284204106
04:56:05 epoch: 161 tr Loss: 89.61411964629451 1039
04:56:08 	  dev 0.7391417425227568
04:56:11 	  test 0.7318560683065664
04:56:16 epoch: 162 tr Loss: 89.5488589963119 949
04:56:18 	  dev 0.7386215864759428
04:56:21 	  test 0.7365318154096361
04:56:26 epoch: 163 tr Loss: 87.8891637277952 957
04:56:28 	  dev 0.7381014304291288
04:56:32 	  test 0.733279121772718
04:56:36 epoch: 164 tr Loss: 85.32027490375361 1039
04:56:39 	  dev 0.7381014304291288
04:56:41 	  test 0.7318560683065664
04:56:45 epoch: 165 tr Loss: 85.75228145204741 928
04:56:48 	  dev 0.7391417425227568
04:56:51 	  test 0.733279121772718
04:56:56 epoch: 166 tr Loss: 80.42173266700405 988
04:56:59 	  dev 0.7401820546163849
04:57:02 	  test 0.7310428948973369
04:57:06 epoch: 167 tr Loss: 82.98495911214954 963
04:57:08 	  dev 0.7375812743823147
04:57:10 	  test 0.7298231347834926
04:57:15 epoch: 168 tr Loss: 86.41138570717132 1004
04:57:17 	  dev 0.7386215864759428
04:57:20 	  test 0.7298231347834926
04:57:25 epoch: 169 tr Loss: 86.35115758384147 984
04:57:27 	  dev 0.7360208062418726
04:57:30 	  test 0.7328725350681032
04:57:34 epoch: 170 tr Loss: 83.72963547086368 961
04:57:37 	  dev 0.7349804941482445
04:57:40 	  test 0.7326692417157958
04:57:44 epoch: 171 tr Loss: 88.51882788657171 983
04:57:47 	  dev 0.7344603381014304
04:57:50 	  test 0.7310428948973369
04:57:55 epoch: 172 tr Loss: 87.64124479676788 1021
04:57:57 	  dev 0.7347204161248374
04:58:00 	  test 0.7338890018296401
04:58:04 epoch: 173 tr Loss: 86.77782346491227 1026
04:58:06 	  dev 0.7355006501950585
04:58:09 	  test 0.7334824151250254
04:58:13 epoch: 174 tr Loss: 83.08759805161944 988
04:58:16 	  dev 0.7368010403120936
04:58:19 	  test 0.7371416954665583
04:58:23 epoch: 175 tr Loss: 83.21710324754902 1020
04:58:26 	  dev 0.7365409622886866
04:58:29 	  test 0.7355153486480992
04:58:34 epoch: 176 tr Loss: 86.1036328125 1000
04:58:37 	  dev 0.7370611183355007
04:58:39 	  test 0.7363285220573287
04:58:44 epoch: 177 tr Loss: 82.9754964668616 1026
04:58:47 	  dev 0.7373211963589077
04:58:50 	  test 0.737548282171173
04:58:55 epoch: 178 tr Loss: 78.94240164974619 985
04:58:57 	  dev 0.7383615084525358
04:59:00 	  test 0.7357186420004066
04:59:05 epoch: 179 tr Loss: 80.82716298411123 1007
04:59:07 	  dev 0.7386215864759428
04:59:09 	  test 0.7357186420004066
04:59:14 epoch: 180 tr Loss: 81.65014085429769 954
04:59:16 	  dev 0.7414824447334201
04:59:19 	  test 0.7328725350681032
04:59:25 epoch: 181 tr Loss: 78.99253598288382 964
04:59:27 	  dev 0.7417425227568271
04:59:30 	  test 0.7320593616588738
04:59:35 epoch: 182 tr Loss: 79.85192819148936 940
04:59:37 	  dev 0.7425227568270482
04:59:40 	  test 0.7326692417157958
04:59:46 epoch: 183 tr Loss: 80.6525545878312 1019
04:59:48 	  dev 0.7433029908972691
04:59:51 	  test 0.7306363081927221
04:59:56 epoch: 184 tr Loss: 83.16712065508021 935
04:59:58 	  dev 0.7453836150845253
05:00:01 	  test 0.7296198414311852
05:00:06 epoch: 185 tr Loss: 81.9818171983185 1011
05:00:09 	  dev 0.7451235370611183
05:00:12 	  test 0.7336857084773328
05:00:17 epoch: 186 tr Loss: 80.52367195873526 933
05:00:19 	  dev 0.7446033810143043
05:00:23 	  test 0.7344988818865623
05:00:27 epoch: 187 tr Loss: 80.13240867296223 1006
05:00:30 	  dev 0.7479843953185956
05:00:33 	  test 0.7361252287050214
05:00:37 epoch: 188 tr Loss: 81.420140625 1000
05:00:41 	  dev 0.7461638491547464
05:00:43 	  test 0.7369384021142509
05:00:48 epoch: 189 tr Loss: 80.51183570359281 1002
05:00:51 	  dev 0.7464239271781534
05:00:53 	  test 0.739174628989632
05:00:58 epoch: 190 tr Loss: 75.56343877291242 982
05:01:01 	  dev 0.7479843953185956
05:01:04 	  test 0.7397845090465541
05:01:08 epoch: 191 tr Loss: 81.52628125 1000
05:01:11 	  dev 0.7482444733420026
05:01:15 	  test 0.7393779223419394
05:01:19 epoch: 192 tr Loss: 77.17952095445736 1032
05:01:22 	  dev 0.7474642392717815
05:01:25 	  test 0.7357186420004066
05:01:30 epoch: 193 tr Loss: 80.23621951219512 1025
05:01:32 	  dev 0.7500650195058518
05:01:35 	  test 0.7389713356373246
05:01:39 epoch: 194 tr Loss: 84.1320882642998 1014
05:01:42 	  dev 0.7505851755526658
05:01:45 	  test 0.7393779223419394
05:01:50 epoch: 195 tr Loss: 79.67017326732673 1010
05:01:52 	  dev 0.7516254876462939
05:01:55 	  test 0.739174628989632
05:02:00 epoch: 196 tr Loss: 82.94488367015968 1002
05:02:02 	  dev 0.7521456436931079
05:02:05 	  test 0.741817442569628
05:02:10 epoch: 197 tr Loss: 75.43991640543365 957
05:02:12 	  dev 0.752665799739922
05:02:14 	  test 0.7410042691603984
05:02:20 epoch: 198 tr Loss: 78.28277081274703 1012
05:02:22 	  dev 0.7511053315994799
05:02:24 	  test 0.7440536694450092
05:02:30 epoch: 199 tr Loss: 79.51035115303984 954
05:02:32 	  dev 0.753185955786736
05:02:34 	  test 0.7428339093311649
05:02:40 epoch: 200 tr Loss: 80.41438833656645 1031
05:02:42 	  dev 0.7508452535760728
05:02:44 	  test 0.7436470827403944
05:02:50 epoch: 201 tr Loss: 75.30049981988472 1041
05:02:52 	  dev 0.7513654096228869
05:02:55 	  test 0.7381581622280952
05:03:00 epoch: 202 tr Loss: 80.03941831683169 1010
05:03:03 	  dev 0.7518855656697009
05:03:06 	  test 0.7393779223419394
05:03:11 epoch: 203 tr Loss: 74.60174704724409 1016
05:03:13 	  dev 0.752665799739922
05:03:16 	  test 0.7365318154096361
05:03:21 epoch: 204 tr Loss: 74.15829816285998 1007
05:03:23 	  dev 0.7513654096228869
05:03:26 	  test 0.7401910957511689
05:03:31 epoch: 205 tr Loss: 76.26096036585366 1025
05:03:34 	  dev 0.7485045513654096
05:03:36 	  test 0.7393779223419394
05:03:41 epoch: 206 tr Loss: 78.53902239476386 974
05:03:43 	  dev 0.7492847854356307
05:03:47 	  test 0.7393779223419394
05:03:52 epoch: 207 tr Loss: 76.1572021952975 1042
05:03:54 	  dev 0.7487646293888166
05:03:57 	  test 0.7403943891034763
05:04:02 epoch: 208 tr Loss: 74.67548746518106 1077
05:04:04 	  dev 0.7505851755526658
05:04:07 	  test 0.7405976824557837
05:04:12 epoch: 209 tr Loss: 73.289404539801 1005
05:04:14 	  dev 0.7521456436931079
05:04:18 	  test 0.7408009758080911
05:04:22 epoch: 210 tr Loss: 74.45904800098717 1013
05:04:25 	  dev 0.7508452535760728
05:04:28 	  test 0.7436470827403944
05:04:33 epoch: 211 tr Loss: 79.89716587475634 1026
05:04:36 	  dev 0.7534460338101431
05:04:39 	  test 0.7412075625127058
05:04:44 epoch: 212 tr Loss: 74.47206851330604 977
05:04:46 	  dev 0.752925877763329
05:04:49 	  test 0.7408009758080911
05:04:54 epoch: 213 tr Loss: 74.41530643203883 1030
05:04:56 	  dev 0.7518855656697009
05:04:59 	  test 0.7428339093311649
05:05:03 epoch: 214 tr Loss: 75.12297661870504 973
05:05:06 	  dev 0.7511053315994799
05:05:09 	  test 0.7405976824557837
05:05:15 epoch: 215 tr Loss: 76.86216958992095 1012
05:05:17 	  dev 0.7521456436931079
05:05:20 	  test 0.745070136206546
05:05:25 epoch: 216 tr Loss: 72.9504518995098 1020
05:05:28 	  dev 0.7516254876462939
05:05:30 	  test 0.743443789388087
05:05:35 epoch: 217 tr Loss: 73.98675875130617 957
05:05:38 	  dev 0.752665799739922
05:05:41 	  test 0.7432404960357797
05:05:46 epoch: 218 tr Loss: 75.69636930110221 998
05:05:49 	  dev 0.7537061118335501
05:05:52 	  test 0.7424273226265501
05:05:57 epoch: 219 tr Loss: 76.6378525720676 1006
05:05:59 	  dev 0.7552665799739922
05:06:02 	  test 0.7399878023988615
05:06:07 epoch: 220 tr Loss: 76.66403896837349 996
05:06:09 	  dev 0.7539661898569571
05:06:12 	  test 0.743443789388087
05:06:16 epoch: 221 tr Loss: 68.03468046315251 977
05:06:18 	  dev 0.7537061118335501
05:06:22 	  test 0.743443789388087
05:06:26 epoch: 222 tr Loss: 70.72664039132601 1003
05:06:29 	  dev 0.7542262678803641
05:06:32 	  test 0.7420207359219354
05:06:37 epoch: 223 tr Loss: 77.0939678485577 1040
05:06:40 	  dev 0.7537061118335501
05:06:43 	  test 0.7401910957511689
05:06:48 epoch: 224 tr Loss: 70.05860552763819 995
05:06:50 	  dev 0.7544863459037712
05:06:53 	  test 0.739174628989632
05:06:58 epoch: 225 tr Loss: 72.2908594521224 1013
05:07:01 	  dev 0.7552665799739922
05:07:04 	  test 0.7428339093311649
05:07:09 epoch: 226 tr Loss: 73.75408417443064 966
05:07:11 	  dev 0.7542262678803641
05:07:14 	  test 0.7408009758080911
05:07:19 epoch: 227 tr Loss: 69.79860065261045 996
05:07:21 	  dev 0.7555266579973993
05:07:24 	  test 0.7428339093311649
05:07:29 epoch: 228 tr Loss: 69.85919831612586 1017
05:07:32 	  dev 0.7570871261378413
05:07:34 	  test 0.7412075625127058
05:07:39 epoch: 229 tr Loss: 70.51331641389433 1022
05:07:42 	  dev 0.7570871261378413
05:07:45 	  test 0.7412075625127058
05:07:51 epoch: 230 tr Loss: 70.86915958737865 1030
05:07:53 	  dev 0.7560468140442133
05:07:56 	  test 0.7420207359219354
05:08:01 epoch: 231 tr Loss: 73.88321256038647 1035
05:08:03 	  dev 0.7565669700910274
05:08:07 	  test 0.7468997763773124
05:08:11 epoch: 232 tr Loss: 70.9025414347166 988
05:08:14 	  dev 0.7586475942782834
05:08:17 	  test 0.7464931896726977
05:08:23 epoch: 233 tr Loss: 72.51092069892474 1023
05:08:26 	  dev 0.7573472041612483
05:08:28 	  test 0.7444602561496239
05:08:34 epoch: 234 tr Loss: 70.66313963849286 982
05:08:37 	  dev 0.7568270481144344
05:08:40 	  test 0.745070136206546
05:08:45 epoch: 235 tr Loss: 70.63750471579476 994
05:08:47 	  dev 0.7581274382314694
05:08:50 	  test 0.7466964830250051
05:08:55 epoch: 236 tr Loss: 68.53651147959184 980
05:08:58 	  dev 0.7568270481144344
05:09:00 	  test 0.7466964830250051
05:09:06 epoch: 237 tr Loss: 66.39434348876698 957
05:09:08 	  dev 0.7581274382314694
05:09:11 	  test 0.7489327099003863
05:09:15 epoch: 238 tr Loss: 71.16565557415036 971
05:09:18 	  dev 0.7596879063719115
05:09:21 	  test 0.7507623500711527
05:09:26 epoch: 239 tr Loss: 71.30651248757455 1006
05:09:29 	  dev 0.7596879063719115
05:09:32 	  test 0.7491360032526936
05:09:37 epoch: 240 tr Loss: 66.30271166424419 1032
05:09:39 	  dev 0.7615084525357607
05:09:42 	  test 0.7489327099003863
