Namespace(alpha0=0, alpha1=0, alpha2=0, alpha3=0, auxiliary_file='datasets/OOKB/head-3000/aux', batch_size=5000, beta0=0.1, beta1=1e-05, dev_file='datasets/OOKB/head-3000/dev', dim=200, entity_size=38195, epoch_size=10000, gpu_device=0, is_balanced_tr=False, is_bernoulli_trick=True, layerR=1, margin_file='', opt_model='Adam', order=1, param_dir='', pool_size=640, pooling_method='avg', rel_size=11, sample_size=64, seed=0, target_dir='head-3000', test_batch_size=20000, test_file='datasets/OOKB/head-3000/test', threshold=300.0, train_file='datasets/OOKB/head-3000/train', train_size=1000, use_gpu=False)
main.py -tD head-3000
04:28:20 load train
04:28:21 set axiaulity
04:28:21 OOKB esetting, use: different edges
04:28:21 load train
04:28:21 load dev
dev size: 4184
04:28:21 load test
test size: 2969
relation size: 11 entity size: 38195
/home/takuo-h/.pyenv/versions/3.6.8/lib/python3.6/site-packages/chainer/functions/normalization/batch_normalization.py:114: UserWarning: A batch with no more than one sample has been given to F.batch_normalization. F.batch_normalization will always output a zero tensor for such batches. This could be caused by incorrect configuration in your code (such as running evaluation while chainer.config.train=True), but could also happen in the last batch of training if non-repeating iterator is used.
  UserWarning)
04:28:27 epoch: 0 tr Loss: 299.06048487103175 1008
04:28:30 	  dev 0.5767208413001912
04:28:32 	  test 0.5725833614011452
04:28:37 epoch: 1 tr Loss: 299.43840299277605 969
04:28:39 	  dev 0.594885277246654
04:28:42 	  test 0.5840350286291681
04:28:46 epoch: 2 tr Loss: 299.32840568862275 1002
04:28:49 	  dev 0.5951242829827916
04:28:51 	  test 0.5783091950151567
04:28:57 epoch: 3 tr Loss: 297.4958313047712 1027
04:29:00 	  dev 0.5889101338432122
04:29:02 	  test 0.57999326372516
04:29:07 epoch: 4 tr Loss: 296.5436278292181 972
04:29:09 	  dev 0.5853250478011472
04:29:12 	  test 0.5772987537891546
04:29:17 epoch: 5 tr Loss: 292.94434971777986 1063
04:29:20 	  dev 0.5860420650095602
04:29:23 	  test 0.5860559110811722
04:29:28 epoch: 6 tr Loss: 294.84741927592955 1022
04:29:31 	  dev 0.5786328871892925
04:29:34 	  test 0.581003704951162
04:29:39 epoch: 7 tr Loss: 293.2235088832487 985
04:29:42 	  dev 0.5791108986615678
04:29:44 	  test 0.5796564499831593
04:29:49 epoch: 8 tr Loss: 291.6249698649952 1037
04:29:52 	  dev 0.5774378585086042
04:29:53 	  test 0.5776355675311553
04:29:59 epoch: 9 tr Loss: 287.6952209472656 1024
04:30:02 	  dev 0.5776768642447419
04:30:04 	  test 0.5772987537891546
04:30:10 epoch: 10 tr Loss: 290.70122691933915 1029
04:30:13 	  dev 0.5803059273422562
04:30:15 	  test 0.5796564499831593
04:30:20 epoch: 11 tr Loss: 283.87434002111934 947
04:30:22 	  dev 0.5736137667304015
04:30:25 	  test 0.5786460087571573
04:30:30 epoch: 12 tr Loss: 285.0802536231884 1035
04:30:32 	  dev 0.5731357552581262
04:30:34 	  test 0.5813405186931627
04:30:39 epoch: 13 tr Loss: 284.3652689096267 1018
04:30:42 	  dev 0.5702676864244742
04:30:45 	  test 0.5823509599191647
04:30:50 epoch: 14 tr Loss: 274.068432313278 964
04:30:53 	  dev 0.5721797323135756
04:30:55 	  test 0.5796564499831593
04:31:00 epoch: 15 tr Loss: 277.3556074766355 1070
04:31:02 	  dev 0.5738527724665392
04:31:04 	  test 0.5759514988211519
04:31:10 epoch: 16 tr Loss: 275.24372598463015 1041
04:31:12 	  dev 0.5740917782026769
04:31:15 	  test 0.5772987537891546
04:31:20 epoch: 17 tr Loss: 275.48242580482895 994
04:31:22 	  dev 0.5776768642447419
04:31:25 	  test 0.57999326372516
04:31:30 epoch: 18 tr Loss: 270.48840428149606 1016
04:31:33 	  dev 0.5738527724665392
04:31:35 	  test 0.57999326372516
04:31:40 epoch: 19 tr Loss: 270.3695652173913 966
04:31:42 	  dev 0.5705066921606119
04:31:44 	  test 0.5843718423711688
04:31:49 epoch: 20 tr Loss: 274.35842092092093 999
04:31:52 	  dev 0.5712237093690249
04:31:54 	  test 0.57999326372516
04:31:59 epoch: 21 tr Loss: 270.5275992990654 963
04:32:01 	  dev 0.5695506692160612
04:32:03 	  test 0.57999326372516
04:32:08 epoch: 22 tr Loss: 262.12971306237216 978
04:32:10 	  dev 0.5702676864244742
04:32:12 	  test 0.5803300774671607
04:32:18 epoch: 23 tr Loss: 258.4306870522006 977
04:32:21 	  dev 0.5707456978967496
04:32:23 	  test 0.5796564499831593
04:32:28 epoch: 24 tr Loss: 256.5108421505906 1016
04:32:30 	  dev 0.5779158699808795
04:32:32 	  test 0.5826877736611654
04:32:37 epoch: 25 tr Loss: 253.4095744680851 1081
04:32:40 	  dev 0.5781548757170172
04:32:42 	  test 0.5880767935331761
04:32:49 epoch: 26 tr Loss: 253.3532436708861 1027
04:32:52 	  dev 0.5819789674952199
04:32:54 	  test 0.5803300774671607
04:33:00 epoch: 27 tr Loss: 245.42600087851406 996
04:33:03 	  dev 0.5862810707456979
04:33:05 	  test 0.5823509599191647
04:33:10 epoch: 28 tr Loss: 243.81124819015443 1036
04:33:13 	  dev 0.5862810707456979
04:33:15 	  test 0.5843718423711688
04:33:20 epoch: 29 tr Loss: 235.91641206163655 941
04:33:23 	  dev 0.5884321223709369
04:33:25 	  test 0.5863927248231728
04:33:30 epoch: 30 tr Loss: 232.4211894132653 980
04:33:33 	  dev 0.6008604206500956
04:33:34 	  test 0.5874031660491748
04:33:40 epoch: 31 tr Loss: 231.8326848249027 1028
04:33:42 	  dev 0.6037284894837476
04:33:44 	  test 0.5944762546311889
04:33:51 epoch: 32 tr Loss: 234.6168565270936 1015
04:33:53 	  dev 0.6101816443594646
04:33:55 	  test 0.5954866958571909
04:34:00 epoch: 33 tr Loss: 225.14867374869655 959
04:34:02 	  dev 0.6195028680688337
04:34:04 	  test 0.5978443920511957
04:34:10 epoch: 34 tr Loss: 222.16732357357358 999
04:34:12 	  dev 0.619263862332696
04:34:14 	  test 0.6012125294712024
04:34:20 epoch: 35 tr Loss: 222.54384146341462 1025
04:34:22 	  dev 0.6211759082217974
04:34:24 	  test 0.6039070394072078
04:34:30 epoch: 36 tr Loss: 219.77620459132189 991
04:34:33 	  dev 0.627151051625239
04:34:35 	  test 0.6066015493432132
04:34:40 epoch: 37 tr Loss: 217.50381136133603 988
04:34:43 	  dev 0.6245219885277247
04:34:45 	  test 0.6066015493432132
04:34:49 epoch: 38 tr Loss: 209.9973722306143 993
04:34:52 	  dev 0.6309751434034416
04:34:54 	  test 0.6092960592792186
04:35:00 epoch: 39 tr Loss: 208.551025390625 1024
04:35:02 	  dev 0.634321223709369
04:35:04 	  test 0.6123273829572247
04:35:09 epoch: 40 tr Loss: 205.89550492610837 1015
04:35:12 	  dev 0.6402963671128107
04:35:14 	  test 0.6123273829572247
04:35:20 epoch: 41 tr Loss: 199.17206613149847 981
04:35:22 	  dev 0.6410133843212237
04:35:25 	  test 0.6156955203772314
04:35:30 epoch: 42 tr Loss: 205.86711597151577 983
04:35:33 	  dev 0.6426864244741873
04:35:35 	  test 0.6190636577972382
04:35:40 epoch: 43 tr Loss: 201.1168548805815 963
04:35:43 	  dev 0.6450764818355641
04:35:45 	  test 0.6197372852812395
04:35:51 epoch: 44 tr Loss: 191.9617139959432 986
04:35:53 	  dev 0.6453154875717018
04:35:55 	  test 0.624452677669249
04:36:00 epoch: 45 tr Loss: 195.48384287925697 969
04:36:03 	  dev 0.6477055449330784
04:36:05 	  test 0.628494442573257
04:36:10 epoch: 46 tr Loss: 192.26635211995864 967
04:36:12 	  dev 0.6534416826003824
04:36:14 	  test 0.6247894914112496
04:36:20 epoch: 47 tr Loss: 198.18676108374385 1015
04:36:22 	  dev 0.654397705544933
04:36:24 	  test 0.6231054227012462
04:36:30 epoch: 48 tr Loss: 191.05168640576724 971
04:36:32 	  dev 0.6589388145315488
04:36:34 	  test 0.6271471876052543
04:36:40 epoch: 49 tr Loss: 185.92405348557693 1040
04:36:43 	  dev 0.6618068833652008
04:36:45 	  test 0.6288312563152577
04:36:50 epoch: 50 tr Loss: 188.9628575870647 1005
04:36:53 	  dev 0.6663479923518164
04:36:55 	  test 0.632536207477265
04:37:00 epoch: 51 tr Loss: 184.33797442244224 909
04:37:02 	  dev 0.6680210325047801
04:37:05 	  test 0.6362411586392724
04:37:10 epoch: 52 tr Loss: 187.3289360920666 1021
04:37:13 	  dev 0.6751912045889101
04:37:15 	  test 0.6423038059952846
04:37:20 epoch: 53 tr Loss: 180.72870173019058 997
04:37:23 	  dev 0.6759082217973231
04:37:25 	  test 0.6443246884472886
04:37:31 epoch: 54 tr Loss: 171.82166645916334 1004
04:37:33 	  dev 0.6782982791586998
04:37:35 	  test 0.643987874705288
04:37:40 epoch: 55 tr Loss: 185.17475665983608 976
04:37:43 	  dev 0.6766252390057361
04:37:45 	  test 0.64499831593129
04:37:52 epoch: 56 tr Loss: 178.3154641775984 991
04:37:55 	  dev 0.6756692160611855
04:37:57 	  test 0.6426406197372853
04:38:03 epoch: 57 tr Loss: 170.17679142084563 1017
04:38:06 	  dev 0.6737571701720841
04:38:08 	  test 0.6463455708992927
04:38:12 epoch: 58 tr Loss: 166.65387537993922 987
04:38:15 	  dev 0.6747131931166348
04:38:17 	  test 0.6463455708992927
04:38:22 epoch: 59 tr Loss: 170.06325954861111 1008
04:38:25 	  dev 0.6754302103250478
04:38:28 	  test 0.6487032670932974
04:38:33 epoch: 60 tr Loss: 167.50504649246705 1062
04:38:36 	  dev 0.6833173996175909
04:38:38 	  test 0.6487032670932974
04:38:44 epoch: 61 tr Loss: 162.91563106207565 1031
04:38:47 	  dev 0.6804493307839388
04:38:49 	  test 0.6487032670932974
04:38:55 epoch: 62 tr Loss: 161.92877103365385 1040
04:38:57 	  dev 0.6792543021032504
04:38:59 	  test 0.6507241495453014
04:39:04 epoch: 63 tr Loss: 157.46977354145343 977
04:39:07 	  dev 0.6833173996175909
04:39:09 	  test 0.6476928258672954
04:39:14 epoch: 64 tr Loss: 157.81546086508754 971
04:39:17 	  dev 0.6833173996175909
04:39:19 	  test 0.6551027281913102
04:39:24 epoch: 65 tr Loss: 167.31121489468404 997
04:39:27 	  dev 0.6823613766730402
04:39:28 	  test 0.6534186594813068
04:39:33 epoch: 66 tr Loss: 152.49798706441393 947
04:39:36 	  dev 0.6852294455066922
04:39:38 	  test 0.6567867969013136
04:39:43 epoch: 67 tr Loss: 158.31519131397638 1016
04:39:46 	  dev 0.6837954110898662
04:39:48 	  test 0.658470865611317
04:39:52 epoch: 68 tr Loss: 155.8484325709779 951
04:39:55 	  dev 0.6861854684512428
04:39:57 	  test 0.661502189289323
04:40:03 epoch: 69 tr Loss: 155.40019066701137 967
04:40:06 	  dev 0.6883365200764818
04:40:08 	  test 0.660491748063321
04:40:12 epoch: 70 tr Loss: 156.64054519918284 979
04:40:14 	  dev 0.6907265774378585
04:40:17 	  test 0.6588076793533176
04:40:22 epoch: 71 tr Loss: 146.36811036150712 982
04:40:24 	  dev 0.6921606118546845
04:40:26 	  test 0.6611653755473224
04:40:31 epoch: 72 tr Loss: 143.0228767207473 1017
04:40:33 	  dev 0.6902485659655831
04:40:36 	  test 0.6628494442573257
04:40:42 epoch: 73 tr Loss: 157.1584776289181 989
04:40:45 	  dev 0.6931166347992351
04:40:47 	  test 0.6655439541933311
04:40:53 epoch: 74 tr Loss: 150.5161648568608 1013
04:40:55 	  dev 0.6928776290630975
04:40:57 	  test 0.6672280229033345
04:41:03 epoch: 75 tr Loss: 144.62548877396569 991
04:41:05 	  dev 0.6995697896749522
04:41:07 	  test 0.6716066015493433
04:41:12 epoch: 76 tr Loss: 153.2658151622718 986
04:41:14 	  dev 0.7000478011472275
04:41:17 	  test 0.6709329740653419
04:41:22 epoch: 77 tr Loss: 145.66685157790928 1014
04:41:24 	  dev 0.6981357552581262
04:41:27 	  test 0.6763219939373526
04:41:31 epoch: 78 tr Loss: 146.63121639784947 1023
04:41:34 	  dev 0.7000478011472275
04:41:36 	  test 0.6739642977433479
04:41:41 epoch: 79 tr Loss: 139.63837329600779 1027
04:41:44 	  dev 0.6998087954110899
04:41:46 	  test 0.6769956214213539
04:41:51 epoch: 80 tr Loss: 143.5971729208925 986
04:41:54 	  dev 0.7000478011472275
04:41:55 	  test 0.6786796901313573
04:42:01 epoch: 81 tr Loss: 143.03733253286148 989
04:42:04 	  dev 0.6986137667304015
04:42:06 	  test 0.68002694509936
04:42:10 epoch: 82 tr Loss: 134.23187315815323 1018
04:42:13 	  dev 0.7033938814531548
04:42:15 	  test 0.6783428763893566
04:42:20 epoch: 83 tr Loss: 140.1654457997988 994
04:42:23 	  dev 0.7055449330783938
04:42:25 	  test 0.6844055237453688
04:42:30 epoch: 84 tr Loss: 138.7058941831683 1010
04:42:33 	  dev 0.7057839388145315
04:42:35 	  test 0.6840687100033681
04:42:41 epoch: 85 tr Loss: 132.07556352459017 1037
04:42:43 	  dev 0.7062619502868069
04:42:45 	  test 0.6871000336813742
04:42:51 epoch: 86 tr Loss: 140.58445197044335 1015
04:42:53 	  dev 0.7065009560229446
04:42:55 	  test 0.6860895924553722
04:43:01 epoch: 87 tr Loss: 134.80768873762375 1010
04:43:04 	  dev 0.7038718929254302
04:43:05 	  test 0.6884472886493769
04:43:11 epoch: 88 tr Loss: 131.9084641959799 995
04:43:13 	  dev 0.7076959847036329
04:43:15 	  test 0.6891209161333782
04:43:20 epoch: 89 tr Loss: 131.4802022417154 1026
04:43:23 	  dev 0.7074569789674953
04:43:25 	  test 0.6877736611653755
04:43:30 epoch: 90 tr Loss: 133.00047110552765 995
04:43:33 	  dev 0.7088910133843213
04:43:35 	  test 0.6921522398113843
04:43:39 epoch: 91 tr Loss: 124.93565397557327 1003
04:43:43 	  dev 0.7093690248565966
04:43:45 	  test 0.6931626810373863
04:43:50 epoch: 92 tr Loss: 129.05476334951456 1030
04:43:53 	  dev 0.7076959847036329
04:43:55 	  test 0.691478612327383
04:44:01 epoch: 93 tr Loss: 132.92774005819592 1031
04:44:04 	  dev 0.7096080305927343
04:44:06 	  test 0.693499494779387
04:44:10 epoch: 94 tr Loss: 128.14634416076845 989
04:44:13 	  dev 0.7119980879541109
04:44:15 	  test 0.693499494779387
04:44:20 epoch: 95 tr Loss: 126.5371479743083 1012
04:44:23 	  dev 0.7105640535372849
04:44:24 	  test 0.6921522398113843
04:44:29 epoch: 96 tr Loss: 127.45677675801448 967
04:44:32 	  dev 0.7160611854684512
04:44:35 	  test 0.6958571909733917
04:44:40 epoch: 97 tr Loss: 126.2145127118644 1003
04:44:43 	  dev 0.7129541108986616
04:44:45 	  test 0.6965308184573931
04:44:50 epoch: 98 tr Loss: 131.84283536585366 1025
04:44:53 	  dev 0.7129541108986616
04:44:55 	  test 0.6961940047153924
04:45:00 epoch: 99 tr Loss: 116.96598340040241 994
04:45:02 	  dev 0.7124760994263862
04:45:04 	  test 0.6978780734253958
04:45:10 epoch: 100 tr Loss: 127.90213414634147 1025
04:45:12 	  dev 0.7131931166347992
04:45:14 	  test 0.7015830245874032
04:45:19 epoch: 101 tr Loss: 130.14732371794872 975
04:45:22 	  dev 0.7158221797323135
04:45:24 	  test 0.7042775345234086
04:45:29 epoch: 102 tr Loss: 123.91843036246276 1007
04:45:32 	  dev 0.7160611854684512
04:45:33 	  test 0.7073088582014146
04:45:39 epoch: 103 tr Loss: 122.89574381510417 960
04:45:42 	  dev 0.7215583173996176
04:45:44 	  test 0.7019198383294039
04:45:49 epoch: 104 tr Loss: 119.88573638613862 1010
04:45:51 	  dev 0.719168260038241
04:45:53 	  test 0.7025934658134052
04:45:58 epoch: 105 tr Loss: 120.00986142392392 999
04:46:01 	  dev 0.7215583173996176
04:46:02 	  test 0.7073088582014146
04:46:08 epoch: 106 tr Loss: 126.64240962009804 1020
04:46:11 	  dev 0.720602294455067
04:46:13 	  test 0.7066352307174133
04:46:18 epoch: 107 tr Loss: 118.76009506777109 996
04:46:21 	  dev 0.719885277246654
04:46:23 	  test 0.7062984169754126
04:46:28 epoch: 108 tr Loss: 119.86133371067683 1049
04:46:31 	  dev 0.7217973231357553
04:46:33 	  test 0.7066352307174133
04:46:38 epoch: 109 tr Loss: 118.11269604400749 1068
04:46:41 	  dev 0.7249043977055449
04:46:43 	  test 0.707982485685416
04:46:48 epoch: 110 tr Loss: 121.00324062804285 1027
04:46:51 	  dev 0.7268164435946463
04:46:53 	  test 0.7116874368474234
04:46:59 epoch: 111 tr Loss: 116.0685325386598 970
04:47:01 	  dev 0.7277724665391969
04:47:03 	  test 0.7106769956214214
04:47:09 epoch: 112 tr Loss: 120.24283394298688 991
04:47:11 	  dev 0.7284894837476099
04:47:13 	  test 0.7116874368474234
04:47:19 epoch: 113 tr Loss: 117.61417682926829 1025
04:47:22 	  dev 0.7280114722753346
04:47:24 	  test 0.7106769956214214
04:47:29 epoch: 114 tr Loss: 113.35529155927836 970
04:47:32 	  dev 0.7292065009560229
04:47:34 	  test 0.7116874368474234
04:47:39 epoch: 115 tr Loss: 117.40574748743718 995
04:47:41 	  dev 0.7284894837476099
04:47:44 	  test 0.7120242505894241
04:47:49 epoch: 116 tr Loss: 117.07728768639329 1073
04:47:51 	  dev 0.7292065009560229
04:47:54 	  test 0.7150555742674302
04:47:59 epoch: 117 tr Loss: 116.58917877166157 981
04:48:01 	  dev 0.7299235181644359
04:48:03 	  test 0.7160660154934322
04:48:09 epoch: 118 tr Loss: 110.8332265848427 1049
04:48:12 	  dev 0.7323135755258127
04:48:14 	  test 0.7170764567194342
04:48:19 epoch: 119 tr Loss: 109.3255131740196 1020
04:48:22 	  dev 0.7308795411089866
04:48:25 	  test 0.7180868979454361
04:48:29 epoch: 120 tr Loss: 113.0995027071563 1062
04:48:32 	  dev 0.7315965583173997
04:48:34 	  test 0.7197709666554395
04:48:39 epoch: 121 tr Loss: 109.5576049293933 956
04:48:41 	  dev 0.7351816443594646
04:48:43 	  test 0.7211182216234422
04:48:48 epoch: 122 tr Loss: 113.29730987548828 1024
04:48:51 	  dev 0.7347036328871893
04:48:53 	  test 0.7207814078814415
04:48:59 epoch: 123 tr Loss: 110.48215606508876 1014
04:49:02 	  dev 0.7299235181644359
04:49:03 	  test 0.7207814078814415
04:49:08 epoch: 124 tr Loss: 111.14932312753037 988
04:49:11 	  dev 0.7296845124282982
04:49:13 	  test 0.7177500842034354
04:49:18 epoch: 125 tr Loss: 112.33918186826641 1021
04:49:20 	  dev 0.7325525812619503
04:49:23 	  test 0.7211182216234422
04:49:28 epoch: 126 tr Loss: 111.23891080097087 1030
04:49:30 	  dev 0.7325525812619503
04:49:33 	  test 0.7217918491074435
04:49:38 epoch: 127 tr Loss: 109.15872733160622 965
04:49:41 	  dev 0.734942638623327
04:49:42 	  test 0.7194341529134388
04:49:47 epoch: 128 tr Loss: 106.34441169393648 1039
04:49:50 	  dev 0.7375717017208413
04:49:52 	  test 0.7241495453014483
04:49:57 epoch: 129 tr Loss: 99.78182296828543 1009
04:50:00 	  dev 0.737810707456979
04:50:02 	  test 0.7238127315594476
04:50:07 epoch: 130 tr Loss: 108.79714133522727 968
04:50:09 	  dev 0.7366156787762906
04:50:11 	  test 0.7221286628494442
04:50:17 epoch: 131 tr Loss: 105.11908169450432 928
04:50:19 	  dev 0.7428298279158699
04:50:21 	  test 0.7207814078814415
04:50:26 epoch: 132 tr Loss: 106.46036430027173 1104
04:50:29 	  dev 0.739961759082218
04:50:31 	  test 0.7231391040754462
04:50:36 epoch: 133 tr Loss: 107.59591021309771 962
04:50:38 	  dev 0.740678776290631
04:50:41 	  test 0.7241495453014483
04:50:46 epoch: 134 tr Loss: 103.50568181818181 957
04:50:49 	  dev 0.7411567877629063
04:50:51 	  test 0.7241495453014483
04:50:57 epoch: 135 tr Loss: 103.80458644278607 1005
04:50:59 	  dev 0.7380497131931166
04:51:02 	  test 0.7258336140114516
04:51:07 epoch: 136 tr Loss: 102.62547910484669 1011
04:51:09 	  dev 0.737810707456979
04:51:11 	  test 0.7238127315594476
04:51:16 epoch: 137 tr Loss: 103.16156705097087 1030
04:51:19 	  dev 0.7373326959847036
04:51:22 	  test 0.7221286628494442
04:51:26 epoch: 138 tr Loss: 102.66640625 1050
04:51:29 	  dev 0.7404397705544933
04:51:31 	  test 0.7187605254294375
04:51:37 epoch: 139 tr Loss: 107.02949507389162 1015
04:51:39 	  dev 0.7418738049713193
04:51:41 	  test 0.7184237116874368
04:51:47 epoch: 140 tr Loss: 97.87723771207585 1002
04:51:50 	  dev 0.740678776290631
04:51:52 	  test 0.7150555742674302
04:51:57 epoch: 141 tr Loss: 104.38785206879362 1003
04:52:00 	  dev 0.7433078393881453
04:52:02 	  test 0.7164028292354329
04:52:07 epoch: 142 tr Loss: 103.41333258470226 974
04:52:09 	  dev 0.7440248565965584
04:52:11 	  test 0.7164028292354329
04:52:16 epoch: 143 tr Loss: 104.19944525686674 983
04:52:19 	  dev 0.7440248565965584
04:52:21 	  test 0.7177500842034354
04:52:27 epoch: 144 tr Loss: 96.04685160928143 1002
04:52:29 	  dev 0.7459369024856597
04:52:31 	  test 0.7201077803974402
04:52:37 epoch: 145 tr Loss: 101.45833074726912 1007
04:52:40 	  dev 0.7452198852772467
04:52:42 	  test 0.7224654765914449
04:52:47 epoch: 146 tr Loss: 93.7969318477131 962
04:52:50 	  dev 0.746414913957935
04:52:52 	  test 0.7271808689794543
04:52:57 epoch: 147 tr Loss: 98.61198173741363 1013
04:53:00 	  dev 0.7476099426386233
04:53:03 	  test 0.727517682721455
04:53:08 epoch: 148 tr Loss: 97.01292475728155 1030
04:53:11 	  dev 0.748565965583174
04:53:13 	  test 0.7318962613674638
04:53:18 epoch: 149 tr Loss: 94.873609375 1000
04:53:20 	  dev 0.748565965583174
04:53:23 	  test 0.7325698888514651
04:53:28 epoch: 150 tr Loss: 102.91085177277432 966
04:53:31 	  dev 0.7488049713193117
04:53:33 	  test 0.7332435163354665
04:53:38 epoch: 151 tr Loss: 95.19854525862068 1015
04:53:41 	  dev 0.747848948374761
04:53:43 	  test 0.7305490063994611
04:53:48 epoch: 152 tr Loss: 101.08673224568138 1042
04:53:50 	  dev 0.7468929254302104
04:53:52 	  test 0.7308858201414618
04:53:57 epoch: 153 tr Loss: 103.88853551288936 931
04:54:00 	  dev 0.7480879541108987
04:54:02 	  test 0.7359380262714719
04:54:05 epoch: 154 tr Loss: 98.39274172699069 967
04:54:09 	  dev 0.7502390057361377
04:54:10 	  test 0.7325698888514651
04:54:16 epoch: 155 tr Loss: 90.34790625 1000
04:54:19 	  dev 0.752151051625239
04:54:20 	  test 0.7366116537554732
04:54:26 epoch: 156 tr Loss: 95.11435688405797 966
04:54:29 	  dev 0.752151051625239
04:54:31 	  test 0.7362748400134725
04:54:37 epoch: 157 tr Loss: 93.2283491098295 997
04:54:40 	  dev 0.7519120458891013
04:54:42 	  test 0.7372852812394746
04:54:48 epoch: 158 tr Loss: 92.72185607971745 991
04:54:51 	  dev 0.7511950286806883
04:54:53 	  test 0.7342539575614685
04:54:59 epoch: 159 tr Loss: 97.77497167673717 993
04:55:01 	  dev 0.7526290630975143
04:55:03 	  test 0.7369484674974739
04:55:09 epoch: 160 tr Loss: 93.91018318965517 1015
04:55:12 	  dev 0.752868068833652
04:55:14 	  test 0.7362748400134725
04:55:19 epoch: 161 tr Loss: 94.27377988047809 1004
04:55:22 	  dev 0.755019120458891
04:55:24 	  test 0.7372852812394746
04:55:29 epoch: 162 tr Loss: 93.01635911226508 1011
04:55:32 	  dev 0.7590822179732314
04:55:34 	  test 0.7359380262714719
04:55:39 epoch: 163 tr Loss: 90.21390787760417 960
04:55:41 	  dev 0.7574091778202677
04:55:44 	  test 0.7382957224654766
04:55:48 epoch: 164 tr Loss: 89.55905285109561 1004
04:55:51 	  dev 0.7595602294455067
04:55:53 	  test 0.7386325362074773
04:55:58 epoch: 165 tr Loss: 89.26282821745562 1014
04:56:01 	  dev 0.7562141491395793
04:56:03 	  test 0.7366116537554732
04:56:08 epoch: 166 tr Loss: 87.28805826163968 988
04:56:11 	  dev 0.7574091778202677
04:56:13 	  test 0.7332435163354665
04:56:18 epoch: 167 tr Loss: 91.43704959381552 954
04:56:21 	  dev 0.7588432122370937
04:56:23 	  test 0.7356012125294712
04:56:28 epoch: 168 tr Loss: 90.9159823219659 997
04:56:30 	  dev 0.7602772466539197
04:56:32 	  test 0.7342539575614685
04:56:37 epoch: 169 tr Loss: 93.32856706532922 972
04:56:39 	  dev 0.7559751434034416
04:56:42 	  test 0.7312226338834624
04:56:47 epoch: 170 tr Loss: 90.89362254531721 993
04:56:50 	  dev 0.7583652007648184
04:56:52 	  test 0.7339171438194678
04:56:57 epoch: 171 tr Loss: 87.29705308473736 1009
04:57:00 	  dev 0.7562141491395793
04:57:02 	  test 0.7329067025934658
04:57:08 epoch: 172 tr Loss: 91.81157907662083 1018
04:57:11 	  dev 0.755019120458891
04:57:13 	  test 0.7325698888514651
04:57:18 epoch: 173 tr Loss: 94.61133000481232 1039
04:57:20 	  dev 0.7559751434034416
04:57:22 	  test 0.7332435163354665
04:57:26 epoch: 174 tr Loss: 92.8081643543223 937
04:57:29 	  dev 0.7562141491395793
04:57:31 	  test 0.7322330751094644
04:57:36 epoch: 175 tr Loss: 88.00670377114662 1064
04:57:38 	  dev 0.7564531548757171
04:57:40 	  test 0.7325698888514651
04:57:45 epoch: 176 tr Loss: 88.09794283919598 995
04:57:48 	  dev 0.7581261950286807
04:57:50 	  test 0.7339171438194678
04:57:55 epoch: 177 tr Loss: 91.10353036556604 1060
04:57:58 	  dev 0.7590822179732314
04:57:59 	  test 0.7342539575614685
04:58:05 epoch: 178 tr Loss: 86.43798496605238 1031
04:58:07 	  dev 0.7597992351816444
04:58:09 	  test 0.7329067025934658
04:58:14 epoch: 179 tr Loss: 86.710093932393 1028
04:58:17 	  dev 0.7602772466539197
04:58:19 	  test 0.7356012125294712
04:58:25 epoch: 180 tr Loss: 90.66906469188376 998
04:58:27 	  dev 0.7619502868068834
04:58:29 	  test 0.7389693499494779
04:58:34 epoch: 181 tr Loss: 83.17418606822709 1004
04:58:38 	  dev 0.7631453154875717
04:58:40 	  test 0.7406534186594813
04:58:46 epoch: 182 tr Loss: 86.12112929726997 989
04:58:49 	  dev 0.762906309751434
04:58:50 	  test 0.7396429774334793
04:58:56 epoch: 183 tr Loss: 83.85636786750483 1034
04:58:59 	  dev 0.7619502868068834
04:59:01 	  test 0.7433479285954867
04:59:07 epoch: 184 tr Loss: 87.24737566553728 1033
04:59:09 	  dev 0.7609942638623327
04:59:12 	  test 0.7436847423374874
04:59:18 epoch: 185 tr Loss: 86.37033518602541 1102
04:59:20 	  dev 0.7645793499043977
04:59:22 	  test 0.73997979117548
04:59:27 epoch: 186 tr Loss: 81.68504661432777 1019
04:59:30 	  dev 0.7633843212237094
04:59:32 	  test 0.7433479285954867
04:59:37 epoch: 187 tr Loss: 90.2311529404277 982
04:59:40 	  dev 0.7633843212237094
04:59:43 	  test 0.7436847423374874
04:59:48 epoch: 188 tr Loss: 81.48347566316316 999
04:59:51 	  dev 0.7617112810707457
04:59:53 	  test 0.7484001347254968
04:59:58 epoch: 189 tr Loss: 82.2887181684623 1021
05:00:01 	  dev 0.7631453154875717
05:00:03 	  test 0.7473896934994948
05:00:08 epoch: 190 tr Loss: 82.60855141625616 1015
05:00:10 	  dev 0.76434034416826
05:00:12 	  test 0.7487369484674975
05:00:18 epoch: 191 tr Loss: 83.29050288076152 998
05:00:21 	  dev 0.762906309751434
05:00:23 	  test 0.7490737622094982
05:00:28 epoch: 192 tr Loss: 81.59059772065956 1031
05:00:31 	  dev 0.763623326959847
05:00:33 	  test 0.7480633209834961
05:00:39 epoch: 193 tr Loss: 81.881103515625 1024
05:00:41 	  dev 0.765057361376673
05:00:43 	  test 0.7514314584035029
05:00:48 epoch: 194 tr Loss: 81.23054216122651 1011
05:00:51 	  dev 0.7631453154875717
05:00:53 	  test 0.7541259683395083
05:00:58 epoch: 195 tr Loss: 81.40508575282631 973
05:01:00 	  dev 0.7648183556405354
05:01:03 	  test 0.7500842034355002
05:01:08 epoch: 196 tr Loss: 81.96390998505976 1004
05:01:10 	  dev 0.7624282982791587
05:01:13 	  test 0.7504210171775009
05:01:18 epoch: 197 tr Loss: 82.86232567809621 977
05:01:21 	  dev 0.7655353728489483
05:01:23 	  test 0.7537891545975076
05:01:28 epoch: 198 tr Loss: 80.2110962906504 984
05:01:31 	  dev 0.7633843212237094
05:01:33 	  test 0.7524418996295049
05:01:38 epoch: 199 tr Loss: 79.15709935897436 975
05:01:41 	  dev 0.7633843212237094
05:01:43 	  test 0.7500842034355002
05:01:48 epoch: 200 tr Loss: 79.74991696859904 1035
05:01:51 	  dev 0.7626673040152964
05:01:53 	  test 0.754462782081509
05:01:58 epoch: 201 tr Loss: 81.49083968233471 968
05:02:01 	  dev 0.76434034416826
05:02:03 	  test 0.7534523408555069
05:02:09 epoch: 202 tr Loss: 83.45358643075356 982
05:02:11 	  dev 0.7655353728489483
05:02:14 	  test 0.7514314584035029
05:02:19 epoch: 203 tr Loss: 76.41012174926398 1019
05:02:21 	  dev 0.7662523900573613
05:02:23 	  test 0.7537891545975076
05:02:27 epoch: 204 tr Loss: 82.7236390063425 946
05:02:30 	  dev 0.7669694072657743
05:02:32 	  test 0.7524418996295049
05:02:38 epoch: 205 tr Loss: 81.12420296717171 990
05:02:40 	  dev 0.766491395793499
05:02:43 	  test 0.7517682721455036
05:02:48 epoch: 206 tr Loss: 76.3019840772317 997
05:02:50 	  dev 0.767208413001912
05:02:52 	  test 0.7514314584035029
05:02:58 epoch: 207 tr Loss: 81.81493805201178 1019
05:03:01 	  dev 0.7648183556405354
05:03:03 	  test 0.7517682721455036
05:03:09 epoch: 208 tr Loss: 81.37754981024668 1054
05:03:12 	  dev 0.7681644359464627
05:03:14 	  test 0.7517682721455036
05:03:19 epoch: 209 tr Loss: 81.57152277805362 1007
05:03:22 	  dev 0.7719885277246654
05:03:24 	  test 0.7524418996295049
05:03:29 epoch: 210 tr Loss: 82.39598868806875 989
05:03:32 	  dev 0.7700764818355641
05:03:34 	  test 0.7507578309195015
05:03:40 epoch: 211 tr Loss: 78.04229580784913 981
05:03:43 	  dev 0.7698374760994264
05:03:45 	  test 0.7497473896934995
05:03:51 epoch: 212 tr Loss: 75.878640625 1000
05:03:53 	  dev 0.7712715105162524
05:03:56 	  test 0.7517682721455036
05:04:01 epoch: 213 tr Loss: 77.73020582932692 1040
05:04:04 	  dev 0.7717495219885278
05:04:06 	  test 0.7507578309195015
05:04:11 epoch: 214 tr Loss: 77.96785648826979 1023
05:04:14 	  dev 0.7717495219885278
05:04:16 	  test 0.7517682721455036
05:04:21 epoch: 215 tr Loss: 78.90388083683106 953
05:04:24 	  dev 0.7731835564053537
05:04:26 	  test 0.7497473896934995
05:04:31 epoch: 216 tr Loss: 77.69939665841584 1010
05:04:35 	  dev 0.7724665391969407
05:04:37 	  test 0.7521050858875042
05:04:42 epoch: 217 tr Loss: 76.08345694883967 948
05:04:45 	  dev 0.7722275334608031
05:04:47 	  test 0.7517682721455036
05:04:53 epoch: 218 tr Loss: 79.46375281531532 999
05:04:55 	  dev 0.7727055449330784
05:04:57 	  test 0.7547995958235096
05:05:01 epoch: 219 tr Loss: 81.23806575977933 997
05:05:04 	  dev 0.7739005736137667
05:05:06 	  test 0.754462782081509
05:05:12 epoch: 220 tr Loss: 77.25462666495902 976
05:05:14 	  dev 0.7753346080305927
05:05:16 	  test 0.7534523408555069
05:05:22 epoch: 221 tr Loss: 78.32483264514515 999
05:05:24 	  dev 0.7762906309751434
05:05:26 	  test 0.7561468507915123
05:05:31 epoch: 222 tr Loss: 74.92539182939363 973
05:05:34 	  dev 0.7741395793499044
05:05:36 	  test 0.7534523408555069
05:05:41 epoch: 223 tr Loss: 77.83510502049181 976
05:05:44 	  dev 0.7746175908221797
05:05:46 	  test 0.7534523408555069
05:05:51 epoch: 224 tr Loss: 73.38178685897437 975
05:05:53 	  dev 0.7736615678776291
05:05:55 	  test 0.755473223307511
05:06:00 epoch: 225 tr Loss: 78.00387323943661 1065
05:06:03 	  dev 0.7717495219885278
05:06:05 	  test 0.7558100370495117
05:06:11 epoch: 226 tr Loss: 79.79555400674273 964
05:06:13 	  dev 0.7739005736137667
05:06:15 	  test 0.7568204782755137
05:06:21 epoch: 227 tr Loss: 78.50720503198819 1016
05:06:24 	  dev 0.7724665391969407
05:06:26 	  test 0.7551364095655103
05:06:30 epoch: 228 tr Loss: 72.73874838917526 970
05:06:33 	  dev 0.7719885277246654
05:06:35 	  test 0.756483664533513
05:06:41 epoch: 229 tr Loss: 75.9986015625 1000
05:06:44 	  dev 0.7719885277246654
05:06:46 	  test 0.7578309195015157
05:06:51 epoch: 230 tr Loss: 75.63352272727273 1001
05:06:53 	  dev 0.7722275334608031
05:06:56 	  test 0.7551364095655103
05:07:00 epoch: 231 tr Loss: 77.48804631753313 981
05:07:02 	  dev 0.7750956022944551
05:07:04 	  test 0.7561468507915123
05:07:10 epoch: 232 tr Loss: 73.06531949173151 1028
05:07:12 	  dev 0.7743785850860421
05:07:14 	  test 0.7611990569215223
05:07:19 epoch: 233 tr Loss: 73.07823339940535 1009
05:07:22 	  dev 0.7760516252390057
05:07:24 	  test 0.7622094981475244
05:07:30 epoch: 234 tr Loss: 72.75373905642023 1028
05:07:32 	  dev 0.7739005736137667
05:07:35 	  test 0.7628831256315257
05:07:40 epoch: 235 tr Loss: 71.44609904404646 1033
05:07:43 	  dev 0.7748565965583174
05:07:45 	  test 0.7578309195015157
05:07:49 epoch: 236 tr Loss: 73.76457532051282 975
05:07:52 	  dev 0.7739005736137667
05:07:55 	  test 0.7578309195015157
05:08:00 epoch: 237 tr Loss: 71.8062054933876 983
05:08:02 	  dev 0.7750956022944551
05:08:04 	  test 0.7595149882115191
05:08:10 epoch: 238 tr Loss: 75.25307561063218 1044
05:08:13 	  dev 0.7762906309751434
05:08:15 	  test 0.7585045469855171
05:08:20 epoch: 239 tr Loss: 72.68082891164858 1013
05:08:22 	  dev 0.7767686424474187
05:08:24 	  test 0.7585045469855171
05:08:30 epoch: 240 tr Loss: 76.47962124013807 1014
05:08:32 	  dev 0.7762906309751434
05:08:35 	  test 0.7578309195015157
05:08:41 epoch: 241 tr Loss: 74.83159558128544 1058
05:08:43 	  dev 0.7746175908221797
05:08:45 	  test 0.7591781744695184
05:08:50 epoch: 242 tr Loss: 72.02205427794263 1011
05:08:53 	  dev 0.7741395793499044
05:08:55 	  test 0.7588413607275177
05:09:01 epoch: 243 tr Loss: 72.42039023631841 1005
05:09:04 	  dev 0.7734225621414914
05:09:06 	  test 0.7551364095655103
05:09:11 epoch: 244 tr Loss: 74.90080054012346 972
05:09:14 	  dev 0.7746175908221797
05:09:16 	  test 0.7595149882115191
05:09:22 epoch: 245 tr Loss: 74.20595755347594 935
05:09:24 	  dev 0.7755736137667304
05:09:26 	  test 0.7588413607275177
05:09:31 epoch: 246 tr Loss: 72.46110508171604 979
05:09:34 	  dev 0.7758126195028681
05:09:36 	  test 0.7581677332435164
05:09:42 epoch: 247 tr Loss: 76.2156989216141 1078
