Namespace(alpha0=0, alpha1=0, alpha2=0, alpha3=0, auxiliary_file='datasets/OOKB/head-1000/aux', batch_size=5000, beta0=0.1, beta1=0.001, dev_file='datasets/OOKB/head-1000/dev', dim=200, entity_size=38195, epoch_size=1000, gpu_device=0, is_balanced_tr=False, is_bernoulli_trick=True, layerR=1, margin_file='', opt_model='Adam', order=1, param_dir='', pool_size=640, pooling_method='avg', rel_size=11, sample_size=64, seed=0, target_dir='head-1000', test_batch_size=20000, test_file='datasets/OOKB/head-1000/test', threshold=300.0, train_file='datasets/OOKB/head-1000/train', train_size=1000, use_gpu=False)
main.py
04:14:49 load train
04:14:50 set axiaulity
04:14:50 OOKB esetting, use: different edges
04:14:50 load train
04:14:50 load dev
dev size: 4613
04:14:50 load test
test size: 994
relation size: 11 entity size: 38195
04:14:54 epoch: 0 tr Loss: 298.91855586172346 998
04:14:55 	  dev 0.5610231953175807
04:14:56 	  test 0.5301810865191147
/Users/takuo-h/.pyenv/versions/3.6.4/lib/python3.6/site-packages/chainer/functions/normalization/batch_normalization.py:114: UserWarning: A batch with no more than one sample has been given to F.batch_normalization. F.batch_normalization will always output a zero tensor for such batches. This could be caused by incorrect configuration in your code (such as running evaluation while chainer.config.train=True), but could also happen in the last batch of training if non-repeating iterator is used.
  UserWarning)
04:14:59 epoch: 1 tr Loss: 298.71890846855985 986
04:15:00 	  dev 0.5933232169954477
04:15:01 	  test 0.5724346076458753
04:15:04 epoch: 2 tr Loss: 297.79507211538464 988
04:15:06 	  dev 0.5811836115326252
04:15:06 	  test 0.5845070422535211
04:15:10 epoch: 3 tr Loss: 298.9377450980392 1020
04:15:11 	  dev 0.5818339475395621
04:15:12 	  test 0.5724346076458753
04:15:15 epoch: 4 tr Loss: 297.5794512195122 1025
04:15:17 	  dev 0.5894212009538261
04:15:18 	  test 0.5804828973843058
04:15:21 epoch: 5 tr Loss: 294.6293853950104 962
04:15:23 	  dev 0.5889876436158682
04:15:23 	  test 0.5724346076458753
04:15:27 epoch: 6 tr Loss: 295.01567307692306 975
04:15:29 	  dev 0.5896379796228051
04:15:29 	  test 0.5653923541247485
04:15:33 epoch: 7 tr Loss: 293.1623483316481 989
04:15:34 	  dev 0.5768480381530458
04:15:35 	  test 0.5603621730382293
04:15:38 epoch: 8 tr Loss: 295.7224448897796 998
04:15:40 	  dev 0.5766312594840668
04:15:41 	  test 0.5513078470824949
04:15:44 epoch: 9 tr Loss: 292.03966922339407 1043
04:15:46 	  dev 0.574897030132235
04:15:47 	  test 0.5482897384305835
04:15:50 epoch: 10 tr Loss: 289.8502155172414 986
04:15:52 	  dev 0.5731628007804032
04:15:52 	  test 0.5482897384305835
04:15:56 epoch: 11 tr Loss: 283.9909393491124 1014
04:15:57 	  dev 0.5722956861044873
04:15:58 	  test 0.5492957746478874
04:16:02 epoch: 12 tr Loss: 289.63748177842564 1029
04:16:03 	  dev 0.5738131367873401
04:16:04 	  test 0.5412474849094567
04:16:07 epoch: 13 tr Loss: 285.95035855588526 1011
04:16:09 	  dev 0.5709950140906135
04:16:09 	  test 0.5412474849094567
04:16:13 epoch: 14 tr Loss: 281.8636230009407 1063
04:16:15 	  dev 0.5766312594840668
04:16:15 	  test 0.545271629778672
04:16:19 epoch: 15 tr Loss: 282.5477362204724 1016
04:16:20 	  dev 0.5777151528289616
04:16:21 	  test 0.5462776659959758
04:16:24 epoch: 16 tr Loss: 274.79738624744374 978
04:16:26 	  dev 0.5761977021461088
04:16:26 	  test 0.5462776659959758
04:16:30 epoch: 17 tr Loss: 279.52017017629777 1021
04:16:31 	  dev 0.5777151528289616
04:16:32 	  test 0.5593561368209256
04:16:35 epoch: 18 tr Loss: 280.40415335463257 939
04:16:37 	  dev 0.582701062215478
04:16:37 	  test 0.5603621730382293
04:16:40 epoch: 19 tr Loss: 271.08152709359604 1015
04:16:42 	  dev 0.5855191849122047
04:16:43 	  test 0.5543259557344065
04:16:46 epoch: 20 tr Loss: 272.5526567278287 981
04:16:48 	  dev 0.5892044222848472
04:16:48 	  test 0.5603621730382293
04:16:52 epoch: 21 tr Loss: 269.7497539370079 1016
04:16:53 	  dev 0.5846520702362887
04:16:54 	  test 0.5583501006036218
04:16:57 epoch: 22 tr Loss: 263.10301853707415 998
04:16:59 	  dev 0.5814003902016042
04:16:59 	  test 0.5513078470824949
04:17:03 epoch: 23 tr Loss: 260.5778192270059 1022
04:17:05 	  dev 0.5846520702362887
04:17:05 	  test 0.5573440643863179
04:17:09 epoch: 24 tr Loss: 257.3934066632757 983
04:17:10 	  dev 0.590505094298721
04:17:11 	  test 0.5523138832997988
04:17:14 epoch: 25 tr Loss: 250.77963966836734 980
04:17:16 	  dev 0.5944071103403425
04:17:16 	  test 0.5603621730382293
04:17:20 epoch: 26 tr Loss: 251.61560744382024 1068
04:17:22 	  dev 0.598309126381964
04:17:23 	  test 0.5694164989939637
04:17:26 epoch: 27 tr Loss: 249.60413956815816 961
04:17:28 	  dev 0.5976587903750271
04:17:28 	  test 0.5724346076458753
04:17:31 epoch: 28 tr Loss: 245.54938193743692 991
04:17:33 	  dev 0.6026446997615434
04:17:34 	  test 0.5774647887323944
04:17:37 epoch: 29 tr Loss: 241.77051800626305 958
04:17:39 	  dev 0.6097983958378496
04:17:39 	  test 0.5835010060362174
04:17:42 epoch: 30 tr Loss: 237.46340334525024 979
04:17:44 	  dev 0.6158681985692608
04:17:44 	  test 0.579476861167002
04:17:48 epoch: 31 tr Loss: 232.75378593429159 974
04:17:50 	  dev 0.6189030999349664
04:17:50 	  test 0.5814889336016097
04:17:54 epoch: 32 tr Loss: 234.1889316502463 1015
04:17:55 	  dev 0.6269239106871883
04:17:56 	  test 0.5895372233400402
04:17:59 epoch: 33 tr Loss: 221.93872549019608 1071
04:18:01 	  dev 0.6325601560806416
04:18:01 	  test 0.596579476861167
04:18:05 epoch: 34 tr Loss: 222.75466918945312 1024
04:18:06 	  dev 0.6351615001083893
04:18:07 	  test 0.5925553319919518
04:18:10 epoch: 35 tr Loss: 226.55726456815816 961
04:18:12 	  dev 0.6388467374810318
04:18:12 	  test 0.5925553319919518
04:18:16 epoch: 36 tr Loss: 221.62669486053719 968
04:18:17 	  dev 0.6433990895295902
04:18:18 	  test 0.6006036217303823
04:18:21 epoch: 37 tr Loss: 215.5932224428997 1007
04:18:23 	  dev 0.6477346629091697
04:18:24 	  test 0.596579476861167
04:18:27 epoch: 38 tr Loss: 210.27052408854166 960
04:18:29 	  dev 0.6477346629091697
04:18:29 	  test 0.60261569416499
04:18:33 epoch: 39 tr Loss: 199.5914675245098 1020
04:18:35 	  dev 0.6460004335573379
04:18:35 	  test 0.6116700201207244
04:18:38 epoch: 40 tr Loss: 207.94225193298968 970
04:18:40 	  dev 0.6512031216128333
04:18:41 	  test 0.6056338028169014
04:18:44 epoch: 41 tr Loss: 202.63194271868787 1006
04:18:46 	  dev 0.6518534576197702
04:18:46 	  test 0.607645875251509
04:18:50 epoch: 42 tr Loss: 201.9331527217742 992
04:18:52 	  dev 0.6590071536960763
04:18:52 	  test 0.6066398390342053
04:18:55 epoch: 43 tr Loss: 195.55702006646217 978
04:18:57 	  dev 0.661608497723824
04:18:57 	  test 0.6237424547283702
04:19:01 epoch: 44 tr Loss: 194.75387055837564 985
04:19:02 	  dev 0.6670279644482983
04:19:03 	  test 0.6187122736418511
04:19:06 epoch: 45 tr Loss: 194.66005777310923 952
04:19:08 	  dev 0.6733145458486884
04:19:08 	  test 0.6197183098591549
04:19:12 epoch: 46 tr Loss: 196.2919473552894 1002
04:19:14 	  dev 0.6735313245176675
04:19:14 	  test 0.6207243460764588
04:19:18 epoch: 47 tr Loss: 193.53134164222874 1023
04:19:19 	  dev 0.6720138738348147
04:19:20 	  test 0.6287726358148893
04:19:23 epoch: 48 tr Loss: 192.31174165824063 989
04:19:25 	  dev 0.6728809885107305
04:19:26 	  test 0.6338028169014085
04:19:29 epoch: 49 tr Loss: 180.90412910922586 943
04:19:31 	  dev 0.6722306525037937
04:19:31 	  test 0.6388329979879276
04:19:35 epoch: 50 tr Loss: 189.22579992529882 1004
04:19:36 	  dev 0.6783004552352049
04:19:37 	  test 0.6327967806841046
04:19:40 epoch: 51 tr Loss: 178.09183801404214 997
04:19:42 	  dev 0.6806850205939735
04:19:42 	  test 0.6348088531187123
04:19:46 epoch: 52 tr Loss: 183.00276268115942 1035
04:19:48 	  dev 0.6787340125731628
04:19:48 	  test 0.6297786720321932
04:19:52 epoch: 53 tr Loss: 186.36570373062017 1032
04:19:53 	  dev 0.6791675699111207
04:19:54 	  test 0.6287726358148893
04:19:58 epoch: 54 tr Loss: 181.37040621927238 1017
04:19:59 	  dev 0.67721656189031
04:20:00 	  test 0.630784708249497
04:20:03 epoch: 55 tr Loss: 171.67819246810598 1019
04:20:05 	  dev 0.6785172339041838
04:20:05 	  test 0.6398390342052314
04:20:09 epoch: 56 tr Loss: 177.31970477975634 1067
04:20:11 	  dev 0.6791675699111207
04:20:11 	  test 0.6398390342052314
04:20:15 epoch: 57 tr Loss: 167.9692739151874 1014
04:20:17 	  dev 0.6835031432907002
04:20:17 	  test 0.6458752515090543
04:20:21 epoch: 58 tr Loss: 171.34577404317957 1019
04:20:22 	  dev 0.6867548233253847
04:20:23 	  test 0.6468812877263581
04:20:26 epoch: 59 tr Loss: 164.86587591240877 959
04:20:28 	  dev 0.693258183394754
04:20:29 	  test 0.6509054325955734
04:20:32 epoch: 60 tr Loss: 165.35310905612246 980
04:20:34 	  dev 0.6941252980706698
04:20:34 	  test 0.6498993963782697
04:20:38 epoch: 61 tr Loss: 171.123948019802 1010
04:20:39 	  dev 0.6917407327119012
04:20:40 	  test 0.6549295774647887
04:20:43 epoch: 62 tr Loss: 167.9991455078125 1024
04:20:45 	  dev 0.6965098634294385
04:20:46 	  test 0.6579476861167002
04:20:49 epoch: 63 tr Loss: 167.27397768317854 969
04:20:51 	  dev 0.6984608714502493
04:20:51 	  test 0.6599597585513078
04:20:55 epoch: 64 tr Loss: 160.5327066977429 1019
04:20:57 	  dev 0.700628658140039
04:20:57 	  test 0.6599597585513078
04:21:01 epoch: 65 tr Loss: 152.75116488568588 1006
04:21:02 	  dev 0.7019293301539129
04:21:03 	  test 0.6629778672032193
04:21:06 epoch: 66 tr Loss: 155.61943743358128 941
04:21:08 	  dev 0.7032300021677866
04:21:08 	  test 0.6710261569416499
04:21:12 epoch: 67 tr Loss: 157.013851842871 1031
04:21:13 	  dev 0.7062649035334922
04:21:14 	  test 0.6659959758551308
04:21:17 epoch: 68 tr Loss: 157.5308320473251 972
04:21:19 	  dev 0.7079991328853241
04:21:20 	  test 0.6659959758551308
04:21:23 epoch: 69 tr Loss: 164.5210262345679 972
04:21:25 	  dev 0.7099501409061348
04:21:25 	  test 0.6690140845070423
04:21:29 epoch: 70 tr Loss: 159.98209099709584 1033
04:21:31 	  dev 0.708649468892261
04:21:31 	  test 0.6680080482897385
04:21:35 epoch: 71 tr Loss: 147.44467059118236 998
04:21:37 	  dev 0.7129850422718405
04:21:38 	  test 0.6720321931589537
04:21:41 epoch: 72 tr Loss: 150.04701506474103 1004
04:21:43 	  dev 0.7149360502926512
04:21:43 	  test 0.6830985915492958
04:21:47 epoch: 73 tr Loss: 151.9486976630964 1027
04:21:49 	  dev 0.716453500975504
04:21:50 	  test 0.6861167002012073
04:21:53 epoch: 74 tr Loss: 147.13354349415204 1026
04:21:55 	  dev 0.717103836982441
04:21:55 	  test 0.6800804828973843
04:21:59 epoch: 75 tr Loss: 148.89639978344562 1039
04:22:01 	  dev 0.716887058313462
04:22:01 	  test 0.682092555331992
04:22:05 epoch: 76 tr Loss: 146.2169814222441 1016
04:22:07 	  dev 0.7160199436375461
04:22:07 	  test 0.6861167002012073
04:22:10 epoch: 77 tr Loss: 146.5107200148075 1013
04:22:12 	  dev 0.7177541729893778
04:22:13 	  test 0.6871227364185111
04:22:16 epoch: 78 tr Loss: 140.80871658805032 954
04:22:18 	  dev 0.7199219596791676
04:22:18 	  test 0.6891348088531187
04:22:21 epoch: 79 tr Loss: 145.3176832208293 1037
04:22:23 	  dev 0.7214394103620204
04:22:24 	  test 0.6901408450704225
04:22:27 epoch: 80 tr Loss: 138.85951368343194 1014
04:22:29 	  dev 0.7223065250379362
04:22:29 	  test 0.693158953722334
04:22:33 epoch: 81 tr Loss: 136.92161646845915 967
04:22:34 	  dev 0.7210058530240624
04:22:35 	  test 0.6881287726358148
04:22:38 epoch: 82 tr Loss: 134.75449299125515 972
04:22:40 	  dev 0.7223065250379362
04:22:41 	  test 0.6911468812877264
04:22:44 epoch: 83 tr Loss: 142.09906781781783 999
04:22:46 	  dev 0.7253414264036419
04:22:47 	  test 0.6951710261569416
04:22:51 epoch: 84 tr Loss: 145.8662340059055 1016
04:22:52 	  dev 0.724040754389768
04:22:53 	  test 0.7002012072434608
04:22:57 epoch: 85 tr Loss: 136.69774185587363 1013
04:22:59 	  dev 0.7242575330587471
04:22:59 	  test 0.6941649899396378
04:23:03 epoch: 86 tr Loss: 140.55764460309777 1033
04:23:05 	  dev 0.7253414264036419
04:23:05 	  test 0.693158953722334
04:23:09 epoch: 87 tr Loss: 131.1022713110668 1003
04:23:11 	  dev 0.7275092130934316
04:23:11 	  test 0.6941649899396378
04:23:15 epoch: 88 tr Loss: 128.52976623062017 1032
04:23:16 	  dev 0.7290266637762844
04:23:17 	  test 0.6981891348088531
04:23:20 epoch: 89 tr Loss: 132.458005831643 986
04:23:22 	  dev 0.7264253197485367
04:23:23 	  test 0.7012072434607646
04:23:26 epoch: 90 tr Loss: 135.7435 1000
04:23:28 	  dev 0.7259917624105788
04:23:28 	  test 0.7092555331991952
04:23:32 epoch: 91 tr Loss: 134.92023273273273 999
04:23:34 	  dev 0.7275092130934316
04:23:34 	  test 0.7072434607645876
04:23:37 epoch: 92 tr Loss: 136.04495255235602 955
04:23:39 	  dev 0.7285931064383264
04:23:39 	  test 0.7112676056338029
04:23:43 epoch: 93 tr Loss: 132.43533583005893 1018
04:23:45 	  dev 0.7307608931281162
04:23:45 	  test 0.7142857142857143
04:23:49 epoch: 94 tr Loss: 129.89022277227724 1010
04:23:51 	  dev 0.7327119011489269
04:23:51 	  test 0.716297786720322
04:23:55 epoch: 95 tr Loss: 134.81572345020325 984
04:23:56 	  dev 0.7348796878387167
04:23:57 	  test 0.7132796780684104
04:24:01 epoch: 96 tr Loss: 127.64294158997956 978
04:24:02 	  dev 0.7344461305007587
04:24:03 	  test 0.7193158953722334
04:24:06 epoch: 97 tr Loss: 129.11370168786692 1022
04:24:08 	  dev 0.7394320398872751
04:24:09 	  test 0.721327967806841
04:24:12 epoch: 98 tr Loss: 130.93567018839104 982
04:24:14 	  dev 0.7379145892044223
04:24:15 	  test 0.7142857142857143
04:24:18 epoch: 99 tr Loss: 122.29914212588473 989
04:24:20 	  dev 0.7409494905701279
04:24:20 	  test 0.7152917505030181
04:24:24 epoch: 100 tr Loss: 122.77888881845841 986
04:24:26 	  dev 0.7405159332321699
04:24:26 	  test 0.7243460764587525
04:24:30 epoch: 101 tr Loss: 121.67530356262327 1014
04:24:31 	  dev 0.7381313678734013
04:24:32 	  test 0.7253521126760564
04:24:35 epoch: 102 tr Loss: 120.50210160818713 1026
04:24:37 	  dev 0.7381313678734013
04:24:38 	  test 0.7253521126760564
04:24:41 epoch: 103 tr Loss: 123.51897210487077 1006
04:24:43 	  dev 0.7415998265770648
04:24:43 	  test 0.7323943661971831
04:24:47 epoch: 104 tr Loss: 129.12827571358267 1016
04:24:49 	  dev 0.7418166052460438
04:24:49 	  test 0.727364185110664
04:24:52 epoch: 105 tr Loss: 124.99304934882534 979
04:24:54 	  dev 0.7431172772599176
04:24:55 	  test 0.7283702213279678
04:24:58 epoch: 106 tr Loss: 122.85031188241106 1012
04:25:00 	  dev 0.7442011706048125
04:25:00 	  test 0.7193158953722334
04:25:04 epoch: 107 tr Loss: 127.51119066848906 1006
04:25:05 	  dev 0.7457186212876653
04:25:06 	  test 0.7303822937625755
04:25:09 epoch: 108 tr Loss: 111.16626908396947 1048
04:25:11 	  dev 0.7468025146325602
04:25:11 	  test 0.7253521126760564
04:25:15 epoch: 109 tr Loss: 116.88027127391742 993
04:25:16 	  dev 0.7444179492737915
04:25:17 	  test 0.7323943661971831
04:25:20 epoch: 110 tr Loss: 116.02122287626962 1083
04:25:22 	  dev 0.7472360719705181
04:25:22 	  test 0.7404426559356136
04:25:26 epoch: 111 tr Loss: 115.65928044394842 1008
04:25:27 	  dev 0.7465857359635811
04:25:28 	  test 0.7313883299798792
04:25:31 epoch: 112 tr Loss: 115.31599624284351 1048
04:25:33 	  dev 0.7424669412529807
04:25:34 	  test 0.727364185110664
04:25:37 epoch: 113 tr Loss: 110.09645206766918 931
04:25:39 	  dev 0.7396488185562541
04:25:39 	  test 0.7303822937625755
04:25:43 epoch: 114 tr Loss: 115.25643920898438 1024
04:25:45 	  dev 0.7420333839150227
04:25:45 	  test 0.7253521126760564
04:25:49 epoch: 115 tr Loss: 114.03310537291462 1019
04:25:50 	  dev 0.7413830479080858
04:25:51 	  test 0.7253521126760564
04:25:54 epoch: 116 tr Loss: 115.53895558406647 1023
04:25:56 	  dev 0.7422501625840018
04:25:57 	  test 0.7313883299798792
04:26:01 epoch: 117 tr Loss: 116.99864130434783 1012
04:26:02 	  dev 0.7446347279427704
04:26:03 	  test 0.7364185110663984
04:26:06 epoch: 118 tr Loss: 111.78694077352085 1031
04:26:08 	  dev 0.7437676132668546
04:26:09 	  test 0.7344064386317908
04:26:12 epoch: 119 tr Loss: 111.61671830314586 1049
04:26:14 	  dev 0.7472360719705181
04:26:14 	  test 0.7293762575452716
04:26:18 epoch: 120 tr Loss: 105.76361696787149 996
04:26:19 	  dev 0.748319965315413
04:26:20 	  test 0.7344064386317908
04:26:23 epoch: 121 tr Loss: 110.79322704730417 983
04:26:25 	  dev 0.7496206373292867
04:26:26 	  test 0.7334004024144869
04:26:29 epoch: 122 tr Loss: 113.93597360819328 952
04:26:31 	  dev 0.748319965315413
04:26:31 	  test 0.7354124748490946
04:26:35 epoch: 123 tr Loss: 105.33935969020173 1041
04:26:37 	  dev 0.7489703013223499
04:26:37 	  test 0.7394366197183099
04:26:40 epoch: 124 tr Loss: 106.76538346215352 938
04:26:42 	  dev 0.7541729893778453
04:26:42 	  test 0.7424547283702213
04:26:46 epoch: 125 tr Loss: 107.80995209619341 972
04:26:47 	  dev 0.7515716453500976
04:26:48 	  test 0.7364185110663984
04:26:51 epoch: 126 tr Loss: 110.3962531887755 980
04:26:53 	  dev 0.7537394320398872
04:26:54 	  test 0.7454728370221329
04:26:57 epoch: 127 tr Loss: 106.12457956213308 1022
04:26:59 	  dev 0.7517884240190765
04:26:59 	  test 0.744466800804829
04:27:03 epoch: 128 tr Loss: 101.34575400801603 998
04:27:04 	  dev 0.7533058747019293
04:27:05 	  test 0.7394366197183099
04:27:08 epoch: 129 tr Loss: 102.92362067885772 998
04:27:10 	  dev 0.7502709733362237
04:27:10 	  test 0.7404426559356136
04:27:14 epoch: 130 tr Loss: 110.53786871373308 1034
04:27:16 	  dev 0.7543897680468242
04:27:16 	  test 0.7394366197183099
04:27:20 epoch: 131 tr Loss: 104.40228569532908 942
04:27:21 	  dev 0.7515716453500976
04:27:22 	  test 0.7434607645875252
04:27:25 epoch: 132 tr Loss: 104.72315808067832 973
04:27:27 	  dev 0.7515716453500976
04:27:28 	  test 0.7434607645875252
04:27:31 epoch: 133 tr Loss: 106.0548239979445 973
04:27:33 	  dev 0.7496206373292867
04:27:33 	  test 0.7434607645875252
04:27:36 epoch: 134 tr Loss: 102.02432753164557 1027
04:27:38 	  dev 0.7528723173639714
04:27:39 	  test 0.7434607645875252
04:27:42 epoch: 135 tr Loss: 105.11046529869478 996
04:27:44 	  dev 0.7530890960329504
04:27:44 	  test 0.7414486921529175
04:27:48 epoch: 136 tr Loss: 109.60444162436548 985
04:27:49 	  dev 0.7537394320398872
04:27:50 	  test 0.7424547283702213
04:27:53 epoch: 137 tr Loss: 105.159908919598 995
04:27:55 	  dev 0.756123997398656
04:27:56 	  test 0.744466800804829
04:27:59 epoch: 138 tr Loss: 98.56247020972354 1049
04:28:01 	  dev 0.755473661391719
04:28:01 	  test 0.7464788732394366
04:28:04 epoch: 139 tr Loss: 102.88364026236125 991
04:28:06 	  dev 0.7580750054194667
04:28:07 	  test 0.7505030181086519
04:28:10 epoch: 140 tr Loss: 99.78872596153846 975
04:28:12 	  dev 0.7604595707782354
04:28:12 	  test 0.7535211267605634
04:28:16 epoch: 141 tr Loss: 99.96852331606217 965
04:28:18 	  dev 0.7587253414264037
04:28:18 	  test 0.7505030181086519
04:28:22 epoch: 142 tr Loss: 102.35885318673566 1063
04:28:23 	  dev 0.7621938001300672
04:28:24 	  test 0.7505030181086519
04:28:27 epoch: 143 tr Loss: 107.30430237676056 994
04:28:29 	  dev 0.7626273574680251
04:28:30 	  test 0.7484909456740443
04:28:33 epoch: 144 tr Loss: 100.23195778564207 989
04:28:35 	  dev 0.7621938001300672
04:28:35 	  test 0.7424547283702213
04:28:38 epoch: 145 tr Loss: 97.8968962585034 1029
04:28:40 	  dev 0.763060914805983
04:28:41 	  test 0.7474849094567404
04:28:44 epoch: 146 tr Loss: 104.0558716781496 1016
04:28:46 	  dev 0.7634944721439411
04:28:46 	  test 0.7474849094567404
04:28:49 epoch: 147 tr Loss: 97.54931141359918 978
04:28:51 	  dev 0.7643615868198569
04:28:52 	  test 0.744466800804829
04:28:55 epoch: 148 tr Loss: 99.67620386754297 989
04:28:57 	  dev 0.7656622588337307
04:28:57 	  test 0.7424547283702213
04:29:01 epoch: 149 tr Loss: 93.06326992753623 1035
04:29:03 	  dev 0.7641448081508779
04:29:04 	  test 0.7474849094567404
04:29:07 epoch: 150 tr Loss: 92.14975639275075 1007
04:29:09 	  dev 0.7650119228267939
04:29:10 	  test 0.7464788732394366
04:29:13 epoch: 151 tr Loss: 101.70217411148978 1027
04:29:15 	  dev 0.7667461521786256
04:29:15 	  test 0.744466800804829
04:29:18 epoch: 152 tr Loss: 95.40846752183405 916
04:29:20 	  dev 0.7689139388684153
04:29:21 	  test 0.7434607645875252
04:29:24 epoch: 153 tr Loss: 95.2067218440594 1010
04:29:26 	  dev 0.7684803815304574
04:29:26 	  test 0.7374245472837022
04:29:30 epoch: 154 tr Loss: 95.63653456532417 1018
04:29:31 	  dev 0.7699978322133102
04:29:32 	  test 0.7414486921529175
04:29:36 epoch: 155 tr Loss: 96.9449773593899 1049
04:29:37 	  dev 0.771515282896163
04:29:38 	  test 0.738430583501006
04:29:41 epoch: 156 tr Loss: 97.58175649847095 981
04:29:43 	  dev 0.7736830695859528
04:29:43 	  test 0.744466800804829
04:29:47 epoch: 157 tr Loss: 95.85649287564767 965
04:29:48 	  dev 0.771515282896163
04:29:49 	  test 0.7454728370221329
04:29:52 epoch: 158 tr Loss: 98.09565797738694 995
04:29:54 	  dev 0.7730327335790158
04:29:55 	  test 0.7505030181086519
04:29:58 epoch: 159 tr Loss: 95.42622268123668 938
04:30:00 	  dev 0.7758508562757425
04:30:00 	  test 0.7484909456740443
04:30:04 epoch: 160 tr Loss: 99.37129262728146 1041
04:30:06 	  dev 0.7743334055928897
04:30:06 	  test 0.7494969818913481
04:30:09 epoch: 161 tr Loss: 93.30745408298097 946
04:30:11 	  dev 0.7738998482549317
04:30:11 	  test 0.7484909456740443
04:30:15 epoch: 162 tr Loss: 95.69096868635438 982
04:30:16 	  dev 0.771732061565142
04:30:17 	  test 0.7494969818913481
04:30:21 epoch: 163 tr Loss: 90.82775333016176 1051
04:30:22 	  dev 0.771732061565142
04:30:23 	  test 0.7474849094567404
04:30:26 epoch: 164 tr Loss: 93.59014548538622 958
04:30:28 	  dev 0.7725991762410579
04:30:28 	  test 0.7464788732394366
04:30:32 epoch: 165 tr Loss: 94.8399588654224 1018
04:30:34 	  dev 0.7730327335790158
04:30:34 	  test 0.7565392354124748
04:30:38 epoch: 166 tr Loss: 87.11801781400966 1035
04:30:39 	  dev 0.7745501842618686
04:30:40 	  test 0.7515090543259557
04:30:43 epoch: 167 tr Loss: 89.29154131876228 1018
04:30:45 	  dev 0.7738998482549317
04:30:45 	  test 0.7505030181086519
04:30:49 epoch: 168 tr Loss: 94.55268490374873 987
04:30:50 	  dev 0.7762844136137004
04:30:51 	  test 0.7474849094567404
04:30:54 epoch: 169 tr Loss: 96.31882546164773 1056
04:30:56 	  dev 0.7760676349447214
04:30:57 	  test 0.7515090543259557
04:31:00 epoch: 170 tr Loss: 89.4875366335372 981
04:31:02 	  dev 0.7773683069585953
04:31:02 	  test 0.7545271629778671
04:31:06 epoch: 171 tr Loss: 88.68386017050912 1041
04:31:08 	  dev 0.7756340776067635
04:31:08 	  test 0.7605633802816901
04:31:11 epoch: 172 tr Loss: 87.47209821428571 966
04:31:13 	  dev 0.7758508562757425
04:31:13 	  test 0.7545271629778671
04:31:17 epoch: 173 tr Loss: 94.11775622605364 1044
04:31:19 	  dev 0.7762844136137004
04:31:19 	  test 0.7585513078470825
04:31:23 epoch: 174 tr Loss: 94.25027641992551 1074
04:31:24 	  dev 0.7769347496206374
04:31:25 	  test 0.7565392354124748
04:31:28 epoch: 175 tr Loss: 92.89732032790927 1014
04:31:30 	  dev 0.7804032083243009
04:31:30 	  test 0.7525150905432596
04:31:34 epoch: 176 tr Loss: 92.23885004821601 1037
04:31:36 	  dev 0.7773683069585953
04:31:36 	  test 0.7535211267605634
04:31:40 epoch: 177 tr Loss: 92.1472747833843 981
04:31:41 	  dev 0.779536093648385
04:31:42 	  test 0.7505030181086519
04:31:46 epoch: 178 tr Loss: 88.86760478486647 1011
04:31:48 	  dev 0.7804032083243009
04:31:48 	  test 0.755533199195171
04:31:52 epoch: 179 tr Loss: 90.75872145432692 1040
04:31:53 	  dev 0.779102536310427
04:31:54 	  test 0.7585513078470825
04:31:57 epoch: 180 tr Loss: 87.312 1000
04:31:59 	  dev 0.7808367656622588
04:32:00 	  test 0.7635814889336016
04:32:03 epoch: 181 tr Loss: 83.54544082125604 1035
04:32:05 	  dev 0.7814871016691958
04:32:05 	  test 0.7635814889336016
04:32:09 epoch: 182 tr Loss: 86.25721807065217 1012
04:32:10 	  dev 0.7832213310210275
04:32:11 	  test 0.7605633802816901
04:32:14 epoch: 183 tr Loss: 89.13763265054294 1013
04:32:16 	  dev 0.7819206590071537
04:32:17 	  test 0.7655935613682092
04:32:20 epoch: 184 tr Loss: 83.33254894578313 996
04:32:22 	  dev 0.7821374376761326
04:32:23 	  test 0.7655935613682092
04:32:26 epoch: 185 tr Loss: 80.49531410751028 972
04:32:28 	  dev 0.7804032083243009
04:32:29 	  test 0.7645875251509054
04:32:33 epoch: 186 tr Loss: 86.09539800995024 1005
04:32:35 	  dev 0.7817038803381747
04:32:36 	  test 0.7676056338028169
04:32:39 epoch: 187 tr Loss: 84.44927428909952 1055
04:32:41 	  dev 0.7836548883589854
04:32:42 	  test 0.761569416498994
04:32:45 epoch: 188 tr Loss: 86.17530897797131 976
04:32:47 	  dev 0.7823542163451116
04:32:48 	  test 0.7595573440643864
04:32:52 epoch: 189 tr Loss: 82.45260364790836 1004
04:32:53 	  dev 0.7845220030349014
04:32:54 	  test 0.7665995975855131
04:32:57 epoch: 190 tr Loss: 84.49460771947528 991
04:32:59 	  dev 0.7834381096900065
04:33:00 	  test 0.7635814889336016
04:33:03 epoch: 191 tr Loss: 91.05580471965021 972
04:33:05 	  dev 0.7847387817038803
04:33:05 	  test 0.7625754527162978
04:33:09 epoch: 192 tr Loss: 83.61570297504798 1042
04:33:10 	  dev 0.7823542163451116
04:33:11 	  test 0.7585513078470825
04:33:14 epoch: 193 tr Loss: 84.73020320197044 1015
04:33:16 	  dev 0.7834381096900065
04:33:16 	  test 0.7665995975855131
04:33:20 epoch: 194 tr Loss: 83.7926625944287 1059
04:33:22 	  dev 0.7849555603728593
04:33:22 	  test 0.7585513078470825
04:33:25 epoch: 195 tr Loss: 80.30559227089627 993
04:33:27 	  dev 0.787773683069586
04:33:28 	  test 0.761569416498994
04:33:31 epoch: 196 tr Loss: 80.68879953522504 1022
04:33:33 	  dev 0.7864730110557121
04:33:33 	  test 0.7605633802816901
04:33:37 epoch: 197 tr Loss: 84.33553743961353 1035
04:33:38 	  dev 0.7864730110557121
04:33:39 	  test 0.7635814889336016
04:33:42 epoch: 198 tr Loss: 83.06238996478874 994
04:33:44 	  dev 0.7866897897246911
04:33:45 	  test 0.7645875251509054
04:33:48 epoch: 199 tr Loss: 80.27600546176762 1007
04:33:50 	  dev 0.7864730110557121
04:33:50 	  test 0.7625754527162978
04:33:54 epoch: 200 tr Loss: 82.6350914790174 977
04:33:55 	  dev 0.787556904400607
04:33:56 	  test 0.7655935613682092
04:33:59 epoch: 201 tr Loss: 89.98569119458128 1015
04:34:01 	  dev 0.7882072404075439
04:34:01 	  test 0.7676056338028169
04:34:05 epoch: 202 tr Loss: 76.88740935773481 1086
04:34:07 	  dev 0.7879904617385649
04:34:07 	  test 0.7746478873239436
04:34:10 epoch: 203 tr Loss: 81.77515768348624 981
04:34:12 	  dev 0.7879904617385649
04:34:12 	  test 0.7736418511066399
04:34:16 epoch: 204 tr Loss: 80.51765164038657 983
04:34:17 	  dev 0.7908085844352916
04:34:18 	  test 0.7676056338028169
04:34:21 epoch: 205 tr Loss: 80.81453238813735 961
04:34:23 	  dev 0.7884240190765228
04:34:23 	  test 0.7655935613682092
04:34:26 epoch: 206 tr Loss: 76.34679820712137 997
04:34:28 	  dev 0.7895079124214177
04:34:29 	  test 0.7676056338028169
04:34:32 epoch: 207 tr Loss: 79.21896594274432 1013
04:34:34 	  dev 0.7886407977455019
04:34:35 	  test 0.7665995975855131
04:34:38 epoch: 208 tr Loss: 74.89894852576809 1009
04:34:40 	  dev 0.7899414697593756
04:34:41 	  test 0.7686116700201208
04:34:44 epoch: 209 tr Loss: 80.6811359714004 1014
04:34:46 	  dev 0.7914589204422284
04:34:46 	  test 0.7706237424547284
04:34:50 epoch: 210 tr Loss: 80.82755353705485 1039
04:34:51 	  dev 0.7918924777801865
04:34:52 	  test 0.7706237424547284
04:34:55 epoch: 211 tr Loss: 80.68188175154322 972
04:34:57 	  dev 0.7931931497940603
04:34:58 	  test 0.7686116700201208
04:35:01 epoch: 212 tr Loss: 82.30187747035573 1012
04:35:03 	  dev 0.7927595924561023
04:35:04 	  test 0.7696177062374245
04:35:07 epoch: 213 tr Loss: 78.95512623152709 1015
04:35:09 	  dev 0.7927595924561023
04:35:09 	  test 0.7686116700201208
04:35:13 epoch: 214 tr Loss: 81.24006025920542 1032
04:35:14 	  dev 0.7914589204422284
04:35:15 	  test 0.7676056338028169
04:35:18 epoch: 215 tr Loss: 72.9186086683417 995
04:35:20 	  dev 0.7914589204422284
04:35:20 	  test 0.7635814889336016
04:35:24 epoch: 216 tr Loss: 79.75821659482759 986
04:35:25 	  dev 0.7910253631042705
04:35:26 	  test 0.7696177062374245
04:35:29 epoch: 217 tr Loss: 77.02380717665615 951
04:35:31 	  dev 0.7936267071320182
04:35:32 	  test 0.772635814889336
04:35:35 epoch: 218 tr Loss: 74.13854166666667 1005
04:35:37 	  dev 0.7910253631042705
04:35:38 	  test 0.7655935613682092
04:35:41 epoch: 219 tr Loss: 76.94382326707441 981
04:35:43 	  dev 0.7910253631042705
04:35:44 	  test 0.7766599597585513
04:35:47 epoch: 220 tr Loss: 74.45344172297297 962
04:35:49 	  dev 0.7934099284630393
04:35:49 	  test 0.7736418511066399
04:35:53 epoch: 221 tr Loss: 79.84039736124876 1009
04:35:54 	  dev 0.7927595924561023
04:35:55 	  test 0.7756539235412475
04:35:58 epoch: 222 tr Loss: 75.13275940533981 1030
04:36:00 	  dev 0.7947106004769131
04:36:01 	  test 0.7655935613682092
04:36:04 epoch: 223 tr Loss: 73.16001966783217 1001
04:36:06 	  dev 0.7934099284630393
04:36:06 	  test 0.772635814889336
04:36:09 epoch: 224 tr Loss: 77.79823166167665 1002
04:36:11 	  dev 0.7929763711250813
04:36:12 	  test 0.7746478873239436
04:36:15 epoch: 225 tr Loss: 78.19214210403 1067
04:36:17 	  dev 0.7934099284630393
04:36:17 	  test 0.7746478873239436
04:36:21 epoch: 226 tr Loss: 72.16366615853659 1025
04:36:23 	  dev 0.7929763711250813
04:36:24 	  test 0.7746478873239436
04:36:27 epoch: 227 tr Loss: 74.50019570390782 998
04:36:29 	  dev 0.7927595924561023
04:36:30 	  test 0.7736418511066399
04:36:33 epoch: 228 tr Loss: 79.83641891891892 925
04:36:35 	  dev 0.7966616084977238
04:36:36 	  test 0.7756539235412475
04:36:40 epoch: 229 tr Loss: 74.9103125 975
04:36:42 	  dev 0.7977455018426187
04:36:43 	  test 0.7796780684104627
04:36:46 epoch: 230 tr Loss: 76.82747139517717 1016
04:36:48 	  dev 0.7957944938218079
04:36:49 	  test 0.7756539235412475
04:36:52 epoch: 231 tr Loss: 81.94912899600399 1001
04:36:54 	  dev 0.7968783871667028
04:36:54 	  test 0.778672032193159
04:36:58 epoch: 232 tr Loss: 74.66804319207623 997
04:36:59 	  dev 0.7955777151528289
04:37:00 	  test 0.7736418511066399
04:37:03 epoch: 233 tr Loss: 76.79425777331996 997
04:37:05 	  dev 0.7949273791458921
04:37:06 	  test 0.7806841046277666
04:37:09 epoch: 234 tr Loss: 76.13113952020203 990
04:37:11 	  dev 0.7944938218079342
04:37:11 	  test 0.7776659959758552
04:37:16 epoch: 235 tr Loss: 77.71006610576923 1040
04:37:18 	  dev 0.7949273791458921
04:37:18 	  test 0.778672032193159
04:37:23 epoch: 236 tr Loss: 78.07056826636905 1008
04:37:24 	  dev 0.7947106004769131
04:37:25 	  test 0.783702213279678
04:37:28 epoch: 237 tr Loss: 73.10600519825918 1034
04:37:30 	  dev 0.7938434858009972
04:37:31 	  test 0.7826961770623743
04:37:34 epoch: 238 tr Loss: 78.00438282064651 959
04:37:36 	  dev 0.7955777151528289
04:37:36 	  test 0.7826961770623743
04:37:40 epoch: 239 tr Loss: 76.04081145216962 1014
04:37:41 	  dev 0.7968783871667028
04:37:42 	  test 0.7857142857142857
04:37:45 epoch: 240 tr Loss: 73.75180466436328 1013
04:37:47 	  dev 0.7962280511597659
04:37:47 	  test 0.7816901408450704
04:37:51 epoch: 241 tr Loss: 70.34315849311702 1017
04:37:53 	  dev 0.7975287231736398
04:37:54 	  test 0.783702213279678
04:37:58 epoch: 242 tr Loss: 74.12061990316005 981
04:38:00 	  dev 0.7977455018426187
04:38:01 	  test 0.7826961770623743
04:38:05 epoch: 243 tr Loss: 72.5502630739796 980
04:38:07 	  dev 0.7966616084977238
04:38:08 	  test 0.7857142857142857
04:38:11 epoch: 244 tr Loss: 73.28884353103103 999
04:38:13 	  dev 0.7975287231736398
04:38:13 	  test 0.7867203219315896
04:38:17 epoch: 245 tr Loss: 70.3815813924678 1009
04:38:19 	  dev 0.7983958378495556
04:38:19 	  test 0.7826961770623743
04:38:22 epoch: 246 tr Loss: 74.91829359407484 962
04:38:24 	  dev 0.7973119445046607
04:38:25 	  test 0.7826961770623743
04:38:28 epoch: 247 tr Loss: 72.90061698717949 975
04:38:29 	  dev 0.7988293951875135
04:38:30 	  test 0.7867203219315896
04:38:33 epoch: 248 tr Loss: 70.11847956730769 1040
04:38:35 	  dev 0.7990461738564926
04:38:36 	  test 0.7847082494969819
04:38:39 epoch: 249 tr Loss: 69.13643654942966 1052
04:38:41 	  dev 0.7999132885324084
04:38:41 	  test 0.7877263581488934
04:38:45 epoch: 250 tr Loss: 73.66877074821247 979
04:38:47 	  dev 0.8007804032083243
04:38:47 	  test 0.789738430583501
04:38:50 epoch: 251 tr Loss: 66.73739643136743 958
04:38:52 	  dev 0.8005636245393454
04:38:52 	  test 0.7907444668008048
04:38:56 epoch: 252 tr Loss: 72.25205592105263 988
04:38:57 	  dev 0.7990461738564926
04:38:58 	  test 0.7907444668008048
04:39:01 epoch: 253 tr Loss: 71.81963282013685 1023
04:39:03 	  dev 0.7992629525254715
04:39:03 	  test 0.7887323943661971
04:39:07 epoch: 254 tr Loss: 70.10001880641926 997
04:39:08 	  dev 0.7990461738564926
04:39:09 	  test 0.7917505030181087
04:39:12 epoch: 255 tr Loss: 65.6037497003835 1043
04:39:14 	  dev 0.8020810752221982
04:39:15 	  test 0.7877263581488934
04:39:18 epoch: 256 tr Loss: 68.03134300595238 1008
04:39:20 	  dev 0.8014307392152612
04:39:20 	  test 0.795774647887324
04:39:24 epoch: 257 tr Loss: 68.9122442879915 941
04:39:25 	  dev 0.8016475178842402
04:39:26 	  test 0.7947686116700201
04:39:29 epoch: 258 tr Loss: 71.93454640058766 1021
04:39:31 	  dev 0.8014307392152612
04:39:31 	  test 0.795774647887324
04:39:34 epoch: 259 tr Loss: 72.07535359327217 981
04:39:36 	  dev 0.8005636245393454
04:39:37 	  test 0.7937625754527163
04:39:40 epoch: 260 tr Loss: 67.03250370872033 969
04:39:42 	  dev 0.8022978538911771
04:39:42 	  test 0.7967806841046278
04:39:45 epoch: 261 tr Loss: 72.30032058964525 1043
04:39:47 	  dev 0.8025146325601561
04:39:48 	  test 0.7927565392354124
04:39:51 epoch: 262 tr Loss: 72.41870288944723 995
04:39:53 	  dev 0.8025146325601561
04:39:53 	  test 0.7967806841046278
04:39:56 epoch: 263 tr Loss: 70.90011846823771 976
04:39:58 	  dev 0.8009971818773033
04:39:59 	  test 0.7927565392354124
04:40:02 epoch: 264 tr Loss: 72.67096195376017 984
04:40:03 	  dev 0.8016475178842402
04:40:04 	  test 0.7977867203219315
04:40:07 epoch: 265 tr Loss: 73.28492556594489 1016
04:40:09 	  dev 0.8001300672013874
04:40:09 	  test 0.795774647887324
04:40:13 epoch: 266 tr Loss: 73.69771391557128 989
04:40:14 	  dev 0.8009971818773033
04:40:15 	  test 0.7907444668008048
04:40:18 epoch: 267 tr Loss: 68.42032251602564 936
04:40:20 	  dev 0.7990461738564926
04:40:20 	  test 0.7947686116700201
04:40:23 epoch: 268 tr Loss: 68.30570516032064 998
04:40:25 	  dev 0.7990461738564926
04:40:26 	  test 0.7917505030181087
04:40:29 epoch: 269 tr Loss: 72.2026337474645 986
04:40:31 	  dev 0.7999132885324084
04:40:31 	  test 0.7937625754527163
04:40:35 epoch: 270 tr Loss: 69.0083140807393 1028
04:40:36 	  dev 0.7999132885324084
04:40:37 	  test 0.7937625754527163
04:40:40 epoch: 271 tr Loss: 65.67620156712735 1013
04:40:42 	  dev 0.8016475178842402
04:40:43 	  test 0.7977867203219315
04:40:46 epoch: 272 tr Loss: 66.40830400955579 968
04:40:48 	  dev 0.8016475178842402
04:40:48 	  test 0.7927565392354124
04:40:51 epoch: 273 tr Loss: 68.7118871297242 979
04:40:53 	  dev 0.8001300672013874
04:40:54 	  test 0.7967806841046278
04:40:57 epoch: 274 tr Loss: 67.63234186746988 996
04:40:59 	  dev 0.7999132885324084
04:40:59 	  test 0.789738430583501
04:41:03 epoch: 275 tr Loss: 67.6101523241206 995
04:41:04 	  dev 0.803164968567093
04:41:05 	  test 0.7857142857142857
04:41:08 epoch: 276 tr Loss: 69.23628631498471 981
04:41:10 	  dev 0.8007804032083243
04:41:10 	  test 0.783702213279678
04:41:14 epoch: 277 tr Loss: 65.89258218555094 962
04:41:15 	  dev 0.8007804032083243
04:41:16 	  test 0.7877263581488934
04:41:19 epoch: 278 tr Loss: 68.75538572888283 1101
04:41:21 	  dev 0.8018642965532191
04:41:22 	  test 0.783702213279678
04:41:25 epoch: 279 tr Loss: 70.35472584355828 978
04:41:26 	  dev 0.8005636245393454
04:41:27 	  test 0.7806841046277666
04:41:30 epoch: 280 tr Loss: 62.5459109205998 1017
04:41:32 	  dev 0.8014307392152612
04:41:32 	  test 0.7796780684104627
04:41:36 epoch: 281 tr Loss: 68.0889651531151 947
04:41:38 	  dev 0.8022978538911771
04:41:38 	  test 0.7776659959758552
04:41:42 epoch: 282 tr Loss: 65.61225369458128 1015
04:41:43 	  dev 0.803164968567093
04:41:44 	  test 0.7796780684104627
04:41:47 epoch: 283 tr Loss: 63.57721887183236 1026
04:41:49 	  dev 0.8020810752221982
04:41:49 	  test 0.778672032193159
04:41:53 epoch: 284 tr Loss: 69.47467263410931 988
04:41:54 	  dev 0.8040320832430089
04:41:55 	  test 0.7806841046277666
04:41:58 epoch: 285 tr Loss: 66.20351754926108 1015
04:42:00 	  dev 0.802731411229135
04:42:01 	  test 0.7867203219315896
04:42:04 epoch: 286 tr Loss: 67.17011189819458 997
04:42:06 	  dev 0.8044656405809668
04:42:06 	  test 0.789738430583501
04:42:10 epoch: 287 tr Loss: 66.29026679841897 1012
04:42:11 	  dev 0.8025146325601561
04:42:12 	  test 0.7857142857142857
04:42:15 epoch: 288 tr Loss: 69.22774832589286 1008
04:42:17 	  dev 0.8038153045740299
04:42:17 	  test 0.7907444668008048
04:42:21 epoch: 289 tr Loss: 69.233609375 1000
04:42:22 	  dev 0.8005636245393454
04:42:23 	  test 0.789738430583501
04:42:26 epoch: 290 tr Loss: 68.9056015625 1000
04:42:28 	  dev 0.8009971818773033
04:42:28 	  test 0.7887323943661971
04:42:32 epoch: 291 tr Loss: 65.16564758848455 1003
04:42:33 	  dev 0.8016475178842402
04:42:34 	  test 0.7907444668008048
04:42:37 epoch: 292 tr Loss: 66.96143083592132 966
04:42:39 	  dev 0.802731411229135
04:42:39 	  test 0.7927565392354124
04:42:42 epoch: 293 tr Loss: 67.88247647849462 1023
04:42:44 	  dev 0.8038153045740299
04:42:45 	  test 0.7937625754527163
04:42:48 epoch: 294 tr Loss: 65.77367665816327 980
04:42:49 	  dev 0.8020810752221982
04:42:50 	  test 0.7917505030181087
04:42:53 epoch: 295 tr Loss: 68.03015801644399 973
04:42:55 	  dev 0.8046824192499458
04:42:56 	  test 0.7917505030181087
04:42:59 epoch: 296 tr Loss: 68.91622572211155 1004
04:43:01 	  dev 0.8046824192499458
04:43:01 	  test 0.7977867203219315
04:43:05 epoch: 297 tr Loss: 67.00746699401665 961
04:43:06 	  dev 0.8055495339258617
04:43:07 	  test 0.7937625754527163
04:43:10 epoch: 298 tr Loss: 66.50674823410696 991
04:43:12 	  dev 0.8066334272707566
04:43:13 	  test 0.7917505030181087
04:43:16 epoch: 299 tr Loss: 69.38306988856588 1032
04:43:18 	  dev 0.8051159765879038
04:43:19 	  test 0.7977867203219315
04:43:22 epoch: 300 tr Loss: 67.8778430333998 1003
04:43:24 	  dev 0.8068502059397356
04:43:24 	  test 0.8018108651911469
04:43:27 epoch: 301 tr Loss: 67.36710745389344 976
04:43:29 	  dev 0.8051159765879038
04:43:30 	  test 0.8018108651911469
04:43:34 epoch: 302 tr Loss: 69.78931451612904 992
04:43:35 	  dev 0.8053327552568827
04:43:36 	  test 0.8008048289738431
04:43:39 epoch: 303 tr Loss: 60.40401953125 1000
04:43:41 	  dev 0.8057663125948407
04:43:42 	  test 0.8008048289738431
04:43:45 epoch: 304 tr Loss: 64.56737480788935 976
04:43:47 	  dev 0.8051159765879038
04:43:47 	  test 0.8008048289738431
04:43:50 epoch: 305 tr Loss: 65.94379235237173 1033
04:43:52 	  dev 0.8070669846087145
04:43:53 	  test 0.8008048289738431
04:43:56 epoch: 306 tr Loss: 64.50735576923077 975
04:43:58 	  dev 0.8059830912638196
04:43:58 	  test 0.7997987927565392
04:44:02 epoch: 307 tr Loss: 62.97528409090909 1045
04:44:03 	  dev 0.8066334272707566
04:44:04 	  test 0.7977867203219315
04:44:07 epoch: 308 tr Loss: 67.48400603182752 974
04:44:09 	  dev 0.8066334272707566
04:44:09 	  test 0.7987927565392354
04:44:13 epoch: 309 tr Loss: 65.17713160333642 1079
04:44:14 	  dev 0.8048991979189247
04:44:15 	  test 0.7987927565392354
04:44:18 epoch: 310 tr Loss: 67.58164560111464 942
04:44:20 	  dev 0.8066334272707566
04:44:20 	  test 0.8008048289738431
04:44:24 epoch: 311 tr Loss: 63.45517560073937 1082
04:44:26 	  dev 0.8079340992846304
04:44:26 	  test 0.8058350100603622
04:44:29 epoch: 312 tr Loss: 63.34515202702703 925
04:44:31 	  dev 0.8077173206156514
04:44:31 	  test 0.8058350100603622
04:44:34 epoch: 313 tr Loss: 62.68747752876318 1043
04:44:36 	  dev 0.8081508779536094
04:44:37 	  test 0.8048289738430584
04:44:40 epoch: 314 tr Loss: 65.8200004739636 989
04:44:42 	  dev 0.8075005419466724
04:44:42 	  test 0.8058350100603622
04:44:45 epoch: 315 tr Loss: 65.71741787863591 997
04:44:47 	  dev 0.8079340992846304
04:44:48 	  test 0.8058350100603622
04:44:51 epoch: 316 tr Loss: 63.844260785101824 933
04:44:52 	  dev 0.8088012139605463
04:44:53 	  test 0.8028169014084507
04:44:56 epoch: 317 tr Loss: 62.30604123173278 958
04:44:58 	  dev 0.8096683286364622
04:44:59 	  test 0.8038229376257545
04:45:02 epoch: 318 tr Loss: 59.62275353493346 1052
04:45:04 	  dev 0.8092347712985042
04:45:04 	  test 0.8048289738430584
04:45:08 epoch: 319 tr Loss: 60.07772567687247 988
04:45:09 	  dev 0.8083676566225884
04:45:10 	  test 0.8008048289738431
04:45:13 epoch: 320 tr Loss: 58.469514096806385 1002
04:45:15 	  dev 0.810535443312378
04:45:15 	  test 0.8028169014084507
04:45:19 epoch: 321 tr Loss: 63.072225683793455 978
04:45:20 	  dev 0.8085844352915673
04:45:21 	  test 0.7997987927565392
04:45:24 epoch: 322 tr Loss: 64.11406889713409 977
04:45:26 	  dev 0.8096683286364622
04:45:26 	  test 0.8008048289738431
04:45:30 epoch: 323 tr Loss: 59.95131545820745 993
04:45:31 	  dev 0.8088012139605463
04:45:32 	  test 0.7987927565392354
04:45:35 epoch: 324 tr Loss: 63.619113498263886 1008
04:45:37 	  dev 0.8096683286364622
04:45:37 	  test 0.8008048289738431
04:45:40 epoch: 325 tr Loss: 62.91192845394737 950
04:45:42 	  dev 0.8109690006503361
04:45:43 	  test 0.8038229376257545
04:45:46 epoch: 326 tr Loss: 64.88012646581836 1002
04:45:47 	  dev 0.810535443312378
04:45:48 	  test 0.8058350100603622
04:45:51 epoch: 327 tr Loss: 64.44993430930931 999
04:45:53 	  dev 0.8098851073054412
04:45:53 	  test 0.8028169014084507
04:45:57 epoch: 328 tr Loss: 59.47645356075697 1004
04:45:58 	  dev 0.8094515499674833
04:45:59 	  test 0.8038229376257545
04:46:02 epoch: 329 tr Loss: 63.362741023936174 1034
04:46:04 	  dev 0.8090179926295252
04:46:05 	  test 0.8048289738430584
04:46:08 epoch: 330 tr Loss: 61.71407549535225 1022
04:46:10 	  dev 0.8092347712985042
04:46:11 	  test 0.8028169014084507
04:46:14 epoch: 331 tr Loss: 61.81798774445032 946
04:46:15 	  dev 0.8077173206156514
04:46:16 	  test 0.7997987927565392
04:46:19 epoch: 332 tr Loss: 60.066601754170755 1019
04:46:21 	  dev 0.8077173206156514
04:46:22 	  test 0.8028169014084507
04:46:25 epoch: 333 tr Loss: 61.388508293390515 991
04:46:27 	  dev 0.8092347712985042
04:46:27 	  test 0.7977867203219315
04:46:30 epoch: 334 tr Loss: 64.5830184168312 1013
04:46:32 	  dev 0.8096683286364622
04:46:33 	  test 0.806841046277666
04:46:37 epoch: 335 tr Loss: 62.107864634445534 1019
04:46:38 	  dev 0.8101018859744201
04:46:39 	  test 0.8018108651911469
04:46:42 epoch: 336 tr Loss: 62.917582152061854 970
04:46:44 	  dev 0.8092347712985042
04:46:45 	  test 0.8038229376257545
04:46:48 epoch: 337 tr Loss: 58.53764167746114 965
04:46:50 	  dev 0.811185779319315
04:46:51 	  test 0.8028169014084507
04:46:54 epoch: 338 tr Loss: 61.73694292023555 934
04:46:56 	  dev 0.8118361153262519
04:46:57 	  test 0.8018108651911469
04:47:01 epoch: 339 tr Loss: 60.08314789318648 976
04:47:03 	  dev 0.8122696726642098
04:47:03 	  test 0.8098591549295775
04:47:07 epoch: 340 tr Loss: 65.21356371389442 1004
04:47:08 	  dev 0.811402557988294
04:47:09 	  test 0.8098591549295775
04:47:12 epoch: 341 tr Loss: 58.760286171530836 908
04:47:14 	  dev 0.8137871233470626
04:47:14 	  test 0.8088531187122736
04:47:18 epoch: 342 tr Loss: 58.683214662447256 948
04:47:19 	  dev 0.8120528939952308
04:47:20 	  test 0.8098591549295775
04:47:23 epoch: 343 tr Loss: 62.06982621173469 980
04:47:25 	  dev 0.8140039020160417
04:47:25 	  test 0.8098591549295775
04:47:29 epoch: 344 tr Loss: 62.651357161190965 974
04:47:30 	  dev 0.8144374593539996
04:47:31 	  test 0.8098591549295775
04:47:34 epoch: 345 tr Loss: 60.962825322948326 987
04:47:36 	  dev 0.8137871233470626
04:47:36 	  test 0.8108651911468813
04:47:40 epoch: 346 tr Loss: 61.08573022959184 980
04:47:41 	  dev 0.8150877953609365
04:47:42 	  test 0.8078470824949698
04:47:46 epoch: 347 tr Loss: 63.51123715753425 1022
04:47:47 	  dev 0.8146542380229785
04:47:48 	  test 0.8078470824949698
04:47:51 epoch: 348 tr Loss: 57.47028752497503 1001
04:47:53 	  dev 0.8129200086711468
04:47:54 	  test 0.8108651911468813
04:47:57 epoch: 349 tr Loss: 58.523220923639116 992
04:47:59 	  dev 0.8122696726642098
04:48:00 	  test 0.8108651911468813
04:48:04 epoch: 350 tr Loss: 58.823846726190474 1071
04:48:05 	  dev 0.8116193366572729
04:48:06 	  test 0.8118712273641852
04:48:10 epoch: 351 tr Loss: 55.523631104227405 1029
04:48:12 	  dev 0.8118361153262519
04:48:12 	  test 0.8108651911468813
04:48:16 epoch: 352 tr Loss: 60.41330872742395 1052
04:48:18 	  dev 0.8129200086711468
04:48:18 	  test 0.8078470824949698
04:48:22 epoch: 353 tr Loss: 57.212573483910894 1010
04:48:24 	  dev 0.8120528939952308
04:48:24 	  test 0.8148893360160966
04:48:28 epoch: 354 tr Loss: 58.47974219566353 957
04:48:30 	  dev 0.8103186646433991
04:48:30 	  test 0.8148893360160966
04:48:33 epoch: 355 tr Loss: 59.45238508597883 945
04:48:35 	  dev 0.810752221981357
04:48:36 	  test 0.8169014084507042
04:48:40 epoch: 356 tr Loss: 55.21488300879397 995
04:48:41 	  dev 0.8120528939952308
04:48:42 	  test 0.8128772635814889
04:48:46 epoch: 357 tr Loss: 60.641463094682834 1072
04:48:47 	  dev 0.8116193366572729
04:48:48 	  test 0.8138832997987927
04:48:52 epoch: 358 tr Loss: 59.37847308168317 1010
04:48:53 	  dev 0.8098851073054412
04:48:54 	  test 0.8138832997987927
04:48:57 epoch: 359 tr Loss: 57.68628153669725 981
04:48:59 	  dev 0.8131367873401257
04:49:00 	  test 0.8118712273641852
04:49:03 epoch: 360 tr Loss: 59.26819543393783 965
04:49:05 	  dev 0.8131367873401257
04:49:06 	  test 0.8098591549295775
04:49:09 epoch: 361 tr Loss: 62.85566015625 1000
04:49:11 	  dev 0.8135703446780836
04:49:11 	  test 0.8118712273641852
04:49:15 epoch: 362 tr Loss: 62.0625 1016
04:49:17 	  dev 0.8146542380229785
04:49:17 	  test 0.8118712273641852
04:49:21 epoch: 363 tr Loss: 58.51986049687825 961
04:49:23 	  dev 0.8153045740299154
04:49:23 	  test 0.8158953722334004
04:49:27 epoch: 364 tr Loss: 62.885276036644164 1037
04:49:29 	  dev 0.8174723607197052
04:49:29 	  test 0.817907444668008
04:49:33 epoch: 365 tr Loss: 57.9094669117647 1003
04:49:35 	  dev 0.8163884673748103
04:49:35 	  test 0.8169014084507042
04:49:39 epoch: 366 tr Loss: 59.26042317057942 1001
04:49:41 	  dev 0.8144374593539996
04:49:41 	  test 0.8169014084507042
04:49:45 epoch: 367 tr Loss: 57.33853670162059 1049
04:49:47 	  dev 0.8137871233470626
04:49:47 	  test 0.8108651911468813
04:49:51 epoch: 368 tr Loss: 57.083638487539766 943
04:49:53 	  dev 0.8144374593539996
04:49:53 	  test 0.806841046277666
04:49:57 epoch: 369 tr Loss: 58.48954284729187 997
04:49:58 	  dev 0.8133535660091047
04:49:59 	  test 0.8108651911468813
04:50:03 epoch: 370 tr Loss: 56.080971736245175 1036
04:50:05 	  dev 0.8144374593539996
04:50:05 	  test 0.8038229376257545
04:50:08 epoch: 371 tr Loss: 60.71900086009175 981
04:50:10 	  dev 0.8157381313678734
04:50:11 	  test 0.8098591549295775
04:50:14 epoch: 372 tr Loss: 56.44009146341463 1025
04:50:16 	  dev 0.8150877953609365
04:50:16 	  test 0.8058350100603622
04:50:20 epoch: 373 tr Loss: 59.58374072560362 994
04:50:21 	  dev 0.8150877953609365
04:50:22 	  test 0.806841046277666
04:50:25 epoch: 374 tr Loss: 58.08956727123357 989
04:50:27 	  dev 0.8146542380229785
04:50:27 	  test 0.8058350100603622
04:50:31 epoch: 375 tr Loss: 58.34804495073892 1015
04:50:32 	  dev 0.8140039020160417
04:50:33 	  test 0.8028169014084507
04:50:36 epoch: 376 tr Loss: 56.39068657635468 1015
04:50:38 	  dev 0.8135703446780836
04:50:38 	  test 0.8008048289738431
04:50:41 epoch: 377 tr Loss: 57.295791544899046 941
04:50:43 	  dev 0.8144374593539996
04:50:43 	  test 0.7997987927565392
04:50:47 epoch: 378 tr Loss: 52.75224011479592 980
04:50:49 	  dev 0.8148710166919575
04:50:49 	  test 0.8018108651911469
04:50:53 epoch: 379 tr Loss: 60.64030110514486 1001
04:50:54 	  dev 0.8146542380229785
04:50:55 	  test 0.8018108651911469
04:50:58 epoch: 380 tr Loss: 58.87223025048169 1038
04:51:00 	  dev 0.8157381313678734
04:51:00 	  test 0.8008048289738431
04:51:03 epoch: 381 tr Loss: 54.34850699769939 978
04:51:05 	  dev 0.8153045740299154
04:51:06 	  test 0.8028169014084507
04:51:09 epoch: 382 tr Loss: 58.91945628156566 990
04:51:11 	  dev 0.8157381313678734
04:51:12 	  test 0.8038229376257545
04:51:15 epoch: 383 tr Loss: 55.786384398002106 951
04:51:17 	  dev 0.8157381313678734
04:51:17 	  test 0.8008048289738431
04:51:21 epoch: 384 tr Loss: 57.80957611386139 1010
04:51:23 	  dev 0.8176891393886841
04:51:24 	  test 0.8058350100603622
04:51:27 epoch: 385 tr Loss: 55.789418316831686 1010
04:51:29 	  dev 0.8163884673748103
04:51:30 	  test 0.8058350100603622
04:51:33 epoch: 386 tr Loss: 55.94260244101405 996
04:51:35 	  dev 0.819206590071537
04:51:36 	  test 0.8048289738430584
04:51:39 epoch: 387 tr Loss: 56.71415145420792 1010
04:51:41 	  dev 0.8200737047474529
04:51:42 	  test 0.8048289738430584
04:51:46 epoch: 388 tr Loss: 59.329647710577866 1021
04:51:47 	  dev 0.8200737047474529
04:51:48 	  test 0.8058350100603622
04:51:51 epoch: 389 tr Loss: 61.418996333638866 1091
04:51:53 	  dev 0.8196401474094949
04:51:54 	  test 0.8058350100603622
04:51:57 epoch: 390 tr Loss: 56.763443167098444 965
04:51:59 	  dev 0.8170388033817473
04:51:59 	  test 0.8098591549295775
04:52:02 epoch: 391 tr Loss: 59.71549409685166 937
04:52:04 	  dev 0.8174723607197052
04:52:04 	  test 0.8048289738430584
04:52:08 epoch: 392 tr Loss: 57.111475305498985 982
04:52:09 	  dev 0.818339475395621
04:52:10 	  test 0.8088531187122736
04:52:13 epoch: 393 tr Loss: 56.99040738804134 1016
04:52:15 	  dev 0.819206590071537
04:52:15 	  test 0.8098591549295775
04:52:18 epoch: 394 tr Loss: 54.80699879685917 987
04:52:20 	  dev 0.8185562540646001
04:52:21 	  test 0.806841046277666
04:52:24 epoch: 395 tr Loss: 54.52624684343434 990
04:52:26 	  dev 0.8185562540646001
04:52:26 	  test 0.8088531187122736
04:52:30 epoch: 396 tr Loss: 56.15072516025641 975
04:52:31 	  dev 0.8211575980923477
04:52:32 	  test 0.8048289738430584
04:52:35 epoch: 397 tr Loss: 56.68781879519628 968
04:52:37 	  dev 0.8185562540646001
04:52:37 	  test 0.8078470824949698
04:52:40 epoch: 398 tr Loss: 52.02072128461919 1011
04:52:42 	  dev 0.8194233687405159
04:52:43 	  test 0.8148893360160966
04:52:46 epoch: 399 tr Loss: 55.55457668439716 987
04:52:48 	  dev 0.8194233687405159
04:52:48 	  test 0.8048289738430584
04:52:52 epoch: 400 tr Loss: 57.75681130171544 991
04:52:54 	  dev 0.8207240407543898
04:52:55 	  test 0.8078470824949698
04:52:58 epoch: 401 tr Loss: 59.62272662575911 988
04:53:00 	  dev 0.818989811402558
04:53:01 	  test 0.8058350100603622
04:53:04 epoch: 402 tr Loss: 54.85931287276342 1006
04:53:06 	  dev 0.8209408194233687
04:53:07 	  test 0.8098591549295775
04:53:10 epoch: 403 tr Loss: 55.05220746703854 986
04:53:12 	  dev 0.8218079340992847
04:53:13 	  test 0.806841046277666
04:53:16 epoch: 404 tr Loss: 57.4660964035964 1001
04:53:18 	  dev 0.8222414914372426
04:53:19 	  test 0.806841046277666
04:53:22 epoch: 405 tr Loss: 57.879497618434605 971
04:53:24 	  dev 0.8213743767613266
04:53:25 	  test 0.806841046277666
04:53:28 epoch: 406 tr Loss: 58.086403198869476 973
04:53:30 	  dev 0.8226750487752005
04:53:31 	  test 0.8098591549295775
04:53:34 epoch: 407 tr Loss: 53.156578418644905 1011
04:53:36 	  dev 0.8205072620854108
04:53:37 	  test 0.8108651911468813
04:53:41 epoch: 408 tr Loss: 57.290066854759566 1019
04:53:43 	  dev 0.8213743767613266
04:53:43 	  test 0.8118712273641852
04:53:47 epoch: 409 tr Loss: 56.64069209208015 1048
04:53:49 	  dev 0.8220247127682636
04:53:50 	  test 0.8118712273641852
04:53:53 epoch: 410 tr Loss: 56.67698707542458 1001
04:53:55 	  dev 0.8200737047474529
04:53:56 	  test 0.8128772635814889
04:53:59 epoch: 411 tr Loss: 55.33599013474495 1039
04:54:01 	  dev 0.8213743767613266
04:54:02 	  test 0.8148893360160966
04:54:05 epoch: 412 tr Loss: 55.73776510885886 999
04:54:07 	  dev 0.8215911554303057
04:54:08 	  test 0.8148893360160966
04:54:11 epoch: 413 tr Loss: 59.64226461241276 1003
04:54:13 	  dev 0.8218079340992847
04:54:14 	  test 0.8189134808853119
04:54:17 epoch: 414 tr Loss: 54.82628466945289 987
04:54:19 	  dev 0.8222414914372426
04:54:20 	  test 0.8189134808853119
04:54:23 epoch: 415 tr Loss: 52.11973420260782 997
04:54:25 	  dev 0.8202904834164318
04:54:26 	  test 0.8229376257545271
04:54:30 epoch: 416 tr Loss: 53.374368271531104 1045
04:54:32 	  dev 0.8205072620854108
04:54:32 	  test 0.8199195171026157
04:54:35 epoch: 417 tr Loss: 53.361890956774516 989
04:54:37 	  dev 0.8202904834164318
04:54:38 	  test 0.8169014084507042
04:54:41 epoch: 418 tr Loss: 58.05895934003052 983
04:54:43 	  dev 0.8209408194233687
04:54:43 	  test 0.8189134808853119
04:54:46 epoch: 419 tr Loss: 52.75922309027778 1008
04:54:48 	  dev 0.8209408194233687
04:54:49 	  test 0.8138832997987927
04:54:52 epoch: 420 tr Loss: 54.13250786648569 1013
04:54:54 	  dev 0.8211575980923477
04:54:54 	  test 0.8169014084507042
04:54:58 epoch: 421 tr Loss: 57.57338722153465 1010
04:55:00 	  dev 0.8215911554303057
04:55:00 	  test 0.8158953722334004
04:55:05 epoch: 422 tr Loss: 56.149160469782814 1059
04:55:07 	  dev 0.8224582701062215
04:55:08 	  test 0.8169014084507042
04:55:11 epoch: 423 tr Loss: 51.582845378256515 998
04:55:13 	  dev 0.819206590071537
04:55:13 	  test 0.8169014084507042
04:55:17 epoch: 424 tr Loss: 55.92676792184265 966
04:55:18 	  dev 0.8207240407543898
04:55:19 	  test 0.8158953722334004
04:55:22 epoch: 425 tr Loss: 53.97434678606477 1019
04:55:24 	  dev 0.8202904834164318
04:55:24 	  test 0.8158953722334004
04:55:28 epoch: 426 tr Loss: 50.75232457822086 978
04:55:30 	  dev 0.8205072620854108
04:55:30 	  test 0.8148893360160966
04:55:33 epoch: 427 tr Loss: 52.24711756552419 992
04:55:35 	  dev 0.8211575980923477
04:55:36 	  test 0.8209255533199196
04:55:39 epoch: 428 tr Loss: 52.39610546875 1000
04:55:41 	  dev 0.8220247127682636
04:55:42 	  test 0.8209255533199196
04:55:45 epoch: 429 tr Loss: 55.32391916708168 1004
04:55:47 	  dev 0.8205072620854108
04:55:47 	  test 0.8219315895372233
04:55:50 epoch: 430 tr Loss: 56.59458338599595 989
04:55:52 	  dev 0.8228918274441795
04:55:53 	  test 0.817907444668008
04:55:56 epoch: 431 tr Loss: 52.90473448108632 1031
04:55:58 	  dev 0.8220247127682636
04:55:58 	  test 0.8189134808853119
04:56:02 epoch: 432 tr Loss: 52.887869488977955 998
04:56:03 	  dev 0.8250596141339692
04:56:04 	  test 0.8219315895372233
04:56:07 epoch: 433 tr Loss: 54.130606750723935 1036
04:56:09 	  dev 0.8257099501409061
04:56:09 	  test 0.8229376257545271
04:56:13 epoch: 434 tr Loss: 57.37628676470588 1020
04:56:15 	  dev 0.8239757207890743
04:56:15 	  test 0.823943661971831
04:56:18 epoch: 435 tr Loss: 51.76862423780488 1025
04:56:20 	  dev 0.8252763928029482
04:56:21 	  test 0.8189134808853119
04:56:24 epoch: 436 tr Loss: 54.24556544569672 976
04:56:26 	  dev 0.8248428354649903
04:56:26 	  test 0.8189134808853119
04:56:29 epoch: 437 tr Loss: 53.31861328125 1000
04:56:31 	  dev 0.8244092781270324
04:56:31 	  test 0.817907444668008
04:56:35 epoch: 438 tr Loss: 52.437986820787636 1003
04:56:36 	  dev 0.8244092781270324
04:56:37 	  test 0.8249496981891348
04:56:40 epoch: 439 tr Loss: 53.519343526329244 978
04:56:42 	  dev 0.8241924994580533
04:56:42 	  test 0.823943661971831
04:56:46 epoch: 440 tr Loss: 52.19942269076305 996
04:56:48 	  dev 0.8244092781270324
04:56:48 	  test 0.8229376257545271
04:56:51 epoch: 441 tr Loss: 54.340188880522085 996
04:56:53 	  dev 0.8239757207890743
04:56:54 	  test 0.8148893360160966
04:56:57 epoch: 442 tr Loss: 55.44662577602674 1047
04:56:59 	  dev 0.8246260567960113
04:57:00 	  test 0.817907444668008
04:57:03 epoch: 443 tr Loss: 50.02743271221532 966
04:57:05 	  dev 0.8235421634511164
04:57:05 	  test 0.8189134808853119
04:57:09 epoch: 444 tr Loss: 49.20408612277668 1012
04:57:11 	  dev 0.8259267288098852
04:57:11 	  test 0.8209255533199196
04:57:15 epoch: 445 tr Loss: 54.64934132944389 1007
04:57:16 	  dev 0.8235421634511164
04:57:17 	  test 0.8259557344064387
04:57:20 epoch: 446 tr Loss: 50.84614126370887 1003
04:57:22 	  dev 0.8246260567960113
04:57:22 	  test 0.8229376257545271
04:57:26 epoch: 447 tr Loss: 51.65321988246817 1021
04:57:28 	  dev 0.8250596141339692
04:57:28 	  test 0.823943661971831
04:57:32 epoch: 448 tr Loss: 53.42354672491996 937
04:57:34 	  dev 0.8233253847821375
04:57:34 	  test 0.823943661971831
04:57:38 epoch: 449 tr Loss: 53.31436443236715 1035
04:57:39 	  dev 0.8246260567960113
04:57:40 	  test 0.8209255533199196
04:57:43 epoch: 450 tr Loss: 53.91247969802695 1039
04:57:45 	  dev 0.8237589421200954
04:57:46 	  test 0.8209255533199196
04:57:49 epoch: 451 tr Loss: 53.63330716080402 995
04:57:51 	  dev 0.8213743767613266
04:57:51 	  test 0.8189134808853119
04:57:55 epoch: 452 tr Loss: 53.698093812065544 1007
04:57:57 	  dev 0.8220247127682636
04:57:57 	  test 0.8209255533199196
04:58:00 epoch: 453 tr Loss: 54.34544907648283 961
04:58:02 	  dev 0.8246260567960113
04:58:03 	  test 0.817907444668008
04:58:06 epoch: 454 tr Loss: 48.52668630044291 1016
04:58:08 	  dev 0.8237589421200954
04:58:08 	  test 0.8169014084507042
04:58:12 epoch: 455 tr Loss: 53.49392316777324 979
04:58:14 	  dev 0.8224582701062215
04:58:14 	  test 0.8229376257545271
04:58:18 epoch: 456 tr Loss: 52.20524497487437 995
04:58:19 	  dev 0.8241924994580533
04:58:20 	  test 0.8249496981891348
04:58:23 epoch: 457 tr Loss: 54.58622478294178 979
04:58:25 	  dev 0.8244092781270324
04:58:25 	  test 0.8199195171026157
04:58:29 epoch: 458 tr Loss: 54.57164462136409 997
04:58:31 	  dev 0.8228918274441795
04:58:31 	  test 0.8169014084507042
04:58:35 epoch: 459 tr Loss: 52.40543100845411 1035
04:58:36 	  dev 0.8215911554303057
04:58:37 	  test 0.817907444668008
04:58:40 epoch: 460 tr Loss: 51.301995608758425 1039
04:58:42 	  dev 0.8222414914372426
04:58:43 	  test 0.8169014084507042
04:58:46 epoch: 461 tr Loss: 52.400498066060905 1018
04:58:49 	  dev 0.8198569260784738
04:58:49 	  test 0.8169014084507042
04:58:53 epoch: 462 tr Loss: 56.06326608009709 1030
04:58:55 	  dev 0.8220247127682636
04:58:55 	  test 0.8138832997987927
04:58:59 epoch: 463 tr Loss: 53.863026242581604 1011
04:59:00 	  dev 0.8222414914372426
04:59:01 	  test 0.8118712273641852
04:59:04 epoch: 464 tr Loss: 56.171852267216295 1031
04:59:06 	  dev 0.8233253847821375
04:59:06 	  test 0.8138832997987927
04:59:10 epoch: 465 tr Loss: 48.6537181712963 1026
04:59:11 	  dev 0.8235421634511164
04:59:12 	  test 0.8128772635814889
04:59:15 epoch: 466 tr Loss: 53.07304801163919 1031
04:59:17 	  dev 0.8250596141339692
04:59:17 	  test 0.8148893360160966
04:59:21 epoch: 467 tr Loss: 52.99279505234297 1003
04:59:22 	  dev 0.8270106221547799
04:59:23 	  test 0.8138832997987927
04:59:26 epoch: 468 tr Loss: 50.338240987363726 1009
04:59:28 	  dev 0.827444179492738
04:59:28 	  test 0.8128772635814889
04:59:32 epoch: 469 tr Loss: 53.364094538643535 951
04:59:33 	  dev 0.8272274008237589
04:59:34 	  test 0.8118712273641852
04:59:37 epoch: 470 tr Loss: 56.59682765151515 990
04:59:39 	  dev 0.8248428354649903
04:59:40 	  test 0.8078470824949698
04:59:43 epoch: 471 tr Loss: 55.694564494680854 940
04:59:45 	  dev 0.8246260567960113
04:59:45 	  test 0.8078470824949698
04:59:48 epoch: 472 tr Loss: 53.50229182892004 963
04:59:50 	  dev 0.8254931714719271
04:59:50 	  test 0.8058350100603622
04:59:53 epoch: 473 tr Loss: 50.39838620580808 990
04:59:55 	  dev 0.8244092781270324
04:59:55 	  test 0.8098591549295775
04:59:59 epoch: 474 tr Loss: 50.27072614964431 984
05:00:00 	  dev 0.8237589421200954
05:00:01 	  test 0.8108651911468813
05:00:04 epoch: 475 tr Loss: 52.93991498622245 998
05:00:06 	  dev 0.8250596141339692
05:00:06 	  test 0.8098591549295775
05:00:10 epoch: 476 tr Loss: 48.73545520934761 1027
05:00:11 	  dev 0.8231086061131585
05:00:12 	  test 0.8138832997987927
05:00:15 epoch: 477 tr Loss: 54.46127290575916 955
05:00:17 	  dev 0.8231086061131585
05:00:17 	  test 0.8098591549295775
05:00:21 epoch: 478 tr Loss: 51.3871293394407 1037
05:00:22 	  dev 0.8241924994580533
05:00:23 	  test 0.8098591549295775
05:00:26 epoch: 479 tr Loss: 52.08338928222656 1024
05:00:28 	  dev 0.8239757207890743
05:00:28 	  test 0.8128772635814889
05:00:32 epoch: 480 tr Loss: 50.76702035577841 1047
05:00:34 	  dev 0.8250596141339692
05:00:34 	  test 0.8189134808853119
05:00:37 epoch: 481 tr Loss: 48.97014481707317 1025
05:00:39 	  dev 0.8235421634511164
05:00:40 	  test 0.8158953722334004
05:00:43 epoch: 482 tr Loss: 50.75845625635809 983
05:00:45 	  dev 0.8235421634511164
05:00:45 	  test 0.8138832997987927
05:00:49 epoch: 483 tr Loss: 54.994541746641076 1042
05:00:51 	  dev 0.8257099501409061
05:00:52 	  test 0.8108651911468813
05:00:55 epoch: 484 tr Loss: 50.509641914587334 1042
05:00:57 	  dev 0.8248428354649903
05:00:58 	  test 0.8128772635814889
05:01:01 epoch: 485 tr Loss: 49.06477418664384 1022
05:01:03 	  dev 0.8252763928029482
05:01:04 	  test 0.8199195171026157
05:01:07 epoch: 486 tr Loss: 50.213531155398584 991
05:01:09 	  dev 0.8272274008237589
05:01:09 	  test 0.8189134808853119
05:01:12 epoch: 487 tr Loss: 51.65679719452965 978
05:01:14 	  dev 0.8259267288098852
05:01:15 	  test 0.8158953722334004
05:01:18 epoch: 488 tr Loss: 49.056349993496355 961
05:01:20 	  dev 0.826577064816822
05:01:21 	  test 0.8138832997987927
05:01:24 epoch: 489 tr Loss: 54.56905563712972 979
05:01:26 	  dev 0.8259267288098852
05:01:26 	  test 0.817907444668008
05:01:30 epoch: 490 tr Loss: 50.029289348506744 1038
05:01:32 	  dev 0.8259267288098852
05:01:32 	  test 0.8169014084507042
05:01:36 epoch: 491 tr Loss: 50.18185581715635 953
05:01:37 	  dev 0.8272274008237589
05:01:38 	  test 0.8158953722334004
05:01:41 epoch: 492 tr Loss: 49.29901738886114 1001
05:01:43 	  dev 0.827444179492738
05:01:44 	  test 0.8199195171026157
05:01:47 epoch: 493 tr Loss: 50.68898980700409 978
05:01:49 	  dev 0.8252763928029482
05:01:50 	  test 0.823943661971831
05:01:53 epoch: 494 tr Loss: 54.79756995356794 1023
05:01:55 	  dev 0.8252763928029482
05:01:56 	  test 0.8249496981891348
05:01:59 epoch: 495 tr Loss: 53.33072125126646 987
05:02:01 	  dev 0.8254931714719271
05:02:01 	  test 0.8259557344064387
05:02:05 epoch: 496 tr Loss: 52.40149505940834 1031
05:02:07 	  dev 0.8252763928029482
05:02:08 	  test 0.8249496981891348
05:02:11 epoch: 497 tr Loss: 51.43471762612388 1001
05:02:13 	  dev 0.8237589421200954
05:02:14 	  test 0.8289738430583501
05:02:17 epoch: 498 tr Loss: 50.02606640625 1000
05:02:19 	  dev 0.8235421634511164
05:02:20 	  test 0.8259557344064387
05:02:23 epoch: 499 tr Loss: 52.080240726003915 1021
05:02:25 	  dev 0.8248428354649903
05:02:25 	  test 0.8229376257545271
05:02:29 epoch: 500 tr Loss: 50.24304704520697 918
05:02:30 	  dev 0.8237589421200954
05:02:31 	  test 0.8199195171026157
05:02:34 epoch: 501 tr Loss: 50.60234853804903 979
05:02:36 	  dev 0.8233253847821375
05:02:36 	  test 0.8259557344064387
05:02:39 epoch: 502 tr Loss: 51.389589905362776 951
05:02:41 	  dev 0.8226750487752005
05:02:42 	  test 0.8249496981891348
05:02:45 epoch: 503 tr Loss: 49.68047027737048 1023
05:02:47 	  dev 0.8237589421200954
05:02:47 	  test 0.8259557344064387
05:02:51 epoch: 504 tr Loss: 50.2671346808779 991
05:02:53 	  dev 0.8235421634511164
05:02:53 	  test 0.8209255533199196
05:02:57 epoch: 505 tr Loss: 49.40224167713568 995
05:02:58 	  dev 0.8226750487752005
05:02:59 	  test 0.8219315895372233
05:03:02 epoch: 506 tr Loss: 52.61346521167334 998
05:03:04 	  dev 0.8235421634511164
05:03:05 	  test 0.817907444668008
05:03:09 epoch: 507 tr Loss: 52.94927498200576 1042
05:03:10 	  dev 0.8233253847821375
05:03:11 	  test 0.8138832997987927
05:03:15 epoch: 508 tr Loss: 49.99715161108325 997
05:03:17 	  dev 0.8241924994580533
05:03:17 	  test 0.817907444668008
05:03:20 epoch: 509 tr Loss: 50.610170792399174 967
05:03:22 	  dev 0.8235421634511164
05:03:23 	  test 0.8148893360160966
05:03:26 epoch: 510 tr Loss: 52.6900894463001 973
05:03:28 	  dev 0.8239757207890743
05:03:29 	  test 0.8169014084507042
05:03:32 epoch: 511 tr Loss: 47.4589179969104 971
05:03:34 	  dev 0.8237589421200954
05:03:34 	  test 0.8199195171026157
05:03:38 epoch: 512 tr Loss: 51.26597205083909 1013
05:03:40 	  dev 0.8239757207890743
05:03:40 	  test 0.8219315895372233
05:03:44 epoch: 513 tr Loss: 49.94585597826087 920
05:03:45 	  dev 0.8244092781270324
05:03:46 	  test 0.8189134808853119
05:03:49 epoch: 514 tr Loss: 52.2972781500501 998
05:03:51 	  dev 0.8231086061131585
05:03:52 	  test 0.8209255533199196
05:03:55 epoch: 515 tr Loss: 49.10949556327161 972
05:03:57 	  dev 0.8239757207890743
05:03:58 	  test 0.8189134808853119
05:04:01 epoch: 516 tr Loss: 51.061460236169104 958
05:04:03 	  dev 0.8239757207890743
05:04:04 	  test 0.8199195171026157
05:04:07 epoch: 517 tr Loss: 51.845341140529534 982
05:04:09 	  dev 0.8254931714719271
05:04:10 	  test 0.817907444668008
05:04:13 epoch: 518 tr Loss: 49.975369781373516 1012
05:04:15 	  dev 0.8261435074788641
05:04:16 	  test 0.8199195171026157
05:04:19 epoch: 519 tr Loss: 47.91913550075681 991
05:04:21 	  dev 0.8259267288098852
05:04:22 	  test 0.8219315895372233
05:04:25 epoch: 520 tr Loss: 50.79740533181358 987
05:04:27 	  dev 0.8248428354649903
05:04:28 	  test 0.8169014084507042
05:04:31 epoch: 521 tr Loss: 49.416862907331975 982
05:04:33 	  dev 0.826793843485801
05:04:33 	  test 0.8158953722334004
05:04:37 epoch: 522 tr Loss: 52.42788666544834 1026
05:04:38 	  dev 0.8250596141339692
05:04:39 	  test 0.8158953722334004
05:04:42 epoch: 523 tr Loss: 45.93778125 1000
05:04:44 	  dev 0.8246260567960113
05:04:44 	  test 0.8189134808853119
05:04:48 epoch: 524 tr Loss: 51.07444962464252 1049
05:04:49 	  dev 0.826793843485801
05:04:50 	  test 0.8158953722334004
05:04:53 epoch: 525 tr Loss: 50.43209292763158 950
05:04:55 	  dev 0.8278777368306959
05:04:55 	  test 0.8189134808853119
05:04:59 epoch: 526 tr Loss: 51.143579175025074 997
05:05:00 	  dev 0.8300455235204856
05:05:01 	  test 0.8219315895372233
05:05:04 epoch: 527 tr Loss: 50.60325095820969 1011
05:05:06 	  dev 0.8287448515066117
05:05:07 	  test 0.8219315895372233
05:05:10 epoch: 528 tr Loss: 47.42804188829787 940
05:05:12 	  dev 0.8302623021894645
05:05:13 	  test 0.8169014084507042
05:05:16 epoch: 529 tr Loss: 49.11939453125 1000
05:05:18 	  dev 0.8304790808584436
05:05:18 	  test 0.8189134808853119
05:05:22 epoch: 530 tr Loss: 46.68686008165829 995
05:05:23 	  dev 0.8296119661825276
05:05:24 	  test 0.8169014084507042
05:05:28 epoch: 531 tr Loss: 51.636726477497525 1011
05:05:29 	  dev 0.8296119661825276
05:05:30 	  test 0.8189134808853119
05:05:34 epoch: 532 tr Loss: 49.57891082763672 1024
05:05:35 	  dev 0.8289616301755908
05:05:36 	  test 0.8209255533199196
05:05:40 epoch: 533 tr Loss: 48.03881324775673 1003
05:05:41 	  dev 0.8300455235204856
05:05:42 	  test 0.8199195171026157
05:05:46 epoch: 534 tr Loss: 47.41119407287823 1084
05:05:47 	  dev 0.8293951875135487
05:05:48 	  test 0.8219315895372233
05:05:51 epoch: 535 tr Loss: 47.45459823685541 989
05:05:53 	  dev 0.8306958595274225
05:05:53 	  test 0.8209255533199196
05:05:57 epoch: 536 tr Loss: 49.61563648897059 952
05:05:58 	  dev 0.8313461955343594
05:05:59 	  test 0.8229376257545271
05:06:02 epoch: 537 tr Loss: 50.262542145354644 1001
05:06:04 	  dev 0.8311294168653804
05:06:04 	  test 0.823943661971831
05:06:08 epoch: 538 tr Loss: 50.423377990722656 1024
05:06:09 	  dev 0.8300455235204856
05:06:10 	  test 0.8319919517102615
05:06:13 epoch: 539 tr Loss: 50.202768042575286 963
05:06:15 	  dev 0.8302623021894645
05:06:15 	  test 0.8329979879275654
05:06:19 epoch: 540 tr Loss: 48.11114912169043 982
05:06:21 	  dev 0.8291784088445697
05:06:21 	  test 0.8309859154929577
05:06:25 epoch: 541 tr Loss: 46.67247840447155 984
05:06:27 	  dev 0.8287448515066117
05:06:27 	  test 0.8329979879275654
05:06:31 epoch: 542 tr Loss: 46.48290502626552 1047
05:06:33 	  dev 0.8304790808584436
05:06:34 	  test 0.8329979879275654
05:06:37 epoch: 543 tr Loss: 49.0752851007109 1055
05:06:39 	  dev 0.8309126381964015
05:06:40 	  test 0.8340040241448692
05:06:43 epoch: 544 tr Loss: 46.33555778179938 967
05:06:45 	  dev 0.8300455235204856
05:06:45 	  test 0.8319919517102615
05:06:48 epoch: 545 tr Loss: 49.970373426702864 1013
05:06:50 	  dev 0.8293951875135487
05:06:51 	  test 0.8309859154929577
05:06:54 epoch: 546 tr Loss: 46.793619138665996 997
05:06:56 	  dev 0.8319965315412964
05:06:56 	  test 0.829979879275654
05:07:00 epoch: 547 tr Loss: 47.215388188352826 1026
05:07:02 	  dev 0.8322133102102753
05:07:02 	  test 0.8370221327967807
05:07:06 epoch: 548 tr Loss: 49.446177306149735 935
05:07:07 	  dev 0.8311294168653804
05:07:08 	  test 0.8340040241448692
05:07:11 epoch: 549 tr Loss: 48.63486602812803 1031
05:07:13 	  dev 0.8309126381964015
05:07:13 	  test 0.8340040241448692
05:07:17 epoch: 550 tr Loss: 50.56043128188775 980
05:07:19 	  dev 0.8315629742033384
05:07:19 	  test 0.8350100603621731
05:07:22 epoch: 551 tr Loss: 47.06657625885627 988
05:07:24 	  dev 0.8304790808584436
05:07:24 	  test 0.8360160965794768
05:07:28 epoch: 552 tr Loss: 49.4438491805411 961
05:07:29 	  dev 0.8311294168653804
05:07:30 	  test 0.8350100603621731
05:07:33 epoch: 553 tr Loss: 47.24169921875 1000
05:07:35 	  dev 0.8317797528723173
05:07:35 	  test 0.8390342052313883
05:07:38 epoch: 554 tr Loss: 48.7239829009434 954
05:07:40 	  dev 0.8302623021894645
05:07:41 	  test 0.8410462776659959
05:07:44 epoch: 555 tr Loss: 49.83482142857143 1036
05:07:46 	  dev 0.8293951875135487
05:07:47 	  test 0.8390342052313883
05:07:50 epoch: 556 tr Loss: 46.76052394438723 971
05:07:52 	  dev 0.8304790808584436
05:07:52 	  test 0.8400402414486922
05:07:56 epoch: 557 tr Loss: 51.56133051171079 982
05:07:58 	  dev 0.8306958595274225
05:07:58 	  test 0.8390342052313883
05:08:02 epoch: 558 tr Loss: 51.28471470850305 982
05:08:04 	  dev 0.8313461955343594
05:08:04 	  test 0.8400402414486922
05:08:08 epoch: 559 tr Loss: 48.02082943488024 1002
05:08:10 	  dev 0.8311294168653804
05:08:10 	  test 0.8390342052313883
05:08:13 epoch: 560 tr Loss: 45.950514290201006 995
05:08:15 	  dev 0.8311294168653804
05:08:16 	  test 0.8380281690140845
05:08:19 epoch: 561 tr Loss: 51.01861898791152 972
05:08:20 	  dev 0.8317797528723173
05:08:21 	  test 0.8380281690140845
05:08:24 epoch: 562 tr Loss: 48.29600565652819 1011
05:08:26 	  dev 0.8319965315412964
05:08:27 	  test 0.8380281690140845
05:08:30 epoch: 563 tr Loss: 46.80389661485098 973
05:08:31 	  dev 0.8311294168653804
05:08:32 	  test 0.8329979879275654
05:08:35 epoch: 564 tr Loss: 48.913660327471966 981
05:08:37 	  dev 0.8328636462172122
05:08:37 	  test 0.8319919517102615
05:08:40 epoch: 565 tr Loss: 47.9755859375 972
05:08:42 	  dev 0.8326468675482332
05:08:43 	  test 0.8319919517102615
05:08:46 epoch: 566 tr Loss: 47.26873873583934 971
05:08:47 	  dev 0.8337307608931281
05:08:48 	  test 0.829979879275654
05:08:51 epoch: 567 tr Loss: 52.229908521611 1018
05:08:53 	  dev 0.834597875569044
05:08:53 	  test 0.8309859154929577
05:08:57 epoch: 568 tr Loss: 47.830155476485146 1010
05:08:59 	  dev 0.8330804248861912
05:08:59 	  test 0.8309859154929577
05:09:03 epoch: 569 tr Loss: 50.16402324120603 995
05:09:05 	  dev 0.8328636462172122
05:09:05 	  test 0.8309859154929577
05:09:08 epoch: 570 tr Loss: 49.16895027975585 983
05:09:10 	  dev 0.8328636462172122
05:09:10 	  test 0.8319919517102615
05:09:14 epoch: 571 tr Loss: 49.5796680659204 1005
05:09:16 	  dev 0.8326468675482332
05:09:16 	  test 0.8319919517102615
05:09:19 epoch: 572 tr Loss: 50.1698218173668 976
05:09:21 	  dev 0.834381096900065
05:09:22 	  test 0.8340040241448692
05:09:25 epoch: 573 tr Loss: 48.63949104975728 1030
05:09:27 	  dev 0.8324300888792543
05:09:27 	  test 0.8360160965794768
05:09:31 epoch: 574 tr Loss: 47.13539922248804 1045
05:09:32 	  dev 0.834164318231086
05:09:33 	  test 0.8319919517102615
05:09:36 epoch: 575 tr Loss: 48.63857457910517 1084
05:09:38 	  dev 0.8324300888792543
05:09:39 	  test 0.8340040241448692
05:09:42 epoch: 576 tr Loss: 47.987354767628204 936
05:09:43 	  dev 0.8306958595274225
05:09:44 	  test 0.8360160965794768
05:09:47 epoch: 577 tr Loss: 48.299351247414684 967
05:09:49 	  dev 0.8302623021894645
05:09:49 	  test 0.8370221327967807
05:09:53 epoch: 578 tr Loss: 48.779509666828794 1028
05:09:54 	  dev 0.8304790808584436
05:09:55 	  test 0.8370221327967807
05:09:58 epoch: 579 tr Loss: 48.79795963279678 994
05:10:00 	  dev 0.8300455235204856
05:10:01 	  test 0.8340040241448692
05:10:04 epoch: 580 tr Loss: 46.486606566373965 968
05:10:06 	  dev 0.8300455235204856
05:10:06 	  test 0.8340040241448692
05:10:09 epoch: 581 tr Loss: 45.20717834728033 956
05:10:11 	  dev 0.8315629742033384
05:10:12 	  test 0.8319919517102615
05:10:15 epoch: 582 tr Loss: 48.44581730769231 975
05:10:17 	  dev 0.8309126381964015
05:10:17 	  test 0.8309859154929577