Namespace(alpha0=0, alpha1=0, alpha2=0, alpha3=0, auxiliary_file='datasets/OOKB/tail-3000/aux', batch_size=5000, beta0=0.1, beta1=1e-05, dev_file='datasets/OOKB/tail-3000/dev', dim=200, entity_size=38195, epoch_size=10000, gpu_device=0, is_balanced_tr=False, is_bernoulli_trick=True, layerR=1, margin_file='', opt_model='Adam', order=1, param_dir='', pool_size=640, pooling_method='avg', rel_size=11, sample_size=64, seed=0, target_dir='tail-3000', test_batch_size=20000, test_file='datasets/OOKB/tail-3000/test', threshold=300.0, train_file='datasets/OOKB/tail-3000/train', train_size=1000, use_gpu=False)
main.py -tD tail-3000
04:28:20 load train
04:28:21 set axiaulity
04:28:21 OOKB esetting, use: different edges
04:28:21 load train
04:28:21 load dev
dev size: 3122
04:28:21 load test
test size: 2880
relation size: 11 entity size: 38195
04:28:26 epoch: 0 tr Loss: 299.76803257497414 967
04:28:28 	  dev 0.5743113388853299
04:28:30 	  test 0.5822916666666667
/home/takuo-h/.pyenv/versions/3.6.8/lib/python3.6/site-packages/chainer/functions/normalization/batch_normalization.py:114: UserWarning: A batch with no more than one sample has been given to F.batch_normalization. F.batch_normalization will always output a zero tensor for such batches. This could be caused by incorrect configuration in your code (such as running evaluation while chainer.config.train=True), but could also happen in the last batch of training if non-repeating iterator is used.
  UserWarning)
04:28:34 epoch: 1 tr Loss: 299.30898114669424 968
04:28:37 	  dev 0.6143497757847534
04:28:39 	  test 0.5927083333333333
04:28:44 epoch: 2 tr Loss: 297.1339990138067 1014
04:28:46 	  dev 0.6098654708520179
04:28:49 	  test 0.5861111111111111
04:28:53 epoch: 3 tr Loss: 299.4101242315574 976
04:28:56 	  dev 0.6089045483664318
04:28:58 	  test 0.5826388888888889
04:29:04 epoch: 4 tr Loss: 300.8362246131528 1034
04:29:06 	  dev 0.6111467008327995
04:29:08 	  test 0.5819444444444445
04:29:12 epoch: 5 tr Loss: 295.5166025641026 975
04:29:15 	  dev 0.6066623959000641
04:29:16 	  test 0.5805555555555556
04:29:21 epoch: 6 tr Loss: 292.5953095009597 1042
04:29:23 	  dev 0.6031390134529148
04:29:26 	  test 0.5864583333333333
04:29:31 epoch: 7 tr Loss: 293.35331230283913 951
04:29:33 	  dev 0.5948110185778347
04:29:35 	  test 0.5822916666666667
04:29:40 epoch: 8 tr Loss: 292.3115606212425 998
04:29:42 	  dev 0.57847533632287
04:29:45 	  test 0.5899305555555555
04:29:50 epoch: 9 tr Loss: 294.07762995049507 1010
04:29:53 	  dev 0.5682254964766176
04:29:55 	  test 0.5916666666666667
04:29:59 epoch: 10 tr Loss: 292.75079268292683 1025
04:30:01 	  dev 0.5640614990390775
04:30:04 	  test 0.5913194444444444
04:30:08 epoch: 11 tr Loss: 287.13093156843155 1001
04:30:10 	  dev 0.5647021140294682
04:30:12 	  test 0.5916666666666667
04:30:17 epoch: 12 tr Loss: 287.47629845924456 1006
04:30:19 	  dev 0.5621396540679052
04:30:21 	  test 0.5909722222222222
04:30:26 epoch: 13 tr Loss: 283.38156565656567 990
04:30:28 	  dev 0.568545803971813
04:30:30 	  test 0.5885416666666666
04:30:36 epoch: 14 tr Loss: 282.4285144749755 1019
04:30:38 	  dev 0.5637411915438821
04:30:40 	  test 0.5895833333333333
04:30:45 epoch: 15 tr Loss: 283.3848311143984 1014
04:30:47 	  dev 0.5640614990390775
04:30:49 	  test 0.5871527777777777
04:30:53 epoch: 16 tr Loss: 281.6176489637306 965
04:30:55 	  dev 0.5582959641255605
04:30:57 	  test 0.5861111111111111
04:31:02 epoch: 17 tr Loss: 274.80486181541585 986
04:31:05 	  dev 0.5560538116591929
04:31:07 	  test 0.5871527777777777
04:31:12 epoch: 18 tr Loss: 281.8608934169279 957
04:31:14 	  dev 0.5573350416399744
04:31:16 	  test 0.5868055555555556
04:31:21 epoch: 19 tr Loss: 278.1120763752456 1018
04:31:23 	  dev 0.5595771941063421
04:31:26 	  test 0.5875
04:31:31 epoch: 20 tr Loss: 273.8834159044715 984
04:31:33 	  dev 0.5598975016015375
04:31:35 	  test 0.5881944444444445
04:31:39 epoch: 21 tr Loss: 271.59375 1001
04:31:41 	  dev 0.5538116591928252
04:31:44 	  test 0.5871527777777777
04:31:48 epoch: 22 tr Loss: 266.97257717611336 988
04:31:51 	  dev 0.557014734144779
04:31:53 	  test 0.5871527777777777
04:31:57 epoch: 23 tr Loss: 262.5806316042267 1041
04:32:00 	  dev 0.5605381165919282
04:32:01 	  test 0.58125
04:32:05 epoch: 24 tr Loss: 253.1931061557789 995
04:32:08 	  dev 0.5647021140294682
04:32:09 	  test 0.5836805555555555
04:32:15 epoch: 25 tr Loss: 250.64141334510595 991
04:32:17 	  dev 0.5614990390775144
04:32:20 	  test 0.5822916666666667
04:32:24 epoch: 26 tr Loss: 258.86701011846003 1013
04:32:26 	  dev 0.568545803971813
04:32:28 	  test 0.5909722222222222
04:32:33 epoch: 27 tr Loss: 253.02400097465886 1026
04:32:35 	  dev 0.5730301089045484
04:32:37 	  test 0.5982638888888889
04:32:41 epoch: 28 tr Loss: 247.3207567401961 1020
04:32:44 	  dev 0.5759128763613068
04:32:46 	  test 0.5909722222222222
04:32:51 epoch: 29 tr Loss: 244.4653201219512 1066
04:32:53 	  dev 0.576873798846893
04:32:55 	  test 0.590625
04:33:00 epoch: 30 tr Loss: 251.715099009901 1010
04:33:03 	  dev 0.5819987187700192
04:33:05 	  test 0.5934027777777777
04:33:10 epoch: 31 tr Loss: 242.52680100293543 1022
04:33:12 	  dev 0.5884048686739269
04:33:14 	  test 0.5993055555555555
04:33:18 epoch: 32 tr Loss: 240.14117407128515 996
04:33:20 	  dev 0.5884048686739269
04:33:22 	  test 0.5975694444444445
04:33:27 epoch: 33 tr Loss: 236.92998581011352 969
04:33:30 	  dev 0.5906470211402947
04:33:32 	  test 0.6020833333333333
04:33:37 epoch: 34 tr Loss: 228.30077737859267 1009
04:33:39 	  dev 0.5951313260730301
04:33:41 	  test 0.6069444444444444
04:33:46 epoch: 35 tr Loss: 226.8863959194215 968
04:33:48 	  dev 0.592568866111467
04:33:49 	  test 0.609375
04:33:54 epoch: 36 tr Loss: 227.924608190091 989
04:33:56 	  dev 0.5932094811018578
04:33:58 	  test 0.6121527777777778
04:34:03 epoch: 37 tr Loss: 220.414602151966 941
04:34:05 	  dev 0.5992953235105701
04:34:08 	  test 0.6201388888888889
04:34:12 epoch: 38 tr Loss: 225.30547805059524 1008
04:34:14 	  dev 0.5992953235105701
04:34:16 	  test 0.621875
04:34:20 epoch: 39 tr Loss: 216.89124092323652 964
04:34:22 	  dev 0.6005765534913518
04:34:24 	  test 0.61875
04:34:28 epoch: 40 tr Loss: 215.65128331688055 1013
04:34:31 	  dev 0.6066623959000641
04:34:33 	  test 0.6239583333333333
04:34:39 epoch: 41 tr Loss: 209.6417441860465 1075
04:34:40 	  dev 0.6079436258808456
04:34:42 	  test 0.6236111111111111
04:34:47 epoch: 42 tr Loss: 210.3642756444683 931
04:34:48 	  dev 0.6085842408712364
04:34:50 	  test 0.6215277777777778
04:34:55 epoch: 43 tr Loss: 206.44100407747197 981
04:34:56 	  dev 0.6079436258808456
04:34:58 	  test 0.6222222222222222
04:35:04 epoch: 44 tr Loss: 202.9693971893491 1014
04:35:06 	  dev 0.6095451633568225
04:35:08 	  test 0.621875
04:35:12 epoch: 45 tr Loss: 202.2892059178744 1035
04:35:15 	  dev 0.612427930813581
04:35:17 	  test 0.6222222222222222
04:35:22 epoch: 46 tr Loss: 202.70932006835938 1024
04:35:24 	  dev 0.6089045483664318
04:35:26 	  test 0.6246527777777777
04:35:31 epoch: 47 tr Loss: 192.72170482673266 1010
04:35:34 	  dev 0.6101857783472133
04:35:35 	  test 0.6232638888888888
04:35:40 epoch: 48 tr Loss: 189.34576219512195 1025
04:35:42 	  dev 0.6127482383087764
04:35:44 	  test 0.6319444444444444
04:35:49 epoch: 49 tr Loss: 189.94933127572017 972
04:35:52 	  dev 0.6143497757847534
04:35:53 	  test 0.6350694444444445
04:35:58 epoch: 50 tr Loss: 182.31822916666667 990
04:36:00 	  dev 0.6143497757847534
04:36:02 	  test 0.6319444444444444
04:36:06 epoch: 51 tr Loss: 192.39443707810995 1037
04:36:08 	  dev 0.6101857783472133
04:36:10 	  test 0.6315972222222223
04:36:15 epoch: 52 tr Loss: 176.98542212041886 955
04:36:17 	  dev 0.6076233183856502
04:36:19 	  test 0.6350694444444445
04:36:23 epoch: 53 tr Loss: 176.33526875629406 993
04:36:25 	  dev 0.6117873158231902
04:36:28 	  test 0.6354166666666666
04:36:32 epoch: 54 tr Loss: 189.56467101926978 986
04:36:34 	  dev 0.6137091607943626
04:36:36 	  test 0.6361111111111111
04:36:41 epoch: 55 tr Loss: 181.2002616995074 1015
04:36:43 	  dev 0.6149903907751442
04:36:45 	  test 0.6361111111111111
04:36:50 epoch: 56 tr Loss: 173.4277875729572 1028
04:36:52 	  dev 0.6133888532991671
04:36:54 	  test 0.6395833333333333
04:36:59 epoch: 57 tr Loss: 176.73000130072842 961
04:37:01 	  dev 0.6146700832799488
04:37:03 	  test 0.6361111111111111
04:37:08 epoch: 58 tr Loss: 172.51326272233203 1012
04:37:10 	  dev 0.6191543882126842
04:37:12 	  test 0.6395833333333333
04:37:17 epoch: 59 tr Loss: 175.4958179662803 949
04:37:19 	  dev 0.6201153106982703
04:37:21 	  test 0.6423611111111112
04:37:27 epoch: 60 tr Loss: 169.38401785714285 1050
04:37:29 	  dev 0.6213965406790519
04:37:31 	  test 0.6395833333333333
04:37:37 epoch: 61 tr Loss: 166.11250596374046 1048
04:37:39 	  dev 0.6242793081358103
04:37:41 	  test 0.6402777777777777
04:37:47 epoch: 62 tr Loss: 166.93479230377167 981
04:37:49 	  dev 0.6233183856502242
04:37:51 	  test 0.640625
04:37:57 epoch: 63 tr Loss: 161.68890793339864 1021
04:37:59 	  dev 0.6249199231262011
04:38:00 	  test 0.6423611111111112
04:38:06 epoch: 64 tr Loss: 159.8223784194529 987
04:38:08 	  dev 0.6249199231262011
04:38:10 	  test 0.646875
04:38:14 epoch: 65 tr Loss: 156.29531558794466 1012
04:38:16 	  dev 0.6294042280589366
04:38:18 	  test 0.6413194444444444
04:38:22 epoch: 66 tr Loss: 157.44171626984127 945
04:38:25 	  dev 0.6268417680973735
04:38:27 	  test 0.6454861111111111
04:38:32 epoch: 67 tr Loss: 154.2095019035533 985
04:38:33 	  dev 0.6310057655349135
04:38:36 	  test 0.6465277777777778
04:38:41 epoch: 68 tr Loss: 153.22374618126273 982
04:38:42 	  dev 0.6303651505445227
04:38:44 	  test 0.6493055555555556
04:38:49 epoch: 69 tr Loss: 160.44166246215943 991
04:38:51 	  dev 0.6316463805253043
04:38:53 	  test 0.6503472222222222
04:38:58 epoch: 70 tr Loss: 145.345889979859 993
04:38:59 	  dev 0.6351697629724535
04:39:02 	  test 0.6534722222222222
04:39:07 epoch: 71 tr Loss: 151.25190054835494 1003
04:39:09 	  dev 0.6351697629724535
04:39:11 	  test 0.65625
04:39:16 epoch: 72 tr Loss: 150.8084609938208 971
04:39:18 	  dev 0.6329276105060858
04:39:20 	  test 0.6579861111111112
04:39:24 epoch: 73 tr Loss: 149.40771914789423 1021
04:39:27 	  dev 0.6342088404868674
04:39:29 	  test 0.6611111111111111
04:39:33 epoch: 74 tr Loss: 143.94136289101917 991
04:39:36 	  dev 0.6345291479820628
04:39:37 	  test 0.659375
04:39:42 epoch: 75 tr Loss: 146.69332386363635 990
04:39:45 	  dev 0.6361306854580397
04:39:47 	  test 0.6552083333333333
04:39:52 epoch: 76 tr Loss: 137.6382556987116 1009
04:39:54 	  dev 0.6370916079436258
04:39:56 	  test 0.6545138888888888
04:40:02 epoch: 77 tr Loss: 142.23883928571428 1057
04:40:04 	  dev 0.639654067905189
04:40:06 	  test 0.6506944444444445
04:40:11 epoch: 78 tr Loss: 144.84413409537856 1017
04:40:13 	  dev 0.6390134529147982
04:40:16 	  test 0.6520833333333333
04:40:21 epoch: 79 tr Loss: 145.10887748756218 1005
04:40:23 	  dev 0.6418962203715567
04:40:25 	  test 0.6506944444444445
04:40:31 epoch: 80 tr Loss: 134.42376439539348 1042
04:40:33 	  dev 0.6422165278667521
04:40:35 	  test 0.6465277777777778
04:40:40 epoch: 81 tr Loss: 143.6605587121212 990
04:40:43 	  dev 0.6402946828955798
04:40:45 	  test 0.646875
04:40:49 epoch: 82 tr Loss: 135.6721801130524 973
04:40:52 	  dev 0.6393337604099936
04:40:54 	  test 0.6513888888888889
04:40:59 epoch: 83 tr Loss: 137.604530775076 987
04:41:01 	  dev 0.6447789878283152
04:41:03 	  test 0.65
04:41:07 epoch: 84 tr Loss: 139.74427816901408 994
04:41:09 	  dev 0.6454196028187059
04:41:11 	  test 0.6552083333333333
04:41:16 epoch: 85 tr Loss: 133.92982756474103 1004
04:41:19 	  dev 0.6467008327994875
04:41:20 	  test 0.6565972222222223
04:41:25 epoch: 86 tr Loss: 127.2420800589391 1018
04:41:27 	  dev 0.6460602178090967
04:41:29 	  test 0.6565972222222223
04:41:34 epoch: 87 tr Loss: 128.6367584476626 984
04:41:36 	  dev 0.6470211402946829
04:41:38 	  test 0.6583333333333333
04:41:43 epoch: 88 tr Loss: 132.99764919759278 997
04:41:45 	  dev 0.6492632927610507
04:41:48 	  test 0.6604166666666667
04:41:53 epoch: 89 tr Loss: 124.25407045077434 904
04:41:54 	  dev 0.6486226777706599
04:41:57 	  test 0.6628472222222223
04:42:02 epoch: 90 tr Loss: 126.61956024169922 1024
04:42:04 	  dev 0.6534272901985907
04:42:06 	  test 0.6670138888888889
04:42:10 epoch: 91 tr Loss: 123.67941051876956 959
04:42:13 	  dev 0.6518257527226137
04:42:15 	  test 0.6628472222222223
04:42:20 epoch: 92 tr Loss: 129.74330565949487 1069
04:42:22 	  dev 0.6540679051889814
04:42:24 	  test 0.6645833333333333
04:42:28 epoch: 93 tr Loss: 128.64394639556377 1082
04:42:31 	  dev 0.6527866752081999
04:42:33 	  test 0.6625
04:42:38 epoch: 94 tr Loss: 124.91256464429868 991
04:42:40 	  dev 0.657911595131326
04:42:42 	  test 0.6663194444444445
04:42:47 epoch: 95 tr Loss: 126.5878309729064 1015
04:42:49 	  dev 0.6566303651505445
04:42:51 	  test 0.6697916666666667
04:42:56 epoch: 96 tr Loss: 122.2235576923077 1014
04:42:58 	  dev 0.6566303651505445
04:43:00 	  test 0.671875
04:43:05 epoch: 97 tr Loss: 121.83720743312757 972
04:43:07 	  dev 0.6575912876361307
04:43:09 	  test 0.6739583333333333
04:43:14 epoch: 98 tr Loss: 122.94935317560729 988
04:43:16 	  dev 0.6575912876361307
04:43:19 	  test 0.675
04:43:24 epoch: 99 tr Loss: 122.88718505381604 1022
04:43:26 	  dev 0.6591928251121076
04:43:28 	  test 0.6743055555555556
04:43:32 epoch: 100 tr Loss: 116.06490031800391 1022
04:43:35 	  dev 0.6575912876361307
04:43:37 	  test 0.6697916666666667
04:43:42 epoch: 101 tr Loss: 121.23961849083896 1037
04:43:44 	  dev 0.6572709801409353
04:43:46 	  test 0.6715277777777777
04:43:51 epoch: 102 tr Loss: 115.21057967557252 1048
04:43:53 	  dev 0.6563100576553491
04:43:55 	  test 0.6708333333333333
04:44:00 epoch: 103 tr Loss: 118.12330543533605 982
04:44:02 	  dev 0.6582319026265214
04:44:04 	  test 0.671875
04:44:08 epoch: 104 tr Loss: 117.26765370417515 982
04:44:10 	  dev 0.6563100576553491
04:44:12 	  test 0.6746527777777778
04:44:17 epoch: 105 tr Loss: 111.32165759509509 999
04:44:19 	  dev 0.6607943625880845
04:44:21 	  test 0.6725694444444444
04:44:26 epoch: 106 tr Loss: 110.37292406186613 986
04:44:28 	  dev 0.6601537475976937
04:44:30 	  test 0.6777777777777778
04:44:35 epoch: 107 tr Loss: 110.59524928682572 964
04:44:37 	  dev 0.6601537475976937
04:44:39 	  test 0.6753472222222222
04:44:44 epoch: 108 tr Loss: 115.66507882323734 1007
04:44:46 	  dev 0.6620755925688662
04:44:48 	  test 0.6767361111111111
04:44:53 epoch: 109 tr Loss: 112.1209854579208 1010
04:44:56 	  dev 0.6620755925688662
04:44:57 	  test 0.6795138888888889
04:45:02 epoch: 110 tr Loss: 110.19137620192308 1040
04:45:04 	  dev 0.6620755925688662
04:45:06 	  test 0.6756944444444445
04:45:11 epoch: 111 tr Loss: 115.3214796112805 984
04:45:14 	  dev 0.6627162075592569
04:45:16 	  test 0.675
04:45:20 epoch: 112 tr Loss: 111.22900868395304 1022
04:45:22 	  dev 0.6633568225496477
04:45:24 	  test 0.6763888888888889
04:45:29 epoch: 113 tr Loss: 110.8769329063147 966
04:45:30 	  dev 0.6639974375400385
04:45:32 	  test 0.6767361111111111
04:45:37 epoch: 114 tr Loss: 106.06421146044624 986
04:45:39 	  dev 0.6668802049967969
04:45:41 	  test 0.6767361111111111
04:45:45 epoch: 115 tr Loss: 109.29954500234082 1068
04:45:47 	  dev 0.6688020499679692
04:45:50 	  test 0.6736111111111112
04:45:55 epoch: 116 tr Loss: 107.92760318117313 1057
04:45:57 	  dev 0.6688020499679692
04:45:59 	  test 0.6743055555555556
04:46:04 epoch: 117 tr Loss: 97.92438211697723 966
04:46:06 	  dev 0.66944266495836
04:46:08 	  test 0.6753472222222222
04:46:13 epoch: 118 tr Loss: 109.82175619586141 1039
04:46:15 	  dev 0.6707238949391415
04:46:17 	  test 0.6722222222222223
04:46:22 epoch: 119 tr Loss: 103.22378060089021 1011
04:46:24 	  dev 0.6688020499679692
04:46:26 	  test 0.6788194444444444
04:46:32 epoch: 120 tr Loss: 105.83052943706981 1017
04:46:34 	  dev 0.6681614349775785
04:46:36 	  test 0.675
04:46:42 epoch: 121 tr Loss: 100.0210449702676 1009
04:46:44 	  dev 0.6684817424727738
04:46:46 	  test 0.6760416666666667
04:46:51 epoch: 122 tr Loss: 103.48955716080403 995
04:46:54 	  dev 0.6681614349775785
04:46:56 	  test 0.6760416666666667
04:47:00 epoch: 123 tr Loss: 96.97445913461539 962
04:47:02 	  dev 0.6691223574631646
04:47:05 	  test 0.6746527777777778
04:47:09 epoch: 124 tr Loss: 104.72186876247505 1002
04:47:11 	  dev 0.6675208199871877
04:47:12 	  test 0.6746527777777778
04:47:17 epoch: 125 tr Loss: 101.58049535603715 969
04:47:19 	  dev 0.6655989750160154
04:47:21 	  test 0.6732638888888889
04:47:26 epoch: 126 tr Loss: 102.812000998004 1002
04:47:28 	  dev 0.6662395900064062
04:47:30 	  test 0.6736111111111112
04:47:34 epoch: 127 tr Loss: 100.45472485706861 962
04:47:36 	  dev 0.6665598975016015
04:47:38 	  test 0.6743055555555556
04:47:43 epoch: 128 tr Loss: 97.332837773549 1051
04:47:45 	  dev 0.6678411274823831
04:47:47 	  test 0.675
04:47:52 epoch: 129 tr Loss: 96.28037432992203 1026
04:47:54 	  dev 0.6678411274823831
04:47:56 	  test 0.6767361111111111
04:48:01 epoch: 130 tr Loss: 98.55274212549604 1008
04:48:03 	  dev 0.6678411274823831
04:48:04 	  test 0.6795138888888889
04:48:09 epoch: 131 tr Loss: 98.02099808673469 980
04:48:11 	  dev 0.66527866752082
04:48:13 	  test 0.6770833333333334
04:48:19 epoch: 132 tr Loss: 92.08735431608606 976
04:48:21 	  dev 0.6681614349775785
04:48:23 	  test 0.6805555555555556
04:48:27 epoch: 133 tr Loss: 99.39729020979021 1001
04:48:29 	  dev 0.6691223574631646
04:48:32 	  test 0.6854166666666667
04:48:37 epoch: 134 tr Loss: 92.13229560491493 1058
04:48:39 	  dev 0.6688020499679692
04:48:41 	  test 0.6847222222222222
04:48:46 epoch: 135 tr Loss: 98.49305023006134 978
04:48:48 	  dev 0.6732863549007047
04:48:49 	  test 0.6802083333333333
04:48:55 epoch: 136 tr Loss: 95.17119235436893 1030
04:48:56 	  dev 0.672645739910314
04:48:58 	  test 0.6822916666666666
04:49:03 epoch: 137 tr Loss: 95.2514752538071 985
04:49:05 	  dev 0.6745675848814863
04:49:07 	  test 0.6861111111111111
04:49:12 epoch: 138 tr Loss: 93.93665032483158 1039
04:49:14 	  dev 0.6755285073670724
04:49:15 	  test 0.6847222222222222
04:49:19 epoch: 139 tr Loss: 92.98308949559255 1021
04:49:22 	  dev 0.6761691223574632
04:49:23 	  test 0.684375
04:49:28 epoch: 140 tr Loss: 95.74467921982335 1019
04:49:30 	  dev 0.6736066623959001
04:49:32 	  test 0.684375
04:49:37 epoch: 141 tr Loss: 95.6891232727738 977
04:49:39 	  dev 0.6745675848814863
04:49:41 	  test 0.6854166666666667
04:49:46 epoch: 142 tr Loss: 94.3539438913471 1017
04:49:48 	  dev 0.6710442024343369
04:49:50 	  test 0.6847222222222222
04:49:55 epoch: 143 tr Loss: 95.2562236483135 1008
04:49:57 	  dev 0.6723254324151186
04:49:59 	  test 0.6857638888888888
04:50:04 epoch: 144 tr Loss: 87.77729471757323 956
04:50:06 	  dev 0.6729660474055092
04:50:08 	  test 0.6875
04:50:13 epoch: 145 tr Loss: 94.36555109797297 1036
04:50:15 	  dev 0.6723254324151186
04:50:16 	  test 0.6861111111111111
04:50:21 epoch: 146 tr Loss: 92.36020478456913 998
04:50:23 	  dev 0.6742472773862909
04:50:25 	  test 0.6815972222222222
04:50:30 epoch: 147 tr Loss: 89.8045275716479 977
04:50:32 	  dev 0.6758488148622678
04:50:34 	  test 0.6850694444444444
04:50:40 epoch: 148 tr Loss: 88.70537416587226 1049
04:50:42 	  dev 0.6755285073670724
04:50:44 	  test 0.6854166666666667
04:50:49 epoch: 149 tr Loss: 92.37163710056392 1064
04:50:51 	  dev 0.6729660474055092
04:50:54 	  test 0.6864583333333333
04:50:59 epoch: 150 tr Loss: 87.76898429741807 1007
04:51:01 	  dev 0.6707238949391415
04:51:03 	  test 0.6836805555555555
04:51:07 epoch: 151 tr Loss: 91.98193549367704 1028
04:51:10 	  dev 0.6710442024343369
04:51:12 	  test 0.6875
04:51:17 epoch: 152 tr Loss: 87.76716967680608 1052
04:51:18 	  dev 0.6739269698910955
04:51:21 	  test 0.6909722222222222
04:51:26 epoch: 153 tr Loss: 90.64492423289738 994
04:51:28 	  dev 0.675208199871877
04:51:30 	  test 0.6895833333333333
04:51:35 epoch: 154 tr Loss: 89.24539821944177 1039
04:51:37 	  dev 0.6739269698910955
04:51:40 	  test 0.6920138888888889
04:51:44 epoch: 155 tr Loss: 87.99659475200401 998
04:51:47 	  dev 0.675208199871877
04:51:49 	  test 0.6923611111111111
04:51:53 epoch: 156 tr Loss: 83.30952962239583 960
04:51:55 	  dev 0.6764894298526586
04:51:58 	  test 0.6916666666666667
04:52:04 epoch: 157 tr Loss: 82.45064231049562 1029
04:52:07 	  dev 0.6745675848814863
04:52:09 	  test 0.690625
04:52:13 epoch: 158 tr Loss: 86.25147650571132 963
04:52:15 	  dev 0.6777706598334401
04:52:17 	  test 0.6961805555555556
04:52:21 epoch: 159 tr Loss: 88.20656415343916 945
04:52:24 	  dev 0.6780909673286355
04:52:26 	  test 0.6947916666666667
04:52:31 epoch: 160 tr Loss: 87.21712642993327 1049
04:52:33 	  dev 0.6796925048046124
04:52:35 	  test 0.6923611111111111
04:52:40 epoch: 161 tr Loss: 80.10030110677083 960
04:52:42 	  dev 0.6796925048046124
04:52:44 	  test 0.6958333333333333
04:52:48 epoch: 162 tr Loss: 86.87135416666666 1035
04:52:50 	  dev 0.6796925048046124
04:52:53 	  test 0.6881944444444444
04:52:57 epoch: 163 tr Loss: 84.54579192150867 981
04:52:59 	  dev 0.6812940422805893
04:53:02 	  test 0.6909722222222222
04:53:06 epoch: 164 tr Loss: 86.7064568014706 1020
04:53:08 	  dev 0.6803331197950032
04:53:11 	  test 0.6951388888888889
04:53:15 epoch: 165 tr Loss: 84.11220988454288 1061
04:53:16 	  dev 0.679372197309417
04:53:18 	  test 0.6947916666666667
04:53:23 epoch: 166 tr Loss: 78.8649384469697 990
04:53:25 	  dev 0.6812940422805893
04:53:27 	  test 0.7017361111111111
04:53:32 epoch: 167 tr Loss: 87.13454057355968 972
04:53:34 	  dev 0.6777706598334401
04:53:36 	  test 0.6982638888888889
04:53:41 epoch: 168 tr Loss: 83.09336605235043 936
04:53:43 	  dev 0.6761691223574632
04:53:45 	  test 0.7
04:53:50 epoch: 169 tr Loss: 80.37343914300736 951
04:53:52 	  dev 0.6742472773862909
04:53:54 	  test 0.7027777777777777
04:53:59 epoch: 170 tr Loss: 82.242642669532 1047
04:54:00 	  dev 0.6761691223574632
04:54:02 	  test 0.7017361111111111
04:54:08 epoch: 171 tr Loss: 81.22785388860369 974
04:54:09 	  dev 0.6777706598334401
04:54:11 	  test 0.7017361111111111
04:54:15 epoch: 172 tr Loss: 83.0777518172378 963
04:54:17 	  dev 0.6825752722613709
04:54:19 	  test 0.7006944444444444
04:54:24 epoch: 173 tr Loss: 82.89719893292683 1066
04:54:26 	  dev 0.6841768097373478
04:54:28 	  test 0.7027777777777777
04:54:32 epoch: 174 tr Loss: 79.82356904517454 974
04:54:34 	  dev 0.6848174247277387
04:54:36 	  test 0.7010416666666667
04:54:40 epoch: 175 tr Loss: 80.29464962121212 990
04:54:42 	  dev 0.6860986547085202
04:54:44 	  test 0.7020833333333333
04:54:48 epoch: 176 tr Loss: 80.30063221636546 996
04:54:50 	  dev 0.6838565022421524
04:54:52 	  test 0.7006944444444444
04:54:57 epoch: 177 tr Loss: 82.4147969470046 1085
04:54:59 	  dev 0.683536194746957
04:55:01 	  test 0.7006944444444444
04:55:05 epoch: 178 tr Loss: 75.84774376272912 982
04:55:07 	  dev 0.6819346572709801
04:55:09 	  test 0.7003472222222222
04:55:14 epoch: 179 tr Loss: 80.17786688790561 1017
04:55:16 	  dev 0.679372197309417
04:55:18 	  test 0.7013888888888888
04:55:22 epoch: 180 tr Loss: 78.22219187062937 1001
04:55:24 	  dev 0.679372197309417
04:55:26 	  test 0.7017361111111111
04:55:30 epoch: 181 tr Loss: 78.66986674647177 992
04:55:33 	  dev 0.6812940422805893
04:55:34 	  test 0.7006944444444444
04:55:39 epoch: 182 tr Loss: 76.54799981635651 1021
04:55:41 	  dev 0.6796925048046124
04:55:43 	  test 0.7013888888888888
04:55:48 epoch: 183 tr Loss: 80.07166832010581 945
04:55:50 	  dev 0.6800128122998078
04:55:52 	  test 0.6958333333333333
04:55:56 epoch: 184 tr Loss: 78.69910179640719 1002
04:55:58 	  dev 0.6806534272901986
04:56:00 	  test 0.6975694444444445
04:56:05 epoch: 185 tr Loss: 74.87960802218615 924
04:56:07 	  dev 0.683536194746957
04:56:09 	  test 0.6895833333333333
04:56:13 epoch: 186 tr Loss: 79.99715177651905 971
04:56:15 	  dev 0.6825752722613709
04:56:17 	  test 0.6944444444444444
04:56:22 epoch: 187 tr Loss: 73.77776517116183 964
04:56:24 	  dev 0.6825752722613709
04:56:27 	  test 0.6975694444444445
04:56:31 epoch: 188 tr Loss: 75.17299775449102 1002
04:56:34 	  dev 0.6841768097373478
04:56:36 	  test 0.6993055555555555
04:56:40 epoch: 189 tr Loss: 78.80727625739645 1014
04:56:42 	  dev 0.6860986547085202
04:56:45 	  test 0.7010416666666667
04:56:50 epoch: 190 tr Loss: 75.21668220644851 1039
04:56:52 	  dev 0.6870595771941064
04:56:54 	  test 0.7038194444444444
04:56:59 epoch: 191 tr Loss: 77.83930963010204 980
04:57:01 	  dev 0.6889814221652787
04:57:03 	  test 0.7034722222222223
04:57:08 epoch: 192 tr Loss: 76.22677556818182 990
04:57:10 	  dev 0.6877001921844971
04:57:12 	  test 0.7010416666666667
04:57:17 epoch: 193 tr Loss: 77.66170222809667 993
04:57:20 	  dev 0.6889814221652787
04:57:22 	  test 0.7038194444444444
04:57:26 epoch: 194 tr Loss: 74.0473662525355 986
04:57:29 	  dev 0.6886611146700833
04:57:31 	  test 0.70625
04:57:36 epoch: 195 tr Loss: 70.08479098071496 1063
04:57:38 	  dev 0.6877001921844971
04:57:40 	  test 0.7086805555555555
04:57:44 epoch: 196 tr Loss: 72.59866480009634 1038
04:57:46 	  dev 0.6844971172325433
04:57:48 	  test 0.7048611111111112
04:57:53 epoch: 197 tr Loss: 74.99653728834662 1004
04:57:55 	  dev 0.6838565022421524
04:57:58 	  test 0.7052083333333333
04:58:03 epoch: 198 tr Loss: 74.50896871788284 973
04:58:05 	  dev 0.6832158872517617
04:58:07 	  test 0.7048611111111112
04:58:13 epoch: 199 tr Loss: 72.10535085513078 994
04:58:15 	  dev 0.6828955797565663
04:58:17 	  test 0.7034722222222223
04:58:21 epoch: 200 tr Loss: 74.8237794929719 996
04:58:23 	  dev 0.6822549647661755
04:58:25 	  test 0.7045138888888889
04:58:29 epoch: 201 tr Loss: 70.08134237224449 998
04:58:32 	  dev 0.683536194746957
04:58:33 	  test 0.7059027777777778
04:58:38 epoch: 202 tr Loss: 73.46610613567073 984
04:58:40 	  dev 0.6819346572709801
04:58:42 	  test 0.7052083333333333
04:58:46 epoch: 203 tr Loss: 74.0326024694501 982
04:58:48 	  dev 0.6828955797565663
04:58:50 	  test 0.7045138888888889
04:58:55 epoch: 204 tr Loss: 74.80742724705304 1018
04:58:58 	  dev 0.6851377322229341
04:59:00 	  test 0.7024305555555556
04:59:05 epoch: 205 tr Loss: 70.68712537462538 1001
04:59:07 	  dev 0.6873798846893018
04:59:09 	  test 0.7038194444444444
04:59:13 epoch: 206 tr Loss: 72.19993080587024 971
04:59:16 	  dev 0.6880204996796925
04:59:18 	  test 0.7027777777777777
04:59:22 epoch: 207 tr Loss: 72.42742955202313 1038
04:59:25 	  dev 0.6899423446508648
04:59:27 	  test 0.7052083333333333
04:59:33 epoch: 208 tr Loss: 68.65082400497512 1005
04:59:35 	  dev 0.6899423446508648
04:59:36 	  test 0.7038194444444444
04:59:41 epoch: 209 tr Loss: 70.03056210691824 954
04:59:43 	  dev 0.6877001921844971
04:59:45 	  test 0.7034722222222223
04:59:50 epoch: 210 tr Loss: 71.83073710619918 984
04:59:52 	  dev 0.6864189622037156
04:59:54 	  test 0.70625
04:59:58 epoch: 211 tr Loss: 67.55657710873983 984
05:00:00 	  dev 0.6864189622037156
05:00:02 	  test 0.7052083333333333
05:00:07 epoch: 212 tr Loss: 68.1542949657869 1023
05:00:09 	  dev 0.6864189622037156
05:00:12 	  test 0.7041666666666667
05:00:16 epoch: 213 tr Loss: 71.29730142893924 971
05:00:18 	  dev 0.6877001921844971
05:00:21 	  test 0.70625
05:00:25 epoch: 214 tr Loss: 67.3053685495992 998
05:00:28 	  dev 0.6905829596412556
05:00:30 	  test 0.7065972222222222
05:00:35 epoch: 215 tr Loss: 73.7986289907312 971
05:00:37 	  dev 0.6899423446508648
05:00:39 	  test 0.7076388888888889
05:00:44 epoch: 216 tr Loss: 68.67247784150156 959
05:00:46 	  dev 0.6915438821268418
05:00:48 	  test 0.7
05:00:53 epoch: 217 tr Loss: 68.58353992693111 958
05:00:55 	  dev 0.6899423446508648
05:00:58 	  test 0.7045138888888889
05:01:02 epoch: 218 tr Loss: 67.3641850794439 1007
05:01:04 	  dev 0.6931454196028187
05:01:06 	  test 0.7013888888888888
05:01:11 epoch: 219 tr Loss: 71.75811266874351 963
05:01:13 	  dev 0.6912235746316464
05:01:15 	  test 0.7024305555555556
05:01:19 epoch: 220 tr Loss: 69.90607102838645 1004
05:01:21 	  dev 0.6912235746316464
05:01:23 	  test 0.7027777777777777
05:01:27 epoch: 221 tr Loss: 68.92696314102564 975
05:01:28 	  dev 0.6912235746316464
05:01:31 	  test 0.7048611111111112
05:01:35 epoch: 222 tr Loss: 65.80580577492596 1013
05:01:37 	  dev 0.6899423446508648
05:01:39 	  test 0.7038194444444444
05:01:45 epoch: 223 tr Loss: 66.22130408653847 988
05:01:47 	  dev 0.6899423446508648
05:01:49 	  test 0.6993055555555555
05:01:54 epoch: 224 tr Loss: 67.97608736291127 1003
05:01:56 	  dev 0.6912235746316464
05:01:58 	  test 0.7006944444444444
05:02:03 epoch: 225 tr Loss: 69.22796800239234 1045
05:02:05 	  dev 0.6902626521460602
05:02:07 	  test 0.7020833333333333
05:02:12 epoch: 226 tr Loss: 70.96464322381931 974
05:02:15 	  dev 0.6902626521460602
05:02:17 	  test 0.7027777777777777
05:02:22 epoch: 227 tr Loss: 70.63922697368422 950
05:02:24 	  dev 0.6931454196028187
05:02:26 	  test 0.7024305555555556
05:02:32 epoch: 228 tr Loss: 68.19602134146342 1025
05:02:33 	  dev 0.6937860345932095
05:02:35 	  test 0.7048611111111112
05:02:40 epoch: 229 tr Loss: 64.41347462871288 1010
05:02:42 	  dev 0.6944266495836002
05:02:43 	  test 0.703125
05:02:49 epoch: 230 tr Loss: 64.71663460335336 999
05:02:51 	  dev 0.6937860345932095
05:02:52 	  test 0.7003472222222222
05:02:57 epoch: 231 tr Loss: 66.0809326171875 1024
05:02:59 	  dev 0.6947469570787956
05:03:00 	  test 0.7
05:03:06 epoch: 232 tr Loss: 70.24040386105372 968
05:03:07 	  dev 0.6969891095451634
05:03:09 	  test 0.6972222222222222
05:03:15 epoch: 233 tr Loss: 64.77937047101449 1035
05:03:17 	  dev 0.6979500320307496
05:03:18 	  test 0.7
05:03:24 epoch: 234 tr Loss: 68.30693300898204 1002
05:03:26 	  dev 0.696668802049968
05:03:28 	  test 0.6975694444444445
05:03:34 epoch: 235 tr Loss: 67.90115522044573 1032
05:03:36 	  dev 0.6982703395259449
05:03:38 	  test 0.7
05:03:43 epoch: 236 tr Loss: 64.97690494393476 981
05:03:44 	  dev 0.6989109545163357
05:03:47 	  test 0.7013888888888888
05:03:51 epoch: 237 tr Loss: 64.95174086389463 968
05:03:54 	  dev 0.7014734144778988
05:03:56 	  test 0.7006944444444444
05:04:01 epoch: 238 tr Loss: 63.81691360473633 1024
05:04:03 	  dev 0.6992312620115311
05:04:05 	  test 0.7034722222222223
05:04:10 epoch: 239 tr Loss: 64.55478746309055 1016
05:04:12 	  dev 0.6976297245355542
05:04:14 	  test 0.70625
05:04:19 epoch: 240 tr Loss: 63.602733990904625 1017
05:04:21 	  dev 0.6982703395259449
05:04:23 	  test 0.7045138888888889
05:04:27 epoch: 241 tr Loss: 62.88298233695652 1058
05:04:29 	  dev 0.6947469570787956
05:04:31 	  test 0.7065972222222222
05:04:36 epoch: 242 tr Loss: 63.23242376573088 1033
05:04:39 	  dev 0.6953875720691864
05:04:40 	  test 0.7079861111111111
05:04:46 epoch: 243 tr Loss: 68.13347970456802 1007
05:04:47 	  dev 0.6937860345932095
05:04:50 	  test 0.7079861111111111
05:04:54 epoch: 244 tr Loss: 64.10873260342186 979
05:04:56 	  dev 0.6957078795643818
05:04:59 	  test 0.7072916666666667
05:05:04 epoch: 245 tr Loss: 68.2132402942631 1011
05:05:06 	  dev 0.6947469570787956
05:05:08 	  test 0.7045138888888889
05:05:13 epoch: 246 tr Loss: 66.75924115736285 1039
05:05:15 	  dev 0.6928251121076233
05:05:17 	  test 0.7052083333333333
05:05:23 epoch: 247 tr Loss: 63.520491359018834 1009
05:05:25 	  dev 0.6937860345932095
05:05:27 	  test 0.7020833333333333
05:05:32 epoch: 248 tr Loss: 67.30601008858268 1016
05:05:34 	  dev 0.6934657270980141
05:05:36 	  test 0.7048611111111112
05:05:40 epoch: 249 tr Loss: 60.752619854417674 996
05:05:42 	  dev 0.6934657270980141
05:05:44 	  test 0.7017361111111111
05:05:49 epoch: 250 tr Loss: 64.11189826799803 1014
05:05:51 	  dev 0.6941063420884048
05:05:53 	  test 0.7020833333333333
05:05:58 epoch: 251 tr Loss: 64.7808359911678 1019
05:06:00 	  dev 0.6912235746316464
05:06:02 	  test 0.6993055555555555
05:06:07 epoch: 252 tr Loss: 61.13720007001018 982
05:06:09 	  dev 0.6905829596412556
05:06:11 	  test 0.7010416666666667
05:06:16 epoch: 253 tr Loss: 64.86179147897897 999
05:06:18 	  dev 0.6902626521460602
05:06:20 	  test 0.7010416666666667
05:06:24 epoch: 254 tr Loss: 62.936846364541836 1004
05:06:26 	  dev 0.6931454196028187
05:06:28 	  test 0.7017361111111111
05:06:32 epoch: 255 tr Loss: 63.63160657051282 975
05:06:34 	  dev 0.6947469570787956
05:06:37 	  test 0.7052083333333333
05:06:41 epoch: 256 tr Loss: 60.88985372666994 1018
05:06:44 	  dev 0.6957078795643818
05:06:47 	  test 0.7034722222222223
05:06:51 epoch: 257 tr Loss: 58.228698904028434 1055
05:06:53 	  dev 0.6957078795643818
05:06:56 	  test 0.7034722222222223
05:07:01 epoch: 258 tr Loss: 62.5624927054155 1071
05:07:03 	  dev 0.6934657270980141
05:07:04 	  test 0.70625
05:07:09 epoch: 259 tr Loss: 61.87814910800386 1037
05:07:11 	  dev 0.6947469570787956
05:07:12 	  test 0.7041666666666667
05:07:16 epoch: 260 tr Loss: 66.5495120029098 1031
05:07:18 	  dev 0.695067264573991
05:07:20 	  test 0.7041666666666667
05:07:25 epoch: 261 tr Loss: 61.566050785113745 1011
05:07:27 	  dev 0.695067264573991
05:07:29 	  test 0.7041666666666667
05:07:33 epoch: 262 tr Loss: 57.42826634709931 1017
05:07:35 	  dev 0.6947469570787956
05:07:37 	  test 0.7076388888888889
05:07:42 epoch: 263 tr Loss: 61.82967396151886 981
05:07:44 	  dev 0.6925048046124279
05:07:46 	  test 0.7100694444444444
05:07:51 epoch: 264 tr Loss: 59.109609223887816 1034
05:07:53 	  dev 0.6944266495836002
05:07:56 	  test 0.7111111111111111
05:08:01 epoch: 265 tr Loss: 62.787619519589555 1072
05:08:02 	  dev 0.696668802049968
05:08:05 	  test 0.7107638888888889
05:08:09 epoch: 266 tr Loss: 60.96235217446592 983
05:08:11 	  dev 0.6931454196028187
05:08:13 	  test 0.7076388888888889
05:08:17 epoch: 267 tr Loss: 57.686327739387956 1013
05:08:20 	  dev 0.6941063420884048
05:08:22 	  test 0.7072916666666667
05:08:27 epoch: 268 tr Loss: 59.168700445986126 1009
05:08:29 	  dev 0.6953875720691864
05:08:31 	  test 0.7100694444444444
05:08:36 epoch: 269 tr Loss: 61.9612995623069 971
05:08:37 	  dev 0.6960281870595771
05:08:40 	  test 0.7059027777777778
05:08:44 epoch: 270 tr Loss: 62.193363369120654 978
05:08:46 	  dev 0.6969891095451634
05:08:49 	  test 0.7100694444444444
05:08:54 epoch: 271 tr Loss: 60.26863524899397 994
05:08:56 	  dev 0.695067264573991
05:08:58 	  test 0.7052083333333333
05:09:03 epoch: 272 tr Loss: 62.43551038593904 1017
05:09:05 	  dev 0.6957078795643818
05:09:07 	  test 0.7055555555555556
05:09:11 epoch: 273 tr Loss: 59.13380626223092 1022
05:09:13 	  dev 0.6989109545163357
05:09:15 	  test 0.7083333333333334
05:09:20 epoch: 274 tr Loss: 61.410718134236454 1015
05:09:23 	  dev 0.6995515695067265
05:09:25 	  test 0.709375
05:09:30 epoch: 275 tr Loss: 60.21720530847374 1009
05:09:32 	  dev 0.700832799487508
05:09:34 	  test 0.7086805555555555
05:09:38 epoch: 276 tr Loss: 61.4186580882353 1003
05:09:41 	  dev 0.7017937219730942
05:09:43 	  test 0.7083333333333334
