Namespace(alpha0=0, alpha1=0, alpha2=0, alpha3=0, auxiliary_file='datasets/OOKB/tail-5000/aux', batch_size=5000, beta0=0.1, beta1=1e-05, dev_file='datasets/OOKB/tail-5000/dev', dim=200, entity_size=38195, epoch_size=10000, gpu_device=0, is_balanced_tr=False, is_bernoulli_trick=True, layerR=1, margin_file='', opt_model='Adam', order=1, param_dir='', pool_size=640, pooling_method='avg', rel_size=11, sample_size=64, seed=0, target_dir='tail-5000', test_batch_size=20000, test_file='datasets/OOKB/tail-5000/test', threshold=300.0, train_file='datasets/OOKB/tail-5000/train', train_size=1000, use_gpu=False)
main.py -tD tail-5000
04:28:20 load train
04:28:21 set axiaulity
04:28:21 OOKB esetting, use: different edges
04:28:21 load train
04:28:21 load dev
dev size: 2601
04:28:21 load test
test size: 4603
relation size: 11 entity size: 38195
04:28:25 epoch: 0 tr Loss: 302.02697864321607 995
04:28:27 	  dev 0.5770857362552865
04:28:30 	  test 0.5857049750162937
/home/takuo-h/.pyenv/versions/3.6.8/lib/python3.6/site-packages/chainer/functions/normalization/batch_normalization.py:114: UserWarning: A batch with no more than one sample has been given to F.batch_normalization. F.batch_normalization will always output a zero tensor for such batches. This could be caused by incorrect configuration in your code (such as running evaluation while chainer.config.train=True), but could also happen in the last batch of training if non-repeating iterator is used.
  UserWarning)
04:28:34 epoch: 1 tr Loss: 300.8872549019608 1020
04:28:36 	  dev 0.6128412149173394
04:28:40 	  test 0.5950467086682598
04:28:45 epoch: 2 tr Loss: 300.4919625124131 1007
04:28:46 	  dev 0.6116878123798539
04:28:49 	  test 0.5859222246361069
04:28:54 epoch: 3 tr Loss: 299.1692345924453 1006
04:28:56 	  dev 0.6078431372549019
04:29:00 	  test 0.5872257223549858
04:29:04 epoch: 4 tr Loss: 297.0797271573604 985
04:29:06 	  dev 0.6086120722798923
04:29:09 	  test 0.595263958288073
04:29:13 epoch: 5 tr Loss: 298.6471315529179 1011
04:29:15 	  dev 0.5955401768550558
04:29:18 	  test 0.5967847056267651
04:29:23 epoch: 6 tr Loss: 296.5002329605964 939
04:29:24 	  dev 0.5886197616301423
04:29:27 	  test 0.5880947208342385
04:29:32 epoch: 7 tr Loss: 296.95673771676303 1038
04:29:34 	  dev 0.5809304113802384
04:29:37 	  test 0.5815772322398436
04:29:41 epoch: 8 tr Loss: 295.4784450301205 996
04:29:43 	  dev 0.5751633986928104
04:29:46 	  test 0.5802737345209645
04:29:51 epoch: 9 tr Loss: 289.8961538461538 1040
04:29:53 	  dev 0.5667051134179162
04:29:55 	  test 0.5798392352813383
04:29:59 epoch: 10 tr Loss: 292.2669933808554 982
04:30:01 	  dev 0.5574778931180315
04:30:04 	  test 0.5826634803389094
04:30:08 epoch: 11 tr Loss: 289.0004042288557 1005
04:30:09 	  dev 0.5586312956555171
04:30:12 	  test 0.5783184879426461
04:30:17 epoch: 12 tr Loss: 289.07198660714283 1008
04:30:18 	  dev 0.558246828143022
04:30:21 	  test 0.575494242885075
04:30:25 epoch: 13 tr Loss: 280.68029336734696 980
04:30:27 	  dev 0.5559400230680508
04:30:30 	  test 0.5750597436454487
04:30:34 epoch: 14 tr Loss: 285.8647588951311 1068
04:30:36 	  dev 0.5520953479430988
04:30:39 	  test 0.5735389963067564
04:30:44 epoch: 15 tr Loss: 279.100680814524 1019
04:30:45 	  dev 0.5513264129181085
04:30:49 	  test 0.5776667390832066
04:30:53 epoch: 16 tr Loss: 277.3241427529183 1028
04:30:55 	  dev 0.5540176855055747
04:30:57 	  test 0.5811427330002172
04:31:01 epoch: 17 tr Loss: 279.35678680981596 978
04:31:03 	  dev 0.5647827758554402
04:31:06 	  test 0.5841842276776016
04:31:10 epoch: 18 tr Loss: 273.3748475609756 1025
04:31:12 	  dev 0.5632449058054594
04:31:15 	  test 0.5833152291983489
04:31:20 epoch: 19 tr Loss: 277.2489302385892 964
04:31:21 	  dev 0.566320645905421
04:31:23 	  test 0.5850532261568542
04:31:28 epoch: 20 tr Loss: 269.63034579667647 1023
04:31:29 	  dev 0.564398308342945
04:31:32 	  test 0.588746469693678
04:31:37 epoch: 21 tr Loss: 270.75053267045456 968
04:31:38 	  dev 0.5632449058054594
04:31:42 	  test 0.5902672170323702
04:31:46 epoch: 22 tr Loss: 266.23385647123894 904
04:31:47 	  dev 0.5624759707804691
04:31:50 	  test 0.5946122094286335
04:31:55 epoch: 23 tr Loss: 261.02834928229663 1045
04:31:56 	  dev 0.558246828143022
04:31:59 	  test 0.5985227025852705
04:32:03 epoch: 24 tr Loss: 254.3403238692232 1017
04:32:05 	  dev 0.5597846981930027
04:32:07 	  test 0.6035194438409732
04:32:13 epoch: 25 tr Loss: 259.3080888055843 967
04:32:14 	  dev 0.5674740484429066
04:32:17 	  test 0.6054746904192918
04:32:22 epoch: 26 tr Loss: 247.60984165808446 971
04:32:23 	  dev 0.570165321030373
04:32:26 	  test 0.6096024331957419
04:32:30 epoch: 27 tr Loss: 247.32379424227318 1003
04:32:31 	  dev 0.5717031910803537
04:32:34 	  test 0.6100369324353683
04:32:38 epoch: 28 tr Loss: 246.25200870951915 1019
04:32:40 	  dev 0.5728565936178392
04:32:42 	  test 0.611123180534434
04:32:48 epoch: 29 tr Loss: 241.81570723684212 950
04:32:49 	  dev 0.5728565936178392
04:32:51 	  test 0.6119921790136867
04:32:56 epoch: 30 tr Loss: 252.76352564102564 975
04:32:58 	  dev 0.5747789311803153
04:33:00 	  test 0.6152509233108842
04:33:05 epoch: 31 tr Loss: 231.33560538967612 988
04:33:07 	  dev 0.5740099961553249
04:33:10 	  test 0.6130784271127525
04:33:15 epoch: 32 tr Loss: 230.6274803944867 1052
04:33:16 	  dev 0.5751633986928104
04:33:19 	  test 0.6122094286334999
04:33:25 epoch: 33 tr Loss: 226.42440717349857 1049
04:33:26 	  dev 0.580161476355248
04:33:29 	  test 0.6150336736910711
04:33:34 epoch: 34 tr Loss: 228.00350140056022 1071
04:33:36 	  dev 0.5836216839677048
04:33:39 	  test 0.6193786660873344
04:33:43 epoch: 35 tr Loss: 228.31155873493975 996
04:33:45 	  dev 0.5855440215301807
04:33:47 	  test 0.6169889202693896
04:33:51 epoch: 36 tr Loss: 229.25203940763052 996
04:33:53 	  dev 0.5882352941176471
04:33:56 	  test 0.6191614164675212
04:34:00 epoch: 37 tr Loss: 211.6010153210117 1028
04:34:02 	  dev 0.5886197616301423
04:34:05 	  test 0.6219856615250924
04:34:09 epoch: 38 tr Loss: 212.611748216106 981
04:34:11 	  dev 0.5916955017301038
04:34:13 	  test 0.6235064088637845
04:34:18 epoch: 39 tr Loss: 210.12362227697096 964
04:34:19 	  dev 0.5943867743175701
04:34:22 	  test 0.6265479035411688
04:34:27 epoch: 40 tr Loss: 210.50972186863544 982
04:34:28 	  dev 0.5951557093425606
04:34:31 	  test 0.6237236584835977
04:34:36 epoch: 41 tr Loss: 206.39297664141415 990
04:34:37 	  dev 0.5936178392925798
04:34:40 	  test 0.6239409081034109
04:34:44 epoch: 42 tr Loss: 206.72703125 1000
04:34:45 	  dev 0.592079969242599
04:34:48 	  test 0.6237236584835977
04:34:53 epoch: 43 tr Loss: 203.19353658536585 1025
04:34:54 	  dev 0.5986159169550173
04:34:57 	  test 0.628068650879861
04:35:02 epoch: 44 tr Loss: 196.44226472134596 951
04:35:03 	  dev 0.6063052672049212
04:35:06 	  test 0.6311101455572453
04:35:11 epoch: 45 tr Loss: 192.63448547979797 990
04:35:12 	  dev 0.6101499423298731
04:35:16 	  test 0.6311101455572453
04:35:21 epoch: 46 tr Loss: 194.65161401098902 1001
04:35:22 	  dev 0.609765474817378
04:35:25 	  test 0.633282641755377
04:35:29 epoch: 47 tr Loss: 190.19681823915238 991
04:35:30 	  dev 0.6074586697424068
04:35:34 	  test 0.6348033890940691
04:35:38 epoch: 48 tr Loss: 188.71618171751967 1016
04:35:40 	  dev 0.6093810073048828
04:35:42 	  test 0.6363241364327612
04:35:47 epoch: 49 tr Loss: 185.46479291791792 999
04:35:48 	  dev 0.6101499423298731
04:35:51 	  test 0.638713882250706
04:35:55 epoch: 50 tr Loss: 182.58568656316916 934
04:35:57 	  dev 0.6078431372549019
04:35:59 	  test 0.6393656311101455
04:36:04 epoch: 51 tr Loss: 180.56195231958762 970
04:36:05 	  dev 0.6051518646674356
04:36:08 	  test 0.641320877688464
04:36:12 epoch: 52 tr Loss: 175.03417579681275 1004
04:36:14 	  dev 0.6074586697424068
04:36:17 	  test 0.6424071257875299
04:36:21 epoch: 53 tr Loss: 176.67334992625368 1017
04:36:23 	  dev 0.6132256824298347
04:36:26 	  test 0.6419726265479035
04:36:30 epoch: 54 tr Loss: 175.98027130822598 1009
04:36:32 	  dev 0.6155324875048058
04:36:35 	  test 0.643927873126222
04:36:39 epoch: 55 tr Loss: 176.1316486124635 1027
04:36:41 	  dev 0.6197616301422529
04:36:44 	  test 0.643927873126222
04:36:48 epoch: 56 tr Loss: 167.9078395218718 983
04:36:49 	  dev 0.6170703575547867
04:36:52 	  test 0.6447968716054747
04:36:56 epoch: 57 tr Loss: 168.46001979060264 979
04:36:59 	  dev 0.621683967704729
04:37:01 	  test 0.6467521181837932
04:37:06 epoch: 58 tr Loss: 166.86282611448834 987
04:37:08 	  dev 0.6201460976547482
04:37:11 	  test 0.6463176189441668
04:37:15 epoch: 59 tr Loss: 164.59701236263737 1001
04:37:17 	  dev 0.6224529027297193
04:37:20 	  test 0.6480556159026721
04:37:24 epoch: 60 tr Loss: 160.91136253630202 1033
04:37:26 	  dev 0.6243752402921953
04:37:29 	  test 0.6484901151422985
04:37:34 epoch: 61 tr Loss: 165.6939838435374 1029
04:37:35 	  dev 0.6251441753171857
04:37:37 	  test 0.6500108624809906
04:37:42 epoch: 62 tr Loss: 160.50374212184875 952
04:37:44 	  dev 0.6274509803921569
04:37:47 	  test 0.6480556159026721
04:37:52 epoch: 63 tr Loss: 158.54944114963504 1096
04:37:53 	  dev 0.6289888504421376
04:37:56 	  test 0.6480556159026721
04:38:01 epoch: 64 tr Loss: 148.62678250256937 973
04:38:02 	  dev 0.6293733179546328
04:38:05 	  test 0.643927873126222
04:38:10 epoch: 65 tr Loss: 149.12077789150462 977
04:38:12 	  dev 0.631680123029604
04:38:14 	  test 0.6467521181837932
04:38:19 epoch: 66 tr Loss: 153.10755208333333 1020
04:38:21 	  dev 0.6293733179546328
04:38:24 	  test 0.6506626113404301
04:38:28 epoch: 67 tr Loss: 152.90663394764957 936
04:38:29 	  dev 0.6305267204921184
04:38:33 	  test 0.6515316098196828
04:38:37 epoch: 68 tr Loss: 148.6437532249742 969
04:38:39 	  dev 0.631680123029604
04:38:41 	  test 0.6495763632413644
04:38:45 epoch: 69 tr Loss: 144.8674962944664 1012
04:38:47 	  dev 0.631680123029604
04:38:51 	  test 0.6500108624809906
04:38:55 epoch: 70 tr Loss: 148.96627507919746 947
04:38:57 	  dev 0.631680123029604
04:39:00 	  test 0.6550076037366934
04:39:04 epoch: 71 tr Loss: 143.64413831360946 1014
04:39:06 	  dev 0.6332179930795848
04:39:09 	  test 0.6539213556376277
04:39:13 epoch: 72 tr Loss: 140.3386688232422 1024
04:39:15 	  dev 0.6351403306420608
04:39:18 	  test 0.6534868563980013
04:39:21 epoch: 73 tr Loss: 151.349609375 960
04:39:23 	  dev 0.6343713956170703
04:39:26 	  test 0.650445361720617
04:39:30 epoch: 74 tr Loss: 143.96418415065722 989
04:39:32 	  dev 0.6351403306420608
04:39:34 	  test 0.653052357158375
04:39:38 epoch: 75 tr Loss: 138.69108311518323 955
04:39:40 	  dev 0.6370626682045367
04:39:43 	  test 0.6537041060178145
04:39:47 epoch: 76 tr Loss: 134.54037140052355 955
04:39:48 	  dev 0.635524798154556
04:39:51 	  test 0.6547903541168802
04:39:55 epoch: 77 tr Loss: 133.648534249226 969
04:39:57 	  dev 0.6347558631295656
04:39:59 	  test 0.655659352596133
04:40:03 epoch: 78 tr Loss: 138.25476694915255 1003
04:40:05 	  dev 0.6362937331795463
04:40:08 	  test 0.6539213556376277
04:40:13 epoch: 79 tr Loss: 135.8155262487258 981
04:40:14 	  dev 0.6347558631295656
04:40:17 	  test 0.6558766022159461
04:40:21 epoch: 80 tr Loss: 132.62458452815432 959
04:40:23 	  dev 0.6374471357170319
04:40:26 	  test 0.656962850315012
04:40:30 epoch: 81 tr Loss: 128.6317387820513 975
04:40:32 	  dev 0.6370626682045367
04:40:34 	  test 0.6587008472735173
04:40:39 epoch: 82 tr Loss: 136.36334196891193 965
04:40:40 	  dev 0.6386005382545175
04:40:43 	  test 0.6604388442320226
04:40:47 epoch: 83 tr Loss: 132.50730846774192 1054
04:40:49 	  dev 0.6389850057670127
04:40:52 	  test 0.6597870953725831
04:40:56 epoch: 84 tr Loss: 130.74344758064515 992
04:40:58 	  dev 0.6374471357170319
04:41:01 	  test 0.6595698457527699
04:41:05 epoch: 85 tr Loss: 131.66049733627858 962
04:41:07 	  dev 0.6378316032295271
04:41:09 	  test 0.6589180968933305
04:41:13 epoch: 86 tr Loss: 124.14357383578431 1020
04:41:15 	  dev 0.6382160707420222
04:41:18 	  test 0.6606560938518358
04:41:22 epoch: 87 tr Loss: 133.07123756218905 1005
04:41:24 	  dev 0.6339869281045751
04:41:26 	  test 0.6604388442320226
04:41:31 epoch: 88 tr Loss: 125.2802442863806 1072
04:41:33 	  dev 0.6405228758169934
04:41:35 	  test 0.6600043449923962
04:41:39 epoch: 89 tr Loss: 126.13294756596906 1099
04:41:41 	  dev 0.6420607458669743
04:41:44 	  test 0.6595698457527699
04:41:47 epoch: 90 tr Loss: 120.10099343132154 961
04:41:49 	  dev 0.6447520184544406
04:41:52 	  test 0.6617423419509015
04:41:57 epoch: 91 tr Loss: 123.75290349616859 1044
04:41:58 	  dev 0.6462898885044214
04:42:01 	  test 0.6615250923310885
04:42:05 epoch: 92 tr Loss: 118.49415836276488 991
04:42:08 	  dev 0.6489811610918877
04:42:10 	  test 0.6630458396697806
04:42:15 epoch: 93 tr Loss: 118.32987580926294 1004
04:42:17 	  dev 0.6509034986543637
04:42:19 	  test 0.6619595915707147
04:42:24 epoch: 94 tr Loss: 113.09852216748769 1015
04:42:26 	  dev 0.6547481737793156
04:42:28 	  test 0.6634803389094069
04:42:33 epoch: 95 tr Loss: 116.17996105818743 971
04:42:35 	  dev 0.6520569011918493
04:42:38 	  test 0.6623940908103411
04:42:43 epoch: 96 tr Loss: 120.59130081030818 941
04:42:45 	  dev 0.6524413687043444
04:42:48 	  test 0.6613078427112753
04:42:53 epoch: 97 tr Loss: 118.01727552816901 994
04:42:55 	  dev 0.657439446366782
04:42:58 	  test 0.6626113404301542
04:43:03 epoch: 98 tr Loss: 111.9725307642487 965
04:43:05 	  dev 0.657439446366782
04:43:08 	  test 0.6621768411905279
04:43:12 epoch: 99 tr Loss: 113.18352806627102 1011
04:43:14 	  dev 0.6601307189542484
04:43:17 	  test 0.6654355854877254
04:43:22 epoch: 100 tr Loss: 112.2495625 1000
04:43:23 	  dev 0.661284121491734
04:43:27 	  test 0.6669563328264175
04:43:32 epoch: 101 tr Loss: 117.13622063758389 1043
04:43:35 	  dev 0.6620530565167243
04:43:37 	  test 0.6697805778839887
04:43:42 epoch: 102 tr Loss: 111.30022434277048 989
04:43:44 	  dev 0.6616685890042291
04:43:46 	  test 0.6682598305452966
04:43:50 epoch: 103 tr Loss: 113.69061673280423 945
04:43:52 	  dev 0.6601307189542484
04:43:55 	  test 0.6684770801651098
04:43:59 epoch: 104 tr Loss: 110.48625 975
04:44:00 	  dev 0.6578239138792772
04:44:02 	  test 0.6686943297849228
04:44:07 epoch: 105 tr Loss: 106.06482605177993 927
04:44:08 	  dev 0.6632064590542099
04:44:11 	  test 0.6682598305452966
04:44:15 epoch: 106 tr Loss: 102.71608009708739 1030
04:44:18 	  dev 0.6620530565167243
04:44:20 	  test 0.6678253313056702
04:44:24 epoch: 107 tr Loss: 110.6054245889003 973
04:44:26 	  dev 0.6639753940792003
04:44:29 	  test 0.6680425809254834
04:44:34 epoch: 108 tr Loss: 105.41508051579467 1013
04:44:36 	  dev 0.6632064590542099
04:44:38 	  test 0.6645665870084727
04:44:43 epoch: 109 tr Loss: 105.23494318181818 1045
04:44:45 	  dev 0.6682045367166475
04:44:47 	  test 0.6671735824462307
04:44:52 epoch: 110 tr Loss: 108.3483762254902 1020
04:44:53 	  dev 0.6678200692041523
04:44:56 	  test 0.6656528351075386
04:45:01 epoch: 111 tr Loss: 105.9258704692155 1007
04:45:02 	  dev 0.6697424067666282
04:45:04 	  test 0.6669563328264175
04:45:08 epoch: 112 tr Loss: 103.4587677947053 1001
04:45:09 	  dev 0.6697424067666282
04:45:12 	  test 0.6645665870084727
04:45:17 epoch: 113 tr Loss: 102.68269410518445 1003
04:45:19 	  dev 0.669357939254133
04:45:22 	  test 0.6634803389094069
04:45:27 epoch: 114 tr Loss: 100.01492803423237 964
04:45:28 	  dev 0.6658977316416763
04:45:31 	  test 0.6641320877688464
04:45:36 epoch: 115 tr Loss: 103.34881905903129 991
04:45:37 	  dev 0.6666666666666666
04:45:40 	  test 0.6621768411905279
04:45:44 epoch: 116 tr Loss: 98.51198125626881 997
04:45:46 	  dev 0.667435601691657
04:45:49 	  test 0.6632630892895938
04:45:54 epoch: 117 tr Loss: 100.58028128218332 971
04:45:56 	  dev 0.6655132641291811
04:45:59 	  test 0.6604388442320226
04:46:04 epoch: 118 tr Loss: 103.08811423505573 987
04:46:05 	  dev 0.669357939254133
04:46:08 	  test 0.6619595915707147
04:46:12 epoch: 119 tr Loss: 95.69567847753346 1046
04:46:13 	  dev 0.6685890042291427
04:46:16 	  test 0.6630458396697806
04:46:21 epoch: 120 tr Loss: 99.59273032629558 1042
04:46:22 	  dev 0.6678200692041523
04:46:25 	  test 0.6650010862480991
04:46:30 epoch: 121 tr Loss: 97.46422066717791 978
04:46:31 	  dev 0.6682045367166475
04:46:34 	  test 0.6650010862480991
04:46:39 epoch: 122 tr Loss: 100.28481543624162 1043
04:46:40 	  dev 0.6639753940792003
04:46:43 	  test 0.6652183358679122
04:46:48 epoch: 123 tr Loss: 102.52566626764113 992
04:46:49 	  dev 0.6624375240292195
04:46:51 	  test 0.6636975885292201
04:46:56 epoch: 124 tr Loss: 93.95959935897436 975
04:46:57 	  dev 0.661284121491734
04:46:59 	  test 0.6626113404301542
04:47:04 epoch: 125 tr Loss: 97.15971878097126 1009
04:47:06 	  dev 0.6605151864667436
04:47:09 	  test 0.6636975885292201
04:47:13 epoch: 126 tr Loss: 94.9157892972103 932
04:47:14 	  dev 0.6624375240292195
04:47:17 	  test 0.6623940908103411
04:47:21 epoch: 127 tr Loss: 91.92504586285425 988
04:47:23 	  dev 0.6605151864667436
04:47:25 	  test 0.6656528351075386
04:47:30 epoch: 128 tr Loss: 94.26790840292276 958
04:47:31 	  dev 0.661284121491734
04:47:34 	  test 0.6665218335867912
04:47:39 epoch: 129 tr Loss: 94.50223953405866 1057
04:47:40 	  dev 0.6608996539792388
04:47:43 	  test 0.6673908320660439
04:47:48 epoch: 130 tr Loss: 91.86541259310987 1074
04:47:50 	  dev 0.6616685890042291
04:47:53 	  test 0.666304583966978
04:47:57 epoch: 131 tr Loss: 91.20306167679838 987
04:47:58 	  dev 0.6605151864667436
04:48:01 	  test 0.6667390832066044
04:48:05 epoch: 132 tr Loss: 94.26824230575177 991
04:48:07 	  dev 0.6597462514417531
04:48:09 	  test 0.6665218335867912
04:48:14 epoch: 133 tr Loss: 87.7836236167002 994
04:48:16 	  dev 0.6616685890042291
04:48:19 	  test 0.6667390832066044
04:48:23 epoch: 134 tr Loss: 93.01106366459628 966
04:48:25 	  dev 0.6620530565167243
04:48:27 	  test 0.6650010862480991
04:48:32 epoch: 135 tr Loss: 91.6320474777448 1011
04:48:34 	  dev 0.6655132641291811
04:48:36 	  test 0.6641320877688464
04:48:41 epoch: 136 tr Loss: 86.9062728881836 1024
04:48:43 	  dev 0.6670511341791618
04:48:46 	  test 0.6667390832066044
04:48:50 epoch: 137 tr Loss: 89.71710251669847 1048
04:48:52 	  dev 0.6685890042291427
04:48:55 	  test 0.668911579404736
04:49:00 epoch: 138 tr Loss: 83.98348739764586 977
04:49:01 	  dev 0.667435601691657
04:49:03 	  test 0.668911579404736
04:49:08 epoch: 139 tr Loss: 87.03951583655706 1034
04:49:10 	  dev 0.6682045367166475
04:49:13 	  test 0.6680425809254834
04:49:18 epoch: 140 tr Loss: 87.28442358324975 997
04:49:19 	  dev 0.6682045367166475
04:49:22 	  test 0.6673908320660439
04:49:27 epoch: 141 tr Loss: 86.66432370820668 987
04:49:28 	  dev 0.6705113417916186
04:49:31 	  test 0.6680425809254834
04:49:36 epoch: 142 tr Loss: 86.26020537525355 986
04:49:37 	  dev 0.6708958093041139
04:49:39 	  test 0.6686943297849228
04:49:44 epoch: 143 tr Loss: 82.79140924904031 1042
04:49:45 	  dev 0.669357939254133
04:49:47 	  test 0.6678253313056702
04:49:53 epoch: 144 tr Loss: 84.57393669634025 1011
04:49:54 	  dev 0.669357939254133
04:49:57 	  test 0.6656528351075386
04:50:01 epoch: 145 tr Loss: 85.089898111332 1006
04:50:03 	  dev 0.6705113417916186
04:50:06 	  test 0.6699978275038019
04:50:10 epoch: 146 tr Loss: 80.96792164760915 962
04:50:12 	  dev 0.6655132641291811
04:50:15 	  test 0.6695633282641755
04:50:18 epoch: 147 tr Loss: 86.93042467948717 975
04:50:20 	  dev 0.6682045367166475
04:50:22 	  test 0.6684770801651098
04:50:27 epoch: 148 tr Loss: 82.55185422776148 1023
04:50:28 	  dev 0.6670511341791618
04:50:31 	  test 0.6726048229415599
04:50:37 epoch: 149 tr Loss: 82.65553105828221 978
04:50:38 	  dev 0.6685890042291427
04:50:41 	  test 0.6730393221811862
04:50:46 epoch: 150 tr Loss: 84.09368661257606 986
04:50:47 	  dev 0.667435601691657
04:50:50 	  test 0.6756463176189441
04:50:54 epoch: 151 tr Loss: 81.18408755138746 973
04:50:56 	  dev 0.6682045367166475
04:50:58 	  test 0.6726048229415599
04:51:03 epoch: 152 tr Loss: 78.35673459244533 1006
04:51:05 	  dev 0.6735870818915801
04:51:07 	  test 0.6704323267434282
04:51:12 epoch: 153 tr Loss: 82.85614551671732 987
04:51:13 	  dev 0.6747404844290658
04:51:16 	  test 0.6730393221811862
04:51:20 epoch: 154 tr Loss: 80.5392554965415 1012
04:51:22 	  dev 0.6758938869665513
04:51:24 	  test 0.6708668259830546
04:51:28 epoch: 155 tr Loss: 77.34842660607569 1004
04:51:30 	  dev 0.6728181468665898
04:51:32 	  test 0.6732565718009993
04:51:37 epoch: 156 tr Loss: 80.96421290106952 935
04:51:38 	  dev 0.6716647443291042
04:51:41 	  test 0.6723875733217467
04:51:45 epoch: 157 tr Loss: 76.61756785540409 1027
04:51:47 	  dev 0.6708958093041139
04:51:50 	  test 0.672822072561373
04:51:54 epoch: 158 tr Loss: 80.16075211864407 1062
04:51:55 	  dev 0.671280276816609
04:51:59 	  test 0.6730393221811862
04:52:03 epoch: 159 tr Loss: 78.81976198186528 965
04:52:05 	  dev 0.6708958093041139
04:52:08 	  test 0.6726048229415599
04:52:12 epoch: 160 tr Loss: 76.9973311817279 1007
04:52:14 	  dev 0.669357939254133
04:52:16 	  test 0.6710840756028676
04:52:21 epoch: 161 tr Loss: 76.0461956521739 943
04:52:23 	  dev 0.667435601691657
04:52:25 	  test 0.6743428199000652
04:52:29 epoch: 162 tr Loss: 76.60797826620825 1018
04:52:31 	  dev 0.6643598615916955
04:52:34 	  test 0.6749945687595047
04:52:38 epoch: 163 tr Loss: 74.73824584592145 993
04:52:40 	  dev 0.6701268742791234
04:52:43 	  test 0.674125570280252
04:52:47 epoch: 164 tr Loss: 76.09357067115768 1002
04:52:48 	  dev 0.6697424067666282
04:52:50 	  test 0.6765153160981968
04:52:55 epoch: 165 tr Loss: 74.90515311604585 1047
04:52:56 	  dev 0.6670511341791618
04:52:58 	  test 0.6765153160981968
04:53:03 epoch: 166 tr Loss: 75.10472394776876 986
04:53:05 	  dev 0.6670511341791618
04:53:07 	  test 0.6726048229415599
04:53:12 epoch: 167 tr Loss: 78.4902564102564 975
04:53:14 	  dev 0.6670511341791618
04:53:16 	  test 0.6721703237019335
04:53:20 epoch: 168 tr Loss: 77.46461809013944 1004
04:53:22 	  dev 0.6655132641291811
04:53:24 	  test 0.6758635672387573
04:53:28 epoch: 169 tr Loss: 71.47269388246629 1038
04:53:30 	  dev 0.6678200692041523
04:53:32 	  test 0.6743428199000652
04:53:37 epoch: 170 tr Loss: 73.28065406217345 957
04:53:38 	  dev 0.6670511341791618
04:53:41 	  test 0.6769498153378232
04:53:45 epoch: 171 tr Loss: 73.29433692893402 985
04:53:46 	  dev 0.6708958093041139
04:53:49 	  test 0.6726048229415599
04:53:53 epoch: 172 tr Loss: 71.98004771706587 1002
04:53:55 	  dev 0.6670511341791618
04:53:58 	  test 0.6739083206604388
04:54:02 epoch: 173 tr Loss: 76.1230957562568 919
04:54:04 	  dev 0.6720492118415994
04:54:06 	  test 0.6743428199000652
04:54:11 epoch: 174 tr Loss: 73.58205023080662 1029
04:54:13 	  dev 0.6705113417916186
04:54:15 	  test 0.6747773191396915
04:54:20 epoch: 175 tr Loss: 74.65469809835271 1032
04:54:22 	  dev 0.6720492118415994
04:54:24 	  test 0.6747773191396915
04:54:29 epoch: 176 tr Loss: 69.77682214391692 1011
04:54:31 	  dev 0.6720492118415994
04:54:33 	  test 0.67673256571801
04:54:37 epoch: 177 tr Loss: 73.0582015871063 1016
04:54:39 	  dev 0.6678200692041523
04:54:41 	  test 0.6782533130567021
04:54:46 epoch: 178 tr Loss: 71.82317862426035 1014
04:54:48 	  dev 0.6697424067666282
04:54:50 	  test 0.6776015641972627
04:54:55 epoch: 179 tr Loss: 74.01755704121688 1019
04:54:56 	  dev 0.6666666666666666
04:54:59 	  test 0.6771670649576363
04:55:04 epoch: 180 tr Loss: 70.83358683628319 1017
04:55:06 	  dev 0.667435601691657
04:55:08 	  test 0.6795568107755812
04:55:13 epoch: 181 tr Loss: 65.11127450980392 1020
04:55:14 	  dev 0.6655132641291811
04:55:17 	  test 0.6786878122963285
04:55:22 epoch: 182 tr Loss: 73.46428345959596 990
04:55:24 	  dev 0.6647443291041907
04:55:26 	  test 0.6769498153378232
04:55:32 epoch: 183 tr Loss: 69.43403574159021 981
04:55:33 	  dev 0.6632064590542099
04:55:35 	  test 0.675429067999131
04:55:39 epoch: 184 tr Loss: 69.14076618975903 996
04:55:41 	  dev 0.6643598615916955
04:55:44 	  test 0.6769498153378232
04:55:48 epoch: 185 tr Loss: 72.10395272662889 1059
04:55:50 	  dev 0.6658977316416763
04:55:53 	  test 0.6769498153378232
04:55:57 epoch: 186 tr Loss: 65.30002636119632 978
04:55:59 	  dev 0.667435601691657
04:56:02 	  test 0.6782533130567021
04:56:07 epoch: 187 tr Loss: 70.31116094900105 951
04:56:08 	  dev 0.6678200692041523
04:56:10 	  test 0.679339561155768
04:56:15 epoch: 188 tr Loss: 69.06633098506744 1038
04:56:17 	  dev 0.6697424067666282
04:56:19 	  test 0.67673256571801
04:56:24 epoch: 189 tr Loss: 69.82096291866029 1045
04:56:25 	  dev 0.6705113417916186
04:56:29 	  test 0.6762980664783836
04:56:33 epoch: 190 tr Loss: 65.71561118614932 1018
04:56:35 	  dev 0.6708958093041139
04:56:37 	  test 0.675429067999131
04:56:41 epoch: 191 tr Loss: 67.84339251668256 1049
04:56:43 	  dev 0.6708958093041139
04:56:46 	  test 0.67673256571801
04:56:49 epoch: 192 tr Loss: 67.1643539507772 965
04:56:51 	  dev 0.6708958093041139
04:56:54 	  test 0.6791223115359548
04:56:57 epoch: 193 tr Loss: 66.06215825279756 983
04:56:59 	  dev 0.6720492118415994
04:57:02 	  test 0.6773843145774495
04:57:07 epoch: 194 tr Loss: 69.53529925337187 1038
04:57:08 	  dev 0.6720492118415994
04:57:10 	  test 0.6789050619161416
04:57:15 epoch: 195 tr Loss: 68.03768878929273 1018
04:57:17 	  dev 0.671280276816609
04:57:20 	  test 0.6782533130567021
04:57:25 epoch: 196 tr Loss: 63.301859247708755 982
04:57:26 	  dev 0.6705113417916186
04:57:29 	  test 0.6778188138170759
04:57:33 epoch: 197 tr Loss: 69.2794874237805 984
04:57:35 	  dev 0.6720492118415994
04:57:38 	  test 0.6789050619161416
04:57:42 epoch: 198 tr Loss: 65.73616046544036 897
04:57:44 	  dev 0.6758938869665513
04:57:48 	  test 0.6784705626765153
04:57:52 epoch: 199 tr Loss: 67.01047978134879 949
04:57:53 	  dev 0.673202614379085
04:57:56 	  test 0.6799913100152075
04:58:00 epoch: 200 tr Loss: 67.16393755879587 1063
04:58:02 	  dev 0.6728181468665898
04:58:05 	  test 0.6810775581142733
04:58:09 epoch: 201 tr Loss: 65.07020861037235 940
04:58:11 	  dev 0.6758938869665513
04:58:13 	  test 0.6823810558331523
04:58:18 epoch: 202 tr Loss: 67.94305934093161 1009
04:58:19 	  dev 0.6762783544790465
04:58:22 	  test 0.6795568107755812
04:58:26 epoch: 203 tr Loss: 65.71054203254133 968
04:58:28 	  dev 0.6762783544790465
04:58:31 	  test 0.6776015641972627
04:58:35 epoch: 204 tr Loss: 64.0609623945642 1067
04:58:37 	  dev 0.6785851595540177
04:58:40 	  test 0.6776015641972627
04:58:45 epoch: 205 tr Loss: 64.63587161144578 996
04:58:46 	  dev 0.6801230296039985
04:58:49 	  test 0.6765153160981968
04:58:54 epoch: 206 tr Loss: 66.84902108433735 996
04:58:55 	  dev 0.6839677047289504
04:58:58 	  test 0.6771670649576363
04:59:02 epoch: 207 tr Loss: 62.70803814052795 966
04:59:04 	  dev 0.6828143021914648
04:59:07 	  test 0.6778188138170759
04:59:11 epoch: 208 tr Loss: 60.90692673243503 1039
04:59:13 	  dev 0.6820453671664745
04:59:14 	  test 0.6780360634368889
04:59:19 epoch: 209 tr Loss: 62.72552412974684 1027
04:59:20 	  dev 0.681276432141484
04:59:23 	  test 0.6773843145774495
04:59:27 epoch: 210 tr Loss: 61.559162582739305 982
04:59:28 	  dev 0.6828143021914648
04:59:31 	  test 0.6799913100152075
04:59:35 epoch: 211 tr Loss: 60.592863258317024 1022
04:59:37 	  dev 0.68319876970396
04:59:39 	  test 0.6778188138170759
04:59:44 epoch: 212 tr Loss: 62.50916888942774 1031
04:59:46 	  dev 0.6855055747789311
04:59:48 	  test 0.6789050619161416
04:59:52 epoch: 213 tr Loss: 62.36153515625 1000
04:59:54 	  dev 0.6855055747789311
04:59:56 	  test 0.6828155550727786
05:00:00 epoch: 214 tr Loss: 63.86866656553398 1030
05:00:02 	  dev 0.6874279123414071
05:00:05 	  test 0.6806430588746469
05:00:10 epoch: 215 tr Loss: 61.787355533316116 968
05:00:12 	  dev 0.6893502499038832
05:00:14 	  test 0.6815120573538996
05:00:17 epoch: 216 tr Loss: 64.89237849051634 949
05:00:19 	  dev 0.6905036524413687
05:00:22 	  test 0.6804258092548338
05:00:26 epoch: 217 tr Loss: 61.12436270393474 1042
05:00:28 	  dev 0.6897347174163783
05:00:30 	  test 0.6823810558331523
05:00:35 epoch: 218 tr Loss: 60.80945723684211 950
05:00:36 	  dev 0.6901191849288735
05:00:39 	  test 0.6823810558331523
05:00:43 epoch: 219 tr Loss: 59.851820829158314 998
05:00:45 	  dev 0.6905036524413687
05:00:48 	  test 0.6823810558331523
05:00:51 epoch: 220 tr Loss: 63.290885153087046 988
05:00:53 	  dev 0.6916570549788543
05:00:56 	  test 0.6841190527916576
05:01:00 epoch: 221 tr Loss: 59.631293176485926 959
05:01:01 	  dev 0.6912725874663591
05:01:04 	  test 0.6823810558331523
05:01:08 epoch: 222 tr Loss: 61.285310444078945 988
05:01:10 	  dev 0.6916570549788543
05:01:13 	  test 0.681946556593526
05:01:17 epoch: 223 tr Loss: 60.45601615134745 1039
05:01:19 	  dev 0.6885813148788927
05:01:22 	  test 0.6810775581142733
05:01:27 epoch: 224 tr Loss: 60.41515261627907 989
05:01:28 	  dev 0.6912725874663591
05:01:31 	  test 0.6836845535520313
05:01:35 epoch: 225 tr Loss: 63.2353984375 1000
05:01:36 	  dev 0.6901191849288735
05:01:38 	  test 0.6836845535520313
05:01:43 epoch: 226 tr Loss: 55.55322265625 952
05:01:45 	  dev 0.6908881199538639
05:01:47 	  test 0.6834673039322181
05:01:52 epoch: 227 tr Loss: 61.65204893867924 1007
05:01:53 	  dev 0.6901191849288735
05:01:56 	  test 0.6852053008907234
05:02:00 epoch: 228 tr Loss: 61.16435090537383 1070
05:02:02 	  dev 0.6920415224913494
05:02:04 	  test 0.6847708016510972
05:02:09 epoch: 229 tr Loss: 61.30033549174174 999
05:02:11 	  dev 0.6901191849288735
05:02:13 	  test 0.6849880512709102
05:02:18 epoch: 230 tr Loss: 60.28999273600569 1054
05:02:20 	  dev 0.6916570549788543
05:02:23 	  test 0.6849880512709102
05:02:26 epoch: 231 tr Loss: 61.6696019837233 983
05:02:28 	  dev 0.6893502499038832
05:02:30 	  test 0.6839018031718445
05:02:35 epoch: 232 tr Loss: 58.90729652232581 1019
05:02:36 	  dev 0.687043444828912
05:02:39 	  test 0.6841190527916576
05:02:43 epoch: 233 tr Loss: 54.40791888643451 962
05:02:46 	  dev 0.6855055747789311
05:02:48 	  test 0.6852053008907234
05:02:53 epoch: 234 tr Loss: 58.614695168711656 978
05:02:55 	  dev 0.687043444828912
05:02:57 	  test 0.6841190527916576
05:03:02 epoch: 235 tr Loss: 60.01109420421512 1032
05:03:04 	  dev 0.6878123798539023
05:03:07 	  test 0.6825983054529654
05:03:11 epoch: 236 tr Loss: 60.25746536644535 979
05:03:12 	  dev 0.6874279123414071
05:03:15 	  test 0.6817293069737128
05:03:19 epoch: 237 tr Loss: 57.84765229630567 988
05:03:20 	  dev 0.6851211072664359
05:03:22 	  test 0.6836845535520313
05:03:26 epoch: 238 tr Loss: 60.27853841800805 994
05:03:29 	  dev 0.6855055747789311
05:03:31 	  test 0.6854225505105366
05:03:36 epoch: 239 tr Loss: 56.0760234612462 987
05:03:38 	  dev 0.6855055747789311
05:03:40 	  test 0.6865087986096025
05:03:45 epoch: 240 tr Loss: 57.12167361459378 997
05:03:46 	  dev 0.6828143021914648
05:03:49 	  test 0.687377797088855
05:03:53 epoch: 241 tr Loss: 58.37095606747231 993
05:03:55 	  dev 0.6824298346789697
05:03:58 	  test 0.6882467955681077
05:04:02 epoch: 242 tr Loss: 59.77530471041056 1023
05:04:04 	  dev 0.6839677047289504
05:04:07 	  test 0.6852053008907234
05:04:11 epoch: 243 tr Loss: 56.72161326142132 985
05:04:13 	  dev 0.6843521722414456
05:04:16 	  test 0.6882467955681077
05:04:20 epoch: 244 tr Loss: 58.022340425531915 940
05:04:21 	  dev 0.6843521722414456
05:04:24 	  test 0.684553552031284
05:04:29 epoch: 245 tr Loss: 59.26746078609496 1032
05:04:31 	  dev 0.6824298346789697
05:04:34 	  test 0.6843363024114708
05:04:38 epoch: 246 tr Loss: 55.84929812834225 935
05:04:39 	  dev 0.6835832372164552
05:04:42 	  test 0.6860742993699761
05:04:47 epoch: 247 tr Loss: 56.65055593652038 957
05:04:49 	  dev 0.6835832372164552
05:04:52 	  test 0.6856398001303498
05:04:56 epoch: 248 tr Loss: 54.56834305362117 1077
05:04:58 	  dev 0.6847366397539408
05:05:01 	  test 0.6875950467086682
05:05:05 epoch: 249 tr Loss: 56.124880695812806 1015
05:05:07 	  dev 0.6855055747789311
05:05:09 	  test 0.689984792526613
05:05:14 epoch: 250 tr Loss: 60.189270783205004 1039
05:05:16 	  dev 0.6847366397539408
05:05:19 	  test 0.6912882902454921
05:05:23 epoch: 251 tr Loss: 58.6669671474359 1014
05:05:25 	  dev 0.6847366397539408
05:05:27 	  test 0.687377797088855
05:05:32 epoch: 252 tr Loss: 58.315725556930694 1010
05:05:34 	  dev 0.6835832372164552
05:05:36 	  test 0.6884640451879209
05:05:41 epoch: 253 tr Loss: 55.216418331185565 970
05:05:42 	  dev 0.6855055747789311
05:05:45 	  test 0.6895502932869867
05:05:49 epoch: 254 tr Loss: 50.98756272230691 984
05:05:50 	  dev 0.6835832372164552
05:05:53 	  test 0.6882467955681077
05:05:57 epoch: 255 tr Loss: 56.567717720133885 971
05:05:58 	  dev 0.6885813148788927
05:06:02 	  test 0.6862915489897893
05:06:06 epoch: 256 tr Loss: 54.211398392166345 1034
05:06:07 	  dev 0.6866589773164168
05:06:10 	  test 0.6858570497501629
05:06:14 epoch: 257 tr Loss: 54.465827196626385 993
05:06:15 	  dev 0.688965782391388
05:06:17 	  test 0.6878122963284814
05:06:21 epoch: 258 tr Loss: 56.39533806237219 978
05:06:22 	  dev 0.6858900422914264
05:06:25 	  test 0.6886812948077341
05:06:30 epoch: 259 tr Loss: 55.12081419245648 1034
05:06:31 	  dev 0.6862745098039216
05:06:34 	  test 0.6875950467086682
05:06:38 epoch: 260 tr Loss: 57.52480271464646 990
05:06:40 	  dev 0.6866589773164168
05:06:42 	  test 0.6886812948077341
05:06:47 epoch: 261 tr Loss: 57.526839717741936 961
05:06:49 	  dev 0.687043444828912
05:06:51 	  test 0.6878122963284814
05:06:55 epoch: 262 tr Loss: 51.56454181763285 1035
05:06:57 	  dev 0.6855055747789311
05:06:59 	  test 0.692591787964371
05:07:03 epoch: 263 tr Loss: 54.51467718908629 985
05:07:05 	  dev 0.6847366397539408
05:07:07 	  test 0.6891157940473605
05:07:12 epoch: 264 tr Loss: 50.57098278122021 1049
05:07:14 	  dev 0.6847366397539408
05:07:16 	  test 0.6897675429067999
05:07:20 epoch: 265 tr Loss: 57.815344320365035 1041
05:07:22 	  dev 0.6862745098039216
05:07:24 	  test 0.689984792526613
05:07:29 epoch: 266 tr Loss: 58.31775796138415 997
05:07:31 	  dev 0.6851211072664359
05:07:33 	  test 0.6875950467086682
05:07:37 epoch: 267 tr Loss: 54.8484285574922 961
05:07:39 	  dev 0.6835832372164552
05:07:41 	  test 0.6888985444275473
05:07:46 epoch: 268 tr Loss: 52.7579592322335 985
05:07:47 	  dev 0.6843521722414456
05:07:49 	  test 0.6908537910058657
05:07:54 epoch: 269 tr Loss: 51.38379194321534 1017
05:07:55 	  dev 0.6839677047289504
05:07:58 	  test 0.6882467955681077
05:08:02 epoch: 270 tr Loss: 52.48377003205128 975
05:08:04 	  dev 0.6839677047289504
05:08:07 	  test 0.6878122963284814
05:08:11 epoch: 271 tr Loss: 55.27550462062257 1028
05:08:12 	  dev 0.681276432141484
05:08:15 	  test 0.6878122963284814
05:08:20 epoch: 272 tr Loss: 54.408582589285714 1050
05:08:21 	  dev 0.68319876970396
05:08:24 	  test 0.6869432978492288
05:08:29 epoch: 273 tr Loss: 57.14777940270936 1015
05:08:30 	  dev 0.6820453671664745
05:08:33 	  test 0.6843363024114708
05:08:37 epoch: 274 tr Loss: 49.87663857677903 1068
05:08:39 	  dev 0.6828143021914648
05:08:42 	  test 0.6839018031718445
05:08:46 epoch: 275 tr Loss: 54.690759645813046 1027
05:08:48 	  dev 0.6839677047289504
05:08:51 	  test 0.6860742993699761
05:08:55 epoch: 276 tr Loss: 53.43942881224066 964
05:08:56 	  dev 0.6858900422914264
05:08:59 	  test 0.6862915489897893
05:09:05 epoch: 277 tr Loss: 54.10121972120658 1094
05:09:06 	  dev 0.6855055747789311
05:09:09 	  test 0.6860742993699761
05:09:14 epoch: 278 tr Loss: 53.19396578109696 1021
05:09:15 	  dev 0.6866589773164168
05:09:18 	  test 0.6858570497501629
05:09:23 epoch: 279 tr Loss: 51.71984298029557 1015
05:09:25 	  dev 0.6881968473663975
05:09:27 	  test 0.6839018031718445
05:09:32 epoch: 280 tr Loss: 49.56966018676758 1024
05:09:33 	  dev 0.6885813148788927
05:09:36 	  test 0.6821638062133392
05:09:40 epoch: 281 tr Loss: 49.84633437816616 987
05:09:42 	  dev 0.6897347174163783
05:09:44 	  test 0.6843363024114708
