Namespace(alpha0=0, alpha1=0, alpha2=0, alpha3=0, auxiliary_file='datasets/OOKB/tail-1000/aux', batch_size=5000, beta0=0.1, beta1=1e-05, dev_file='datasets/OOKB/tail-1000/dev', dim=200, entity_size=38195, epoch_size=10000, gpu_device=0, is_balanced_tr=False, is_bernoulli_trick=True, layerR=1, margin_file='', opt_model='Adam', order=1, param_dir='', pool_size=640, pooling_method='avg', rel_size=11, sample_size=64, seed=0, target_dir='tail-1000', test_batch_size=20000, test_file='datasets/OOKB/tail-1000/test', threshold=300.0, train_file='datasets/OOKB/tail-1000/train', train_size=1000, use_gpu=False)
main.py -tD tail-1000
04:28:20 load train
04:28:21 set axiaulity
04:28:21 OOKB esetting, use: different edges
04:28:21 load train
04:28:21 load dev
dev size: 3999
04:28:21 load test
test size: 986
relation size: 11 entity size: 38195
04:28:27 epoch: 0 tr Loss: 298.2220523483366 1022
04:28:30 	  dev 0.5756439109777445
04:28:32 	  test 0.552738336713996
/home/takuo-h/.pyenv/versions/3.6.8/lib/python3.6/site-packages/chainer/functions/normalization/batch_normalization.py:114: UserWarning: A batch with no more than one sample has been given to F.batch_normalization. F.batch_normalization will always output a zero tensor for such batches. This could be caused by incorrect configuration in your code (such as running evaluation while chainer.config.train=True), but could also happen in the last batch of training if non-repeating iterator is used.
  UserWarning)
04:28:37 epoch: 1 tr Loss: 303.5403963414634 984
04:28:40 	  dev 0.6009002250562641
04:28:41 	  test 0.579107505070994
04:28:46 epoch: 2 tr Loss: 297.61441430020284 986
04:28:49 	  dev 0.5978994748687172
04:28:50 	  test 0.5760649087221096
04:28:56 epoch: 3 tr Loss: 299.9329854596623 1066
04:28:58 	  dev 0.5966491622905726
04:28:59 	  test 0.565922920892495
04:29:05 epoch: 4 tr Loss: 298.4019607843137 969
04:29:08 	  dev 0.5941485371342836
04:29:09 	  test 0.5689655172413793
04:29:14 epoch: 5 tr Loss: 296.4158741979835 1091
04:29:17 	  dev 0.5936484121030258
04:29:18 	  test 0.5618661257606491
04:29:23 epoch: 6 tr Loss: 293.687591374269 1026
04:29:26 	  dev 0.5986496624156039
04:29:27 	  test 0.5567951318458418
04:29:32 epoch: 7 tr Loss: 295.830150462963 972
04:29:36 	  dev 0.5941485371342836
04:29:37 	  test 0.5608519269776876
04:29:42 epoch: 8 tr Loss: 294.35348310479924 1021
04:29:46 	  dev 0.5991497874468618
04:29:46 	  test 0.5557809330628803
04:29:52 epoch: 9 tr Loss: 289.15759671890305 1021
04:29:55 	  dev 0.6004001000250062
04:29:56 	  test 0.5608519269776876
04:30:03 epoch: 10 tr Loss: 287.95597306143003 993
04:30:05 	  dev 0.6009002250562641
04:30:06 	  test 0.5598377281947262
04:30:11 epoch: 11 tr Loss: 292.5531941649899 994
04:30:14 	  dev 0.6001500375093773
04:30:14 	  test 0.5608519269776876
04:30:21 epoch: 12 tr Loss: 285.15370145631067 1030
04:30:23 	  dev 0.598399599899975
04:30:24 	  test 0.5709939148073022
04:30:28 epoch: 13 tr Loss: 289.50983216432866 998
04:30:31 	  dev 0.5971492873218305
04:30:32 	  test 0.5780933062880325
04:30:37 epoch: 14 tr Loss: 277.3419720347155 1037
04:30:40 	  dev 0.5941485371342836
04:30:41 	  test 0.5862068965517241
04:30:47 epoch: 15 tr Loss: 282.8402279713115 976
04:30:49 	  dev 0.5891472868217055
04:30:50 	  test 0.5943204868154158
04:30:56 epoch: 16 tr Loss: 281.6976384767557 1011
04:30:58 	  dev 0.5933983495873969
04:30:59 	  test 0.5963488843813387
04:31:05 epoch: 17 tr Loss: 279.61665625 1000
04:31:07 	  dev 0.5888972243060765
04:31:08 	  test 0.5993914807302231
04:31:13 epoch: 18 tr Loss: 276.2332365364308 947
04:31:15 	  dev 0.5866466616654163
04:31:16 	  test 0.5912778904665315
04:31:21 epoch: 19 tr Loss: 273.5246598639456 1029
04:31:24 	  dev 0.5833958489622406
04:31:25 	  test 0.5953346855983773
04:31:30 epoch: 20 tr Loss: 270.2051406088751 969
04:31:33 	  dev 0.5876469117279319
04:31:35 	  test 0.5892494929006086
04:31:40 epoch: 21 tr Loss: 271.92010760760763 999
04:31:42 	  dev 0.5881470367591898
04:31:44 	  test 0.5963488843813387
04:31:48 epoch: 22 tr Loss: 260.9653389084507 994
04:31:51 	  dev 0.5886471617904476
04:31:52 	  test 0.5943204868154158
04:31:57 epoch: 23 tr Loss: 261.76210140306125 980
04:31:59 	  dev 0.5923980995248812
04:32:00 	  test 0.6004056795131846
04:32:06 epoch: 24 tr Loss: 259.3937116171955 977
04:32:08 	  dev 0.5943985996499125
04:32:09 	  test 0.5973630831643002
04:32:14 epoch: 25 tr Loss: 260.33732072205737 1011
04:32:17 	  dev 0.595648912228057
04:32:18 	  test 0.6064908722109533
04:32:23 epoch: 26 tr Loss: 262.19211906934305 1096
04:32:27 	  dev 0.6034008502125532
04:32:28 	  test 0.6125760649087221
04:32:33 epoch: 27 tr Loss: 249.90508349705306 1018
04:32:36 	  dev 0.6069017254313578
04:32:37 	  test 0.6156186612576064
04:32:43 epoch: 28 tr Loss: 246.47606519507187 974
04:32:46 	  dev 0.6124031007751938
04:32:47 	  test 0.6115618661257607
04:32:53 epoch: 29 tr Loss: 253.6776394184938 1049
04:32:57 	  dev 0.6136534133533383
04:32:57 	  test 0.6125760649087221
04:33:03 epoch: 30 tr Loss: 241.06487877997915 959
04:33:05 	  dev 0.617154288572143
04:33:07 	  test 0.6176470588235294
04:33:13 epoch: 31 tr Loss: 236.657879889669 997
04:33:16 	  dev 0.6204051012753188
04:33:17 	  test 0.6217038539553753
04:33:23 epoch: 32 tr Loss: 247.84672256097562 1025
04:33:26 	  dev 0.6214053513378345
04:33:27 	  test 0.6186612576064908
04:33:33 epoch: 33 tr Loss: 232.3324253183154 1021
04:33:36 	  dev 0.619904976244061
04:33:37 	  test 0.603448275862069
04:33:42 epoch: 34 tr Loss: 230.31894633507852 955
04:33:45 	  dev 0.6204051012753188
04:33:46 	  test 0.6105476673427992
04:33:52 epoch: 35 tr Loss: 228.10249079915877 951
04:33:55 	  dev 0.6201550387596899
04:33:56 	  test 0.6166328600405679
04:34:02 epoch: 36 tr Loss: 225.84851409313725 1020
04:34:05 	  dev 0.6204051012753188
04:34:05 	  test 0.6176470588235294
04:34:13 epoch: 37 tr Loss: 217.07644765473887 1034
04:34:15 	  dev 0.6216554138534633
04:34:16 	  test 0.6196754563894523
04:34:21 epoch: 38 tr Loss: 221.11837686567165 1005
04:34:25 	  dev 0.6191547886971743
04:34:26 	  test 0.6166328600405679
04:34:32 epoch: 39 tr Loss: 216.88407768218624 988
04:34:35 	  dev 0.6244061015253813
04:34:36 	  test 0.6166328600405679
04:34:41 epoch: 40 tr Loss: 221.69783822791166 996
04:34:44 	  dev 0.6274068517129282
04:34:45 	  test 0.6227180527383367
04:34:52 epoch: 41 tr Loss: 213.5845211988304 1026
04:34:54 	  dev 0.6284071017754439
04:34:55 	  test 0.6166328600405679
04:35:00 epoch: 42 tr Loss: 213.3958548553719 968
04:35:03 	  dev 0.6294073518379595
04:35:04 	  test 0.6206896551724138
04:35:10 epoch: 43 tr Loss: 209.18309948979592 980
04:35:12 	  dev 0.6326581645411353
04:35:13 	  test 0.6237322515212982
04:35:19 epoch: 44 tr Loss: 202.5738981762918 987
04:35:21 	  dev 0.6381595398849712
04:35:22 	  test 0.6196754563894523
04:35:26 epoch: 45 tr Loss: 204.7662390124095 967
04:35:29 	  dev 0.6409102275568892
04:35:30 	  test 0.6318458417849898
04:35:35 epoch: 46 tr Loss: 202.5138501521298 986
04:35:37 	  dev 0.6449112278069518
04:35:38 	  test 0.6338742393509128
04:35:43 epoch: 47 tr Loss: 195.6572215851172 981
04:35:46 	  dev 0.6476619154788698
04:35:47 	  test 0.6237322515212982
04:35:52 epoch: 48 tr Loss: 193.86903782894737 988
04:35:55 	  dev 0.6471617904476119
04:35:56 	  test 0.6237322515212982
04:36:02 epoch: 49 tr Loss: 187.58306650246305 1015
04:36:04 	  dev 0.6506626656664166
04:36:05 	  test 0.6318458417849898
04:36:11 epoch: 50 tr Loss: 196.21002294146825 1008
04:36:13 	  dev 0.6569142285571393
04:36:14 	  test 0.6308316430020284
04:36:19 epoch: 51 tr Loss: 188.01346226178535 997
04:36:22 	  dev 0.6599149787446862
04:36:23 	  test 0.6419878296146044
04:36:29 epoch: 52 tr Loss: 180.39068800403226 992
04:36:32 	  dev 0.6616654163540885
04:36:33 	  test 0.6440162271805274
04:36:39 epoch: 53 tr Loss: 187.53045080897704 958
04:36:42 	  dev 0.6654163540885222
04:36:43 	  test 0.6389452332657201
04:36:49 epoch: 54 tr Loss: 186.5270379088206 1009
04:36:51 	  dev 0.6674168542135533
04:36:52 	  test 0.640973630831643
04:36:57 epoch: 55 tr Loss: 182.85853222761597 927
04:37:00 	  dev 0.6661665416354089
04:37:01 	  test 0.6419878296146044
04:37:06 epoch: 56 tr Loss: 175.28376004016064 996
04:37:08 	  dev 0.6699174793698425
04:37:09 	  test 0.6511156186612576
04:37:15 epoch: 57 tr Loss: 178.66154556650247 1015
04:37:18 	  dev 0.673668417104276
04:37:19 	  test 0.6592292089249493
04:37:24 epoch: 58 tr Loss: 174.4844669117647 1020
04:37:27 	  dev 0.673918479619905
04:37:28 	  test 0.6622718052738337
04:37:34 epoch: 59 tr Loss: 172.49549002047084 977
04:37:36 	  dev 0.6724181045261315
04:37:37 	  test 0.6592292089249493
04:37:42 epoch: 60 tr Loss: 167.20758709519137 1019
04:37:44 	  dev 0.671167791947987
04:37:45 	  test 0.6592292089249493
04:37:50 epoch: 61 tr Loss: 175.2328422172172 999
04:37:53 	  dev 0.6689172293073268
04:37:54 	  test 0.6582150101419878
04:38:00 epoch: 62 tr Loss: 165.86034375 1000
04:38:03 	  dev 0.6704176044011003
04:38:03 	  test 0.6643002028397565
04:38:10 epoch: 63 tr Loss: 165.3161931818182 1045
04:38:12 	  dev 0.6719179794948738
04:38:13 	  test 0.6693711967545639
04:38:20 epoch: 64 tr Loss: 162.024560254491 1002
04:38:23 	  dev 0.6754188547136785
04:38:24 	  test 0.6612576064908722
04:38:29 epoch: 65 tr Loss: 166.7981353255588 1029
04:38:32 	  dev 0.6776694173543386
04:38:33 	  test 0.6673427991886409
04:38:37 epoch: 66 tr Loss: 168.38891423357666 959
04:38:40 	  dev 0.6814203550887722
04:38:41 	  test 0.6693711967545639
04:38:47 epoch: 67 tr Loss: 161.89871596534653 1010
04:38:50 	  dev 0.6851712928232058
04:38:51 	  test 0.6643002028397565
04:38:57 epoch: 68 tr Loss: 158.72262041284404 981
04:38:59 	  dev 0.6834208552138035
04:39:00 	  test 0.6622718052738337
04:39:06 epoch: 69 tr Loss: 159.08174189814815 972
04:39:08 	  dev 0.6809202300575143
04:39:09 	  test 0.665314401622718
04:39:15 epoch: 70 tr Loss: 155.0722904447703 1023
04:39:18 	  dev 0.6836709177294323
04:39:19 	  test 0.6693711967545639
04:39:24 epoch: 71 tr Loss: 157.57809182590233 942
04:39:27 	  dev 0.6834208552138035
04:39:28 	  test 0.6744421906693712
04:39:33 epoch: 72 tr Loss: 160.76139123210635 978
04:39:36 	  dev 0.6814203550887722
04:39:37 	  test 0.678498985801217
04:39:43 epoch: 73 tr Loss: 159.6312839673913 1012
04:39:46 	  dev 0.6829207301825456
04:39:47 	  test 0.6754563894523327
04:39:51 epoch: 74 tr Loss: 148.69892699688796 964
04:39:54 	  dev 0.6854213553388347
04:39:55 	  test 0.6764705882352942
04:40:00 epoch: 75 tr Loss: 151.10296843047036 978
04:40:03 	  dev 0.6856714178544636
04:40:04 	  test 0.6774847870182555
04:40:10 epoch: 76 tr Loss: 153.46964780745967 992
04:40:12 	  dev 0.6861715428857215
04:40:13 	  test 0.6825557809330629
04:40:19 epoch: 77 tr Loss: 144.55478468899523 1045
04:40:21 	  dev 0.6829207301825456
04:40:22 	  test 0.6815415821501014
04:40:27 epoch: 78 tr Loss: 147.51608455882354 986
04:40:30 	  dev 0.6851712928232058
04:40:31 	  test 0.6866125760649088
04:40:37 epoch: 79 tr Loss: 156.26693233366936 992
04:40:39 	  dev 0.6856714178544636
04:40:40 	  test 0.6906693711967545
04:40:47 epoch: 80 tr Loss: 146.9064299424184 1042
04:40:49 	  dev 0.687171792948237
04:40:51 	  test 0.6845841784989858
04:40:56 epoch: 81 tr Loss: 143.58085140306122 980
04:40:58 	  dev 0.6889222305576395
04:40:59 	  test 0.6855983772819473
04:41:04 epoch: 82 tr Loss: 141.90520044938506 1057
04:41:07 	  dev 0.6869217304326082
04:41:08 	  test 0.6825557809330629
04:41:14 epoch: 83 tr Loss: 139.80034556720688 1049
04:41:16 	  dev 0.6889222305576395
04:41:17 	  test 0.6855983772819473
04:41:22 epoch: 84 tr Loss: 137.31770833333334 1050
04:41:25 	  dev 0.6919229807451863
04:41:26 	  test 0.6866125760649088
04:41:31 epoch: 85 tr Loss: 138.52561993927125 988
04:41:34 	  dev 0.6949237309327332
04:41:35 	  test 0.6886409736308317
04:41:40 epoch: 86 tr Loss: 135.710875 1000
04:41:43 	  dev 0.6964241060265066
04:41:45 	  test 0.6886409736308317
04:41:50 epoch: 87 tr Loss: 137.36063926348547 964
04:41:53 	  dev 0.6994248562140535
04:41:54 	  test 0.6906693711967545
04:41:59 epoch: 88 tr Loss: 137.12350299401197 1002
04:42:02 	  dev 0.6996749187296825
04:42:03 	  test 0.6845841784989858
04:42:08 epoch: 89 tr Loss: 127.2128482495069 1014
04:42:12 	  dev 0.700675168792198
04:42:13 	  test 0.6926977687626775
04:42:19 epoch: 90 tr Loss: 129.56579246878252 961
04:42:22 	  dev 0.7016754188547136
04:42:23 	  test 0.6855983772819473
04:42:29 epoch: 91 tr Loss: 133.17136142928288 1004
04:42:32 	  dev 0.7011752938234559
04:42:33 	  test 0.6876267748478702
04:42:39 epoch: 92 tr Loss: 132.95425679074447 994
04:42:42 	  dev 0.7031757939484872
04:42:43 	  test 0.6947261663286004
04:42:49 epoch: 93 tr Loss: 135.7167725311601 1043
04:42:51 	  dev 0.7029257314328582
04:42:52 	  test 0.6866125760649088
04:42:58 epoch: 94 tr Loss: 127.1451860549133 1038
04:43:01 	  dev 0.7049262315578895
04:43:02 	  test 0.6937119675456389
04:43:08 epoch: 95 tr Loss: 134.49181920762288 997
04:43:11 	  dev 0.7066766691672918
04:43:11 	  test 0.6866125760649088
04:43:17 epoch: 96 tr Loss: 131.21742118768327 1023
04:43:20 	  dev 0.7081770442610653
04:43:21 	  test 0.6845841784989858
04:43:26 epoch: 97 tr Loss: 127.97583313282001 1039
04:43:29 	  dev 0.7069267316829208
04:43:30 	  test 0.6855983772819473
04:43:35 epoch: 98 tr Loss: 123.90784636222911 969
04:43:38 	  dev 0.7081770442610653
04:43:39 	  test 0.6937119675456389
04:43:44 epoch: 99 tr Loss: 124.27852364369501 1023
04:43:47 	  dev 0.7071767941985496
04:43:48 	  test 0.6937119675456389
04:43:52 epoch: 100 tr Loss: 126.15683433657787 976
04:43:56 	  dev 0.705926481620405
04:43:57 	  test 0.6967545638945233
04:44:02 epoch: 101 tr Loss: 120.96063402639442 1004
04:44:05 	  dev 0.7051762940735183
04:44:06 	  test 0.6957403651115619
04:44:12 epoch: 102 tr Loss: 121.63704652023692 1013
04:44:14 	  dev 0.7066766691672918
04:44:15 	  test 0.7018255578093306
04:44:22 epoch: 103 tr Loss: 124.56814236111111 972
04:44:24 	  dev 0.7084271067766942
04:44:25 	  test 0.6987829614604463
04:44:30 epoch: 104 tr Loss: 118.77270061357073 1039
04:44:34 	  dev 0.7074268567141786
04:44:34 	  test 0.6997971602434077
04:44:41 epoch: 105 tr Loss: 122.53930569066148 1028
04:44:44 	  dev 0.708927231807952
04:44:45 	  test 0.704868154158215
04:44:50 epoch: 106 tr Loss: 117.8460407021605 972
04:44:53 	  dev 0.708927231807952
04:44:54 	  test 0.7038539553752535
04:44:59 epoch: 107 tr Loss: 118.52814832089553 1005
04:45:02 	  dev 0.7091772943235809
04:45:02 	  test 0.7038539553752535
04:45:09 epoch: 108 tr Loss: 119.57699403234086 974
04:45:11 	  dev 0.708677169292323
04:45:12 	  test 0.7079107505070994
04:45:18 epoch: 109 tr Loss: 118.56910287228797 1014
04:45:21 	  dev 0.7096774193548387
04:45:22 	  test 0.704868154158215
04:45:27 epoch: 110 tr Loss: 114.79994864292829 1004
04:45:30 	  dev 0.7109277319329832
04:45:31 	  test 0.7028397565922921
04:45:35 epoch: 111 tr Loss: 112.36401767418033 976
04:45:38 	  dev 0.706176544136034
04:45:39 	  test 0.7018255578093306
04:45:45 epoch: 112 tr Loss: 114.89159249226006 969
04:45:48 	  dev 0.7066766691672918
04:45:49 	  test 0.7038539553752535
04:45:55 epoch: 113 tr Loss: 115.76620120929118 1044
04:45:57 	  dev 0.7056764191047762
04:45:58 	  test 0.7058823529411765
04:46:04 epoch: 114 tr Loss: 114.83546539961014 1026
04:46:06 	  dev 0.7079269817454363
04:46:07 	  test 0.7068965517241379
04:46:13 epoch: 115 tr Loss: 112.33885943700396 1008
04:46:16 	  dev 0.708677169292323
04:46:17 	  test 0.7068965517241379
04:46:23 epoch: 116 tr Loss: 118.5178867227319 981
04:46:26 	  dev 0.706176544136034
04:46:27 	  test 0.7150101419878296
04:46:32 epoch: 117 tr Loss: 110.57111697186836 942
04:46:35 	  dev 0.7111777944486122
04:46:36 	  test 0.7170385395537525
04:46:42 epoch: 118 tr Loss: 112.0440096484759 1017
04:46:45 	  dev 0.7131782945736435
04:46:46 	  test 0.7150101419878296
04:46:51 epoch: 119 tr Loss: 113.04411626006036 994
04:46:54 	  dev 0.7161790447611903
04:46:55 	  test 0.7038539553752535
04:47:01 epoch: 120 tr Loss: 111.11991987179488 975
04:47:04 	  dev 0.7156789197299325
04:47:05 	  test 0.7038539553752535
04:47:11 epoch: 121 tr Loss: 105.49133751182592 1057
04:47:13 	  dev 0.7149287321830458
04:47:14 	  test 0.7089249492900609
04:47:19 epoch: 122 tr Loss: 104.47700352822581 992
04:47:22 	  dev 0.714178544636159
04:47:23 	  test 0.7089249492900609
04:47:28 epoch: 123 tr Loss: 108.73953110076408 1047
04:47:31 	  dev 0.716929232308077
04:47:32 	  test 0.7109533468559838
04:47:38 epoch: 124 tr Loss: 111.11258905440414 965
04:47:41 	  dev 0.7161790447611903
04:47:42 	  test 0.7119675456389453
04:47:48 epoch: 125 tr Loss: 106.7379485645933 1045
04:47:51 	  dev 0.714178544636159
04:47:52 	  test 0.7109533468559838
04:47:58 epoch: 126 tr Loss: 101.97531852180528 986
04:48:01 	  dev 0.7144286071517879
04:48:02 	  test 0.7109533468559838
04:48:07 epoch: 127 tr Loss: 104.62916359390364 1017
04:48:09 	  dev 0.7146786696674169
04:48:11 	  test 0.7068965517241379
04:48:16 epoch: 128 tr Loss: 107.54398340865842 1051
04:48:20 	  dev 0.7129282320580145
04:48:20 	  test 0.7119675456389453
04:48:26 epoch: 129 tr Loss: 106.55443471941355 989
04:48:29 	  dev 0.7149287321830458
04:48:29 	  test 0.718052738336714
04:48:35 epoch: 130 tr Loss: 105.83626020653217 1041
04:48:37 	  dev 0.714178544636159
04:48:38 	  test 0.7008113590263692
04:48:44 epoch: 131 tr Loss: 104.98480434249264 1019
04:48:46 	  dev 0.7144286071517879
04:48:47 	  test 0.7008113590263692
04:48:53 epoch: 132 tr Loss: 109.127107771261 1023
04:48:56 	  dev 0.7156789197299325
04:48:56 	  test 0.7038539553752535
04:49:02 epoch: 133 tr Loss: 104.70026120342396 993
04:49:05 	  dev 0.7191797949487372
04:49:06 	  test 0.7008113590263692
04:49:12 epoch: 134 tr Loss: 100.43236917162699 1008
04:49:14 	  dev 0.7181795448862216
04:49:15 	  test 0.6987829614604463
04:49:21 epoch: 135 tr Loss: 102.9477779522613 995
04:49:24 	  dev 0.7201800450112528
04:49:25 	  test 0.7089249492900609
04:49:30 epoch: 136 tr Loss: 107.59789045770879 934
04:49:34 	  dev 0.7204301075268817
04:49:35 	  test 0.7109533468559838
04:49:41 epoch: 137 tr Loss: 99.13537900309917 968
04:49:44 	  dev 0.7216804201050263
04:49:45 	  test 0.7139959432048681
04:49:50 epoch: 138 tr Loss: 98.20104890046296 1080
04:49:52 	  dev 0.7234308577144286
04:49:53 	  test 0.718052738336714
04:49:59 epoch: 139 tr Loss: 99.51476303911735 997
04:50:02 	  dev 0.7244311077769442
04:50:03 	  test 0.7200811359026369
04:50:10 epoch: 140 tr Loss: 98.41997085005015 997
04:50:12 	  dev 0.7246811702925732
04:50:13 	  test 0.7200811359026369
04:50:19 epoch: 141 tr Loss: 96.17358082003987 1003
04:50:21 	  dev 0.7269317329332333
04:50:22 	  test 0.7251521298174443
04:50:28 epoch: 142 tr Loss: 100.83780916585839 1031
04:50:31 	  dev 0.7269317329332333
04:50:32 	  test 0.7221095334685599
04:50:38 epoch: 143 tr Loss: 99.126915993346 1052
04:50:41 	  dev 0.7246811702925732
04:50:43 	  test 0.7241379310344828
04:50:49 epoch: 144 tr Loss: 94.53132468929255 1046
04:50:52 	  dev 0.7254313578394599
04:50:53 	  test 0.7241379310344828
04:50:59 epoch: 145 tr Loss: 97.95494844064386 994
04:51:02 	  dev 0.7264316079019755
04:51:03 	  test 0.7302231237322515
04:51:09 epoch: 146 tr Loss: 96.6371875 1025
04:51:12 	  dev 0.7251812953238309
04:51:13 	  test 0.7332657200811359
04:51:20 epoch: 147 tr Loss: 95.34771740459882 1022
04:51:23 	  dev 0.7251812953238309
04:51:24 	  test 0.731237322515213
04:51:28 epoch: 148 tr Loss: 89.5357063137755 980
04:51:31 	  dev 0.7261815453863466
04:51:32 	  test 0.7332657200811359
04:51:37 epoch: 149 tr Loss: 94.54394633507853 955
04:51:39 	  dev 0.7236809202300575
04:51:40 	  test 0.7363083164300203
04:51:45 epoch: 150 tr Loss: 93.42899155890805 1044
04:51:48 	  dev 0.7266816704176045
04:51:49 	  test 0.7322515212981744
04:51:55 epoch: 151 tr Loss: 98.26733600206612 968
04:51:58 	  dev 0.7289322330582646
04:51:58 	  test 0.7352941176470589
04:52:05 epoch: 152 tr Loss: 90.90519040991903 988
04:52:07 	  dev 0.7281820455113779
04:52:08 	  test 0.7322515212981744
04:52:14 epoch: 153 tr Loss: 93.68092145853899 1013
04:52:17 	  dev 0.7279319829957489
04:52:18 	  test 0.7403651115618661
04:52:23 epoch: 154 tr Loss: 94.34658029878618 1071
04:52:26 	  dev 0.72768192048012
04:52:27 	  test 0.7393509127789046
04:52:33 epoch: 155 tr Loss: 90.72759046052632 950
04:52:35 	  dev 0.7286821705426356
04:52:36 	  test 0.7363083164300203
04:52:40 epoch: 156 tr Loss: 92.63820281742126 1016
04:52:43 	  dev 0.7294323580895223
04:52:44 	  test 0.7373225152129818
04:52:50 epoch: 157 tr Loss: 91.52412927093359 1039
04:52:53 	  dev 0.7294323580895223
04:52:54 	  test 0.7363083164300203
04:53:00 epoch: 158 tr Loss: 94.44575486602629 989
04:53:02 	  dev 0.7324331082770693
04:53:03 	  test 0.7363083164300203
04:53:08 epoch: 159 tr Loss: 87.74770802875244 1026
04:53:11 	  dev 0.7314328582145536
04:53:12 	  test 0.7352941176470589
04:53:17 epoch: 160 tr Loss: 91.16603618421053 950
04:53:20 	  dev 0.7314328582145536
04:53:21 	  test 0.7322515212981744
04:53:27 epoch: 161 tr Loss: 90.94031378998967 969
04:53:29 	  dev 0.730432608152038
04:53:30 	  test 0.731237322515213
04:53:37 epoch: 162 tr Loss: 95.30686669829223 1054
04:53:39 	  dev 0.7336834208552138
04:53:40 	  test 0.7352941176470589
04:53:46 epoch: 163 tr Loss: 89.44128049547284 994
04:53:49 	  dev 0.7321830457614403
04:53:51 	  test 0.7363083164300203
04:53:56 epoch: 164 tr Loss: 83.95220493285125 968
04:53:59 	  dev 0.732933233308327
04:54:00 	  test 0.7302231237322515
04:54:05 epoch: 165 tr Loss: 84.53884900050608 988
04:54:09 	  dev 0.7339334833708427
04:54:10 	  test 0.7363083164300203
04:54:15 epoch: 166 tr Loss: 89.95978038021869 1006
04:54:18 	  dev 0.7326831707926982
04:54:20 	  test 0.7403651115618661
04:54:25 epoch: 167 tr Loss: 87.6793296174464 1026
04:54:28 	  dev 0.7344336084021005
04:54:30 	  test 0.7434077079107505
04:54:35 epoch: 168 tr Loss: 91.97336510617761 1036
04:54:38 	  dev 0.7336834208552138
04:54:39 	  test 0.742393509127789
04:54:44 epoch: 169 tr Loss: 82.45484913793103 1015
04:54:47 	  dev 0.7341835458864716
04:54:48 	  test 0.7474645030425964
04:54:53 epoch: 170 tr Loss: 85.91625692977824 947
04:54:55 	  dev 0.7366841710427607
04:54:56 	  test 0.7342799188640974
04:55:03 epoch: 171 tr Loss: 83.2421875 1025
04:55:05 	  dev 0.735933983495874
04:55:06 	  test 0.7413793103448276
04:55:11 epoch: 172 tr Loss: 79.49533653846154 975
04:55:14 	  dev 0.7346836709177295
04:55:15 	  test 0.7474645030425964
04:55:20 epoch: 173 tr Loss: 88.06026785714286 980
04:55:23 	  dev 0.7339334833708427
04:55:24 	  test 0.7454361054766734
04:55:29 epoch: 174 tr Loss: 88.31322916666667 975
04:55:32 	  dev 0.7364341085271318
04:55:33 	  test 0.744421906693712
04:55:39 epoch: 175 tr Loss: 86.49341695717132 1004
04:55:41 	  dev 0.7354338584646162
04:55:43 	  test 0.7383367139959433
04:55:48 epoch: 176 tr Loss: 84.07071314102564 936
04:55:51 	  dev 0.7351837959489872
04:55:52 	  test 0.7434077079107505
04:55:57 epoch: 177 tr Loss: 82.55568153578528 1006
04:56:00 	  dev 0.7376844211052763
04:56:01 	  test 0.7474645030425964
04:56:06 epoch: 178 tr Loss: 82.04460196659483 928
04:56:08 	  dev 0.7389347336834209
04:56:09 	  test 0.7515212981744422
04:56:14 epoch: 179 tr Loss: 80.20816557234886 1009
04:56:17 	  dev 0.7399349837459365
04:56:18 	  test 0.7505070993914807
04:56:24 epoch: 180 tr Loss: 84.35694813829787 940
04:56:27 	  dev 0.7414353588397099
04:56:28 	  test 0.7474645030425964
04:56:33 epoch: 181 tr Loss: 87.5916844512195 1025
04:56:36 	  dev 0.7424356089022256
04:56:37 	  test 0.742393509127789
04:56:43 epoch: 182 tr Loss: 82.49330792682927 1025
04:56:45 	  dev 0.7416854213553389
04:56:46 	  test 0.7464503042596349
04:56:52 epoch: 183 tr Loss: 83.70939997502498 1001
04:56:55 	  dev 0.7419354838709677
04:56:56 	  test 0.7464503042596349
04:57:02 epoch: 184 tr Loss: 82.3839199614272 1037
04:57:04 	  dev 0.7429357339334833
04:57:05 	  test 0.7332657200811359
04:57:11 epoch: 185 tr Loss: 83.69460772552783 1042
04:57:14 	  dev 0.7449362340585146
04:57:14 	  test 0.7393509127789046
04:57:20 epoch: 186 tr Loss: 86.65961933515936 1004
04:57:23 	  dev 0.743935983995999
04:57:23 	  test 0.7403651115618661
04:57:30 epoch: 187 tr Loss: 80.26815625 1000
04:57:32 	  dev 0.74368592148037
04:57:33 	  test 0.7383367139959433
04:57:40 epoch: 188 tr Loss: 81.3393668012109 991
04:57:43 	  dev 0.7446861715428857
04:57:44 	  test 0.7342799188640974
04:57:50 epoch: 189 tr Loss: 77.50505027697496 1038
04:57:53 	  dev 0.7454363590897725
04:57:55 	  test 0.7342799188640974
04:58:00 epoch: 190 tr Loss: 79.82049453883495 1030
04:58:03 	  dev 0.7456864216054013
04:58:04 	  test 0.7352941176470589
04:58:11 epoch: 191 tr Loss: 84.0365718871124 1032
04:58:13 	  dev 0.7451862965741435
04:58:14 	  test 0.7322515212981744
04:58:20 epoch: 192 tr Loss: 79.40831846702756 1016
04:58:23 	  dev 0.7441860465116279
04:58:23 	  test 0.744421906693712
04:58:29 epoch: 193 tr Loss: 81.37975575046468 1076
04:58:32 	  dev 0.74368592148037
04:58:33 	  test 0.7373225152129818
04:58:39 epoch: 194 tr Loss: 76.37973958333333 1050
04:58:41 	  dev 0.74368592148037
04:58:42 	  test 0.742393509127789
04:58:49 epoch: 195 tr Loss: 77.30093503937007 1016
04:58:51 	  dev 0.7431857964491123
04:58:51 	  test 0.7403651115618661
04:58:57 epoch: 196 tr Loss: 83.0392022862823 1006
04:59:00 	  dev 0.7426856714178545
04:59:01 	  test 0.7494929006085193
04:59:07 epoch: 197 tr Loss: 81.75680782149712 1042
04:59:09 	  dev 0.7409352338084522
04:59:10 	  test 0.7515212981744422
04:59:16 epoch: 198 tr Loss: 79.15071711177052 1011
04:59:18 	  dev 0.7399349837459365
04:59:20 	  test 0.7505070993914807
04:59:26 epoch: 199 tr Loss: 77.44812925170068 1029
04:59:28 	  dev 0.7404351087771943
04:59:29 	  test 0.7535496957403651
04:59:36 epoch: 200 tr Loss: 81.0357761711281 1046
04:59:39 	  dev 0.741185296324081
04:59:40 	  test 0.7606490872210954
04:59:45 epoch: 201 tr Loss: 74.17657001201923 1040
04:59:48 	  dev 0.7396849212303076
04:59:48 	  test 0.757606490872211
04:59:54 epoch: 202 tr Loss: 79.25510364321607 995
04:59:57 	  dev 0.7399349837459365
04:59:58 	  test 0.757606490872211
05:00:04 epoch: 203 tr Loss: 78.59742241167811 1019
05:00:06 	  dev 0.7394348587146786
05:00:07 	  test 0.7647058823529411
05:00:13 epoch: 204 tr Loss: 79.78856366650295 1018
05:00:16 	  dev 0.738434608652163
05:00:17 	  test 0.7636916835699797
05:00:23 epoch: 205 tr Loss: 79.14455889787665 989
05:00:26 	  dev 0.7394348587146786
05:00:26 	  test 0.757606490872211
05:00:32 epoch: 206 tr Loss: 77.71292245925216 1043
05:00:36 	  dev 0.7394348587146786
05:00:37 	  test 0.7636916835699797
05:00:42 epoch: 207 tr Loss: 77.14661458333333 990
05:00:45 	  dev 0.7391847961990498
05:00:46 	  test 0.7596348884381339
05:00:51 epoch: 208 tr Loss: 72.22217530030031 999
05:00:55 	  dev 0.7381845461365342
05:00:56 	  test 0.768762677484787
05:01:01 epoch: 209 tr Loss: 75.32444239026718 1048
05:01:04 	  dev 0.7391847961990498
05:01:06 	  test 0.7596348884381339
05:01:10 epoch: 210 tr Loss: 72.06848439139559 953
05:01:13 	  dev 0.738434608652163
05:01:15 	  test 0.7515212981744422
05:01:20 epoch: 211 tr Loss: 72.27436348356574 1004
05:01:22 	  dev 0.738434608652163
05:01:24 	  test 0.7545638945233266
05:01:30 epoch: 212 tr Loss: 79.23129641089109 1010
05:01:32 	  dev 0.7396849212303076
05:01:33 	  test 0.7535496957403651
05:01:38 epoch: 213 tr Loss: 75.11303659968685 958
05:01:41 	  dev 0.7414353588397099
05:01:42 	  test 0.7596348884381339
05:01:48 epoch: 214 tr Loss: 76.36772793743641 983
05:01:50 	  dev 0.7419354838709677
05:01:51 	  test 0.7565922920892495
05:01:56 epoch: 215 tr Loss: 76.11116997722672 988
05:01:58 	  dev 0.7419354838709677
05:02:00 	  test 0.7535496957403651
05:02:05 epoch: 216 tr Loss: 78.26010756676558 1011
05:02:08 	  dev 0.7431857964491123
05:02:09 	  test 0.7626774847870182
05:02:15 epoch: 217 tr Loss: 73.54611114472411 1033
05:02:17 	  dev 0.7426856714178545
05:02:18 	  test 0.7596348884381339
05:02:23 epoch: 218 tr Loss: 74.61519097222222 990
05:02:26 	  dev 0.7434358589647412
05:02:27 	  test 0.7586206896551724
05:02:32 epoch: 219 tr Loss: 72.6442770895896 999
05:02:35 	  dev 0.7444361090272568
05:02:36 	  test 0.7535496957403651
05:02:41 epoch: 220 tr Loss: 71.67897209937566 961
05:02:43 	  dev 0.7451862965741435
05:02:44 	  test 0.757606490872211
05:02:51 epoch: 221 tr Loss: 73.13783812994072 1012
05:02:53 	  dev 0.7456864216054013
05:02:54 	  test 0.757606490872211
05:03:00 epoch: 222 tr Loss: 72.54290165791984 1048
05:03:02 	  dev 0.7449362340585146
05:03:03 	  test 0.7586206896551724
05:03:08 epoch: 223 tr Loss: 81.06843781375503 996
05:03:11 	  dev 0.746686671667917
05:03:13 	  test 0.7667342799188641
05:03:18 epoch: 224 tr Loss: 69.13966904008439 948
05:03:21 	  dev 0.7454363590897725
05:03:22 	  test 0.7728194726166329
05:03:26 epoch: 225 tr Loss: 71.84413746204453 988
05:03:29 	  dev 0.746436609152288
05:03:30 	  test 0.7667342799188641
05:03:36 epoch: 226 tr Loss: 72.54156715983224 1073
05:03:39 	  dev 0.746686671667917
05:03:40 	  test 0.7697768762677485
05:03:44 epoch: 227 tr Loss: 71.3072641384778 946
05:03:48 	  dev 0.7461865466366592
05:03:48 	  test 0.7697768762677485
05:03:53 epoch: 228 tr Loss: 75.71750673767967 974
05:03:57 	  dev 0.7446861715428857
05:03:58 	  test 0.7606490872210954
05:04:04 epoch: 229 tr Loss: 70.45433905146317 991
05:04:07 	  dev 0.7431857964491123
05:04:08 	  test 0.7718052738336714
05:04:15 epoch: 230 tr Loss: 71.85859001196172 1045
05:04:18 	  dev 0.74368592148037
05:04:19 	  test 0.77079107505071
05:04:25 epoch: 231 tr Loss: 72.64692861519607 1020
05:04:28 	  dev 0.7434358589647412
05:04:28 	  test 0.7616632860040567
05:04:33 epoch: 232 tr Loss: 69.51531024018595 968
05:04:36 	  dev 0.7441860465116279
05:04:37 	  test 0.7647058823529411
05:04:43 epoch: 233 tr Loss: 67.2020388530288 1007
05:04:45 	  dev 0.7444361090272568
05:04:47 	  test 0.7626774847870182
05:04:52 epoch: 234 tr Loss: 69.81288343558282 978
05:04:55 	  dev 0.7444361090272568
05:04:56 	  test 0.77079107505071
05:05:01 epoch: 235 tr Loss: 74.8343628875969 1032
05:05:04 	  dev 0.7451862965741435
05:05:05 	  test 0.7677484787018256
05:05:11 epoch: 236 tr Loss: 71.71998970808383 1002
05:05:14 	  dev 0.7451862965741435
05:05:14 	  test 0.7697768762677485
05:05:20 epoch: 237 tr Loss: 66.57453000498008 1004
05:05:22 	  dev 0.746436609152288
05:05:23 	  test 0.7677484787018256
05:05:29 epoch: 238 tr Loss: 68.43978066770187 966
05:05:32 	  dev 0.7481870467616905
05:05:33 	  test 0.7718052738336714
05:05:39 epoch: 239 tr Loss: 70.43870738636363 990
05:05:41 	  dev 0.7474368592148037
05:05:42 	  test 0.768762677484787
05:05:47 epoch: 240 tr Loss: 72.18102656709108 1021
05:05:50 	  dev 0.746436609152288
05:05:51 	  test 0.7657200811359026
05:05:56 epoch: 241 tr Loss: 72.23652792275574 958
05:05:59 	  dev 0.7461865466366592
05:06:00 	  test 0.7728194726166329
05:06:05 epoch: 242 tr Loss: 71.16169154228855 1005
05:06:07 	  dev 0.7479369842460615
05:06:08 	  test 0.768762677484787
05:06:14 epoch: 243 tr Loss: 72.8133462888666 997
05:06:16 	  dev 0.7449362340585146
05:06:17 	  test 0.77079107505071
05:06:23 epoch: 244 tr Loss: 68.95352868541033 987
05:06:26 	  dev 0.7461865466366592
05:06:27 	  test 0.77079107505071
05:06:32 epoch: 245 tr Loss: 68.27281374750498 1002
05:06:35 	  dev 0.746436609152288
05:06:36 	  test 0.7657200811359026
05:06:41 epoch: 246 tr Loss: 68.21847268002028 986
05:06:44 	  dev 0.7454363590897725
05:06:46 	  test 0.77079107505071
05:06:51 epoch: 247 tr Loss: 73.3331828934263 1004
05:06:54 	  dev 0.7469367341835459
05:06:54 	  test 0.7748478701825557
05:07:01 epoch: 248 tr Loss: 70.68154615004936 1013
05:07:03 	  dev 0.7479369842460615
05:07:04 	  test 0.7748478701825557
05:07:09 epoch: 249 tr Loss: 71.2123098626104 1019
05:07:11 	  dev 0.7474368592148037
05:07:12 	  test 0.7677484787018256
05:07:18 epoch: 250 tr Loss: 71.26625183463797 1022
05:07:21 	  dev 0.749187296824206
05:07:22 	  test 0.7647058823529411
05:07:27 epoch: 251 tr Loss: 69.11810525666337 1013
05:07:30 	  dev 0.749187296824206
05:07:31 	  test 0.77079107505071
05:07:37 epoch: 252 tr Loss: 68.08781771856582 1018
05:07:39 	  dev 0.7501875468867217
05:07:40 	  test 0.7657200811359026
05:07:46 epoch: 253 tr Loss: 67.08572159672467 977
05:07:48 	  dev 0.7496874218554639
05:07:49 	  test 0.7657200811359026
05:07:55 epoch: 254 tr Loss: 67.49386383483034 1002
05:07:57 	  dev 0.7499374843710928
05:07:58 	  test 0.7677484787018256
05:08:03 epoch: 255 tr Loss: 69.78461816508938 951
05:08:07 	  dev 0.7496874218554639
05:08:08 	  test 0.7677484787018256
05:08:13 epoch: 256 tr Loss: 68.79846628289474 950
05:08:16 	  dev 0.7496874218554639
05:08:17 	  test 0.7677484787018256
05:08:23 epoch: 257 tr Loss: 69.4030931122449 980
05:08:26 	  dev 0.7511877969492373
05:08:27 	  test 0.7636916835699797
05:08:33 epoch: 258 tr Loss: 69.83539177389706 1088
05:08:36 	  dev 0.751937984496124
05:08:37 	  test 0.7626774847870182
05:08:43 epoch: 259 tr Loss: 69.53274553571428 1050
05:08:45 	  dev 0.7499374843710928
05:08:46 	  test 0.768762677484787
05:08:52 epoch: 260 tr Loss: 68.68526005244755 1001
05:08:55 	  dev 0.7504376094023506
05:08:56 	  test 0.7718052738336714
05:09:01 epoch: 261 tr Loss: 70.16619095772442 958
05:09:04 	  dev 0.751937984496124
05:09:05 	  test 0.7616632860040567
05:09:10 epoch: 262 tr Loss: 65.33416297935104 1017
05:09:12 	  dev 0.7506876719179795
05:09:13 	  test 0.7636916835699797
05:09:18 epoch: 263 tr Loss: 67.01578873502994 1002
05:09:20 	  dev 0.7521880470117529
05:09:21 	  test 0.7667342799188641
05:09:26 epoch: 264 tr Loss: 66.08858279861796 1013
05:09:29 	  dev 0.7521880470117529
05:09:30 	  test 0.7697768762677485
05:09:36 epoch: 265 tr Loss: 65.50914894916912 1023
05:09:38 	  dev 0.7509377344336085
05:09:39 	  test 0.768762677484787
